<?xml version="1.0" encoding="utf-8"?>
<TestRun id="d51fea6f-b600-4089-8706-048248e14681" name="@host00 2023-01-07 14:17:31" xmlns="http://microsoft.com/schemas/VisualStudio/TeamTest/2010">
  <Times creation="2023-01-07T14:17:31.8055818+01:00" queuing="2023-01-07T14:17:31.8055819+01:00" start="2023-01-07T14:17:30.4796465+01:00" finish="2023-01-07T14:17:31.9639001+01:00" />
  <TestSettings name="default" id="480d23e5-229a-45c5-9fe8-b47713c4895d">
    <Deployment runDeploymentRoot="_host00_2023-01-07_14_17_31" />
  </TestSettings>
  <Results>
    <UnitTestResult executionId="37eb36cc-026f-487a-8748-497867e296e0" testId="c72e984d-973c-1789-5a9e-9d93f25e58f0" testName="Engine.Behavior.Tests.ChangeRpm.Evt2DocTests.ShouldExecuteEvt2DocFunc" computerName="host00" duration="00:00:00.0528423" startTime="2023-01-07T14:17:31.8540929+01:00" endTime="2023-01-07T14:17:31.8540930+01:00" testType="13cdc9d9-ddb5-4fa4-a97d-d965ccfc6d4b" outcome="Passed" testListId="8c84fa94-04c1-424b-9868-57a2d4851a1d" relativeResultsDirectory="37eb36cc-026f-487a-8748-497867e296e0" />
    <UnitTestResult executionId="ad3fa7ed-5388-47e8-b1f1-21bedb641503" testId="889224e4-1b70-50db-ca49-e8f3094459a9" testName="Engine.Behavior.Tests.EngineBehaviorTests.ShouldExecuteStartCmd" computerName="host00" duration="00:00:00.0867330" startTime="2023-01-07T14:17:31.8879643+01:00" endTime="2023-01-07T14:17:31.8879644+01:00" testType="13cdc9d9-ddb5-4fa4-a97d-d965ccfc6d4b" outcome="Passed" testListId="8c84fa94-04c1-424b-9868-57a2d4851a1d" relativeResultsDirectory="ad3fa7ed-5388-47e8-b1f1-21bedb641503">
      <Output>
        <StdOut>Engine { Id = engine.e63e3cad-0cae-4f77-b3ce-808fb087032d, Status = Initialized, Started, Power = 0, Details = Details { Name = New Engine, Description =  } }
Engine { Id = engine.e63e3cad-0cae-4f77-b3ce-808fb087032d, Status = Initialized, Started, Power = 0, Details = Details { Name = New Engine, Description =  } }</StdOut>
      </Output>
    </UnitTestResult>
    <UnitTestResult executionId="1aa438b3-e676-45f0-8d3f-97d5444e24e4" testId="b01b6b05-3e5a-0654-16b8-0a8b4805fa43" testName="Engine.Behavior.Tests.Stop.Evt2ListTests.ShouldResolveDocCtor" computerName="host00" duration="00:00:00.0001352" startTime="2023-01-07T14:17:31.8440692+01:00" endTime="2023-01-07T14:17:31.8440692+01:00" testType="13cdc9d9-ddb5-4fa4-a97d-d965ccfc6d4b" outcome="Passed" testListId="8c84fa94-04c1-424b-9868-57a2d4851a1d" relativeResultsDirectory="1aa438b3-e676-45f0-8d3f-97d5444e24e4" />
    <UnitTestResult executionId="eebe49a3-366b-4aa1-aa45-d34d002da38b" testId="8958fca9-1aa5-8fab-d7df-74649218fe37" testName="Engine.Behavior.Tests.ChangeRpm.AggregateTests.ShouldResolveEvt2State" computerName="host00" duration="00:00:00.0037632" startTime="2023-01-07T14:17:31.8096545+01:00" endTime="2023-01-07T14:17:31.8096546+01:00" testType="13cdc9d9-ddb5-4fa4-a97d-d965ccfc6d4b" outcome="Passed" testListId="8c84fa94-04c1-424b-9868-57a2d4851a1d" relativeResultsDirectory="eebe49a3-366b-4aa1-aa45-d34d002da38b" />
    <UnitTestResult executionId="ab48ea07-a2cc-46d0-a4bf-19e67be3a2e0" testId="c026518b-275c-338e-80da-4370de18e081" testName="Engine.Behavior.Tests.Start.Evt2DocTests.ShouldResolveIDCtor" computerName="host00" duration="00:00:00.0002688" startTime="2023-01-07T14:17:31.8418149+01:00" endTime="2023-01-07T14:17:31.8418149+01:00" testType="13cdc9d9-ddb5-4fa4-a97d-d965ccfc6d4b" outcome="Passed" testListId="8c84fa94-04c1-424b-9868-57a2d4851a1d" relativeResultsDirectory="ab48ea07-a2cc-46d0-a4bf-19e67be3a2e0" />
    <UnitTestResult executionId="9de5e31a-d295-40c3-be3d-5551f2294235" testId="ac4c312b-27f2-fa55-c681-d387aa93c910" testName="Engine.Behavior.Tests.Initialize.Evt2DocTests.ShouldExecuteEvt2DocFunc" computerName="host00" duration="00:00:00.0596897" startTime="2023-01-07T14:17:31.8575458+01:00" endTime="2023-01-07T14:17:31.8575458+01:00" testType="13cdc9d9-ddb5-4fa4-a97d-d965ccfc6d4b" outcome="Passed" testListId="8c84fa94-04c1-424b-9868-57a2d4851a1d" relativeResultsDirectory="9de5e31a-d295-40c3-be3d-5551f2294235" />
    <UnitTestResult executionId="7e33ec2b-4997-4073-8e4f-644121a61176" testId="37ba7572-27b8-122a-03d7-5100f92f8bb0" testName="Engine.Behavior.Tests.Start.Evt2DocTests.ShouldResolveProjectionValidatorFunction" computerName="host00" duration="00:00:00.0001894" startTime="2023-01-07T14:17:31.8421070+01:00" endTime="2023-01-07T14:17:31.8421071+01:00" testType="13cdc9d9-ddb5-4fa4-a97d-d965ccfc6d4b" outcome="Passed" testListId="8c84fa94-04c1-424b-9868-57a2d4851a1d" relativeResultsDirectory="7e33ec2b-4997-4073-8e4f-644121a61176" />
    <UnitTestResult executionId="10af3f9c-d7c8-4c57-b99f-23023aec5c1c" testId="c4b75366-05a1-6e78-03cd-ebb2f423e58c" testName="Engine.Behavior.Tests.ChangeDetails.Evt2ListTests.ShouldResolveEvt2DocFunc" computerName="host00" duration="00:00:00.0004040" startTime="2023-01-07T14:17:31.8095176+01:00" endTime="2023-01-07T14:17:31.8095177+01:00" testType="13cdc9d9-ddb5-4fa4-a97d-d965ccfc6d4b" outcome="Passed" testListId="8c84fa94-04c1-424b-9868-57a2d4851a1d" relativeResultsDirectory="10af3f9c-d7c8-4c57-b99f-23023aec5c1c" />
    <UnitTestResult executionId="266f1955-0dcf-4d82-b05f-43b224fbf03c" testId="d63b284f-acd1-b86a-b343-34c4276b307c" testName="Engine.Behavior.Tests.Stop.Evt2ListTests.ShouldExecuteEvt2DocFunc" computerName="host00" duration="00:00:00.0435113" startTime="2023-01-07T14:17:31.8430239+01:00" endTime="2023-01-07T14:17:31.8430239+01:00" testType="13cdc9d9-ddb5-4fa4-a97d-d965ccfc6d4b" outcome="Passed" testListId="8c84fa94-04c1-424b-9868-57a2d4851a1d" relativeResultsDirectory="266f1955-0dcf-4d82-b05f-43b224fbf03c" />
    <UnitTestResult executionId="59e1d87a-94e9-4000-9d9a-863d11cb7957" testId="ad8a2147-2d24-55e2-0d9a-3941c492000d" testName="Engine.Behavior.Tests.Start.EvtTests.ShouldResolveIDCtor" computerName="host00" duration="00:00:00.0602094" startTime="2023-01-07T14:17:31.7980326+01:00" endTime="2023-01-07T14:17:31.7980327+01:00" testType="13cdc9d9-ddb5-4fa4-a97d-d965ccfc6d4b" outcome="Passed" testListId="8c84fa94-04c1-424b-9868-57a2d4851a1d" relativeResultsDirectory="59e1d87a-94e9-4000-9d9a-863d11cb7957" />
    <UnitTestResult executionId="44a3ce72-fc1e-41ea-a8b3-db235cd5e382" testId="e6de6098-6fc7-337b-3fbe-ddeb8de8b40e" testName="Engine.Behavior.Tests.ChangeRpm.CmdTests.ShouldHaveCmdTopic" computerName="host00" duration="00:00:00.0002541" startTime="2023-01-07T14:17:31.8087025+01:00" endTime="2023-01-07T14:17:31.8087026+01:00" testType="13cdc9d9-ddb5-4fa4-a97d-d965ccfc6d4b" outcome="Passed" testListId="8c84fa94-04c1-424b-9868-57a2d4851a1d" relativeResultsDirectory="44a3ce72-fc1e-41ea-a8b3-db235cd5e382" />
    <UnitTestResult executionId="d2816909-c082-4f55-b200-ad9cade38399" testId="9680ef86-7881-d4d9-98f5-354a4c425697" testName="Engine.Behavior.Tests.Start.CmdTests.ShouldResolveIDCtor" computerName="host00" duration="00:00:00.0602562" startTime="2023-01-07T14:17:31.7978729+01:00" endTime="2023-01-07T14:17:31.7978730+01:00" testType="13cdc9d9-ddb5-4fa4-a97d-d965ccfc6d4b" outcome="Passed" testListId="8c84fa94-04c1-424b-9868-57a2d4851a1d" relativeResultsDirectory="d2816909-c082-4f55-b200-ad9cade38399" />
    <UnitTestResult executionId="f3c79c1c-1ec4-444a-8da2-8250a94cf197" testId="3e4e7f8d-351a-ec2d-5563-f97169fbcfca" testName="Engine.Behavior.Tests.ChangeRpm.Evt2ListTests.ShouldResolveMetaCtor" computerName="host00" duration="00:00:00.0001330" startTime="2023-01-07T14:17:31.8561055+01:00" endTime="2023-01-07T14:17:31.8561056+01:00" testType="13cdc9d9-ddb5-4fa4-a97d-d965ccfc6d4b" outcome="Passed" testListId="8c84fa94-04c1-424b-9868-57a2d4851a1d" relativeResultsDirectory="f3c79c1c-1ec4-444a-8da2-8250a94cf197" />
    <UnitTestResult executionId="ee9d2aab-5853-437e-9c4d-410cab3b2afc" testId="ef1aa523-c074-3851-28c4-5fd5d0919f22" testName="Engine.Behavior.Tests.Start.Evt2ListTests.ShouldResolvePayloadCtor" computerName="host00" duration="00:00:00.0001678" startTime="2023-01-07T14:17:31.8441249+01:00" endTime="2023-01-07T14:17:31.8441250+01:00" testType="13cdc9d9-ddb5-4fa4-a97d-d965ccfc6d4b" outcome="Passed" testListId="8c84fa94-04c1-424b-9868-57a2d4851a1d" relativeResultsDirectory="ee9d2aab-5853-437e-9c4d-410cab3b2afc" />
    <UnitTestResult executionId="8d75fe9a-82dc-4488-a780-195814e6e381" testId="1909b6fb-a3e2-bb4e-6436-0bbb54b3e41a" testName="Engine.Behavior.Tests.Start.Evt2DocTests.ShouldResolveMetaCtor" computerName="host00" duration="00:00:00.0001593" startTime="2023-01-07T14:17:31.8419600+01:00" endTime="2023-01-07T14:17:31.8419601+01:00" testType="13cdc9d9-ddb5-4fa4-a97d-d965ccfc6d4b" outcome="Passed" testListId="8c84fa94-04c1-424b-9868-57a2d4851a1d" relativeResultsDirectory="8d75fe9a-82dc-4488-a780-195814e6e381" />
    <UnitTestResult executionId="beb22541-fe46-4e7b-9c04-edf4ea10151a" testId="6e673c7a-a3d0-b98c-e8b8-5c5fc2dee640" testName="Engine.Behavior.Tests.ChangeRpm.AggregateTests.ShouldResolveAggregateBuilder" computerName="host00" duration="00:00:00.0589873" startTime="2023-01-07T14:17:31.7956830+01:00" endTime="2023-01-07T14:17:31.7956831+01:00" testType="13cdc9d9-ddb5-4fa4-a97d-d965ccfc6d4b" outcome="Passed" testListId="8c84fa94-04c1-424b-9868-57a2d4851a1d" relativeResultsDirectory="beb22541-fe46-4e7b-9c04-edf4ea10151a" />
    <UnitTestResult executionId="d9708951-49af-4468-9a5f-595aa30b5b92" testId="94a459e7-f723-13c7-f3f7-acb64aa184b3" testName="Engine.Behavior.Tests.ChangeDetails.AggregateTests.ShouldCreateID" computerName="host00" duration="00:00:00.0005709" startTime="2023-01-07T14:17:31.8105953+01:00" endTime="2023-01-07T14:17:31.8105953+01:00" testType="13cdc9d9-ddb5-4fa4-a97d-d965ccfc6d4b" outcome="Passed" testListId="8c84fa94-04c1-424b-9868-57a2d4851a1d" relativeResultsDirectory="d9708951-49af-4468-9a5f-595aa30b5b92" />
    <UnitTestResult executionId="68d89be3-b906-47d9-9b98-b804cce10175" testId="ec31971f-a39b-08fb-6e92-7486a75bddc8" testName="Engine.Behavior.Tests.Initialize.Evt2DocTests.ShouldResolvePayloadCtor" computerName="host00" duration="00:00:00.0001308" startTime="2023-01-07T14:17:31.8582368+01:00" endTime="2023-01-07T14:17:31.8582368+01:00" testType="13cdc9d9-ddb5-4fa4-a97d-d965ccfc6d4b" outcome="Passed" testListId="8c84fa94-04c1-424b-9868-57a2d4851a1d" relativeResultsDirectory="68d89be3-b906-47d9-9b98-b804cce10175" />
    <UnitTestResult executionId="586d8f0c-0358-484d-8b97-851b79eb4450" testId="0388a126-0c60-a991-79be-6dbbc31f1a30" testName="Engine.Behavior.Tests.Start.AggregateTests.ShouldResolveEvt2State" computerName="host00" duration="00:00:00.0008845" startTime="2023-01-07T14:17:31.7965435+01:00" endTime="2023-01-07T14:17:31.7965435+01:00" testType="13cdc9d9-ddb5-4fa4-a97d-d965ccfc6d4b" outcome="Passed" testListId="8c84fa94-04c1-424b-9868-57a2d4851a1d" relativeResultsDirectory="586d8f0c-0358-484d-8b97-851b79eb4450" />
    <UnitTestResult executionId="c347c574-0bb8-47ac-b677-58227cb6080c" testId="90ac11c8-9452-b84a-d5b7-0999e51694bc" testName="Engine.Behavior.Tests.Initialize.Evt2DocTests.ShouldResolveDocCtor" computerName="host00" duration="00:00:00.0007511" startTime="2023-01-07T14:17:31.8015032+01:00" endTime="2023-01-07T14:17:31.8015033+01:00" testType="13cdc9d9-ddb5-4fa4-a97d-d965ccfc6d4b" outcome="Passed" testListId="8c84fa94-04c1-424b-9868-57a2d4851a1d" relativeResultsDirectory="c347c574-0bb8-47ac-b677-58227cb6080c" />
    <UnitTestResult executionId="a4b16920-ed73-49c9-8d2d-cffc059f4be1" testId="017d16be-9c5f-8aec-9bb3-d4505f296363" testName="Engine.Behavior.Tests.Initialize.Evt2ListTests.ShouldResolveEvtCtor" computerName="host00" duration="00:00:00.0008726" startTime="2023-01-07T14:17:31.8021690+01:00" endTime="2023-01-07T14:17:31.8021690+01:00" testType="13cdc9d9-ddb5-4fa4-a97d-d965ccfc6d4b" outcome="Passed" testListId="8c84fa94-04c1-424b-9868-57a2d4851a1d" relativeResultsDirectory="a4b16920-ed73-49c9-8d2d-cffc059f4be1" />
    <UnitTestResult executionId="5245af8b-3c55-4438-81ba-4cff5570ec9b" testId="c233215d-56f4-c651-a3c5-d7ca8e93f32a" testName="Engine.Behavior.Tests.Initialize.EvtTests.ShouldResolveIDCtor" computerName="host00" duration="00:00:00.0123626" startTime="2023-01-07T14:17:31.7987751+01:00" endTime="2023-01-07T14:17:31.7987752+01:00" testType="13cdc9d9-ddb5-4fa4-a97d-d965ccfc6d4b" outcome="Passed" testListId="8c84fa94-04c1-424b-9868-57a2d4851a1d" relativeResultsDirectory="5245af8b-3c55-4438-81ba-4cff5570ec9b" />
    <UnitTestResult executionId="f65c85a3-3099-4dfd-9a53-f4931d1670b0" testId="6ca6dd3f-8883-fb5b-9073-1cce0245897b" testName="Engine.Behavior.Tests.EngineBehaviorTests.ShouldExecuteInitializeCmd" computerName="host00" duration="00:00:00.0023376" startTime="2023-01-07T14:17:31.8903781+01:00" endTime="2023-01-07T14:17:31.8903782+01:00" testType="13cdc9d9-ddb5-4fa4-a97d-d965ccfc6d4b" outcome="Passed" testListId="8c84fa94-04c1-424b-9868-57a2d4851a1d" relativeResultsDirectory="f65c85a3-3099-4dfd-9a53-f4931d1670b0">
      <Output>
        <StdOut>Engine { Id = engine.e63e3cad-0cae-4f77-b3ce-808fb087032d, Status = Initialized, Started, Power = 0, Details = Details { Name = New Engine, Description =  } }</StdOut>
      </Output>
    </UnitTestResult>
    <UnitTestResult executionId="74955bed-f3e5-4fda-92cd-00155c42973c" testId="bd34a4a4-cc6d-023d-6d43-84b00079cb75" testName="Engine.Behavior.Tests.ChangeDetails.AggregateTests.ShouldResolveApplyEvt" computerName="host00" duration="00:00:00.0613835" startTime="2023-01-07T14:17:31.8023692+01:00" endTime="2023-01-07T14:17:31.8023693+01:00" testType="13cdc9d9-ddb5-4fa4-a97d-d965ccfc6d4b" outcome="Passed" testListId="8c84fa94-04c1-424b-9868-57a2d4851a1d" relativeResultsDirectory="74955bed-f3e5-4fda-92cd-00155c42973c" />
    <UnitTestResult executionId="8da0e7a0-f6e7-44e7-b8f1-afc69acbf9fa" testId="38f938f1-2b67-48a9-78b6-7ac80199c26c" testName="Engine.Behavior.Tests.Stop.Evt2DocTests.ShouldResolveProjectionValidatorFunction" computerName="host00" duration="00:00:00.0448940" startTime="2023-01-07T14:17:31.7816794+01:00" endTime="2023-01-07T14:17:31.7816794+01:00" testType="13cdc9d9-ddb5-4fa4-a97d-d965ccfc6d4b" outcome="Passed" testListId="8c84fa94-04c1-424b-9868-57a2d4851a1d" relativeResultsDirectory="8da0e7a0-f6e7-44e7-b8f1-afc69acbf9fa" />
    <UnitTestResult executionId="b9bd6e96-980b-4c71-a432-cafc12d18365" testId="c0c0342c-26b8-5f19-a31f-8c4b626af829" testName="Engine.Behavior.Tests.Initialize.Evt2DocTests.ShouldResolveIDCtor" computerName="host00" duration="00:00:00.0001370" startTime="2023-01-07T14:17:31.8580349+01:00" endTime="2023-01-07T14:17:31.8580349+01:00" testType="13cdc9d9-ddb5-4fa4-a97d-d965ccfc6d4b" outcome="Passed" testListId="8c84fa94-04c1-424b-9868-57a2d4851a1d" relativeResultsDirectory="b9bd6e96-980b-4c71-a432-cafc12d18365" />
    <UnitTestResult executionId="b5a7271a-526e-4a54-ab2c-d5970bbb0794" testId="6c112bec-3eef-c281-895c-44363ccd72c6" testName="Engine.Behavior.Tests.Start.AggregateTests.ShouldCreateID" computerName="host00" duration="00:00:00.0034328" startTime="2023-01-07T14:17:31.8097472+01:00" endTime="2023-01-07T14:17:31.8097473+01:00" testType="13cdc9d9-ddb5-4fa4-a97d-d965ccfc6d4b" outcome="Passed" testListId="8c84fa94-04c1-424b-9868-57a2d4851a1d" relativeResultsDirectory="b5a7271a-526e-4a54-ab2c-d5970bbb0794" />
    <UnitTestResult executionId="86a79677-ea33-4fe6-bb63-209a6635a903" testId="943c4774-fa29-5e73-00c4-12e9c74a583a" testName="Engine.Behavior.Tests.ChangeDetails.Evt2DocTests.ShouldResolveMetaCtor" computerName="host00" duration="00:00:00.0001447" startTime="2023-01-07T14:17:31.8581327+01:00" endTime="2023-01-07T14:17:31.8581328+01:00" testType="13cdc9d9-ddb5-4fa4-a97d-d965ccfc6d4b" outcome="Passed" testListId="8c84fa94-04c1-424b-9868-57a2d4851a1d" relativeResultsDirectory="86a79677-ea33-4fe6-bb63-209a6635a903" />
    <UnitTestResult executionId="86d89771-6e2c-46d1-98bd-8ab12d32699d" testId="4a08a6b1-f448-e9fe-fb38-ce6e27aa8ada" testName="Engine.Behavior.Tests.Initialize.AggregateTests.ShouldResolveAggregateBuilder" computerName="host00" duration="00:00:00.0027016" startTime="2023-01-07T14:17:31.8118552+01:00" endTime="2023-01-07T14:17:31.8118552+01:00" testType="13cdc9d9-ddb5-4fa4-a97d-d965ccfc6d4b" outcome="Passed" testListId="8c84fa94-04c1-424b-9868-57a2d4851a1d" relativeResultsDirectory="86d89771-6e2c-46d1-98bd-8ab12d32699d" />
    <UnitTestResult executionId="8a536b03-7c27-4fbe-90df-e1e2ad03ec05" testId="fdea0101-b4da-16ee-41d5-408b7153f936" testName="Engine.Behavior.Tests.Start.EvtTests.ShouldResolvePayloadCtor" computerName="host00" duration="00:00:00.0015359" startTime="2023-01-07T14:17:31.8098213+01:00" endTime="2023-01-07T14:17:31.8098214+01:00" testType="13cdc9d9-ddb5-4fa4-a97d-d965ccfc6d4b" outcome="Passed" testListId="8c84fa94-04c1-424b-9868-57a2d4851a1d" relativeResultsDirectory="8a536b03-7c27-4fbe-90df-e1e2ad03ec05" />
    <UnitTestResult executionId="cb482fe7-66cd-4ae8-82f1-5c4c6f48ab28" testId="fa699581-bfa2-4469-cd69-ad48b92f1c56" testName="Engine.Behavior.Tests.Stop.ShouldStopOnZeroPowerTests.ShouldKnowChoreography" computerName="host00" duration="00:00:00.0120564" startTime="2023-01-07T14:17:31.8022347+01:00" endTime="2023-01-07T14:17:31.8022348+01:00" testType="13cdc9d9-ddb5-4fa4-a97d-d965ccfc6d4b" outcome="Passed" testListId="8c84fa94-04c1-424b-9868-57a2d4851a1d" relativeResultsDirectory="cb482fe7-66cd-4ae8-82f1-5c4c6f48ab28" />
    <UnitTestResult executionId="f2891565-a8c9-4064-8a94-edd73d109d27" testId="e53e0983-b229-767a-4291-06b322315e6c" testName="Engine.Behavior.Tests.ChangeDetails.ShouldChangeDetailsOnInitializedTests.ShouldRaiseOutputEvent" computerName="host00" duration="00:00:00.0884346" startTime="2023-01-07T14:17:31.8853868+01:00" endTime="2023-01-07T14:17:31.8853870+01:00" testType="13cdc9d9-ddb5-4fa4-a97d-d965ccfc6d4b" outcome="Passed" testListId="8c84fa94-04c1-424b-9868-57a2d4851a1d" relativeResultsDirectory="f2891565-a8c9-4064-8a94-edd73d109d27" />
    <UnitTestResult executionId="89b4c91d-3e73-4bed-b70a-881cf48e5845" testId="7dcf2197-ed17-bcde-3f89-b591280c97e3" testName="Engine.Behavior.Tests.Start.EvtTests.ShouldHaveTopicAttribute" computerName="host00" duration="00:00:00.0014656" startTime="2023-01-07T14:17:31.8042876+01:00" endTime="2023-01-07T14:17:31.8042876+01:00" testType="13cdc9d9-ddb5-4fa4-a97d-d965ccfc6d4b" outcome="Passed" testListId="8c84fa94-04c1-424b-9868-57a2d4851a1d" relativeResultsDirectory="89b4c91d-3e73-4bed-b70a-881cf48e5845" />
    <UnitTestResult executionId="f2584276-0d3c-476b-bcc1-704ecb8a5081" testId="e00edf2e-99c9-3db9-bf3e-132e7a2d0ecb" testName="Engine.Behavior.Tests.ChangeRpm.AggregateTests.ShouldResolveIDCtor" computerName="host00" duration="00:00:00.0013679" startTime="2023-01-07T14:17:31.7985454+01:00" endTime="2023-01-07T14:17:31.7985455+01:00" testType="13cdc9d9-ddb5-4fa4-a97d-d965ccfc6d4b" outcome="Passed" testListId="8c84fa94-04c1-424b-9868-57a2d4851a1d" relativeResultsDirectory="f2584276-0d3c-476b-bcc1-704ecb8a5081" />
    <UnitTestResult executionId="7b071d52-d66e-41b5-b733-e1a799491cd1" testId="43cbbc4a-1fac-a1bf-9485-dfb0b23fb3ea" testName="Engine.Behavior.Tests.ChangeDetails.Evt2ListTests.ShouldExecuteEvt2DocFunc" computerName="host00" duration="00:00:00.0556749" startTime="2023-01-07T14:17:31.8574627+01:00" endTime="2023-01-07T14:17:31.8574628+01:00" testType="13cdc9d9-ddb5-4fa4-a97d-d965ccfc6d4b" outcome="Passed" testListId="8c84fa94-04c1-424b-9868-57a2d4851a1d" relativeResultsDirectory="7b071d52-d66e-41b5-b733-e1a799491cd1" />
    <UnitTestResult executionId="ba924e6c-2b2e-43f5-b529-f0297a6da076" testId="fc87a5ff-8269-fea7-f793-adce582fad05" testName="Engine.Behavior.Tests.ChangeDetails.Evt2DocTests.ShouldResolveEvtCtor" computerName="host00" duration="00:00:00.0001283" startTime="2023-01-07T14:17:31.8580659+01:00" endTime="2023-01-07T14:17:31.8580660+01:00" testType="13cdc9d9-ddb5-4fa4-a97d-d965ccfc6d4b" outcome="Passed" testListId="8c84fa94-04c1-424b-9868-57a2d4851a1d" relativeResultsDirectory="ba924e6c-2b2e-43f5-b529-f0297a6da076" />
    <UnitTestResult executionId="92c1232c-3fdf-4dd0-9364-43ed294b22bc" testId="e28c186e-d8b2-c83f-b4fa-dd091b25bfc9" testName="Engine.Behavior.Tests.Stop.CmdTests.ShouldHaveCmdTopic" computerName="host00" duration="00:00:00.0004810" startTime="2023-01-07T14:17:31.8085994+01:00" endTime="2023-01-07T14:17:31.8085995+01:00" testType="13cdc9d9-ddb5-4fa4-a97d-d965ccfc6d4b" outcome="Passed" testListId="8c84fa94-04c1-424b-9868-57a2d4851a1d" relativeResultsDirectory="92c1232c-3fdf-4dd0-9364-43ed294b22bc" />
    <UnitTestResult executionId="f26bb415-65b4-45b0-b147-e0bbc31816fd" testId="23cf7754-72cf-5d00-f5f9-7f8d1ad44f2f" testName="Engine.Behavior.Tests.Start.Evt2ListTests.ShouldResolveEvtCtor" computerName="host00" duration="00:00:00.0001731" startTime="2023-01-07T14:17:31.8440068+01:00" endTime="2023-01-07T14:17:31.8440068+01:00" testType="13cdc9d9-ddb5-4fa4-a97d-d965ccfc6d4b" outcome="Passed" testListId="8c84fa94-04c1-424b-9868-57a2d4851a1d" relativeResultsDirectory="f26bb415-65b4-45b0-b147-e0bbc31816fd" />
    <UnitTestResult executionId="62780cd6-f43b-4046-97f1-ae4312954662" testId="31909651-593e-5885-39bb-26bcbf8c89fe" testName="Engine.Behavior.Tests.Stop.Evt2DocTests.ShouldExecuteEvt2DocFunc" computerName="host00" duration="00:00:00.0434135" startTime="2023-01-07T14:17:31.8416781+01:00" endTime="2023-01-07T14:17:31.8416781+01:00" testType="13cdc9d9-ddb5-4fa4-a97d-d965ccfc6d4b" outcome="Passed" testListId="8c84fa94-04c1-424b-9868-57a2d4851a1d" relativeResultsDirectory="62780cd6-f43b-4046-97f1-ae4312954662" />
    <UnitTestResult executionId="cd3c3bc3-60ef-48bf-b395-c9d02cfbf0e8" testId="b45c4d6e-50c0-dda1-1bfe-06d7d7bb25fd" testName="Engine.Behavior.Tests.Initialize.Evt2ListTests.ShouldResolveProjectionValidatorFunction" computerName="host00" duration="00:00:00.0002426" startTime="2023-01-07T14:17:31.8050547+01:00" endTime="2023-01-07T14:17:31.8050547+01:00" testType="13cdc9d9-ddb5-4fa4-a97d-d965ccfc6d4b" outcome="Passed" testListId="8c84fa94-04c1-424b-9868-57a2d4851a1d" relativeResultsDirectory="cd3c3bc3-60ef-48bf-b395-c9d02cfbf0e8" />
    <UnitTestResult executionId="8e787d2d-22e3-4ee7-af5c-4205a069fb01" testId="ad8db1d9-487e-4dce-963d-d4177e1169c3" testName="Engine.Behavior.Tests.Start.Evt2DocTests.ShouldResolvePayloadCtor" computerName="host00" duration="00:00:00.0447656" startTime="2023-01-07T14:17:31.7815468+01:00" endTime="2023-01-07T14:17:31.7815470+01:00" testType="13cdc9d9-ddb5-4fa4-a97d-d965ccfc6d4b" outcome="Passed" testListId="8c84fa94-04c1-424b-9868-57a2d4851a1d" relativeResultsDirectory="8e787d2d-22e3-4ee7-af5c-4205a069fb01" />
    <UnitTestResult executionId="e3cfc67c-6f0f-4ead-829f-699d45fce8fc" testId="0db5f908-0a4f-ad88-9ffe-617b3a422893" testName="Engine.Behavior.Tests.Stop.ShouldStopOnZeroPowerTests.ShouldResolveChoreography" computerName="host00" duration="00:00:00.0018592" startTime="2023-01-07T14:17:31.8064797+01:00" endTime="2023-01-07T14:17:31.8064798+01:00" testType="13cdc9d9-ddb5-4fa4-a97d-d965ccfc6d4b" outcome="Passed" testListId="8c84fa94-04c1-424b-9868-57a2d4851a1d" relativeResultsDirectory="e3cfc67c-6f0f-4ead-829f-699d45fce8fc" />
    <UnitTestResult executionId="dcaebba2-684f-4474-b8d9-e6a8433e1966" testId="16770352-1e74-3ef3-61e5-d290a9524907" testName="Engine.Behavior.Tests.Stop.EvtTests.ShouldResolveIDCtor" computerName="host00" duration="00:00:00.0602421" startTime="2023-01-07T14:17:31.7979347+01:00" endTime="2023-01-07T14:17:31.7979348+01:00" testType="13cdc9d9-ddb5-4fa4-a97d-d965ccfc6d4b" outcome="Passed" testListId="8c84fa94-04c1-424b-9868-57a2d4851a1d" relativeResultsDirectory="dcaebba2-684f-4474-b8d9-e6a8433e1966" />
    <UnitTestResult executionId="86054095-6917-462f-917b-516f63fddce6" testId="0406afeb-4f90-1599-6f84-0f2d102efba3" testName="Engine.Behavior.Tests.Stop.Evt2ListTests.ShouldResolveEvt2DocFunc" computerName="host00" duration="00:00:00.0001335" startTime="2023-01-07T14:17:31.8434409+01:00" endTime="2023-01-07T14:17:31.8434409+01:00" testType="13cdc9d9-ddb5-4fa4-a97d-d965ccfc6d4b" outcome="Passed" testListId="8c84fa94-04c1-424b-9868-57a2d4851a1d" relativeResultsDirectory="86054095-6917-462f-917b-516f63fddce6" />
    <UnitTestResult executionId="905485ed-a11c-4c0c-87bd-898b0339e35d" testId="fa0328ae-d18c-4d01-51b6-94f81feaad90" testName="Engine.Behavior.Tests.ChangeDetails.AggregateTests.ShouldResolveAggregateBuilder" computerName="host00" duration="00:00:00.0022176" startTime="2023-01-07T14:17:31.8104363+01:00" endTime="2023-01-07T14:17:31.8104364+01:00" testType="13cdc9d9-ddb5-4fa4-a97d-d965ccfc6d4b" outcome="Passed" testListId="8c84fa94-04c1-424b-9868-57a2d4851a1d" relativeResultsDirectory="905485ed-a11c-4c0c-87bd-898b0339e35d" />
    <UnitTestResult executionId="753fbf61-46ca-4162-810d-d08cbf0e602b" testId="7619b9a9-04bb-5dae-dc7f-c0447e8ab0e0" testName="Engine.Behavior.Tests.ChangeRpm.Evt2DocTests.ShouldResolvePayloadCtor" computerName="host00" duration="00:00:00.0009311" startTime="2023-01-07T14:17:31.8015515+01:00" endTime="2023-01-07T14:17:31.8015516+01:00" testType="13cdc9d9-ddb5-4fa4-a97d-d965ccfc6d4b" outcome="Passed" testListId="8c84fa94-04c1-424b-9868-57a2d4851a1d" relativeResultsDirectory="753fbf61-46ca-4162-810d-d08cbf0e602b" />
    <UnitTestResult executionId="8bee21ea-b5c1-4359-80ad-545e20d6f66c" testId="0729a96e-988c-f469-4d19-7e245ccacbf9" testName="Engine.Behavior.Tests.Initialize.EvtTests.ShouldResolvePayloadCtor" computerName="host00" duration="00:00:00.0010177" startTime="2023-01-07T14:17:31.7931340+01:00" endTime="2023-01-07T14:17:31.7931340+01:00" testType="13cdc9d9-ddb5-4fa4-a97d-d965ccfc6d4b" outcome="Passed" testListId="8c84fa94-04c1-424b-9868-57a2d4851a1d" relativeResultsDirectory="8bee21ea-b5c1-4359-80ad-545e20d6f66c" />
    <UnitTestResult executionId="98ff15a6-d80d-4655-9185-5f07476fd310" testId="60cc0637-c727-c79e-001a-ed1cd6aba392" testName="Engine.Behavior.Tests.ChangeDetails.ShouldChangeDetailsOnInitializedTests.ShouldKnowChoreography" computerName="host00" duration="00:00:00.0098624" startTime="2023-01-07T14:17:31.7964803+01:00" endTime="2023-01-07T14:17:31.7964803+01:00" testType="13cdc9d9-ddb5-4fa4-a97d-d965ccfc6d4b" outcome="Passed" testListId="8c84fa94-04c1-424b-9868-57a2d4851a1d" relativeResultsDirectory="98ff15a6-d80d-4655-9185-5f07476fd310" />
    <UnitTestResult executionId="33916c00-4ff9-4b59-a33a-42d331cfa629" testId="7b7abcf6-72a4-bc97-e95a-4d0ddbd3995a" testName="Engine.Behavior.Tests.ChangeRpm.AggregateTests.ShouldResolveTryCmd" computerName="host00" duration="00:00:00.0020485" startTime="2023-01-07T14:17:31.8113548+01:00" endTime="2023-01-07T14:17:31.8113549+01:00" testType="13cdc9d9-ddb5-4fa4-a97d-d965ccfc6d4b" outcome="Passed" testListId="8c84fa94-04c1-424b-9868-57a2d4851a1d" relativeResultsDirectory="33916c00-4ff9-4b59-a33a-42d331cfa629" />
    <UnitTestResult executionId="5c3aaea3-643a-4afe-aa0e-3275b20906c8" testId="e33e729b-2ce7-64d6-5b51-4720ab7ccf72" testName="Engine.Behavior.Tests.Stop.AggregateTests.ShouldResolveIDCtor" computerName="host00" duration="00:00:00.0024036" startTime="2023-01-07T14:17:31.8074648+01:00" endTime="2023-01-07T14:17:31.8074649+01:00" testType="13cdc9d9-ddb5-4fa4-a97d-d965ccfc6d4b" outcome="Passed" testListId="8c84fa94-04c1-424b-9868-57a2d4851a1d" relativeResultsDirectory="5c3aaea3-643a-4afe-aa0e-3275b20906c8" />
    <UnitTestResult executionId="659c26f2-bb6d-4e18-8ebf-a09a743ee8fb" testId="8469c2bc-e49a-bf10-86c8-429edcef1123" testName="Engine.Behavior.Tests.ChangeRpm.EvtTests.ShouldHaveTopicAttribute" computerName="host00" duration="00:00:00.0012764" startTime="2023-01-07T14:17:31.8041627+01:00" endTime="2023-01-07T14:17:31.8041628+01:00" testType="13cdc9d9-ddb5-4fa4-a97d-d965ccfc6d4b" outcome="Passed" testListId="8c84fa94-04c1-424b-9868-57a2d4851a1d" relativeResultsDirectory="659c26f2-bb6d-4e18-8ebf-a09a743ee8fb" />
    <UnitTestResult executionId="3be2b1f9-9184-4432-b162-3373b38518a7" testId="5620ed19-35d8-e239-9e5f-8e98d38afda8" testName="Engine.Behavior.Tests.ChangeDetails.ShouldChangeDetailsOnInitializedTests.ShouldResolveChoreography" computerName="host00" duration="00:00:00.0498700" startTime="2023-01-07T14:17:31.7936998+01:00" endTime="2023-01-07T14:17:31.7936999+01:00" testType="13cdc9d9-ddb5-4fa4-a97d-d965ccfc6d4b" outcome="Passed" testListId="8c84fa94-04c1-424b-9868-57a2d4851a1d" relativeResultsDirectory="3be2b1f9-9184-4432-b162-3373b38518a7" />
    <UnitTestResult executionId="3ef598ae-07d2-437d-ba2e-7f2b0328eb92" testId="2ced5476-8ad6-7564-7b90-70a4fa9ce0a3" testName="Engine.Behavior.Tests.Initialize.CmdTests.ShouldHaveCmdTopic" computerName="host00" duration="00:00:00.0453717" startTime="2023-01-07T14:17:31.7914303+01:00" endTime="2023-01-07T14:17:31.7914303+01:00" testType="13cdc9d9-ddb5-4fa4-a97d-d965ccfc6d4b" outcome="Passed" testListId="8c84fa94-04c1-424b-9868-57a2d4851a1d" relativeResultsDirectory="3ef598ae-07d2-437d-ba2e-7f2b0328eb92" />
    <UnitTestResult executionId="9fb70a51-4d02-410c-9c11-82a05a81b14f" testId="0cd113a8-db77-841b-d12d-d399ea6332de" testName="Engine.Behavior.Tests.Initialize.Evt2ListTests.ShouldResolveIDCtor" computerName="host00" duration="00:00:00.0001892" startTime="2023-01-07T14:17:31.8570660+01:00" endTime="2023-01-07T14:17:31.8570660+01:00" testType="13cdc9d9-ddb5-4fa4-a97d-d965ccfc6d4b" outcome="Passed" testListId="8c84fa94-04c1-424b-9868-57a2d4851a1d" relativeResultsDirectory="9fb70a51-4d02-410c-9c11-82a05a81b14f" />
    <UnitTestResult executionId="41854762-b69c-461f-a791-bab47eca470f" testId="dbdaabbf-b448-4d3b-4c6c-87e3cc706d8c" testName="Engine.Behavior.Tests.Stop.Evt2DocTests.ShouldResolveEvtCtor" computerName="host00" duration="00:00:00.0001667" startTime="2023-01-07T14:17:31.8421676+01:00" endTime="2023-01-07T14:17:31.8421676+01:00" testType="13cdc9d9-ddb5-4fa4-a97d-d965ccfc6d4b" outcome="Passed" testListId="8c84fa94-04c1-424b-9868-57a2d4851a1d" relativeResultsDirectory="41854762-b69c-461f-a791-bab47eca470f" />
    <UnitTestResult executionId="c90753fd-79c7-4772-bd67-e5bb27bc3541" testId="0aba10a1-53f5-4130-0220-b0f26bedc94d" testName="Engine.Behavior.Tests.Stop.Evt2ListTests.ShouldResolvePayloadCtor" computerName="host00" duration="00:00:00.0021391" startTime="2023-01-07T14:17:31.8048966+01:00" endTime="2023-01-07T14:17:31.8048967+01:00" testType="13cdc9d9-ddb5-4fa4-a97d-d965ccfc6d4b" outcome="Passed" testListId="8c84fa94-04c1-424b-9868-57a2d4851a1d" relativeResultsDirectory="c90753fd-79c7-4772-bd67-e5bb27bc3541" />
    <UnitTestResult executionId="a2a9c7c5-04d7-42da-adc2-aeecd3428964" testId="2d6e4de7-e794-7823-f47b-91f4658694a0" testName="Engine.Behavior.Tests.Stop.AggregateTests.ShouldResolveApplyEvt" computerName="host00" duration="00:00:00.0023502" startTime="2023-01-07T14:17:31.8022876+01:00" endTime="2023-01-07T14:17:31.8022877+01:00" testType="13cdc9d9-ddb5-4fa4-a97d-d965ccfc6d4b" outcome="Passed" testListId="8c84fa94-04c1-424b-9868-57a2d4851a1d" relativeResultsDirectory="a2a9c7c5-04d7-42da-adc2-aeecd3428964" />
    <UnitTestResult executionId="105819ab-e830-4dd5-aa37-b880e20eb7c6" testId="aaf7d536-3ffb-396b-10a9-ba3ef02cc1de" testName="Engine.Behavior.Tests.Initialize.EvtTests.ShouldHaveTopicAttribute" computerName="host00" duration="00:00:00.0454021" startTime="2023-01-07T14:17:31.7914421+01:00" endTime="2023-01-07T14:17:31.7914421+01:00" testType="13cdc9d9-ddb5-4fa4-a97d-d965ccfc6d4b" outcome="Passed" testListId="8c84fa94-04c1-424b-9868-57a2d4851a1d" relativeResultsDirectory="105819ab-e830-4dd5-aa37-b880e20eb7c6" />
    <UnitTestResult executionId="bef59f52-9144-4a54-8679-c1d4b412dbce" testId="463e5be0-a62c-c54f-05d9-d88a2df088bf" testName="Engine.Behavior.Tests.ChangeDetails.CmdTests.ShouldResolveCmdCtor" computerName="host00" duration="00:00:00.0027282" startTime="2023-01-07T14:17:31.8057414+01:00" endTime="2023-01-07T14:17:31.8057414+01:00" testType="13cdc9d9-ddb5-4fa4-a97d-d965ccfc6d4b" outcome="Passed" testListId="8c84fa94-04c1-424b-9868-57a2d4851a1d" relativeResultsDirectory="bef59f52-9144-4a54-8679-c1d4b412dbce" />
    <UnitTestResult executionId="777036bb-b7b9-442d-b84c-5b2eade0817d" testId="a2f39d48-6b46-a707-6252-779169e6ff9d" testName="Engine.Behavior.Tests.Initialize.Evt2DocTests.ShouldResolveMetaCtor" computerName="host00" duration="00:00:00.0601607" startTime="2023-01-07T14:17:31.7972355+01:00" endTime="2023-01-07T14:17:31.7972355+01:00" testType="13cdc9d9-ddb5-4fa4-a97d-d965ccfc6d4b" outcome="Passed" testListId="8c84fa94-04c1-424b-9868-57a2d4851a1d" relativeResultsDirectory="777036bb-b7b9-442d-b84c-5b2eade0817d" />
    <UnitTestResult executionId="2fab2f8e-830c-4681-aba4-7b4af7ced3e1" testId="49b97f4b-b806-2662-5438-f6655469a97e" testName="Engine.Behavior.Tests.Start.Evt2ListTests.ShouldResolveEvt2DocFunc" computerName="host00" duration="00:00:00.0001358" startTime="2023-01-07T14:17:31.8442586+01:00" endTime="2023-01-07T14:17:31.8442586+01:00" testType="13cdc9d9-ddb5-4fa4-a97d-d965ccfc6d4b" outcome="Passed" testListId="8c84fa94-04c1-424b-9868-57a2d4851a1d" relativeResultsDirectory="2fab2f8e-830c-4681-aba4-7b4af7ced3e1" />
    <UnitTestResult executionId="5140c01b-f807-4195-9cea-2696a9a88351" testId="24564ffc-d7b3-ae53-fafe-be4a62fa1a5e" testName="Engine.Behavior.Tests.ChangeDetails.EvtTests.ShouldResolveIDCtor" computerName="host00" duration="00:00:00.0601950" startTime="2023-01-07T14:17:31.7977934+01:00" endTime="2023-01-07T14:17:31.7977934+01:00" testType="13cdc9d9-ddb5-4fa4-a97d-d965ccfc6d4b" outcome="Passed" testListId="8c84fa94-04c1-424b-9868-57a2d4851a1d" relativeResultsDirectory="5140c01b-f807-4195-9cea-2696a9a88351" />
    <UnitTestResult executionId="6b5e97ca-10d2-4d47-9f04-6c55702b6a90" testId="b5f648bf-6936-9cf1-d490-2d82ef62a090" testName="Engine.Behavior.Tests.Initialize.Evt2ListTests.ShouldResolvePayloadCtor" computerName="host00" duration="00:00:00.0003156" startTime="2023-01-07T14:17:31.8044334+01:00" endTime="2023-01-07T14:17:31.8044335+01:00" testType="13cdc9d9-ddb5-4fa4-a97d-d965ccfc6d4b" outcome="Passed" testListId="8c84fa94-04c1-424b-9868-57a2d4851a1d" relativeResultsDirectory="6b5e97ca-10d2-4d47-9f04-6c55702b6a90" />
    <UnitTestResult executionId="6ae0653f-c28a-41aa-8a98-57d4f7d69ab8" testId="a6cd6ba7-bc6f-7a31-4a07-1c5be2ebd163" testName="Engine.Behavior.Tests.Initialize.EvtTests.ShouldResolveEvtCtor" computerName="host00" duration="00:00:00.0014824" startTime="2023-01-07T14:17:31.7929950+01:00" endTime="2023-01-07T14:17:31.7929951+01:00" testType="13cdc9d9-ddb5-4fa4-a97d-d965ccfc6d4b" outcome="Passed" testListId="8c84fa94-04c1-424b-9868-57a2d4851a1d" relativeResultsDirectory="6ae0653f-c28a-41aa-8a98-57d4f7d69ab8" />
    <UnitTestResult executionId="83fe0c2c-bd3c-497c-a2f5-50e00b64f61a" testId="a29c19e1-3d87-677e-be24-a8b57c4b9ae3" testName="Engine.Behavior.Tests.Start.Evt2DocTests.ShouldResolveEvtCtor" computerName="host00" duration="00:00:00.0002827" startTime="2023-01-07T14:17:31.7928624+01:00" endTime="2023-01-07T14:17:31.7928625+01:00" testType="13cdc9d9-ddb5-4fa4-a97d-d965ccfc6d4b" outcome="Passed" testListId="8c84fa94-04c1-424b-9868-57a2d4851a1d" relativeResultsDirectory="83fe0c2c-bd3c-497c-a2f5-50e00b64f61a" />
    <UnitTestResult executionId="ce9ce859-0638-4967-8789-35f4d8debcc9" testId="26ce83a7-0c1b-5f8b-3520-4a84f546107f" testName="Engine.Behavior.Tests.ChangeRpm.Evt2ListTests.ShouldResolveEvt2DocFunc" computerName="host00" duration="00:00:00.0001445" startTime="2023-01-07T14:17:31.8554979+01:00" endTime="2023-01-07T14:17:31.8554979+01:00" testType="13cdc9d9-ddb5-4fa4-a97d-d965ccfc6d4b" outcome="Passed" testListId="8c84fa94-04c1-424b-9868-57a2d4851a1d" relativeResultsDirectory="ce9ce859-0638-4967-8789-35f4d8debcc9" />
    <UnitTestResult executionId="5d81715a-a891-4f4b-9134-a564384c24ef" testId="654a35ab-a4cb-095f-6168-65e297ef083e" testName="Engine.Behavior.Tests.Start.ShouldStartOnInitializedTests.ShouldResolveEvt2Cmd" computerName="host00" duration="00:00:00.0027083" startTime="2023-01-07T14:17:31.8074181+01:00" endTime="2023-01-07T14:17:31.8074182+01:00" testType="13cdc9d9-ddb5-4fa4-a97d-d965ccfc6d4b" outcome="Passed" testListId="8c84fa94-04c1-424b-9868-57a2d4851a1d" relativeResultsDirectory="5d81715a-a891-4f4b-9134-a564384c24ef" />
    <UnitTestResult executionId="46d6a919-65be-4c82-b6d0-718605d29e2a" testId="ca79c77f-feed-7d90-241c-0bea725610f0" testName="Engine.Behavior.Tests.Stop.EvtTests.ShouldHaveTopicAttribute" computerName="host00" duration="00:00:00.0002046" startTime="2023-01-07T14:17:31.8066870+01:00" endTime="2023-01-07T14:17:31.8066870+01:00" testType="13cdc9d9-ddb5-4fa4-a97d-d965ccfc6d4b" outcome="Passed" testListId="8c84fa94-04c1-424b-9868-57a2d4851a1d" relativeResultsDirectory="46d6a919-65be-4c82-b6d0-718605d29e2a" />
    <UnitTestResult executionId="1fef60e6-763c-410a-952e-9c44b7b44cfc" testId="c5fe4ae6-7814-02a5-ff1f-7aee21411b60" testName="Engine.Behavior.Tests.EngineBehaviorTests.ShouldResolveAggregateBuilder" computerName="host00" duration="00:00:00.0049991" startTime="2023-01-07T14:17:31.8090871+01:00" endTime="2023-01-07T14:17:31.8090872+01:00" testType="13cdc9d9-ddb5-4fa4-a97d-d965ccfc6d4b" outcome="Passed" testListId="8c84fa94-04c1-424b-9868-57a2d4851a1d" relativeResultsDirectory="1fef60e6-763c-410a-952e-9c44b7b44cfc" />
    <UnitTestResult executionId="415fc799-8c38-4a2e-ba01-d18626d14a8e" testId="9797ca96-53c3-5079-b330-4e7d31ab58af" testName="Engine.Behavior.Tests.EngineBehaviorTests.ShouldResolveStartTryCmd" computerName="host00" duration="00:00:00.0032959" startTime="2023-01-07T14:17:31.8995170+01:00" endTime="2023-01-07T14:17:31.8995171+01:00" testType="13cdc9d9-ddb5-4fa4-a97d-d965ccfc6d4b" outcome="Passed" testListId="8c84fa94-04c1-424b-9868-57a2d4851a1d" relativeResultsDirectory="415fc799-8c38-4a2e-ba01-d18626d14a8e" />
    <UnitTestResult executionId="3da5831a-19aa-4330-bed2-e730f83943ca" testId="6da36a9b-9c4d-889d-1a3e-891c043ae33a" testName="Engine.Behavior.Tests.Stop.AggregateTests.ShouldResolveAggregateBuilder" computerName="host00" duration="00:00:00.0589788" startTime="2023-01-07T14:17:31.7956554+01:00" endTime="2023-01-07T14:17:31.7956554+01:00" testType="13cdc9d9-ddb5-4fa4-a97d-d965ccfc6d4b" outcome="Passed" testListId="8c84fa94-04c1-424b-9868-57a2d4851a1d" relativeResultsDirectory="3da5831a-19aa-4330-bed2-e730f83943ca" />
    <UnitTestResult executionId="83b03617-5271-4160-8d6e-e3727d1e1409" testId="a1c9b281-b473-b32e-50bc-f5729c050f04" testName="Engine.Behavior.Tests.ChangeDetails.AggregateTests.ShouldResolveTryCmd" computerName="host00" duration="00:00:00.0013629" startTime="2023-01-07T14:17:31.8079905+01:00" endTime="2023-01-07T14:17:31.8079906+01:00" testType="13cdc9d9-ddb5-4fa4-a97d-d965ccfc6d4b" outcome="Passed" testListId="8c84fa94-04c1-424b-9868-57a2d4851a1d" relativeResultsDirectory="83b03617-5271-4160-8d6e-e3727d1e1409" />
    <UnitTestResult executionId="cc1ab985-6884-4194-85a4-ce7bb204f125" testId="da7ae5b7-90a6-216a-9501-5385e9c63651" testName="Engine.Behavior.Tests.Start.AggregateTests.ShouldResolveTryCmd" computerName="host00" duration="00:00:00.0029944" startTime="2023-01-07T14:17:31.8121944+01:00" endTime="2023-01-07T14:17:31.8121944+01:00" testType="13cdc9d9-ddb5-4fa4-a97d-d965ccfc6d4b" outcome="Passed" testListId="8c84fa94-04c1-424b-9868-57a2d4851a1d" relativeResultsDirectory="cc1ab985-6884-4194-85a4-ce7bb204f125" />
    <UnitTestResult executionId="8fb3fdec-e8c0-4a24-82f7-c5d0681fcd4a" testId="339531b4-5216-0d08-ef38-ecf3e66402c5" testName="Engine.Behavior.Tests.Initialize.AggregateTests.ShouldResolveApplyEvt" computerName="host00" duration="00:00:00.0034510" startTime="2023-01-07T14:17:31.8088759+01:00" endTime="2023-01-07T14:17:31.8088760+01:00" testType="13cdc9d9-ddb5-4fa4-a97d-d965ccfc6d4b" outcome="Passed" testListId="8c84fa94-04c1-424b-9868-57a2d4851a1d" relativeResultsDirectory="8fb3fdec-e8c0-4a24-82f7-c5d0681fcd4a" />
    <UnitTestResult executionId="0b02729f-ead3-4557-a990-b387d3b9ce65" testId="fa64146b-25c7-1833-bf7e-07cb5e87e84f" testName="Engine.Behavior.Tests.Start.ShouldStartOnInitializedTests.ShouldResolveChoreography" computerName="host00" duration="00:00:00.0005143" startTime="2023-01-07T14:17:31.8089745+01:00" endTime="2023-01-07T14:17:31.8089745+01:00" testType="13cdc9d9-ddb5-4fa4-a97d-d965ccfc6d4b" outcome="Passed" testListId="8c84fa94-04c1-424b-9868-57a2d4851a1d" relativeResultsDirectory="0b02729f-ead3-4557-a990-b387d3b9ce65" />
    <UnitTestResult executionId="57f88a5f-0535-43fc-a5eb-52ff7ce3c51c" testId="ca86e8e3-1b9b-151e-1d7c-bc3243bbd895" testName="Engine.Behavior.Tests.EngineBehaviorTests.ShouldLoadEvents" computerName="host00" duration="00:00:00.0056993" startTime="2023-01-07T14:17:31.8961811+01:00" endTime="2023-01-07T14:17:31.8961812+01:00" testType="13cdc9d9-ddb5-4fa4-a97d-d965ccfc6d4b" outcome="Passed" testListId="8c84fa94-04c1-424b-9868-57a2d4851a1d" relativeResultsDirectory="57f88a5f-0535-43fc-a5eb-52ff7ce3c51c" />
    <UnitTestResult executionId="2f66777a-c7c9-4aa2-a7be-dd5da93a4c28" testId="b58884f7-a5c2-4f7b-e011-8958ea023ad6" testName="Engine.Behavior.Tests.StatusTests.ShouldSetAFlag" computerName="host00" duration="00:00:00.0005254" startTime="2023-01-07T14:17:31.7659676+01:00" endTime="2023-01-07T14:17:31.7659679+01:00" testType="13cdc9d9-ddb5-4fa4-a97d-d965ccfc6d4b" outcome="Passed" testListId="8c84fa94-04c1-424b-9868-57a2d4851a1d" relativeResultsDirectory="2f66777a-c7c9-4aa2-a7be-dd5da93a4c28" />
    <UnitTestResult executionId="0e9071b9-9f2c-4451-95d5-3511eccfbde0" testId="c3d42857-7850-bead-3cc1-d986bb887cba" testName="Engine.Behavior.Tests.Stop.Evt2ListTests.ShouldResolveProjectionValidatorFunction" computerName="host00" duration="00:00:00.0001375" startTime="2023-01-07T14:17:31.8433147+01:00" endTime="2023-01-07T14:17:31.8433148+01:00" testType="13cdc9d9-ddb5-4fa4-a97d-d965ccfc6d4b" outcome="Passed" testListId="8c84fa94-04c1-424b-9868-57a2d4851a1d" relativeResultsDirectory="0e9071b9-9f2c-4451-95d5-3511eccfbde0" />
    <UnitTestResult executionId="c5b20f82-55e2-438d-bdb7-b2c1068e7878" testId="685c86c6-d547-0555-a518-dd53843ae467" testName="Engine.Behavior.Tests.Stop.EvtTests.ShouldResolvePayloadCtor" computerName="host00" duration="00:00:00.0005336" startTime="2023-01-07T14:17:31.8081579+01:00" endTime="2023-01-07T14:17:31.8081580+01:00" testType="13cdc9d9-ddb5-4fa4-a97d-d965ccfc6d4b" outcome="Passed" testListId="8c84fa94-04c1-424b-9868-57a2d4851a1d" relativeResultsDirectory="c5b20f82-55e2-438d-bdb7-b2c1068e7878" />
    <UnitTestResult executionId="d26fead9-fc5c-42e5-9a52-784631dff813" testId="93859312-162b-97af-ab58-768c8982669e" testName="Engine.Behavior.Tests.Initialize.AggregateTests.ShouldResolveEvt2State" computerName="host00" duration="00:00:00.0594811" startTime="2023-01-07T14:17:31.7962149+01:00" endTime="2023-01-07T14:17:31.7962150+01:00" testType="13cdc9d9-ddb5-4fa4-a97d-d965ccfc6d4b" outcome="Passed" testListId="8c84fa94-04c1-424b-9868-57a2d4851a1d" relativeResultsDirectory="d26fead9-fc5c-42e5-9a52-784631dff813" />
    <UnitTestResult executionId="7785c50c-0c1a-469d-b263-d7078572e2b7" testId="20d154f5-f3bc-b948-7944-57c9f7990e7f" testName="Engine.Behavior.Tests.Stop.CmdTests.ShouldResolvePayloadCtor" computerName="host00" duration="00:00:00.0029548" startTime="2023-01-07T14:17:31.8073065+01:00" endTime="2023-01-07T14:17:31.8073066+01:00" testType="13cdc9d9-ddb5-4fa4-a97d-d965ccfc6d4b" outcome="Passed" testListId="8c84fa94-04c1-424b-9868-57a2d4851a1d" relativeResultsDirectory="7785c50c-0c1a-469d-b263-d7078572e2b7" />
    <UnitTestResult executionId="c540b0f5-ea46-4284-8a7e-03e07536dd2d" testId="b19adaf3-0596-491e-db51-7a18da6f2696" testName="Engine.Behavior.Tests.ChangeRpm.AggregateTests.ShouldCreateID" computerName="host00" duration="00:00:00.0018307" startTime="2023-01-07T14:17:31.8122623+01:00" endTime="2023-01-07T14:17:31.8122624+01:00" testType="13cdc9d9-ddb5-4fa4-a97d-d965ccfc6d4b" outcome="Passed" testListId="8c84fa94-04c1-424b-9868-57a2d4851a1d" relativeResultsDirectory="c540b0f5-ea46-4284-8a7e-03e07536dd2d" />
    <UnitTestResult executionId="c354a074-cc90-4170-b7b9-ff8a0159d274" testId="da5ad5a6-9374-5d4f-8403-9d21cb489313" testName="Engine.Behavior.Tests.ChangeRpm.Evt2DocTests.ShouldResolveDocCtor" computerName="host00" duration="00:00:00.0005743" startTime="2023-01-07T14:17:31.8090492+01:00" endTime="2023-01-07T14:17:31.8090492+01:00" testType="13cdc9d9-ddb5-4fa4-a97d-d965ccfc6d4b" outcome="Passed" testListId="8c84fa94-04c1-424b-9868-57a2d4851a1d" relativeResultsDirectory="c354a074-cc90-4170-b7b9-ff8a0159d274" />
    <UnitTestResult executionId="8b2dfc93-3aad-4e78-9f4c-5a59d8f87ed9" testId="634d011f-c5b6-4154-4f9f-1f02f137d672" testName="Engine.Behavior.Tests.ChangeDetails.Evt2DocTests.ShouldResolveProjectionValidatorFunction" computerName="host00" duration="00:00:00.0001247" startTime="2023-01-07T14:17:31.8576176+01:00" endTime="2023-01-07T14:17:31.8576177+01:00" testType="13cdc9d9-ddb5-4fa4-a97d-d965ccfc6d4b" outcome="Passed" testListId="8c84fa94-04c1-424b-9868-57a2d4851a1d" relativeResultsDirectory="8b2dfc93-3aad-4e78-9f4c-5a59d8f87ed9" />
    <UnitTestResult executionId="99c548b7-a6dc-4537-b708-4fb85852b252" testId="08aaaf9e-5ee9-17fc-83d3-84557a63e052" testName="Engine.Behavior.Tests.ChangeDetails.Evt2DocTests.ShouldResolveDocCtor" computerName="host00" duration="00:00:00.0001185" startTime="2023-01-07T14:17:31.8574205+01:00" endTime="2023-01-07T14:17:31.8574206+01:00" testType="13cdc9d9-ddb5-4fa4-a97d-d965ccfc6d4b" outcome="Passed" testListId="8c84fa94-04c1-424b-9868-57a2d4851a1d" relativeResultsDirectory="99c548b7-a6dc-4537-b708-4fb85852b252" />
    <UnitTestResult executionId="0e09779d-466b-4ef3-b7ec-9fcf2a6fddf1" testId="c73ff366-05b1-4277-07e9-4f96dde69991" testName="Engine.Behavior.Tests.ChangeRpm.Evt2DocTests.ShouldResolveMetaCtor" computerName="host00" duration="00:00:00.0600832" startTime="2023-01-07T14:17:31.7969326+01:00" endTime="2023-01-07T14:17:31.7969327+01:00" testType="13cdc9d9-ddb5-4fa4-a97d-d965ccfc6d4b" outcome="Passed" testListId="8c84fa94-04c1-424b-9868-57a2d4851a1d" relativeResultsDirectory="0e09779d-466b-4ef3-b7ec-9fcf2a6fddf1" />
    <UnitTestResult executionId="492f9711-dac6-4c17-b7b4-7e0fd7fe0080" testId="5e39b19b-62f4-9ebd-7ddd-2cc1243d64c7" testName="Engine.Behavior.Tests.Initialize.CmdTests.ShouldResolveIDCtor" computerName="host00" duration="00:00:00.0121069" startTime="2023-01-07T14:17:31.8010670+01:00" endTime="2023-01-07T14:17:31.8010671+01:00" testType="13cdc9d9-ddb5-4fa4-a97d-d965ccfc6d4b" outcome="Passed" testListId="8c84fa94-04c1-424b-9868-57a2d4851a1d" relativeResultsDirectory="492f9711-dac6-4c17-b7b4-7e0fd7fe0080" />
    <UnitTestResult executionId="262e717b-34be-489f-b731-4718fe037667" testId="071565d4-582c-ca0d-e57e-4a9ad5719129" testName="Engine.Behavior.Tests.ChangeDetails.Evt2ListTests.ShouldResolveDocCtor" computerName="host00" duration="00:00:00.0003521" startTime="2023-01-07T14:17:31.8102916+01:00" endTime="2023-01-07T14:17:31.8102917+01:00" testType="13cdc9d9-ddb5-4fa4-a97d-d965ccfc6d4b" outcome="Passed" testListId="8c84fa94-04c1-424b-9868-57a2d4851a1d" relativeResultsDirectory="262e717b-34be-489f-b731-4718fe037667" />
    <UnitTestResult executionId="a84d8500-4e80-40dc-b178-5bca30ffc9d1" testId="1fc5270d-b842-f8e9-ca3e-2d80c5fd42e7" testName="Engine.Behavior.Tests.Initialize.Evt2DocTests.ShouldResolveProjectionValidatorFunction" computerName="host00" duration="00:00:00.0001555" startTime="2023-01-07T14:17:31.8577053+01:00" endTime="2023-01-07T14:17:31.8577054+01:00" testType="13cdc9d9-ddb5-4fa4-a97d-d965ccfc6d4b" outcome="Passed" testListId="8c84fa94-04c1-424b-9868-57a2d4851a1d" relativeResultsDirectory="a84d8500-4e80-40dc-b178-5bca30ffc9d1" />
    <UnitTestResult executionId="5c2fa0c7-bafa-4ea9-84ec-2045fa0b6d5f" testId="3fd3fd09-50ed-6915-f860-23fa82af7544" testName="Engine.Behavior.Tests.ChangeDetails.Evt2DocTests.ShouldResolveIDCtor" computerName="host00" duration="00:00:00.0001139" startTime="2023-01-07T14:17:31.8575038+01:00" endTime="2023-01-07T14:17:31.8575038+01:00" testType="13cdc9d9-ddb5-4fa4-a97d-d965ccfc6d4b" outcome="Passed" testListId="8c84fa94-04c1-424b-9868-57a2d4851a1d" relativeResultsDirectory="5c2fa0c7-bafa-4ea9-84ec-2045fa0b6d5f" />
    <UnitTestResult executionId="6460f8dc-1a9e-4622-a877-4be0f0e32bb2" testId="c303c1f9-3b5b-babc-2e01-2348f17d589a" testName="Engine.Behavior.Tests.Stop.Evt2ListTests.ShouldResolveMetaCtor" computerName="host00" duration="00:00:00.0601372" startTime="2023-01-07T14:17:31.7969659+01:00" endTime="2023-01-07T14:17:31.7969660+01:00" testType="13cdc9d9-ddb5-4fa4-a97d-d965ccfc6d4b" outcome="Passed" testListId="8c84fa94-04c1-424b-9868-57a2d4851a1d" relativeResultsDirectory="6460f8dc-1a9e-4622-a877-4be0f0e32bb2" />
    <UnitTestResult executionId="ebc34df5-8df1-40bc-a709-c52db1426395" testId="d556a941-ee7d-2046-5a6b-b380f9eba422" testName="Engine.Behavior.Tests.ChangeRpm.Evt2ListTests.ShouldExecuteEvt2DocFunc" computerName="host00" duration="00:00:00.0729342" startTime="2023-01-07T14:17:31.8546429+01:00" endTime="2023-01-07T14:17:31.8546430+01:00" testType="13cdc9d9-ddb5-4fa4-a97d-d965ccfc6d4b" outcome="Passed" testListId="8c84fa94-04c1-424b-9868-57a2d4851a1d" relativeResultsDirectory="ebc34df5-8df1-40bc-a709-c52db1426395" />
    <UnitTestResult executionId="ac9bc4fc-8175-4f58-99b4-91b2d12baff6" testId="37ba3bf6-ec40-3f55-b0ce-d2e97a381983" testName="Engine.Behavior.Tests.ChangeRpm.Evt2ListTests.ShouldResolveDocCtor" computerName="host00" duration="00:00:00.0001596" startTime="2023-01-07T14:17:31.8554622+01:00" endTime="2023-01-07T14:17:31.8554623+01:00" testType="13cdc9d9-ddb5-4fa4-a97d-d965ccfc6d4b" outcome="Passed" testListId="8c84fa94-04c1-424b-9868-57a2d4851a1d" relativeResultsDirectory="ac9bc4fc-8175-4f58-99b4-91b2d12baff6" />
    <UnitTestResult executionId="10d02cff-4fac-4d49-a8fc-92f4e1f8003c" testId="fb6ad385-d0b9-a35c-cd5e-d74cc87b369b" testName="Engine.Behavior.Tests.Stop.ShouldStopOnZeroPowerTests.ShouldResolveEvt2Cmd" computerName="host00" duration="00:00:00.0006185" startTime="2023-01-07T14:17:31.8081130+01:00" endTime="2023-01-07T14:17:31.8081131+01:00" testType="13cdc9d9-ddb5-4fa4-a97d-d965ccfc6d4b" outcome="Passed" testListId="8c84fa94-04c1-424b-9868-57a2d4851a1d" relativeResultsDirectory="10d02cff-4fac-4d49-a8fc-92f4e1f8003c" />
    <UnitTestResult executionId="98515925-a204-4ea5-bd61-e5d26f2e60e4" testId="fc0d5373-c567-6167-72d7-6d380141c9bf" testName="Engine.Behavior.Tests.Start.Evt2DocTests.ShouldResolveDocCtor" computerName="host00" duration="00:00:00.0001895" startTime="2023-01-07T14:17:31.8422515+01:00" endTime="2023-01-07T14:17:31.8422516+01:00" testType="13cdc9d9-ddb5-4fa4-a97d-d965ccfc6d4b" outcome="Passed" testListId="8c84fa94-04c1-424b-9868-57a2d4851a1d" relativeResultsDirectory="98515925-a204-4ea5-bd61-e5d26f2e60e4" />
    <UnitTestResult executionId="e2e922d9-a176-4390-b24a-07226c9aad1f" testId="424ab404-05db-3b18-9511-0447f233437b" testName="Engine.Behavior.Tests.Start.Evt2ListTests.ShouldResolveMetaCtor" computerName="host00" duration="00:00:00.0001374" startTime="2023-01-07T14:17:31.8441930+01:00" endTime="2023-01-07T14:17:31.8441931+01:00" testType="13cdc9d9-ddb5-4fa4-a97d-d965ccfc6d4b" outcome="Passed" testListId="8c84fa94-04c1-424b-9868-57a2d4851a1d" relativeResultsDirectory="e2e922d9-a176-4390-b24a-07226c9aad1f" />
    <UnitTestResult executionId="8c44f1a0-47c5-4ae7-b116-d09c15a5a86f" testId="e3e726a0-a8c9-c8e4-c94f-693b386b51ae" testName="Engine.Behavior.Tests.ChangeDetails.ShouldChangeDetailsOnInitializedTests.ShouldResolveEvt2Cmd" computerName="host00" duration="00:00:00.0003352" startTime="2023-01-07T14:17:31.8857824+01:00" endTime="2023-01-07T14:17:31.8857825+01:00" testType="13cdc9d9-ddb5-4fa4-a97d-d965ccfc6d4b" outcome="Passed" testListId="8c84fa94-04c1-424b-9868-57a2d4851a1d" relativeResultsDirectory="8c44f1a0-47c5-4ae7-b116-d09c15a5a86f" />
    <UnitTestResult executionId="5b3b5cc6-a7f5-49c4-ad3f-db0e9b998b1f" testId="62fa9d61-ce8a-7e28-2a9b-63acc9750c22" testName="Engine.Behavior.Tests.ChangeRpm.CmdTests.ShouldResolvePayloadCtor" computerName="host00" duration="00:00:00.0448195" startTime="2023-01-07T14:17:31.7815884+01:00" endTime="2023-01-07T14:17:31.7815884+01:00" testType="13cdc9d9-ddb5-4fa4-a97d-d965ccfc6d4b" outcome="Passed" testListId="8c84fa94-04c1-424b-9868-57a2d4851a1d" relativeResultsDirectory="5b3b5cc6-a7f5-49c4-ad3f-db0e9b998b1f" />
    <UnitTestResult executionId="edd9673b-20e1-458d-a431-56dbad1924fe" testId="88c18e8c-7317-4507-021f-beea649ea4ec" testName="Engine.Behavior.Tests.Initialize.AggregateTests.ShouldResolveStateCtor" computerName="host00" duration="00:00:00.0040968" startTime="2023-01-07T14:17:31.8111154+01:00" endTime="2023-01-07T14:17:31.8111154+01:00" testType="13cdc9d9-ddb5-4fa4-a97d-d965ccfc6d4b" outcome="Passed" testListId="8c84fa94-04c1-424b-9868-57a2d4851a1d" relativeResultsDirectory="edd9673b-20e1-458d-a431-56dbad1924fe" />
    <UnitTestResult executionId="2d6a0a5f-b0c3-401b-a2ef-bf0f32706a14" testId="9902d661-4406-3464-7654-98983aba8656" testName="Engine.Behavior.Tests.Initialize.CmdTests.ShouldResolvePayloadCtor" computerName="host00" duration="00:00:00.0012213" startTime="2023-01-07T14:17:31.7935624+01:00" endTime="2023-01-07T14:17:31.7935624+01:00" testType="13cdc9d9-ddb5-4fa4-a97d-d965ccfc6d4b" outcome="Passed" testListId="8c84fa94-04c1-424b-9868-57a2d4851a1d" relativeResultsDirectory="2d6a0a5f-b0c3-401b-a2ef-bf0f32706a14" />
    <UnitTestResult executionId="6ade2a44-40cd-4536-bf86-2eeaebd6b35b" testId="faeff029-b72a-59f5-d8f6-cfdafbf60860" testName="Engine.Behavior.Tests.ChangeRpm.CmdTests.ShouldResolveCmdCtor" computerName="host00" duration="00:00:00.0030636" startTime="2023-01-07T14:17:31.8075249+01:00" endTime="2023-01-07T14:17:31.8075250+01:00" testType="13cdc9d9-ddb5-4fa4-a97d-d965ccfc6d4b" outcome="Passed" testListId="8c84fa94-04c1-424b-9868-57a2d4851a1d" relativeResultsDirectory="6ade2a44-40cd-4536-bf86-2eeaebd6b35b" />
    <UnitTestResult executionId="c1834a64-8cf6-4a86-b8c3-a68063a37fae" testId="4410a392-6805-405b-8241-eb299a699589" testName="Engine.Behavior.Tests.Stop.Evt2DocTests.ShouldResolvePayloadCtor" computerName="host00" duration="00:00:00.0002762" startTime="2023-01-07T14:17:31.8418630+01:00" endTime="2023-01-07T14:17:31.8418631+01:00" testType="13cdc9d9-ddb5-4fa4-a97d-d965ccfc6d4b" outcome="Passed" testListId="8c84fa94-04c1-424b-9868-57a2d4851a1d" relativeResultsDirectory="c1834a64-8cf6-4a86-b8c3-a68063a37fae" />
    <UnitTestResult executionId="0a8e3178-817d-4282-9ce9-24ad41e9b582" testId="c8e275b1-1bba-6671-dfaa-5c879ab822c9" testName="Engine.Behavior.Tests.Stop.Evt2DocTests.ShouldResolveMetaCtor" computerName="host00" duration="00:00:00.0153994" startTime="2023-01-07T14:17:31.7985029+01:00" endTime="2023-01-07T14:17:31.7985030+01:00" testType="13cdc9d9-ddb5-4fa4-a97d-d965ccfc6d4b" outcome="Passed" testListId="8c84fa94-04c1-424b-9868-57a2d4851a1d" relativeResultsDirectory="0a8e3178-817d-4282-9ce9-24ad41e9b582" />
    <UnitTestResult executionId="c7bb43b0-281e-4d92-a232-46897bf60342" testId="3190b935-967c-32dd-d7ca-d99e795e8367" testName="Engine.Behavior.Tests.Stop.Evt2DocTests.ShouldResolveIDCtor" computerName="host00" duration="00:00:00.0001698" startTime="2023-01-07T14:17:31.8429525+01:00" endTime="2023-01-07T14:17:31.8429525+01:00" testType="13cdc9d9-ddb5-4fa4-a97d-d965ccfc6d4b" outcome="Passed" testListId="8c84fa94-04c1-424b-9868-57a2d4851a1d" relativeResultsDirectory="c7bb43b0-281e-4d92-a232-46897bf60342" />
    <UnitTestResult executionId="b1e81b22-53d1-4813-94a4-3a56d660bf88" testId="6626aab2-e051-d7de-55fb-7ed14ef5b23e" testName="Engine.Behavior.Tests.ChangeDetails.Evt2ListTests.ShouldResolveEvtCtor" computerName="host00" duration="00:00:00.0003197" startTime="2023-01-07T14:17:31.8067229+01:00" endTime="2023-01-07T14:17:31.8067229+01:00" testType="13cdc9d9-ddb5-4fa4-a97d-d965ccfc6d4b" outcome="Passed" testListId="8c84fa94-04c1-424b-9868-57a2d4851a1d" relativeResultsDirectory="b1e81b22-53d1-4813-94a4-3a56d660bf88" />
    <UnitTestResult executionId="f11691b3-83da-4ad8-a652-5da46d113a3e" testId="8dfdc8b4-2a37-df4e-5ae7-de82a465e0a5" testName="Engine.Behavior.Tests.ChangeRpm.Evt2DocTests.ShouldResolveEvtCtor" computerName="host00" duration="00:00:00.0002396" startTime="2023-01-07T14:17:31.8051129+01:00" endTime="2023-01-07T14:17:31.8051129+01:00" testType="13cdc9d9-ddb5-4fa4-a97d-d965ccfc6d4b" outcome="Passed" testListId="8c84fa94-04c1-424b-9868-57a2d4851a1d" relativeResultsDirectory="f11691b3-83da-4ad8-a652-5da46d113a3e" />
    <UnitTestResult executionId="474d5e7e-b4fe-44b5-9dd4-971d653d5664" testId="d87a9c57-6538-a7da-d728-5f5120f2726a" testName="Engine.Behavior.Tests.ChangeRpm.Evt2DocTests.ShouldResolveEvt2DocFunc" computerName="host00" duration="00:00:00.0001982" startTime="2023-01-07T14:17:31.8051974+01:00" endTime="2023-01-07T14:17:31.8051975+01:00" testType="13cdc9d9-ddb5-4fa4-a97d-d965ccfc6d4b" outcome="Passed" testListId="8c84fa94-04c1-424b-9868-57a2d4851a1d" relativeResultsDirectory="474d5e7e-b4fe-44b5-9dd4-971d653d5664" />
    <UnitTestResult executionId="bced44c8-841c-44c5-8e6e-394f24dd78ba" testId="bf050b28-5965-8e51-43d9-ba6753fa26c2" testName="Engine.Behavior.Tests.Stop.Evt2ListTests.ShouldResolveEvtCtor" computerName="host00" duration="00:00:00.0001476" startTime="2023-01-07T14:17:31.8431690+01:00" endTime="2023-01-07T14:17:31.8431691+01:00" testType="13cdc9d9-ddb5-4fa4-a97d-d965ccfc6d4b" outcome="Passed" testListId="8c84fa94-04c1-424b-9868-57a2d4851a1d" relativeResultsDirectory="bced44c8-841c-44c5-8e6e-394f24dd78ba" />
    <UnitTestResult executionId="5f979c9b-cd61-42fb-b6f8-3a2f21b5bc7b" testId="a8508dad-0f65-e5a1-7bba-1c259bc94268" testName="Engine.Behavior.Tests.Start.CmdTests.ShouldResolvePayloadCtor" computerName="host00" duration="00:00:00.0028286" startTime="2023-01-07T14:17:31.8059636+01:00" endTime="2023-01-07T14:17:31.8059636+01:00" testType="13cdc9d9-ddb5-4fa4-a97d-d965ccfc6d4b" outcome="Passed" testListId="8c84fa94-04c1-424b-9868-57a2d4851a1d" relativeResultsDirectory="5f979c9b-cd61-42fb-b6f8-3a2f21b5bc7b" />
    <UnitTestResult executionId="320d97f8-3e43-40dc-b126-c8f43e910744" testId="95ab9c10-165f-0b0a-c113-1fec9ffdf5bc" testName="Engine.Behavior.Tests.Start.Evt2ListTests.ShouldResolveDocCtor" computerName="host00" duration="00:00:00.0003745" startTime="2023-01-07T14:17:31.8430974+01:00" endTime="2023-01-07T14:17:31.8430974+01:00" testType="13cdc9d9-ddb5-4fa4-a97d-d965ccfc6d4b" outcome="Passed" testListId="8c84fa94-04c1-424b-9868-57a2d4851a1d" relativeResultsDirectory="320d97f8-3e43-40dc-b126-c8f43e910744" />
    <UnitTestResult executionId="ba75cdbd-7d49-491b-a7dd-66456dd50738" testId="fdc79208-fbea-b8fe-6fff-f41becf38adc" testName="Engine.Behavior.Tests.ChangeDetails.Evt2DocTests.ShouldExecuteEvt2DocFunc" computerName="host00" duration="00:00:00.1200338" startTime="2023-01-07T14:17:31.8567056+01:00" endTime="2023-01-07T14:17:31.8567057+01:00" testType="13cdc9d9-ddb5-4fa4-a97d-d965ccfc6d4b" outcome="Passed" testListId="8c84fa94-04c1-424b-9868-57a2d4851a1d" relativeResultsDirectory="ba75cdbd-7d49-491b-a7dd-66456dd50738" />
    <UnitTestResult executionId="ae086000-767b-471c-bb0a-36f11f75b0c7" testId="e278e3cb-e346-f365-24b3-263e53f68b4b" testName="Engine.Behavior.Tests.ChangeRpm.Evt2ListTests.ShouldResolvePayloadCtor" computerName="host00" duration="00:00:00.0002893" startTime="2023-01-07T14:17:31.8550294+01:00" endTime="2023-01-07T14:17:31.8550294+01:00" testType="13cdc9d9-ddb5-4fa4-a97d-d965ccfc6d4b" outcome="Passed" testListId="8c84fa94-04c1-424b-9868-57a2d4851a1d" relativeResultsDirectory="ae086000-767b-471c-bb0a-36f11f75b0c7" />
    <UnitTestResult executionId="6187dc1d-2403-4939-909c-518bd7897f04" testId="492ce2bf-0bd1-10aa-0d0e-28d78fd1f220" testName="Engine.Behavior.Tests.ChangeDetails.ShouldChangeDetailsOnInitializedTests.ShouldResolveAggregateBuilder" computerName="host00" duration="00:00:00.0002963" startTime="2023-01-07T14:17:31.7970745+01:00" endTime="2023-01-07T14:17:31.7970745+01:00" testType="13cdc9d9-ddb5-4fa4-a97d-d965ccfc6d4b" outcome="Passed" testListId="8c84fa94-04c1-424b-9868-57a2d4851a1d" relativeResultsDirectory="6187dc1d-2403-4939-909c-518bd7897f04" />
    <UnitTestResult executionId="91a91761-acd7-4e14-a2c1-9b6d004d4580" testId="1d096210-6a7b-6695-5b86-5dba83ad9a30" testName="Engine.Behavior.Tests.ChangeDetails.Evt2ListTests.ShouldResolvePayloadCtor" computerName="host00" duration="00:00:00.0026871" startTime="2023-01-07T14:17:31.8053109+01:00" endTime="2023-01-07T14:17:31.8053110+01:00" testType="13cdc9d9-ddb5-4fa4-a97d-d965ccfc6d4b" outcome="Passed" testListId="8c84fa94-04c1-424b-9868-57a2d4851a1d" relativeResultsDirectory="91a91761-acd7-4e14-a2c1-9b6d004d4580" />
    <UnitTestResult executionId="6ce88a98-f30a-40ad-b9e8-c8b751a3aa12" testId="ceda859d-f72c-9ea9-1ab5-af975dff3aa1" testName="Engine.Behavior.Tests.Initialize.AggregateTests.ShouldCreateID" computerName="host00" duration="00:00:00.0013102" startTime="2023-01-07T14:17:31.8013129+01:00" endTime="2023-01-07T14:17:31.8013130+01:00" testType="13cdc9d9-ddb5-4fa4-a97d-d965ccfc6d4b" outcome="Passed" testListId="8c84fa94-04c1-424b-9868-57a2d4851a1d" relativeResultsDirectory="6ce88a98-f30a-40ad-b9e8-c8b751a3aa12" />
    <UnitTestResult executionId="b2edb019-7431-4a26-9db4-d2d658db8b34" testId="17733a2d-2011-4e97-d4b3-239de6a89a7c" testName="Engine.Behavior.Tests.Initialize.Evt2ListTests.ShouldResolveEvt2DocFunc" computerName="host00" duration="00:00:00.0451748" startTime="2023-01-07T14:17:31.7913877+01:00" endTime="2023-01-07T14:17:31.7913877+01:00" testType="13cdc9d9-ddb5-4fa4-a97d-d965ccfc6d4b" outcome="Passed" testListId="8c84fa94-04c1-424b-9868-57a2d4851a1d" relativeResultsDirectory="b2edb019-7431-4a26-9db4-d2d658db8b34" />
    <UnitTestResult executionId="a8809dd0-730a-4c58-92cc-0a937378f78b" testId="5a635f0e-61b2-7b46-842d-b6811efd90c6" testName="Engine.Behavior.Tests.Stop.ShouldStopOnZeroPowerTests.ShouldResolveAggregateBuilder" computerName="host00" duration="00:00:00.0492548" startTime="2023-01-07T14:17:31.7936329+01:00" endTime="2023-01-07T14:17:31.7936329+01:00" testType="13cdc9d9-ddb5-4fa4-a97d-d965ccfc6d4b" outcome="Passed" testListId="8c84fa94-04c1-424b-9868-57a2d4851a1d" relativeResultsDirectory="a8809dd0-730a-4c58-92cc-0a937378f78b" />
    <UnitTestResult executionId="6fd323af-28ae-438a-82f0-bf39bea2465e" testId="960c72ae-fa29-8dd5-54d3-bd2c0246512c" testName="Engine.Behavior.Tests.ChangeDetails.CmdTests.ShouldHaveCmdTopic" computerName="host00" duration="00:00:00.0002633" startTime="2023-01-07T14:17:31.8065759+01:00" endTime="2023-01-07T14:17:31.8065760+01:00" testType="13cdc9d9-ddb5-4fa4-a97d-d965ccfc6d4b" outcome="Passed" testListId="8c84fa94-04c1-424b-9868-57a2d4851a1d" relativeResultsDirectory="6fd323af-28ae-438a-82f0-bf39bea2465e" />
    <UnitTestResult executionId="14dd74cf-0959-41c1-b2b5-643bb34f7ea5" testId="f7f30a21-0bfc-ae79-e768-7ecd4c1ac50e" testName="Engine.Behavior.Tests.Initialize.Evt2ListTests.ShouldResolveDocCtor" computerName="host00" duration="00:00:00.0151982" startTime="2023-01-07T14:17:31.7985886+01:00" endTime="2023-01-07T14:17:31.7985887+01:00" testType="13cdc9d9-ddb5-4fa4-a97d-d965ccfc6d4b" outcome="Passed" testListId="8c84fa94-04c1-424b-9868-57a2d4851a1d" relativeResultsDirectory="14dd74cf-0959-41c1-b2b5-643bb34f7ea5" />
    <UnitTestResult executionId="733f5c5e-4930-45fd-a152-f6c2eea7af31" testId="0b568ece-acf5-0373-45ab-b338a3a67556" testName="Engine.Behavior.Tests.Start.AggregateTests.ShouldResolveIDCtor" computerName="host00" duration="00:00:00.0013503" startTime="2023-01-07T14:17:31.8020873+01:00" endTime="2023-01-07T14:17:31.8020874+01:00" testType="13cdc9d9-ddb5-4fa4-a97d-d965ccfc6d4b" outcome="Passed" testListId="8c84fa94-04c1-424b-9868-57a2d4851a1d" relativeResultsDirectory="733f5c5e-4930-45fd-a152-f6c2eea7af31" />
    <UnitTestResult executionId="33edaea9-655a-41d6-9c0a-3531d54d31a2" testId="d9444f59-6f9a-250a-95fe-96ba0f45b7ec" testName="Engine.Behavior.Tests.ChangeRpm.Evt2DocTests.ShouldResolveIDCtor" computerName="host00" duration="00:00:00.0010819" startTime="2023-01-07T14:17:31.8044843+01:00" endTime="2023-01-07T14:17:31.8044844+01:00" testType="13cdc9d9-ddb5-4fa4-a97d-d965ccfc6d4b" outcome="Passed" testListId="8c84fa94-04c1-424b-9868-57a2d4851a1d" relativeResultsDirectory="33edaea9-655a-41d6-9c0a-3531d54d31a2" />
    <UnitTestResult executionId="ec95979a-9d64-4666-b6ad-3340fe65a982" testId="ad0800f4-684f-a84a-86f5-45702f40c456" testName="Engine.Behavior.Tests.StatusTests.ShouldUnsetFlags" computerName="host00" duration="00:00:00.0006597" startTime="2023-01-07T14:17:31.7666366+01:00" endTime="2023-01-07T14:17:31.7666367+01:00" testType="13cdc9d9-ddb5-4fa4-a97d-d965ccfc6d4b" outcome="Passed" testListId="8c84fa94-04c1-424b-9868-57a2d4851a1d" relativeResultsDirectory="ec95979a-9d64-4666-b6ad-3340fe65a982">
      <Output>
        <StdOut>Initialized, Started, Overheated
Started</StdOut>
      </Output>
    </UnitTestResult>
    <UnitTestResult executionId="5c04d024-3e0f-4044-a43f-93a5e345a725" testId="75ee0fe8-1398-ee9d-a88f-93381ac761ec" testName="Engine.Behavior.Tests.ChangeRpm.EvtTests.ShouldResolvePayloadCtor" computerName="host00" duration="00:00:00.0449352" startTime="2023-01-07T14:17:31.7913167+01:00" endTime="2023-01-07T14:17:31.7913168+01:00" testType="13cdc9d9-ddb5-4fa4-a97d-d965ccfc6d4b" outcome="Passed" testListId="8c84fa94-04c1-424b-9868-57a2d4851a1d" relativeResultsDirectory="5c04d024-3e0f-4044-a43f-93a5e345a725" />
    <UnitTestResult executionId="c200f49d-2eca-4ab9-b141-95e11f1a9781" testId="c7a04c51-12bc-ebd9-4656-8f7074a8f23b" testName="Engine.Behavior.Tests.Initialize.CmdTests.ShouldResolveCmdCtor" computerName="host00" duration="00:00:00.0015627" startTime="2023-01-07T14:17:31.7930619+01:00" endTime="2023-01-07T14:17:31.7930619+01:00" testType="13cdc9d9-ddb5-4fa4-a97d-d965ccfc6d4b" outcome="Passed" testListId="8c84fa94-04c1-424b-9868-57a2d4851a1d" relativeResultsDirectory="c200f49d-2eca-4ab9-b141-95e11f1a9781" />
    <UnitTestResult executionId="26249929-b756-4c4e-8407-77b9b57680dc" testId="81a05a35-2052-16cf-d597-052e50de5bf7" testName="Engine.Behavior.Tests.EngineBehaviorTests.ShouldBuildAggregate" computerName="host00" duration="00:00:00.0594554" startTime="2023-01-07T14:17:31.7961590+01:00" endTime="2023-01-07T14:17:31.7961591+01:00" testType="13cdc9d9-ddb5-4fa4-a97d-d965ccfc6d4b" outcome="Passed" testListId="8c84fa94-04c1-424b-9868-57a2d4851a1d" relativeResultsDirectory="26249929-b756-4c4e-8407-77b9b57680dc" />
    <UnitTestResult executionId="ca17a182-bb30-45d9-8e95-5def92d4e4a9" testId="63af07b9-a07c-5c60-c488-a04c5a5fb09d" testName="Engine.Behavior.Tests.Stop.CmdTests.ShouldResolveCmdCtor" computerName="host00" duration="00:00:00.0007027" startTime="2023-01-07T14:17:31.8098752+01:00" endTime="2023-01-07T14:17:31.8098752+01:00" testType="13cdc9d9-ddb5-4fa4-a97d-d965ccfc6d4b" outcome="Passed" testListId="8c84fa94-04c1-424b-9868-57a2d4851a1d" relativeResultsDirectory="ca17a182-bb30-45d9-8e95-5def92d4e4a9" />
    <UnitTestResult executionId="e3f74b26-ca97-40c6-8972-03c1498cc0a5" testId="5bfc490b-b5c1-96cc-cc24-4a495c4f5b74" testName="Engine.Behavior.Tests.Start.AggregateTests.ShouldResolveApplyEvt" computerName="host00" duration="00:00:00.0023415" startTime="2023-01-07T14:17:31.8117706+01:00" endTime="2023-01-07T14:17:31.8117706+01:00" testType="13cdc9d9-ddb5-4fa4-a97d-d965ccfc6d4b" outcome="Passed" testListId="8c84fa94-04c1-424b-9868-57a2d4851a1d" relativeResultsDirectory="e3f74b26-ca97-40c6-8972-03c1498cc0a5" />
    <UnitTestResult executionId="b60e2c3c-43ad-4f33-90f4-9f4c83580489" testId="82ad74f9-6f70-94f8-af8b-fddee39a96d9" testName="Engine.Behavior.Tests.Start.Evt2ListTests.ShouldExecuteEvt2DocFunc" computerName="host00" duration="00:00:00.1054067" startTime="2023-01-07T14:17:31.8428907+01:00" endTime="2023-01-07T14:17:31.8428908+01:00" testType="13cdc9d9-ddb5-4fa4-a97d-d965ccfc6d4b" outcome="Passed" testListId="8c84fa94-04c1-424b-9868-57a2d4851a1d" relativeResultsDirectory="b60e2c3c-43ad-4f33-90f4-9f4c83580489" />
    <UnitTestResult executionId="000dff9f-ecef-4cad-bbb5-3e7dce20db0b" testId="e8dfdcca-7035-77c0-0fc0-3238a30bb1fb" testName="Engine.Behavior.Tests.Initialize.Evt2ListTests.ShouldResolveMetaCtor" computerName="host00" duration="00:00:00.0004564" startTime="2023-01-07T14:17:31.8042506+01:00" endTime="2023-01-07T14:17:31.8042506+01:00" testType="13cdc9d9-ddb5-4fa4-a97d-d965ccfc6d4b" outcome="Passed" testListId="8c84fa94-04c1-424b-9868-57a2d4851a1d" relativeResultsDirectory="000dff9f-ecef-4cad-bbb5-3e7dce20db0b" />
    <UnitTestResult executionId="63cfc353-3219-418c-9c92-a08da3664b95" testId="4ad61554-dc97-6c1e-56ae-af8bad070d90" testName="Engine.Behavior.Tests.Initialize.Evt2DocTests.ShouldResolveEvtCtor" computerName="host00" duration="00:00:00.0001224" startTime="2023-01-07T14:17:31.8583955+01:00" endTime="2023-01-07T14:17:31.8583955+01:00" testType="13cdc9d9-ddb5-4fa4-a97d-d965ccfc6d4b" outcome="Passed" testListId="8c84fa94-04c1-424b-9868-57a2d4851a1d" relativeResultsDirectory="63cfc353-3219-418c-9c92-a08da3664b95" />
    <UnitTestResult executionId="2026a9e9-c46f-4848-bd91-f3c43e75278d" testId="087d89a7-d233-c785-6ccc-1d3620e23787" testName="Engine.Behavior.Tests.Start.EvtTests.ShouldResolveEvtCtor" computerName="host00" duration="00:00:00.0013075" startTime="2023-01-07T14:17:31.8060573+01:00" endTime="2023-01-07T14:17:31.8060573+01:00" testType="13cdc9d9-ddb5-4fa4-a97d-d965ccfc6d4b" outcome="Passed" testListId="8c84fa94-04c1-424b-9868-57a2d4851a1d" relativeResultsDirectory="2026a9e9-c46f-4848-bd91-f3c43e75278d" />
    <UnitTestResult executionId="a913a2cc-5390-48c5-b21e-39473dae8055" testId="dd5c6878-d7e7-0f10-e8c9-28c4ec7afaa1" testName="Engine.Behavior.Tests.Start.Evt2DocTests.ShouldResolveEvt2DocFunc" computerName="host00" duration="00:00:00.0010908" startTime="2023-01-07T14:17:31.7927693+01:00" endTime="2023-01-07T14:17:31.7927693+01:00" testType="13cdc9d9-ddb5-4fa4-a97d-d965ccfc6d4b" outcome="Passed" testListId="8c84fa94-04c1-424b-9868-57a2d4851a1d" relativeResultsDirectory="a913a2cc-5390-48c5-b21e-39473dae8055" />
    <UnitTestResult executionId="e0fb0edd-ff13-4e21-8c25-569225c8bdf8" testId="c2e8b99a-830b-de99-2fe5-992194cbff10" testName="Engine.Behavior.Tests.ChangeDetails.AggregateTests.ShouldResolveIDCtor" computerName="host00" duration="00:00:00.0010261" startTime="2023-01-07T14:17:31.8049853+01:00" endTime="2023-01-07T14:17:31.8049853+01:00" testType="13cdc9d9-ddb5-4fa4-a97d-d965ccfc6d4b" outcome="Passed" testListId="8c84fa94-04c1-424b-9868-57a2d4851a1d" relativeResultsDirectory="e0fb0edd-ff13-4e21-8c25-569225c8bdf8" />
    <UnitTestResult executionId="7b3f0888-fb27-4a8f-97d9-3d376b1ed4b3" testId="aae218f2-cac3-4e8f-c259-29a149206cb0" testName="Engine.Behavior.Tests.Stop.Evt2DocTests.ShouldResolveDocCtor" computerName="host00" duration="00:00:00.0001820" startTime="2023-01-07T14:17:31.8420324+01:00" endTime="2023-01-07T14:17:31.8420325+01:00" testType="13cdc9d9-ddb5-4fa4-a97d-d965ccfc6d4b" outcome="Passed" testListId="8c84fa94-04c1-424b-9868-57a2d4851a1d" relativeResultsDirectory="7b3f0888-fb27-4a8f-97d9-3d376b1ed4b3" />
    <UnitTestResult executionId="b4467618-431d-4928-bffd-0741a4e42a86" testId="49f08f1d-1893-219e-ccc2-8f7f43f1dcc4" testName="Engine.Behavior.Tests.ChangeDetails.AggregateTests.ShouldResolveStateCtor" computerName="host00" duration="00:00:00.0009913" startTime="2023-01-07T14:17:31.8112971+01:00" endTime="2023-01-07T14:17:31.8112971+01:00" testType="13cdc9d9-ddb5-4fa4-a97d-d965ccfc6d4b" outcome="Passed" testListId="8c84fa94-04c1-424b-9868-57a2d4851a1d" relativeResultsDirectory="b4467618-431d-4928-bffd-0741a4e42a86" />
    <UnitTestResult executionId="bc8b4fa5-093d-4e3a-ba03-44bc1f4932bf" testId="038a4a21-57dc-d084-04f7-84ee68b58ecf" testName="Engine.Behavior.Tests.ChangeDetails.Evt2ListTests.ShouldResolveMetaCtor" computerName="host00" duration="00:00:00.0601709" startTime="2023-01-07T14:17:31.7971760+01:00" endTime="2023-01-07T14:17:31.7971761+01:00" testType="13cdc9d9-ddb5-4fa4-a97d-d965ccfc6d4b" outcome="Passed" testListId="8c84fa94-04c1-424b-9868-57a2d4851a1d" relativeResultsDirectory="bc8b4fa5-093d-4e3a-ba03-44bc1f4932bf" />
    <UnitTestResult executionId="0891d399-4abe-4053-ab35-6c7c862e1dbe" testId="2d58c7d4-6279-fa71-794a-6755a1784073" testName="Engine.Behavior.Tests.Start.CmdTests.ShouldHaveCmdTopic" computerName="host00" duration="00:00:00.0002521" startTime="2023-01-07T14:17:31.8072354+01:00" endTime="2023-01-07T14:17:31.8072355+01:00" testType="13cdc9d9-ddb5-4fa4-a97d-d965ccfc6d4b" outcome="Passed" testListId="8c84fa94-04c1-424b-9868-57a2d4851a1d" relativeResultsDirectory="0891d399-4abe-4053-ab35-6c7c862e1dbe" />
    <UnitTestResult executionId="53f636ca-e4bf-4430-ad46-ce201cd156bc" testId="4bbc2d42-c346-918a-7d57-d0312c2e47c2" testName="Engine.Behavior.Tests.Initialize.Evt2DocTests.ShouldResolveEvt2DocFunc" computerName="host00" duration="00:00:00.0001439" startTime="2023-01-07T14:17:31.8581235+01:00" endTime="2023-01-07T14:17:31.8581236+01:00" testType="13cdc9d9-ddb5-4fa4-a97d-d965ccfc6d4b" outcome="Passed" testListId="8c84fa94-04c1-424b-9868-57a2d4851a1d" relativeResultsDirectory="53f636ca-e4bf-4430-ad46-ce201cd156bc" />
    <UnitTestResult executionId="af49e130-7828-4223-a047-1e1cff5d39ed" testId="70963195-d40c-d770-8c40-0c14ecf811dd" testName="Engine.Behavior.Tests.ChangeRpm.Evt2ListTests.ShouldResolveEvtCtor" computerName="host00" duration="00:00:00.0449222" startTime="2023-01-07T14:17:31.7913364+01:00" endTime="2023-01-07T14:17:31.7913365+01:00" testType="13cdc9d9-ddb5-4fa4-a97d-d965ccfc6d4b" outcome="Passed" testListId="8c84fa94-04c1-424b-9868-57a2d4851a1d" relativeResultsDirectory="af49e130-7828-4223-a047-1e1cff5d39ed" />
    <UnitTestResult executionId="8e3b8f8e-82e6-4b74-bceb-44d052962783" testId="853e2a19-5072-8587-688d-9f2ef2f75c17" testName="Engine.Behavior.Tests.ChangeDetails.Evt2ListTests.ShouldResolveIDCtor" computerName="host00" duration="00:00:00.0001740" startTime="2023-01-07T14:17:31.8575886+01:00" endTime="2023-01-07T14:17:31.8575886+01:00" testType="13cdc9d9-ddb5-4fa4-a97d-d965ccfc6d4b" outcome="Passed" testListId="8c84fa94-04c1-424b-9868-57a2d4851a1d" relativeResultsDirectory="8e3b8f8e-82e6-4b74-bceb-44d052962783" />
    <UnitTestResult executionId="812ccff3-a341-4ec7-960b-cca3eb90c1f9" testId="ea5b34ca-e00f-8ef3-ffc7-0d93ed8c3df2" testName="Engine.Behavior.Tests.ChangeRpm.CmdTests.ShouldResolveIDCtor" computerName="host00" duration="00:00:00.0154155" startTime="2023-01-07T14:17:31.7984331+01:00" endTime="2023-01-07T14:17:31.7984332+01:00" testType="13cdc9d9-ddb5-4fa4-a97d-d965ccfc6d4b" outcome="Passed" testListId="8c84fa94-04c1-424b-9868-57a2d4851a1d" relativeResultsDirectory="812ccff3-a341-4ec7-960b-cca3eb90c1f9" />
    <UnitTestResult executionId="b98368fc-3cc6-4c9c-be8b-9bdc9d218441" testId="3213074f-228c-2e65-8d0b-4acb051f3426" testName="Engine.Behavior.Tests.Initialize.AggregateTests.ShouldResolveTryCmd" computerName="host00" duration="00:00:00.0025928" startTime="2023-01-07T14:17:31.8134028+01:00" endTime="2023-01-07T14:17:31.8134029+01:00" testType="13cdc9d9-ddb5-4fa4-a97d-d965ccfc6d4b" outcome="Passed" testListId="8c84fa94-04c1-424b-9868-57a2d4851a1d" relativeResultsDirectory="b98368fc-3cc6-4c9c-be8b-9bdc9d218441" />
    <UnitTestResult executionId="bb7b502e-ad90-48ad-ae1b-a00371d20e5a" testId="c907fb27-a6c3-c553-6e08-5f9b50cfb765" testName="Engine.Behavior.Tests.ChangeRpm.AggregateTests.ShouldResolveApplyEvt" computerName="host00" duration="00:00:00.0033373" startTime="2023-01-07T14:17:31.8106875+01:00" endTime="2023-01-07T14:17:31.8106875+01:00" testType="13cdc9d9-ddb5-4fa4-a97d-d965ccfc6d4b" outcome="Passed" testListId="8c84fa94-04c1-424b-9868-57a2d4851a1d" relativeResultsDirectory="bb7b502e-ad90-48ad-ae1b-a00371d20e5a" />
    <UnitTestResult executionId="be5e060e-eea9-4c25-a789-c1926447da36" testId="1e6a2b3c-4ae8-a813-3172-92f0c3c90ec1" testName="Engine.Behavior.Tests.ChangeDetails.EvtTests.ShouldHaveTopicAttribute" computerName="host00" duration="00:00:00.0002257" startTime="2023-01-07T14:17:31.8068341+01:00" endTime="2023-01-07T14:17:31.8068343+01:00" testType="13cdc9d9-ddb5-4fa4-a97d-d965ccfc6d4b" outcome="Passed" testListId="8c84fa94-04c1-424b-9868-57a2d4851a1d" relativeResultsDirectory="be5e060e-eea9-4c25-a789-c1926447da36" />
    <UnitTestResult executionId="deae8dd6-4899-410c-90a4-0320e90b777f" testId="0f6890ce-7133-7848-991b-3660cccf468b" testName="Engine.Behavior.Tests.ChangeDetails.CmdTests.ShouldResolvePayloadCtor" computerName="host00" duration="00:00:00.0054531" startTime="2023-01-07T14:17:31.8112512+01:00" endTime="2023-01-07T14:17:31.8112512+01:00" testType="13cdc9d9-ddb5-4fa4-a97d-d965ccfc6d4b" outcome="Passed" testListId="8c84fa94-04c1-424b-9868-57a2d4851a1d" relativeResultsDirectory="deae8dd6-4899-410c-90a4-0320e90b777f" />
    <UnitTestResult executionId="621d6707-299a-4a8f-878a-ba95f0627459" testId="6f3f6241-09cb-bf47-0628-6572da8e613e" testName="Engine.Behavior.Tests.ChangeDetails.CmdTests.ShouldResolveIDCtor" computerName="host00" duration="00:00:00.0602040" startTime="2023-01-07T14:17:31.7972186+01:00" endTime="2023-01-07T14:17:31.7972187+01:00" testType="13cdc9d9-ddb5-4fa4-a97d-d965ccfc6d4b" outcome="Passed" testListId="8c84fa94-04c1-424b-9868-57a2d4851a1d" relativeResultsDirectory="621d6707-299a-4a8f-878a-ba95f0627459" />
    <UnitTestResult executionId="69a63a04-f96f-45be-a790-9a179f48c453" testId="6c1252cb-79f6-3ef6-5f4a-2f8dad5482e6" testName="Engine.Behavior.Tests.Stop.AggregateTests.ShouldResolveEvt2State" computerName="host00" duration="00:00:00.0037344" startTime="2023-01-07T14:17:31.8105171+01:00" endTime="2023-01-07T14:17:31.8105171+01:00" testType="13cdc9d9-ddb5-4fa4-a97d-d965ccfc6d4b" outcome="Passed" testListId="8c84fa94-04c1-424b-9868-57a2d4851a1d" relativeResultsDirectory="69a63a04-f96f-45be-a790-9a179f48c453" />
    <UnitTestResult executionId="dd108dfd-7489-4caa-9ec0-6b47342f765b" testId="672d9abf-4302-c7f3-643e-e54129a5bbee" testName="Engine.Behavior.Tests.Stop.AggregateTests.ShouldResolveStateCtor" computerName="host00" duration="00:00:00.0024169" startTime="2023-01-07T14:17:31.8114109+01:00" endTime="2023-01-07T14:17:31.8114110+01:00" testType="13cdc9d9-ddb5-4fa4-a97d-d965ccfc6d4b" outcome="Passed" testListId="8c84fa94-04c1-424b-9868-57a2d4851a1d" relativeResultsDirectory="dd108dfd-7489-4caa-9ec0-6b47342f765b" />
    <UnitTestResult executionId="dffcdbb2-226c-4de1-865d-aabb40ba58b6" testId="d79d6345-c9c5-2663-30dd-08a0a5b5e2f7" testName="Engine.Behavior.Tests.ChangeDetails.AggregateTests.ShouldResolveEvt2State" computerName="host00" duration="00:00:00.0011067" startTime="2023-01-07T14:17:31.8103623+01:00" endTime="2023-01-07T14:17:31.8103623+01:00" testType="13cdc9d9-ddb5-4fa4-a97d-d965ccfc6d4b" outcome="Passed" testListId="8c84fa94-04c1-424b-9868-57a2d4851a1d" relativeResultsDirectory="dffcdbb2-226c-4de1-865d-aabb40ba58b6" />
    <UnitTestResult executionId="a6760dd0-065a-40bd-a53b-8a23972c81ee" testId="e98b58e0-ef31-8bdc-3093-30a92e91c299" testName="Engine.Behavior.Tests.Initialize.Evt2ListTests.ShouldExecuteEvt2DocFunc" computerName="host00" duration="00:00:00.0575943" startTime="2023-01-07T14:17:31.8568340+01:00" endTime="2023-01-07T14:17:31.8568340+01:00" testType="13cdc9d9-ddb5-4fa4-a97d-d965ccfc6d4b" outcome="Passed" testListId="8c84fa94-04c1-424b-9868-57a2d4851a1d" relativeResultsDirectory="a6760dd0-065a-40bd-a53b-8a23972c81ee" />
    <UnitTestResult executionId="12f5368f-6911-460a-80ec-ae05f5e6887b" testId="f7d65ade-eba1-2ec3-5a53-e54d461d0a82" testName="Engine.Behavior.Tests.Start.AggregateTests.ShouldResolveStateCtor" computerName="host00" duration="00:00:00.0588756" startTime="2023-01-07T14:17:31.7955653+01:00" endTime="2023-01-07T14:17:31.7955653+01:00" testType="13cdc9d9-ddb5-4fa4-a97d-d965ccfc6d4b" outcome="Passed" testListId="8c84fa94-04c1-424b-9868-57a2d4851a1d" relativeResultsDirectory="12f5368f-6911-460a-80ec-ae05f5e6887b" />
    <UnitTestResult executionId="4bae9b92-2d1d-4235-b807-c78879d82472" testId="f6a0abd8-465a-8790-0fab-efe5c3c77259" testName="Engine.Behavior.Tests.Stop.AggregateTests.ShouldResolveTryCmd" computerName="host00" duration="00:00:00.0028697" startTime="2023-01-07T14:17:31.8120184+01:00" endTime="2023-01-07T14:17:31.8120184+01:00" testType="13cdc9d9-ddb5-4fa4-a97d-d965ccfc6d4b" outcome="Passed" testListId="8c84fa94-04c1-424b-9868-57a2d4851a1d" relativeResultsDirectory="4bae9b92-2d1d-4235-b807-c78879d82472" />
    <UnitTestResult executionId="169dd492-fca3-4219-b4d4-27ec445f7382" testId="7566183e-1607-6dc4-97a3-21b53309f24f" testName="Engine.Behavior.Tests.ChangeDetails.EvtTests.ShouldResolvePayloadCtor" computerName="host00" duration="00:00:00.0004848" startTime="2023-01-07T14:17:31.8080685+01:00" endTime="2023-01-07T14:17:31.8080685+01:00" testType="13cdc9d9-ddb5-4fa4-a97d-d965ccfc6d4b" outcome="Passed" testListId="8c84fa94-04c1-424b-9868-57a2d4851a1d" relativeResultsDirectory="169dd492-fca3-4219-b4d4-27ec445f7382" />
    <UnitTestResult executionId="f56f6d6d-7da5-45c3-b4ea-9d0522e1049b" testId="d239c9bc-7530-77b8-8ff6-7e75186d4add" testName="Engine.Behavior.Tests.Stop.EvtTests.ShouldResolveEvtCtor" computerName="host00" duration="00:00:00.0027600" startTime="2023-01-07T14:17:31.8058095+01:00" endTime="2023-01-07T14:17:31.8058096+01:00" testType="13cdc9d9-ddb5-4fa4-a97d-d965ccfc6d4b" outcome="Passed" testListId="8c84fa94-04c1-424b-9868-57a2d4851a1d" relativeResultsDirectory="f56f6d6d-7da5-45c3-b4ea-9d0522e1049b" />
    <UnitTestResult executionId="0cb44ead-c994-4225-aaca-75c7a2938d86" testId="99c38794-8339-8d20-7e0c-a022970b4aa0" testName="Engine.Behavior.Tests.ChangeRpm.EvtTests.ShouldResolveEvtCtor" computerName="host00" duration="00:00:00.0017890" startTime="2023-01-07T14:17:31.7929307+01:00" endTime="2023-01-07T14:17:31.7929307+01:00" testType="13cdc9d9-ddb5-4fa4-a97d-d965ccfc6d4b" outcome="Passed" testListId="8c84fa94-04c1-424b-9868-57a2d4851a1d" relativeResultsDirectory="0cb44ead-c994-4225-aaca-75c7a2938d86" />
    <UnitTestResult executionId="12dcca6a-e412-4ba9-84a9-22ab071637a0" testId="1744c897-0713-722a-0eca-b41b7c29da6e" testName="Engine.Behavior.Tests.ChangeDetails.Evt2ListTests.ShouldResolveProjectionValidatorFunction" computerName="host00" duration="00:00:00.0005642" startTime="2023-01-07T14:17:31.8081988+01:00" endTime="2023-01-07T14:17:31.8081988+01:00" testType="13cdc9d9-ddb5-4fa4-a97d-d965ccfc6d4b" outcome="Passed" testListId="8c84fa94-04c1-424b-9868-57a2d4851a1d" relativeResultsDirectory="12dcca6a-e412-4ba9-84a9-22ab071637a0" />
    <UnitTestResult executionId="cf7f05ef-f331-4601-b2f1-5a2c6c0cd101" testId="7ac23f38-9de8-9baa-107f-18ad7efda9d1" testName="Engine.Behavior.Tests.Stop.Evt2DocTests.ShouldResolveEvt2DocFunc" computerName="host00" duration="00:00:00.0001934" startTime="2023-01-07T14:17:31.8423047+01:00" endTime="2023-01-07T14:17:31.8423048+01:00" testType="13cdc9d9-ddb5-4fa4-a97d-d965ccfc6d4b" outcome="Passed" testListId="8c84fa94-04c1-424b-9868-57a2d4851a1d" relativeResultsDirectory="cf7f05ef-f331-4601-b2f1-5a2c6c0cd101" />
    <UnitTestResult executionId="678f12cb-e7ba-46e8-8667-d50090b12169" testId="e24440b1-fa49-2a3b-ce4f-a4f931514a9e" testName="Engine.Behavior.Tests.Stop.CmdTests.ShouldResolveIDCtor" computerName="host00" duration="00:00:00.0604058" startTime="2023-01-07T14:17:31.7986729+01:00" endTime="2023-01-07T14:17:31.7986729+01:00" testType="13cdc9d9-ddb5-4fa4-a97d-d965ccfc6d4b" outcome="Passed" testListId="8c84fa94-04c1-424b-9868-57a2d4851a1d" relativeResultsDirectory="678f12cb-e7ba-46e8-8667-d50090b12169" />
    <UnitTestResult executionId="ae894a9c-6049-4be8-97a5-aff07aa18bb9" testId="1e7b5b69-354b-8746-3a47-d7a878849db7" testName="Engine.Behavior.Tests.ChangeDetails.Evt2DocTests.ShouldResolvePayloadCtor" computerName="host00" duration="00:00:00.0001238" startTime="2023-01-07T14:17:31.8577402+01:00" endTime="2023-01-07T14:17:31.8577403+01:00" testType="13cdc9d9-ddb5-4fa4-a97d-d965ccfc6d4b" outcome="Passed" testListId="8c84fa94-04c1-424b-9868-57a2d4851a1d" relativeResultsDirectory="ae894a9c-6049-4be8-97a5-aff07aa18bb9" />
    <UnitTestResult executionId="cbf3aa52-1a59-4659-8523-7d5ec58e02b8" testId="3ae3eec3-e509-96af-a6db-9946fee7230f" testName="Engine.Behavior.Tests.ChangeDetails.EvtTests.ShouldResolveEvtCtor" computerName="host00" duration="00:00:00.0028166" startTime="2023-01-07T14:17:31.8058690+01:00" endTime="2023-01-07T14:17:31.8058690+01:00" testType="13cdc9d9-ddb5-4fa4-a97d-d965ccfc6d4b" outcome="Passed" testListId="8c84fa94-04c1-424b-9868-57a2d4851a1d" relativeResultsDirectory="cbf3aa52-1a59-4659-8523-7d5ec58e02b8" />
    <UnitTestResult executionId="e0306ddf-91f1-440d-b4c8-0bb9a3b1cb0a" testId="a972457f-5d42-0713-df0d-50a13e28e394" testName="Engine.Behavior.Tests.ChangeRpm.EvtTests.ShouldResolveIDCtor" computerName="host00" duration="00:00:00.0135106" startTime="2023-01-07T14:17:31.7986419+01:00" endTime="2023-01-07T14:17:31.7986419+01:00" testType="13cdc9d9-ddb5-4fa4-a97d-d965ccfc6d4b" outcome="Passed" testListId="8c84fa94-04c1-424b-9868-57a2d4851a1d" relativeResultsDirectory="e0306ddf-91f1-440d-b4c8-0bb9a3b1cb0a" />
    <UnitTestResult executionId="2c38740e-10ed-4944-98f2-b82520cd0520" testId="3f568253-3269-e5d8-cb3f-8ae2962ff8b1" testName="Engine.Behavior.Tests.Start.AggregateTests.ShouldResolveAggregateBuilder" computerName="host00" duration="00:00:00.0039704" startTime="2023-01-07T14:17:31.8111856+01:00" endTime="2023-01-07T14:17:31.8111857+01:00" testType="13cdc9d9-ddb5-4fa4-a97d-d965ccfc6d4b" outcome="Passed" testListId="8c84fa94-04c1-424b-9868-57a2d4851a1d" relativeResultsDirectory="2c38740e-10ed-4944-98f2-b82520cd0520" />
    <UnitTestResult executionId="19203930-b26f-4b7f-b9ef-b442b3c66626" testId="c39cb8a2-1996-c021-d1c0-9474d7f86c75" testName="Engine.Behavior.Tests.Start.Evt2ListTests.ShouldResolveIDCtor" computerName="host00" duration="00:00:00.0001792" startTime="2023-01-07T14:17:31.8433937+01:00" endTime="2023-01-07T14:17:31.8433938+01:00" testType="13cdc9d9-ddb5-4fa4-a97d-d965ccfc6d4b" outcome="Passed" testListId="8c84fa94-04c1-424b-9868-57a2d4851a1d" relativeResultsDirectory="19203930-b26f-4b7f-b9ef-b442b3c66626" />
    <UnitTestResult executionId="c64a7e78-8841-459b-afbf-e28a78f10982" testId="b7316eda-4704-416b-c574-320b3db9d4fb" testName="Engine.Behavior.Tests.ChangeRpm.Evt2ListTests.ShouldResolveIDCtor" computerName="host00" duration="00:00:00.0001431" startTime="2023-01-07T14:17:31.8559100+01:00" endTime="2023-01-07T14:17:31.8559101+01:00" testType="13cdc9d9-ddb5-4fa4-a97d-d965ccfc6d4b" outcome="Passed" testListId="8c84fa94-04c1-424b-9868-57a2d4851a1d" relativeResultsDirectory="c64a7e78-8841-459b-afbf-e28a78f10982" />
    <UnitTestResult executionId="00ddd377-f2f5-49d6-96c0-2fa8abbdc25a" testId="4b2464a2-4cd0-964d-8215-3918ea5a560c" testName="Engine.Behavior.Tests.ChangeDetails.Evt2DocTests.ShouldResolveEvt2DocFunc" computerName="host00" duration="00:00:00.0003143" startTime="2023-01-07T14:17:31.8570938+01:00" endTime="2023-01-07T14:17:31.8570939+01:00" testType="13cdc9d9-ddb5-4fa4-a97d-d965ccfc6d4b" outcome="Passed" testListId="8c84fa94-04c1-424b-9868-57a2d4851a1d" relativeResultsDirectory="00ddd377-f2f5-49d6-96c0-2fa8abbdc25a" />
    <UnitTestResult executionId="16736e1a-7147-48f0-a963-d9e811ff8c70" testId="5f48943c-6262-25a0-8387-aa9526fc65e3" testName="Engine.Behavior.Tests.ChangeRpm.AggregateTests.ShouldResolveStateCtor" computerName="host00" duration="00:00:00.0025912" startTime="2023-01-07T14:17:31.8119374+01:00" endTime="2023-01-07T14:17:31.8119374+01:00" testType="13cdc9d9-ddb5-4fa4-a97d-d965ccfc6d4b" outcome="Passed" testListId="8c84fa94-04c1-424b-9868-57a2d4851a1d" relativeResultsDirectory="16736e1a-7147-48f0-a963-d9e811ff8c70" />
    <UnitTestResult executionId="6bed55ea-c10a-470f-a8f7-7fd9332df55f" testId="3dae5f99-d1a0-8606-5fad-ae7fe246068b" testName="Engine.Behavior.Tests.Start.CmdTests.ShouldResolveCmdCtor" computerName="host00" duration="00:00:00.0006182" startTime="2023-01-07T14:17:31.8087942+01:00" endTime="2023-01-07T14:17:31.8087942+01:00" testType="13cdc9d9-ddb5-4fa4-a97d-d965ccfc6d4b" outcome="Passed" testListId="8c84fa94-04c1-424b-9868-57a2d4851a1d" relativeResultsDirectory="6bed55ea-c10a-470f-a8f7-7fd9332df55f" />
    <UnitTestResult executionId="653ef6f6-18fd-4bf5-aa61-fe595be82c56" testId="714a01f4-9cad-16e7-5b7e-9ee3bcffa11c" testName="Engine.Behavior.Tests.StatusTests.ShouldUnsetFlag" computerName="host00" duration="00:00:00.0006244" startTime="2023-01-07T14:17:31.7665863+01:00" endTime="2023-01-07T14:17:31.7665864+01:00" testType="13cdc9d9-ddb5-4fa4-a97d-d965ccfc6d4b" outcome="Passed" testListId="8c84fa94-04c1-424b-9868-57a2d4851a1d" relativeResultsDirectory="653ef6f6-18fd-4bf5-aa61-fe595be82c56">
      <Output>
        <StdOut>Initialized, Stopped</StdOut>
      </Output>
    </UnitTestResult>
    <UnitTestResult executionId="2ac959ac-2d75-4b46-b562-3dd62590930a" testId="a6722a58-28db-e1e7-4061-584aa27c4612" testName="Engine.Behavior.Tests.Start.Evt2ListTests.ShouldResolveProjectionValidatorFunction" computerName="host00" duration="00:00:00.0001911" startTime="2023-01-07T14:17:31.8432410+01:00" endTime="2023-01-07T14:17:31.8432411+01:00" testType="13cdc9d9-ddb5-4fa4-a97d-d965ccfc6d4b" outcome="Passed" testListId="8c84fa94-04c1-424b-9868-57a2d4851a1d" relativeResultsDirectory="2ac959ac-2d75-4b46-b562-3dd62590930a" />
    <UnitTestResult executionId="ded16859-875d-486b-8cf5-908b355ae5ca" testId="5e82c4fb-bc1f-8dd3-332e-045ba6e6b34f" testName="Engine.Behavior.Tests.StatusTests.ShouldSetFlags" computerName="host00" duration="00:00:00.0161274" startTime="2023-01-07T14:17:31.7614390+01:00" endTime="2023-01-07T14:17:31.7614570+01:00" testType="13cdc9d9-ddb5-4fa4-a97d-d965ccfc6d4b" outcome="Passed" testListId="8c84fa94-04c1-424b-9868-57a2d4851a1d" relativeResultsDirectory="ded16859-875d-486b-8cf5-908b355ae5ca">
      <Output>
        <StdOut>Initialized, Started, Stopped</StdOut>
      </Output>
    </UnitTestResult>
    <UnitTestResult executionId="51dff748-f106-4850-9547-e6022f6b2e32" testId="26e89e77-11c4-ee83-e0fc-b0e4861e5d5f" testName="Engine.Behavior.Tests.Start.ShouldStartOnInitializedTests.ShouldResolveAggregateBuilder" computerName="host00" duration="00:00:00.0004079" startTime="2023-01-07T14:17:31.8102354+01:00" endTime="2023-01-07T14:17:31.8102354+01:00" testType="13cdc9d9-ddb5-4fa4-a97d-d965ccfc6d4b" outcome="Passed" testListId="8c84fa94-04c1-424b-9868-57a2d4851a1d" relativeResultsDirectory="51dff748-f106-4850-9547-e6022f6b2e32" />
    <UnitTestResult executionId="0c1d2324-dd75-4b72-8380-81431700f558" testId="192584be-9205-5bad-c49f-2ae6cbcfce72" testName="Engine.Behavior.Tests.Stop.AggregateTests.ShouldCreateID" computerName="host00" duration="00:00:00.0028815" startTime="2023-01-07T14:17:31.8126807+01:00" endTime="2023-01-07T14:17:31.8126807+01:00" testType="13cdc9d9-ddb5-4fa4-a97d-d965ccfc6d4b" outcome="Passed" testListId="8c84fa94-04c1-424b-9868-57a2d4851a1d" relativeResultsDirectory="0c1d2324-dd75-4b72-8380-81431700f558" />
    <UnitTestResult executionId="d7b6532e-0586-4237-8122-a52e965c96d0" testId="5212d2ef-34cb-bab2-823a-cc12a9a3e07b" testName="Engine.Behavior.Tests.Start.Evt2DocTests.ShouldExecuteEvt2DocFunc" computerName="host00" duration="00:00:00.0576742" startTime="2023-01-07T14:17:31.8409868+01:00" endTime="2023-01-07T14:17:31.8409870+01:00" testType="13cdc9d9-ddb5-4fa4-a97d-d965ccfc6d4b" outcome="Passed" testListId="8c84fa94-04c1-424b-9868-57a2d4851a1d" relativeResultsDirectory="d7b6532e-0586-4237-8122-a52e965c96d0" />
    <UnitTestResult executionId="c59156e1-5a97-49fc-883c-3a869f533978" testId="c56ec5bc-18b1-2d13-1191-c024a22524dc" testName="Engine.Behavior.Tests.ChangeRpm.Evt2ListTests.ShouldResolveProjectionValidatorFunction" computerName="host00" duration="00:00:00.0002552" startTime="2023-01-07T14:17:31.8557228+01:00" endTime="2023-01-07T14:17:31.8557229+01:00" testType="13cdc9d9-ddb5-4fa4-a97d-d965ccfc6d4b" outcome="Passed" testListId="8c84fa94-04c1-424b-9868-57a2d4851a1d" relativeResultsDirectory="c59156e1-5a97-49fc-883c-3a869f533978" />
    <UnitTestResult executionId="29308738-b073-4bc7-b362-ebd18ba94066" testId="f8e8db9f-136e-d706-1191-8181574628b5" testName="Engine.Behavior.Tests.Initialize.AggregateTests.ShouldResolveIDCtor" computerName="host00" duration="00:00:00.0027919" startTime="2023-01-07T14:17:31.8121128+01:00" endTime="2023-01-07T14:17:31.8121129+01:00" testType="13cdc9d9-ddb5-4fa4-a97d-d965ccfc6d4b" outcome="Passed" testListId="8c84fa94-04c1-424b-9868-57a2d4851a1d" relativeResultsDirectory="29308738-b073-4bc7-b362-ebd18ba94066" />
    <UnitTestResult executionId="03d9ba5e-3bd4-4c9e-a8c6-10277c4a37b5" testId="00fe00d3-4b57-9d79-c2ba-2af4ddfdd3ff" testName="Engine.Behavior.Tests.ChangeRpm.Evt2DocTests.ShouldResolveProjectionValidatorFunction" computerName="host00" duration="00:00:00.0010047" startTime="2023-01-07T14:17:31.8074402+01:00" endTime="2023-01-07T14:17:31.8074403+01:00" testType="13cdc9d9-ddb5-4fa4-a97d-d965ccfc6d4b" outcome="Passed" testListId="8c84fa94-04c1-424b-9868-57a2d4851a1d" relativeResultsDirectory="03d9ba5e-3bd4-4c9e-a8c6-10277c4a37b5" />
    <UnitTestResult executionId="1757ccc4-3549-4505-b190-14c8b54c8752" testId="78a12c21-bb30-3a5b-ffce-dce777d05391" testName="Engine.Behavior.Tests.Start.ShouldStartOnInitializedTests.ShouldKnowChoreography" computerName="host00" duration="00:00:00.0610276" startTime="2023-01-07T14:17:31.8014330+01:00" endTime="2023-01-07T14:17:31.8014331+01:00" testType="13cdc9d9-ddb5-4fa4-a97d-d965ccfc6d4b" outcome="Passed" testListId="8c84fa94-04c1-424b-9868-57a2d4851a1d" relativeResultsDirectory="1757ccc4-3549-4505-b190-14c8b54c8752" />
    <UnitTestResult executionId="1f41bf7e-bd6d-4a4e-bf38-c263affc17b3" testId="8a140183-3388-1334-226c-abc73d985829" testName="Engine.Behavior.Tests.Stop.Evt2ListTests.ShouldResolveIDCtor" computerName="host00" duration="00:00:00.0001262" startTime="2023-01-07T14:17:31.8439456+01:00" endTime="2023-01-07T14:17:31.8439457+01:00" testType="13cdc9d9-ddb5-4fa4-a97d-d965ccfc6d4b" outcome="Passed" testListId="8c84fa94-04c1-424b-9868-57a2d4851a1d" relativeResultsDirectory="1f41bf7e-bd6d-4a4e-bf38-c263affc17b3" />
  </Results>
  <TestDefinitions>
    <UnitTest name="Engine.Behavior.Tests.ChangeDetails.AggregateTests.ShouldResolveStateCtor" storage="/home/rl/work/github.com/discomco/dot-cart/examples/car/engine.behavior.tests/bin/debug/net7.0/engine.behavior.tests.dll" id="49f08f1d-1893-219e-ccc2-8f7f43f1dcc4">
      <Execution id="b4467618-431d-4928-bffd-0741a4e42a86" />
      <TestMethod codeBase="/home/rl/work/github.com/discomco/dot-cart/examples/car/Engine.Behavior.Tests/bin/Debug/net7.0/Engine.Behavior.Tests.dll" adapterTypeName="executor://xunit/VsTestRunner2/netcoreapp" className="Engine.Behavior.Tests.ChangeDetails.AggregateTests" name="ShouldResolveStateCtor" />
    </UnitTest>
    <UnitTest name="Engine.Behavior.Tests.Stop.EvtTests.ShouldResolveEvtCtor" storage="/home/rl/work/github.com/discomco/dot-cart/examples/car/engine.behavior.tests/bin/debug/net7.0/engine.behavior.tests.dll" id="d239c9bc-7530-77b8-8ff6-7e75186d4add">
      <Execution id="f56f6d6d-7da5-45c3-b4ea-9d0522e1049b" />
      <TestMethod codeBase="/home/rl/work/github.com/discomco/dot-cart/examples/car/Engine.Behavior.Tests/bin/Debug/net7.0/Engine.Behavior.Tests.dll" adapterTypeName="executor://xunit/VsTestRunner2/netcoreapp" className="Engine.Behavior.Tests.Stop.EvtTests" name="ShouldResolveEvtCtor" />
    </UnitTest>
    <UnitTest name="Engine.Behavior.Tests.Stop.Evt2DocTests.ShouldResolveEvt2DocFunc" storage="/home/rl/work/github.com/discomco/dot-cart/examples/car/engine.behavior.tests/bin/debug/net7.0/engine.behavior.tests.dll" id="7ac23f38-9de8-9baa-107f-18ad7efda9d1">
      <Execution id="cf7f05ef-f331-4601-b2f1-5a2c6c0cd101" />
      <TestMethod codeBase="/home/rl/work/github.com/discomco/dot-cart/examples/car/Engine.Behavior.Tests/bin/Debug/net7.0/Engine.Behavior.Tests.dll" adapterTypeName="executor://xunit/VsTestRunner2/netcoreapp" className="Engine.Behavior.Tests.Stop.Evt2DocTests" name="ShouldResolveEvt2DocFunc" />
    </UnitTest>
    <UnitTest name="Engine.Behavior.Tests.EngineBehaviorTests.ShouldLoadEvents" storage="/home/rl/work/github.com/discomco/dot-cart/examples/car/engine.behavior.tests/bin/debug/net7.0/engine.behavior.tests.dll" id="ca86e8e3-1b9b-151e-1d7c-bc3243bbd895">
      <Execution id="57f88a5f-0535-43fc-a5eb-52ff7ce3c51c" />
      <TestMethod codeBase="/home/rl/work/github.com/discomco/dot-cart/examples/car/Engine.Behavior.Tests/bin/Debug/net7.0/Engine.Behavior.Tests.dll" adapterTypeName="executor://xunit/VsTestRunner2/netcoreapp" className="Engine.Behavior.Tests.EngineBehaviorTests" name="ShouldLoadEvents" />
    </UnitTest>
    <UnitTest name="Engine.Behavior.Tests.StatusTests.ShouldUnsetFlag" storage="/home/rl/work/github.com/discomco/dot-cart/examples/car/engine.behavior.tests/bin/debug/net7.0/engine.behavior.tests.dll" id="714a01f4-9cad-16e7-5b7e-9ee3bcffa11c">
      <Execution id="653ef6f6-18fd-4bf5-aa61-fe595be82c56" />
      <TestMethod codeBase="/home/rl/work/github.com/discomco/dot-cart/examples/car/Engine.Behavior.Tests/bin/Debug/net7.0/Engine.Behavior.Tests.dll" adapterTypeName="executor://xunit/VsTestRunner2/netcoreapp" className="Engine.Behavior.Tests.StatusTests" name="ShouldUnsetFlag" />
    </UnitTest>
    <UnitTest name="Engine.Behavior.Tests.Start.EvtTests.ShouldResolveIDCtor" storage="/home/rl/work/github.com/discomco/dot-cart/examples/car/engine.behavior.tests/bin/debug/net7.0/engine.behavior.tests.dll" id="ad8a2147-2d24-55e2-0d9a-3941c492000d">
      <Execution id="59e1d87a-94e9-4000-9d9a-863d11cb7957" />
      <TestMethod codeBase="/home/rl/work/github.com/discomco/dot-cart/examples/car/Engine.Behavior.Tests/bin/Debug/net7.0/Engine.Behavior.Tests.dll" adapterTypeName="executor://xunit/VsTestRunner2/netcoreapp" className="Engine.Behavior.Tests.Start.EvtTests" name="ShouldResolveIDCtor" />
    </UnitTest>
    <UnitTest name="Engine.Behavior.Tests.ChangeDetails.Evt2DocTests.ShouldResolveEvt2DocFunc" storage="/home/rl/work/github.com/discomco/dot-cart/examples/car/engine.behavior.tests/bin/debug/net7.0/engine.behavior.tests.dll" id="4b2464a2-4cd0-964d-8215-3918ea5a560c">
      <Execution id="00ddd377-f2f5-49d6-96c0-2fa8abbdc25a" />
      <TestMethod codeBase="/home/rl/work/github.com/discomco/dot-cart/examples/car/Engine.Behavior.Tests/bin/Debug/net7.0/Engine.Behavior.Tests.dll" adapterTypeName="executor://xunit/VsTestRunner2/netcoreapp" className="Engine.Behavior.Tests.ChangeDetails.Evt2DocTests" name="ShouldResolveEvt2DocFunc" />
    </UnitTest>
    <UnitTest name="Engine.Behavior.Tests.Start.Evt2DocTests.ShouldResolveEvtCtor" storage="/home/rl/work/github.com/discomco/dot-cart/examples/car/engine.behavior.tests/bin/debug/net7.0/engine.behavior.tests.dll" id="a29c19e1-3d87-677e-be24-a8b57c4b9ae3">
      <Execution id="83fe0c2c-bd3c-497c-a2f5-50e00b64f61a" />
      <TestMethod codeBase="/home/rl/work/github.com/discomco/dot-cart/examples/car/Engine.Behavior.Tests/bin/Debug/net7.0/Engine.Behavior.Tests.dll" adapterTypeName="executor://xunit/VsTestRunner2/netcoreapp" className="Engine.Behavior.Tests.Start.Evt2DocTests" name="ShouldResolveEvtCtor" />
    </UnitTest>
    <UnitTest name="Engine.Behavior.Tests.ChangeRpm.AggregateTests.ShouldResolveAggregateBuilder" storage="/home/rl/work/github.com/discomco/dot-cart/examples/car/engine.behavior.tests/bin/debug/net7.0/engine.behavior.tests.dll" id="6e673c7a-a3d0-b98c-e8b8-5c5fc2dee640">
      <Execution id="beb22541-fe46-4e7b-9c04-edf4ea10151a" />
      <TestMethod codeBase="/home/rl/work/github.com/discomco/dot-cart/examples/car/Engine.Behavior.Tests/bin/Debug/net7.0/Engine.Behavior.Tests.dll" adapterTypeName="executor://xunit/VsTestRunner2/netcoreapp" className="Engine.Behavior.Tests.ChangeRpm.AggregateTests" name="ShouldResolveAggregateBuilder" />
    </UnitTest>
    <UnitTest name="Engine.Behavior.Tests.Initialize.Evt2ListTests.ShouldResolvePayloadCtor" storage="/home/rl/work/github.com/discomco/dot-cart/examples/car/engine.behavior.tests/bin/debug/net7.0/engine.behavior.tests.dll" id="b5f648bf-6936-9cf1-d490-2d82ef62a090">
      <Execution id="6b5e97ca-10d2-4d47-9f04-6c55702b6a90" />
      <TestMethod codeBase="/home/rl/work/github.com/discomco/dot-cart/examples/car/Engine.Behavior.Tests/bin/Debug/net7.0/Engine.Behavior.Tests.dll" adapterTypeName="executor://xunit/VsTestRunner2/netcoreapp" className="Engine.Behavior.Tests.Initialize.Evt2ListTests" name="ShouldResolvePayloadCtor" />
    </UnitTest>
    <UnitTest name="Engine.Behavior.Tests.ChangeRpm.AggregateTests.ShouldResolveStateCtor" storage="/home/rl/work/github.com/discomco/dot-cart/examples/car/engine.behavior.tests/bin/debug/net7.0/engine.behavior.tests.dll" id="5f48943c-6262-25a0-8387-aa9526fc65e3">
      <Execution id="16736e1a-7147-48f0-a963-d9e811ff8c70" />
      <TestMethod codeBase="/home/rl/work/github.com/discomco/dot-cart/examples/car/Engine.Behavior.Tests/bin/Debug/net7.0/Engine.Behavior.Tests.dll" adapterTypeName="executor://xunit/VsTestRunner2/netcoreapp" className="Engine.Behavior.Tests.ChangeRpm.AggregateTests" name="ShouldResolveStateCtor" />
    </UnitTest>
    <UnitTest name="Engine.Behavior.Tests.ChangeDetails.Evt2ListTests.ShouldResolvePayloadCtor" storage="/home/rl/work/github.com/discomco/dot-cart/examples/car/engine.behavior.tests/bin/debug/net7.0/engine.behavior.tests.dll" id="1d096210-6a7b-6695-5b86-5dba83ad9a30">
      <Execution id="91a91761-acd7-4e14-a2c1-9b6d004d4580" />
      <TestMethod codeBase="/home/rl/work/github.com/discomco/dot-cart/examples/car/Engine.Behavior.Tests/bin/Debug/net7.0/Engine.Behavior.Tests.dll" adapterTypeName="executor://xunit/VsTestRunner2/netcoreapp" className="Engine.Behavior.Tests.ChangeDetails.Evt2ListTests" name="ShouldResolvePayloadCtor" />
    </UnitTest>
    <UnitTest name="Engine.Behavior.Tests.ChangeRpm.Evt2DocTests.ShouldResolvePayloadCtor" storage="/home/rl/work/github.com/discomco/dot-cart/examples/car/engine.behavior.tests/bin/debug/net7.0/engine.behavior.tests.dll" id="7619b9a9-04bb-5dae-dc7f-c0447e8ab0e0">
      <Execution id="753fbf61-46ca-4162-810d-d08cbf0e602b" />
      <TestMethod codeBase="/home/rl/work/github.com/discomco/dot-cart/examples/car/Engine.Behavior.Tests/bin/Debug/net7.0/Engine.Behavior.Tests.dll" adapterTypeName="executor://xunit/VsTestRunner2/netcoreapp" className="Engine.Behavior.Tests.ChangeRpm.Evt2DocTests" name="ShouldResolvePayloadCtor" />
    </UnitTest>
    <UnitTest name="Engine.Behavior.Tests.EngineBehaviorTests.ShouldExecuteInitializeCmd" storage="/home/rl/work/github.com/discomco/dot-cart/examples/car/engine.behavior.tests/bin/debug/net7.0/engine.behavior.tests.dll" id="6ca6dd3f-8883-fb5b-9073-1cce0245897b">
      <Execution id="f65c85a3-3099-4dfd-9a53-f4931d1670b0" />
      <TestMethod codeBase="/home/rl/work/github.com/discomco/dot-cart/examples/car/Engine.Behavior.Tests/bin/Debug/net7.0/Engine.Behavior.Tests.dll" adapterTypeName="executor://xunit/VsTestRunner2/netcoreapp" className="Engine.Behavior.Tests.EngineBehaviorTests" name="ShouldExecuteInitializeCmd" />
    </UnitTest>
    <UnitTest name="Engine.Behavior.Tests.Stop.CmdTests.ShouldResolveIDCtor" storage="/home/rl/work/github.com/discomco/dot-cart/examples/car/engine.behavior.tests/bin/debug/net7.0/engine.behavior.tests.dll" id="e24440b1-fa49-2a3b-ce4f-a4f931514a9e">
      <Execution id="678f12cb-e7ba-46e8-8667-d50090b12169" />
      <TestMethod codeBase="/home/rl/work/github.com/discomco/dot-cart/examples/car/Engine.Behavior.Tests/bin/Debug/net7.0/Engine.Behavior.Tests.dll" adapterTypeName="executor://xunit/VsTestRunner2/netcoreapp" className="Engine.Behavior.Tests.Stop.CmdTests" name="ShouldResolveIDCtor" />
    </UnitTest>
    <UnitTest name="Engine.Behavior.Tests.Initialize.Evt2ListTests.ShouldResolveIDCtor" storage="/home/rl/work/github.com/discomco/dot-cart/examples/car/engine.behavior.tests/bin/debug/net7.0/engine.behavior.tests.dll" id="0cd113a8-db77-841b-d12d-d399ea6332de">
      <Execution id="9fb70a51-4d02-410c-9c11-82a05a81b14f" />
      <TestMethod codeBase="/home/rl/work/github.com/discomco/dot-cart/examples/car/Engine.Behavior.Tests/bin/Debug/net7.0/Engine.Behavior.Tests.dll" adapterTypeName="executor://xunit/VsTestRunner2/netcoreapp" className="Engine.Behavior.Tests.Initialize.Evt2ListTests" name="ShouldResolveIDCtor" />
    </UnitTest>
    <UnitTest name="Engine.Behavior.Tests.ChangeRpm.Evt2DocTests.ShouldResolveProjectionValidatorFunction" storage="/home/rl/work/github.com/discomco/dot-cart/examples/car/engine.behavior.tests/bin/debug/net7.0/engine.behavior.tests.dll" id="00fe00d3-4b57-9d79-c2ba-2af4ddfdd3ff">
      <Execution id="03d9ba5e-3bd4-4c9e-a8c6-10277c4a37b5" />
      <TestMethod codeBase="/home/rl/work/github.com/discomco/dot-cart/examples/car/Engine.Behavior.Tests/bin/Debug/net7.0/Engine.Behavior.Tests.dll" adapterTypeName="executor://xunit/VsTestRunner2/netcoreapp" className="Engine.Behavior.Tests.ChangeRpm.Evt2DocTests" name="ShouldResolveProjectionValidatorFunction" />
    </UnitTest>
    <UnitTest name="Engine.Behavior.Tests.ChangeDetails.Evt2DocTests.ShouldResolveProjectionValidatorFunction" storage="/home/rl/work/github.com/discomco/dot-cart/examples/car/engine.behavior.tests/bin/debug/net7.0/engine.behavior.tests.dll" id="634d011f-c5b6-4154-4f9f-1f02f137d672">
      <Execution id="8b2dfc93-3aad-4e78-9f4c-5a59d8f87ed9" />
      <TestMethod codeBase="/home/rl/work/github.com/discomco/dot-cart/examples/car/Engine.Behavior.Tests/bin/Debug/net7.0/Engine.Behavior.Tests.dll" adapterTypeName="executor://xunit/VsTestRunner2/netcoreapp" className="Engine.Behavior.Tests.ChangeDetails.Evt2DocTests" name="ShouldResolveProjectionValidatorFunction" />
    </UnitTest>
    <UnitTest name="Engine.Behavior.Tests.ChangeRpm.Evt2ListTests.ShouldExecuteEvt2DocFunc" storage="/home/rl/work/github.com/discomco/dot-cart/examples/car/engine.behavior.tests/bin/debug/net7.0/engine.behavior.tests.dll" id="d556a941-ee7d-2046-5a6b-b380f9eba422">
      <Execution id="ebc34df5-8df1-40bc-a709-c52db1426395" />
      <TestMethod codeBase="/home/rl/work/github.com/discomco/dot-cart/examples/car/Engine.Behavior.Tests/bin/Debug/net7.0/Engine.Behavior.Tests.dll" adapterTypeName="executor://xunit/VsTestRunner2/netcoreapp" className="Engine.Behavior.Tests.ChangeRpm.Evt2ListTests" name="ShouldExecuteEvt2DocFunc" />
    </UnitTest>
    <UnitTest name="Engine.Behavior.Tests.Initialize.CmdTests.ShouldResolveCmdCtor" storage="/home/rl/work/github.com/discomco/dot-cart/examples/car/engine.behavior.tests/bin/debug/net7.0/engine.behavior.tests.dll" id="c7a04c51-12bc-ebd9-4656-8f7074a8f23b">
      <Execution id="c200f49d-2eca-4ab9-b141-95e11f1a9781" />
      <TestMethod codeBase="/home/rl/work/github.com/discomco/dot-cart/examples/car/Engine.Behavior.Tests/bin/Debug/net7.0/Engine.Behavior.Tests.dll" adapterTypeName="executor://xunit/VsTestRunner2/netcoreapp" className="Engine.Behavior.Tests.Initialize.CmdTests" name="ShouldResolveCmdCtor" />
    </UnitTest>
    <UnitTest name="Engine.Behavior.Tests.ChangeDetails.Evt2DocTests.ShouldResolveEvtCtor" storage="/home/rl/work/github.com/discomco/dot-cart/examples/car/engine.behavior.tests/bin/debug/net7.0/engine.behavior.tests.dll" id="fc87a5ff-8269-fea7-f793-adce582fad05">
      <Execution id="ba924e6c-2b2e-43f5-b529-f0297a6da076" />
      <TestMethod codeBase="/home/rl/work/github.com/discomco/dot-cart/examples/car/Engine.Behavior.Tests/bin/Debug/net7.0/Engine.Behavior.Tests.dll" adapterTypeName="executor://xunit/VsTestRunner2/netcoreapp" className="Engine.Behavior.Tests.ChangeDetails.Evt2DocTests" name="ShouldResolveEvtCtor" />
    </UnitTest>
    <UnitTest name="Engine.Behavior.Tests.Stop.AggregateTests.ShouldCreateID" storage="/home/rl/work/github.com/discomco/dot-cart/examples/car/engine.behavior.tests/bin/debug/net7.0/engine.behavior.tests.dll" id="192584be-9205-5bad-c49f-2ae6cbcfce72">
      <Execution id="0c1d2324-dd75-4b72-8380-81431700f558" />
      <TestMethod codeBase="/home/rl/work/github.com/discomco/dot-cart/examples/car/Engine.Behavior.Tests/bin/Debug/net7.0/Engine.Behavior.Tests.dll" adapterTypeName="executor://xunit/VsTestRunner2/netcoreapp" className="Engine.Behavior.Tests.Stop.AggregateTests" name="ShouldCreateID" />
    </UnitTest>
    <UnitTest name="Engine.Behavior.Tests.Start.Evt2ListTests.ShouldResolveEvtCtor" storage="/home/rl/work/github.com/discomco/dot-cart/examples/car/engine.behavior.tests/bin/debug/net7.0/engine.behavior.tests.dll" id="23cf7754-72cf-5d00-f5f9-7f8d1ad44f2f">
      <Execution id="f26bb415-65b4-45b0-b147-e0bbc31816fd" />
      <TestMethod codeBase="/home/rl/work/github.com/discomco/dot-cart/examples/car/Engine.Behavior.Tests/bin/Debug/net7.0/Engine.Behavior.Tests.dll" adapterTypeName="executor://xunit/VsTestRunner2/netcoreapp" className="Engine.Behavior.Tests.Start.Evt2ListTests" name="ShouldResolveEvtCtor" />
    </UnitTest>
    <UnitTest name="Engine.Behavior.Tests.Initialize.AggregateTests.ShouldResolveAggregateBuilder" storage="/home/rl/work/github.com/discomco/dot-cart/examples/car/engine.behavior.tests/bin/debug/net7.0/engine.behavior.tests.dll" id="4a08a6b1-f448-e9fe-fb38-ce6e27aa8ada">
      <Execution id="86d89771-6e2c-46d1-98bd-8ab12d32699d" />
      <TestMethod codeBase="/home/rl/work/github.com/discomco/dot-cart/examples/car/Engine.Behavior.Tests/bin/Debug/net7.0/Engine.Behavior.Tests.dll" adapterTypeName="executor://xunit/VsTestRunner2/netcoreapp" className="Engine.Behavior.Tests.Initialize.AggregateTests" name="ShouldResolveAggregateBuilder" />
    </UnitTest>
    <UnitTest name="Engine.Behavior.Tests.Initialize.Evt2DocTests.ShouldResolveMetaCtor" storage="/home/rl/work/github.com/discomco/dot-cart/examples/car/engine.behavior.tests/bin/debug/net7.0/engine.behavior.tests.dll" id="a2f39d48-6b46-a707-6252-779169e6ff9d">
      <Execution id="777036bb-b7b9-442d-b84c-5b2eade0817d" />
      <TestMethod codeBase="/home/rl/work/github.com/discomco/dot-cart/examples/car/Engine.Behavior.Tests/bin/Debug/net7.0/Engine.Behavior.Tests.dll" adapterTypeName="executor://xunit/VsTestRunner2/netcoreapp" className="Engine.Behavior.Tests.Initialize.Evt2DocTests" name="ShouldResolveMetaCtor" />
    </UnitTest>
    <UnitTest name="Engine.Behavior.Tests.Stop.CmdTests.ShouldHaveCmdTopic" storage="/home/rl/work/github.com/discomco/dot-cart/examples/car/engine.behavior.tests/bin/debug/net7.0/engine.behavior.tests.dll" id="e28c186e-d8b2-c83f-b4fa-dd091b25bfc9">
      <Execution id="92c1232c-3fdf-4dd0-9364-43ed294b22bc" />
      <TestMethod codeBase="/home/rl/work/github.com/discomco/dot-cart/examples/car/Engine.Behavior.Tests/bin/Debug/net7.0/Engine.Behavior.Tests.dll" adapterTypeName="executor://xunit/VsTestRunner2/netcoreapp" className="Engine.Behavior.Tests.Stop.CmdTests" name="ShouldHaveCmdTopic" />
    </UnitTest>
    <UnitTest name="Engine.Behavior.Tests.Initialize.Evt2ListTests.ShouldResolveProjectionValidatorFunction" storage="/home/rl/work/github.com/discomco/dot-cart/examples/car/engine.behavior.tests/bin/debug/net7.0/engine.behavior.tests.dll" id="b45c4d6e-50c0-dda1-1bfe-06d7d7bb25fd">
      <Execution id="cd3c3bc3-60ef-48bf-b395-c9d02cfbf0e8" />
      <TestMethod codeBase="/home/rl/work/github.com/discomco/dot-cart/examples/car/Engine.Behavior.Tests/bin/Debug/net7.0/Engine.Behavior.Tests.dll" adapterTypeName="executor://xunit/VsTestRunner2/netcoreapp" className="Engine.Behavior.Tests.Initialize.Evt2ListTests" name="ShouldResolveProjectionValidatorFunction" />
    </UnitTest>
    <UnitTest name="Engine.Behavior.Tests.ChangeDetails.Evt2DocTests.ShouldExecuteEvt2DocFunc" storage="/home/rl/work/github.com/discomco/dot-cart/examples/car/engine.behavior.tests/bin/debug/net7.0/engine.behavior.tests.dll" id="fdc79208-fbea-b8fe-6fff-f41becf38adc">
      <Execution id="ba75cdbd-7d49-491b-a7dd-66456dd50738" />
      <TestMethod codeBase="/home/rl/work/github.com/discomco/dot-cart/examples/car/Engine.Behavior.Tests/bin/Debug/net7.0/Engine.Behavior.Tests.dll" adapterTypeName="executor://xunit/VsTestRunner2/netcoreapp" className="Engine.Behavior.Tests.ChangeDetails.Evt2DocTests" name="ShouldExecuteEvt2DocFunc" />
    </UnitTest>
    <UnitTest name="Engine.Behavior.Tests.Start.CmdTests.ShouldResolvePayloadCtor" storage="/home/rl/work/github.com/discomco/dot-cart/examples/car/engine.behavior.tests/bin/debug/net7.0/engine.behavior.tests.dll" id="a8508dad-0f65-e5a1-7bba-1c259bc94268">
      <Execution id="5f979c9b-cd61-42fb-b6f8-3a2f21b5bc7b" />
      <TestMethod codeBase="/home/rl/work/github.com/discomco/dot-cart/examples/car/Engine.Behavior.Tests/bin/Debug/net7.0/Engine.Behavior.Tests.dll" adapterTypeName="executor://xunit/VsTestRunner2/netcoreapp" className="Engine.Behavior.Tests.Start.CmdTests" name="ShouldResolvePayloadCtor" />
    </UnitTest>
    <UnitTest name="Engine.Behavior.Tests.Stop.AggregateTests.ShouldResolveIDCtor" storage="/home/rl/work/github.com/discomco/dot-cart/examples/car/engine.behavior.tests/bin/debug/net7.0/engine.behavior.tests.dll" id="e33e729b-2ce7-64d6-5b51-4720ab7ccf72">
      <Execution id="5c3aaea3-643a-4afe-aa0e-3275b20906c8" />
      <TestMethod codeBase="/home/rl/work/github.com/discomco/dot-cart/examples/car/Engine.Behavior.Tests/bin/Debug/net7.0/Engine.Behavior.Tests.dll" adapterTypeName="executor://xunit/VsTestRunner2/netcoreapp" className="Engine.Behavior.Tests.Stop.AggregateTests" name="ShouldResolveIDCtor" />
    </UnitTest>
    <UnitTest name="Engine.Behavior.Tests.ChangeRpm.CmdTests.ShouldHaveCmdTopic" storage="/home/rl/work/github.com/discomco/dot-cart/examples/car/engine.behavior.tests/bin/debug/net7.0/engine.behavior.tests.dll" id="e6de6098-6fc7-337b-3fbe-ddeb8de8b40e">
      <Execution id="44a3ce72-fc1e-41ea-a8b3-db235cd5e382" />
      <TestMethod codeBase="/home/rl/work/github.com/discomco/dot-cart/examples/car/Engine.Behavior.Tests/bin/Debug/net7.0/Engine.Behavior.Tests.dll" adapterTypeName="executor://xunit/VsTestRunner2/netcoreapp" className="Engine.Behavior.Tests.ChangeRpm.CmdTests" name="ShouldHaveCmdTopic" />
    </UnitTest>
    <UnitTest name="Engine.Behavior.Tests.Start.ShouldStartOnInitializedTests.ShouldResolveChoreography" storage="/home/rl/work/github.com/discomco/dot-cart/examples/car/engine.behavior.tests/bin/debug/net7.0/engine.behavior.tests.dll" id="fa64146b-25c7-1833-bf7e-07cb5e87e84f">
      <Execution id="0b02729f-ead3-4557-a990-b387d3b9ce65" />
      <TestMethod codeBase="/home/rl/work/github.com/discomco/dot-cart/examples/car/Engine.Behavior.Tests/bin/Debug/net7.0/Engine.Behavior.Tests.dll" adapterTypeName="executor://xunit/VsTestRunner2/netcoreapp" className="Engine.Behavior.Tests.Start.ShouldStartOnInitializedTests" name="ShouldResolveChoreography" />
    </UnitTest>
    <UnitTest name="Engine.Behavior.Tests.ChangeRpm.Evt2DocTests.ShouldResolveEvt2DocFunc" storage="/home/rl/work/github.com/discomco/dot-cart/examples/car/engine.behavior.tests/bin/debug/net7.0/engine.behavior.tests.dll" id="d87a9c57-6538-a7da-d728-5f5120f2726a">
      <Execution id="474d5e7e-b4fe-44b5-9dd4-971d653d5664" />
      <TestMethod codeBase="/home/rl/work/github.com/discomco/dot-cart/examples/car/Engine.Behavior.Tests/bin/Debug/net7.0/Engine.Behavior.Tests.dll" adapterTypeName="executor://xunit/VsTestRunner2/netcoreapp" className="Engine.Behavior.Tests.ChangeRpm.Evt2DocTests" name="ShouldResolveEvt2DocFunc" />
    </UnitTest>
    <UnitTest name="Engine.Behavior.Tests.ChangeDetails.ShouldChangeDetailsOnInitializedTests.ShouldResolveChoreography" storage="/home/rl/work/github.com/discomco/dot-cart/examples/car/engine.behavior.tests/bin/debug/net7.0/engine.behavior.tests.dll" id="5620ed19-35d8-e239-9e5f-8e98d38afda8">
      <Execution id="3be2b1f9-9184-4432-b162-3373b38518a7" />
      <TestMethod codeBase="/home/rl/work/github.com/discomco/dot-cart/examples/car/Engine.Behavior.Tests/bin/Debug/net7.0/Engine.Behavior.Tests.dll" adapterTypeName="executor://xunit/VsTestRunner2/netcoreapp" className="Engine.Behavior.Tests.ChangeDetails.ShouldChangeDetailsOnInitializedTests" name="ShouldResolveChoreography" />
    </UnitTest>
    <UnitTest name="Engine.Behavior.Tests.ChangeRpm.CmdTests.ShouldResolveCmdCtor" storage="/home/rl/work/github.com/discomco/dot-cart/examples/car/engine.behavior.tests/bin/debug/net7.0/engine.behavior.tests.dll" id="faeff029-b72a-59f5-d8f6-cfdafbf60860">
      <Execution id="6ade2a44-40cd-4536-bf86-2eeaebd6b35b" />
      <TestMethod codeBase="/home/rl/work/github.com/discomco/dot-cart/examples/car/Engine.Behavior.Tests/bin/Debug/net7.0/Engine.Behavior.Tests.dll" adapterTypeName="executor://xunit/VsTestRunner2/netcoreapp" className="Engine.Behavior.Tests.ChangeRpm.CmdTests" name="ShouldResolveCmdCtor" />
    </UnitTest>
    <UnitTest name="Engine.Behavior.Tests.Stop.Evt2ListTests.ShouldResolvePayloadCtor" storage="/home/rl/work/github.com/discomco/dot-cart/examples/car/engine.behavior.tests/bin/debug/net7.0/engine.behavior.tests.dll" id="0aba10a1-53f5-4130-0220-b0f26bedc94d">
      <Execution id="c90753fd-79c7-4772-bd67-e5bb27bc3541" />
      <TestMethod codeBase="/home/rl/work/github.com/discomco/dot-cart/examples/car/Engine.Behavior.Tests/bin/Debug/net7.0/Engine.Behavior.Tests.dll" adapterTypeName="executor://xunit/VsTestRunner2/netcoreapp" className="Engine.Behavior.Tests.Stop.Evt2ListTests" name="ShouldResolvePayloadCtor" />
    </UnitTest>
    <UnitTest name="Engine.Behavior.Tests.ChangeRpm.Evt2ListTests.ShouldResolveProjectionValidatorFunction" storage="/home/rl/work/github.com/discomco/dot-cart/examples/car/engine.behavior.tests/bin/debug/net7.0/engine.behavior.tests.dll" id="c56ec5bc-18b1-2d13-1191-c024a22524dc">
      <Execution id="c59156e1-5a97-49fc-883c-3a869f533978" />
      <TestMethod codeBase="/home/rl/work/github.com/discomco/dot-cart/examples/car/Engine.Behavior.Tests/bin/Debug/net7.0/Engine.Behavior.Tests.dll" adapterTypeName="executor://xunit/VsTestRunner2/netcoreapp" className="Engine.Behavior.Tests.ChangeRpm.Evt2ListTests" name="ShouldResolveProjectionValidatorFunction" />
    </UnitTest>
    <UnitTest name="Engine.Behavior.Tests.EngineBehaviorTests.ShouldResolveAggregateBuilder" storage="/home/rl/work/github.com/discomco/dot-cart/examples/car/engine.behavior.tests/bin/debug/net7.0/engine.behavior.tests.dll" id="c5fe4ae6-7814-02a5-ff1f-7aee21411b60">
      <Execution id="1fef60e6-763c-410a-952e-9c44b7b44cfc" />
      <TestMethod codeBase="/home/rl/work/github.com/discomco/dot-cart/examples/car/Engine.Behavior.Tests/bin/Debug/net7.0/Engine.Behavior.Tests.dll" adapterTypeName="executor://xunit/VsTestRunner2/netcoreapp" className="Engine.Behavior.Tests.EngineBehaviorTests" name="ShouldResolveAggregateBuilder" />
    </UnitTest>
    <UnitTest name="Engine.Behavior.Tests.ChangeDetails.EvtTests.ShouldResolveEvtCtor" storage="/home/rl/work/github.com/discomco/dot-cart/examples/car/engine.behavior.tests/bin/debug/net7.0/engine.behavior.tests.dll" id="3ae3eec3-e509-96af-a6db-9946fee7230f">
      <Execution id="cbf3aa52-1a59-4659-8523-7d5ec58e02b8" />
      <TestMethod codeBase="/home/rl/work/github.com/discomco/dot-cart/examples/car/Engine.Behavior.Tests/bin/Debug/net7.0/Engine.Behavior.Tests.dll" adapterTypeName="executor://xunit/VsTestRunner2/netcoreapp" className="Engine.Behavior.Tests.ChangeDetails.EvtTests" name="ShouldResolveEvtCtor" />
    </UnitTest>
    <UnitTest name="Engine.Behavior.Tests.Stop.Evt2DocTests.ShouldResolvePayloadCtor" storage="/home/rl/work/github.com/discomco/dot-cart/examples/car/engine.behavior.tests/bin/debug/net7.0/engine.behavior.tests.dll" id="4410a392-6805-405b-8241-eb299a699589">
      <Execution id="c1834a64-8cf6-4a86-b8c3-a68063a37fae" />
      <TestMethod codeBase="/home/rl/work/github.com/discomco/dot-cart/examples/car/Engine.Behavior.Tests/bin/Debug/net7.0/Engine.Behavior.Tests.dll" adapterTypeName="executor://xunit/VsTestRunner2/netcoreapp" className="Engine.Behavior.Tests.Stop.Evt2DocTests" name="ShouldResolvePayloadCtor" />
    </UnitTest>
    <UnitTest name="Engine.Behavior.Tests.Start.Evt2ListTests.ShouldResolveIDCtor" storage="/home/rl/work/github.com/discomco/dot-cart/examples/car/engine.behavior.tests/bin/debug/net7.0/engine.behavior.tests.dll" id="c39cb8a2-1996-c021-d1c0-9474d7f86c75">
      <Execution id="19203930-b26f-4b7f-b9ef-b442b3c66626" />
      <TestMethod codeBase="/home/rl/work/github.com/discomco/dot-cart/examples/car/Engine.Behavior.Tests/bin/Debug/net7.0/Engine.Behavior.Tests.dll" adapterTypeName="executor://xunit/VsTestRunner2/netcoreapp" className="Engine.Behavior.Tests.Start.Evt2ListTests" name="ShouldResolveIDCtor" />
    </UnitTest>
    <UnitTest name="Engine.Behavior.Tests.Stop.AggregateTests.ShouldResolveStateCtor" storage="/home/rl/work/github.com/discomco/dot-cart/examples/car/engine.behavior.tests/bin/debug/net7.0/engine.behavior.tests.dll" id="672d9abf-4302-c7f3-643e-e54129a5bbee">
      <Execution id="dd108dfd-7489-4caa-9ec0-6b47342f765b" />
      <TestMethod codeBase="/home/rl/work/github.com/discomco/dot-cart/examples/car/Engine.Behavior.Tests/bin/Debug/net7.0/Engine.Behavior.Tests.dll" adapterTypeName="executor://xunit/VsTestRunner2/netcoreapp" className="Engine.Behavior.Tests.Stop.AggregateTests" name="ShouldResolveStateCtor" />
    </UnitTest>
    <UnitTest name="Engine.Behavior.Tests.ChangeRpm.Evt2DocTests.ShouldResolveDocCtor" storage="/home/rl/work/github.com/discomco/dot-cart/examples/car/engine.behavior.tests/bin/debug/net7.0/engine.behavior.tests.dll" id="da5ad5a6-9374-5d4f-8403-9d21cb489313">
      <Execution id="c354a074-cc90-4170-b7b9-ff8a0159d274" />
      <TestMethod codeBase="/home/rl/work/github.com/discomco/dot-cart/examples/car/Engine.Behavior.Tests/bin/Debug/net7.0/Engine.Behavior.Tests.dll" adapterTypeName="executor://xunit/VsTestRunner2/netcoreapp" className="Engine.Behavior.Tests.ChangeRpm.Evt2DocTests" name="ShouldResolveDocCtor" />
    </UnitTest>
    <UnitTest name="Engine.Behavior.Tests.ChangeRpm.Evt2DocTests.ShouldResolveEvtCtor" storage="/home/rl/work/github.com/discomco/dot-cart/examples/car/engine.behavior.tests/bin/debug/net7.0/engine.behavior.tests.dll" id="8dfdc8b4-2a37-df4e-5ae7-de82a465e0a5">
      <Execution id="f11691b3-83da-4ad8-a652-5da46d113a3e" />
      <TestMethod codeBase="/home/rl/work/github.com/discomco/dot-cart/examples/car/Engine.Behavior.Tests/bin/Debug/net7.0/Engine.Behavior.Tests.dll" adapterTypeName="executor://xunit/VsTestRunner2/netcoreapp" className="Engine.Behavior.Tests.ChangeRpm.Evt2DocTests" name="ShouldResolveEvtCtor" />
    </UnitTest>
    <UnitTest name="Engine.Behavior.Tests.Stop.CmdTests.ShouldResolveCmdCtor" storage="/home/rl/work/github.com/discomco/dot-cart/examples/car/engine.behavior.tests/bin/debug/net7.0/engine.behavior.tests.dll" id="63af07b9-a07c-5c60-c488-a04c5a5fb09d">
      <Execution id="ca17a182-bb30-45d9-8e95-5def92d4e4a9" />
      <TestMethod codeBase="/home/rl/work/github.com/discomco/dot-cart/examples/car/Engine.Behavior.Tests/bin/Debug/net7.0/Engine.Behavior.Tests.dll" adapterTypeName="executor://xunit/VsTestRunner2/netcoreapp" className="Engine.Behavior.Tests.Stop.CmdTests" name="ShouldResolveCmdCtor" />
    </UnitTest>
    <UnitTest name="Engine.Behavior.Tests.Initialize.Evt2DocTests.ShouldResolveEvtCtor" storage="/home/rl/work/github.com/discomco/dot-cart/examples/car/engine.behavior.tests/bin/debug/net7.0/engine.behavior.tests.dll" id="4ad61554-dc97-6c1e-56ae-af8bad070d90">
      <Execution id="63cfc353-3219-418c-9c92-a08da3664b95" />
      <TestMethod codeBase="/home/rl/work/github.com/discomco/dot-cart/examples/car/Engine.Behavior.Tests/bin/Debug/net7.0/Engine.Behavior.Tests.dll" adapterTypeName="executor://xunit/VsTestRunner2/netcoreapp" className="Engine.Behavior.Tests.Initialize.Evt2DocTests" name="ShouldResolveEvtCtor" />
    </UnitTest>
    <UnitTest name="Engine.Behavior.Tests.Start.AggregateTests.ShouldResolveAggregateBuilder" storage="/home/rl/work/github.com/discomco/dot-cart/examples/car/engine.behavior.tests/bin/debug/net7.0/engine.behavior.tests.dll" id="3f568253-3269-e5d8-cb3f-8ae2962ff8b1">
      <Execution id="2c38740e-10ed-4944-98f2-b82520cd0520" />
      <TestMethod codeBase="/home/rl/work/github.com/discomco/dot-cart/examples/car/Engine.Behavior.Tests/bin/Debug/net7.0/Engine.Behavior.Tests.dll" adapterTypeName="executor://xunit/VsTestRunner2/netcoreapp" className="Engine.Behavior.Tests.Start.AggregateTests" name="ShouldResolveAggregateBuilder" />
    </UnitTest>
    <UnitTest name="Engine.Behavior.Tests.Start.ShouldStartOnInitializedTests.ShouldResolveEvt2Cmd" storage="/home/rl/work/github.com/discomco/dot-cart/examples/car/engine.behavior.tests/bin/debug/net7.0/engine.behavior.tests.dll" id="654a35ab-a4cb-095f-6168-65e297ef083e">
      <Execution id="5d81715a-a891-4f4b-9134-a564384c24ef" />
      <TestMethod codeBase="/home/rl/work/github.com/discomco/dot-cart/examples/car/Engine.Behavior.Tests/bin/Debug/net7.0/Engine.Behavior.Tests.dll" adapterTypeName="executor://xunit/VsTestRunner2/netcoreapp" className="Engine.Behavior.Tests.Start.ShouldStartOnInitializedTests" name="ShouldResolveEvt2Cmd" />
    </UnitTest>
    <UnitTest name="Engine.Behavior.Tests.Start.EvtTests.ShouldHaveTopicAttribute" storage="/home/rl/work/github.com/discomco/dot-cart/examples/car/engine.behavior.tests/bin/debug/net7.0/engine.behavior.tests.dll" id="7dcf2197-ed17-bcde-3f89-b591280c97e3">
      <Execution id="89b4c91d-3e73-4bed-b70a-881cf48e5845" />
      <TestMethod codeBase="/home/rl/work/github.com/discomco/dot-cart/examples/car/Engine.Behavior.Tests/bin/Debug/net7.0/Engine.Behavior.Tests.dll" adapterTypeName="executor://xunit/VsTestRunner2/netcoreapp" className="Engine.Behavior.Tests.Start.EvtTests" name="ShouldHaveTopicAttribute" />
    </UnitTest>
    <UnitTest name="Engine.Behavior.Tests.ChangeRpm.Evt2ListTests.ShouldResolveDocCtor" storage="/home/rl/work/github.com/discomco/dot-cart/examples/car/engine.behavior.tests/bin/debug/net7.0/engine.behavior.tests.dll" id="37ba3bf6-ec40-3f55-b0ce-d2e97a381983">
      <Execution id="ac9bc4fc-8175-4f58-99b4-91b2d12baff6" />
      <TestMethod codeBase="/home/rl/work/github.com/discomco/dot-cart/examples/car/Engine.Behavior.Tests/bin/Debug/net7.0/Engine.Behavior.Tests.dll" adapterTypeName="executor://xunit/VsTestRunner2/netcoreapp" className="Engine.Behavior.Tests.ChangeRpm.Evt2ListTests" name="ShouldResolveDocCtor" />
    </UnitTest>
    <UnitTest name="Engine.Behavior.Tests.Initialize.Evt2DocTests.ShouldResolveIDCtor" storage="/home/rl/work/github.com/discomco/dot-cart/examples/car/engine.behavior.tests/bin/debug/net7.0/engine.behavior.tests.dll" id="c0c0342c-26b8-5f19-a31f-8c4b626af829">
      <Execution id="b9bd6e96-980b-4c71-a432-cafc12d18365" />
      <TestMethod codeBase="/home/rl/work/github.com/discomco/dot-cart/examples/car/Engine.Behavior.Tests/bin/Debug/net7.0/Engine.Behavior.Tests.dll" adapterTypeName="executor://xunit/VsTestRunner2/netcoreapp" className="Engine.Behavior.Tests.Initialize.Evt2DocTests" name="ShouldResolveIDCtor" />
    </UnitTest>
    <UnitTest name="Engine.Behavior.Tests.ChangeDetails.Evt2DocTests.ShouldResolveDocCtor" storage="/home/rl/work/github.com/discomco/dot-cart/examples/car/engine.behavior.tests/bin/debug/net7.0/engine.behavior.tests.dll" id="08aaaf9e-5ee9-17fc-83d3-84557a63e052">
      <Execution id="99c548b7-a6dc-4537-b708-4fb85852b252" />
      <TestMethod codeBase="/home/rl/work/github.com/discomco/dot-cart/examples/car/Engine.Behavior.Tests/bin/Debug/net7.0/Engine.Behavior.Tests.dll" adapterTypeName="executor://xunit/VsTestRunner2/netcoreapp" className="Engine.Behavior.Tests.ChangeDetails.Evt2DocTests" name="ShouldResolveDocCtor" />
    </UnitTest>
    <UnitTest name="Engine.Behavior.Tests.Stop.Evt2DocTests.ShouldResolveIDCtor" storage="/home/rl/work/github.com/discomco/dot-cart/examples/car/engine.behavior.tests/bin/debug/net7.0/engine.behavior.tests.dll" id="3190b935-967c-32dd-d7ca-d99e795e8367">
      <Execution id="c7bb43b0-281e-4d92-a232-46897bf60342" />
      <TestMethod codeBase="/home/rl/work/github.com/discomco/dot-cart/examples/car/Engine.Behavior.Tests/bin/Debug/net7.0/Engine.Behavior.Tests.dll" adapterTypeName="executor://xunit/VsTestRunner2/netcoreapp" className="Engine.Behavior.Tests.Stop.Evt2DocTests" name="ShouldResolveIDCtor" />
    </UnitTest>
    <UnitTest name="Engine.Behavior.Tests.Start.Evt2ListTests.ShouldExecuteEvt2DocFunc" storage="/home/rl/work/github.com/discomco/dot-cart/examples/car/engine.behavior.tests/bin/debug/net7.0/engine.behavior.tests.dll" id="82ad74f9-6f70-94f8-af8b-fddee39a96d9">
      <Execution id="b60e2c3c-43ad-4f33-90f4-9f4c83580489" />
      <TestMethod codeBase="/home/rl/work/github.com/discomco/dot-cart/examples/car/Engine.Behavior.Tests/bin/Debug/net7.0/Engine.Behavior.Tests.dll" adapterTypeName="executor://xunit/VsTestRunner2/netcoreapp" className="Engine.Behavior.Tests.Start.Evt2ListTests" name="ShouldExecuteEvt2DocFunc" />
    </UnitTest>
    <UnitTest name="Engine.Behavior.Tests.ChangeDetails.EvtTests.ShouldHaveTopicAttribute" storage="/home/rl/work/github.com/discomco/dot-cart/examples/car/engine.behavior.tests/bin/debug/net7.0/engine.behavior.tests.dll" id="1e6a2b3c-4ae8-a813-3172-92f0c3c90ec1">
      <Execution id="be5e060e-eea9-4c25-a789-c1926447da36" />
      <TestMethod codeBase="/home/rl/work/github.com/discomco/dot-cart/examples/car/Engine.Behavior.Tests/bin/Debug/net7.0/Engine.Behavior.Tests.dll" adapterTypeName="executor://xunit/VsTestRunner2/netcoreapp" className="Engine.Behavior.Tests.ChangeDetails.EvtTests" name="ShouldHaveTopicAttribute" />
    </UnitTest>
    <UnitTest name="Engine.Behavior.Tests.ChangeRpm.EvtTests.ShouldResolvePayloadCtor" storage="/home/rl/work/github.com/discomco/dot-cart/examples/car/engine.behavior.tests/bin/debug/net7.0/engine.behavior.tests.dll" id="75ee0fe8-1398-ee9d-a88f-93381ac761ec">
      <Execution id="5c04d024-3e0f-4044-a43f-93a5e345a725" />
      <TestMethod codeBase="/home/rl/work/github.com/discomco/dot-cart/examples/car/Engine.Behavior.Tests/bin/Debug/net7.0/Engine.Behavior.Tests.dll" adapterTypeName="executor://xunit/VsTestRunner2/netcoreapp" className="Engine.Behavior.Tests.ChangeRpm.EvtTests" name="ShouldResolvePayloadCtor" />
    </UnitTest>
    <UnitTest name="Engine.Behavior.Tests.Stop.ShouldStopOnZeroPowerTests.ShouldResolveAggregateBuilder" storage="/home/rl/work/github.com/discomco/dot-cart/examples/car/engine.behavior.tests/bin/debug/net7.0/engine.behavior.tests.dll" id="5a635f0e-61b2-7b46-842d-b6811efd90c6">
      <Execution id="a8809dd0-730a-4c58-92cc-0a937378f78b" />
      <TestMethod codeBase="/home/rl/work/github.com/discomco/dot-cart/examples/car/Engine.Behavior.Tests/bin/Debug/net7.0/Engine.Behavior.Tests.dll" adapterTypeName="executor://xunit/VsTestRunner2/netcoreapp" className="Engine.Behavior.Tests.Stop.ShouldStopOnZeroPowerTests" name="ShouldResolveAggregateBuilder" />
    </UnitTest>
    <UnitTest name="Engine.Behavior.Tests.ChangeRpm.Evt2DocTests.ShouldResolveIDCtor" storage="/home/rl/work/github.com/discomco/dot-cart/examples/car/engine.behavior.tests/bin/debug/net7.0/engine.behavior.tests.dll" id="d9444f59-6f9a-250a-95fe-96ba0f45b7ec">
      <Execution id="33edaea9-655a-41d6-9c0a-3531d54d31a2" />
      <TestMethod codeBase="/home/rl/work/github.com/discomco/dot-cart/examples/car/Engine.Behavior.Tests/bin/Debug/net7.0/Engine.Behavior.Tests.dll" adapterTypeName="executor://xunit/VsTestRunner2/netcoreapp" className="Engine.Behavior.Tests.ChangeRpm.Evt2DocTests" name="ShouldResolveIDCtor" />
    </UnitTest>
    <UnitTest name="Engine.Behavior.Tests.ChangeDetails.Evt2ListTests.ShouldResolveIDCtor" storage="/home/rl/work/github.com/discomco/dot-cart/examples/car/engine.behavior.tests/bin/debug/net7.0/engine.behavior.tests.dll" id="853e2a19-5072-8587-688d-9f2ef2f75c17">
      <Execution id="8e3b8f8e-82e6-4b74-bceb-44d052962783" />
      <TestMethod codeBase="/home/rl/work/github.com/discomco/dot-cart/examples/car/Engine.Behavior.Tests/bin/Debug/net7.0/Engine.Behavior.Tests.dll" adapterTypeName="executor://xunit/VsTestRunner2/netcoreapp" className="Engine.Behavior.Tests.ChangeDetails.Evt2ListTests" name="ShouldResolveIDCtor" />
    </UnitTest>
    <UnitTest name="Engine.Behavior.Tests.EngineBehaviorTests.ShouldExecuteStartCmd" storage="/home/rl/work/github.com/discomco/dot-cart/examples/car/engine.behavior.tests/bin/debug/net7.0/engine.behavior.tests.dll" id="889224e4-1b70-50db-ca49-e8f3094459a9">
      <Execution id="ad3fa7ed-5388-47e8-b1f1-21bedb641503" />
      <TestMethod codeBase="/home/rl/work/github.com/discomco/dot-cart/examples/car/Engine.Behavior.Tests/bin/Debug/net7.0/Engine.Behavior.Tests.dll" adapterTypeName="executor://xunit/VsTestRunner2/netcoreapp" className="Engine.Behavior.Tests.EngineBehaviorTests" name="ShouldExecuteStartCmd" />
    </UnitTest>
    <UnitTest name="Engine.Behavior.Tests.Start.Evt2ListTests.ShouldResolveMetaCtor" storage="/home/rl/work/github.com/discomco/dot-cart/examples/car/engine.behavior.tests/bin/debug/net7.0/engine.behavior.tests.dll" id="424ab404-05db-3b18-9511-0447f233437b">
      <Execution id="e2e922d9-a176-4390-b24a-07226c9aad1f" />
      <TestMethod codeBase="/home/rl/work/github.com/discomco/dot-cart/examples/car/Engine.Behavior.Tests/bin/Debug/net7.0/Engine.Behavior.Tests.dll" adapterTypeName="executor://xunit/VsTestRunner2/netcoreapp" className="Engine.Behavior.Tests.Start.Evt2ListTests" name="ShouldResolveMetaCtor" />
    </UnitTest>
    <UnitTest name="Engine.Behavior.Tests.Stop.AggregateTests.ShouldResolveEvt2State" storage="/home/rl/work/github.com/discomco/dot-cart/examples/car/engine.behavior.tests/bin/debug/net7.0/engine.behavior.tests.dll" id="6c1252cb-79f6-3ef6-5f4a-2f8dad5482e6">
      <Execution id="69a63a04-f96f-45be-a790-9a179f48c453" />
      <TestMethod codeBase="/home/rl/work/github.com/discomco/dot-cart/examples/car/Engine.Behavior.Tests/bin/Debug/net7.0/Engine.Behavior.Tests.dll" adapterTypeName="executor://xunit/VsTestRunner2/netcoreapp" className="Engine.Behavior.Tests.Stop.AggregateTests" name="ShouldResolveEvt2State" />
    </UnitTest>
    <UnitTest name="Engine.Behavior.Tests.Initialize.Evt2ListTests.ShouldResolveDocCtor" storage="/home/rl/work/github.com/discomco/dot-cart/examples/car/engine.behavior.tests/bin/debug/net7.0/engine.behavior.tests.dll" id="f7f30a21-0bfc-ae79-e768-7ecd4c1ac50e">
      <Execution id="14dd74cf-0959-41c1-b2b5-643bb34f7ea5" />
      <TestMethod codeBase="/home/rl/work/github.com/discomco/dot-cart/examples/car/Engine.Behavior.Tests/bin/Debug/net7.0/Engine.Behavior.Tests.dll" adapterTypeName="executor://xunit/VsTestRunner2/netcoreapp" className="Engine.Behavior.Tests.Initialize.Evt2ListTests" name="ShouldResolveDocCtor" />
    </UnitTest>
    <UnitTest name="Engine.Behavior.Tests.Initialize.Evt2DocTests.ShouldResolveEvt2DocFunc" storage="/home/rl/work/github.com/discomco/dot-cart/examples/car/engine.behavior.tests/bin/debug/net7.0/engine.behavior.tests.dll" id="4bbc2d42-c346-918a-7d57-d0312c2e47c2">
      <Execution id="53f636ca-e4bf-4430-ad46-ce201cd156bc" />
      <TestMethod codeBase="/home/rl/work/github.com/discomco/dot-cart/examples/car/Engine.Behavior.Tests/bin/Debug/net7.0/Engine.Behavior.Tests.dll" adapterTypeName="executor://xunit/VsTestRunner2/netcoreapp" className="Engine.Behavior.Tests.Initialize.Evt2DocTests" name="ShouldResolveEvt2DocFunc" />
    </UnitTest>
    <UnitTest name="Engine.Behavior.Tests.Start.AggregateTests.ShouldResolveApplyEvt" storage="/home/rl/work/github.com/discomco/dot-cart/examples/car/engine.behavior.tests/bin/debug/net7.0/engine.behavior.tests.dll" id="5bfc490b-b5c1-96cc-cc24-4a495c4f5b74">
      <Execution id="e3f74b26-ca97-40c6-8972-03c1498cc0a5" />
      <TestMethod codeBase="/home/rl/work/github.com/discomco/dot-cart/examples/car/Engine.Behavior.Tests/bin/Debug/net7.0/Engine.Behavior.Tests.dll" adapterTypeName="executor://xunit/VsTestRunner2/netcoreapp" className="Engine.Behavior.Tests.Start.AggregateTests" name="ShouldResolveApplyEvt" />
    </UnitTest>
    <UnitTest name="Engine.Behavior.Tests.ChangeDetails.ShouldChangeDetailsOnInitializedTests.ShouldResolveAggregateBuilder" storage="/home/rl/work/github.com/discomco/dot-cart/examples/car/engine.behavior.tests/bin/debug/net7.0/engine.behavior.tests.dll" id="492ce2bf-0bd1-10aa-0d0e-28d78fd1f220">
      <Execution id="6187dc1d-2403-4939-909c-518bd7897f04" />
      <TestMethod codeBase="/home/rl/work/github.com/discomco/dot-cart/examples/car/Engine.Behavior.Tests/bin/Debug/net7.0/Engine.Behavior.Tests.dll" adapterTypeName="executor://xunit/VsTestRunner2/netcoreapp" className="Engine.Behavior.Tests.ChangeDetails.ShouldChangeDetailsOnInitializedTests" name="ShouldResolveAggregateBuilder" />
    </UnitTest>
    <UnitTest name="Engine.Behavior.Tests.ChangeRpm.Evt2DocTests.ShouldResolveMetaCtor" storage="/home/rl/work/github.com/discomco/dot-cart/examples/car/engine.behavior.tests/bin/debug/net7.0/engine.behavior.tests.dll" id="c73ff366-05b1-4277-07e9-4f96dde69991">
      <Execution id="0e09779d-466b-4ef3-b7ec-9fcf2a6fddf1" />
      <TestMethod codeBase="/home/rl/work/github.com/discomco/dot-cart/examples/car/Engine.Behavior.Tests/bin/Debug/net7.0/Engine.Behavior.Tests.dll" adapterTypeName="executor://xunit/VsTestRunner2/netcoreapp" className="Engine.Behavior.Tests.ChangeRpm.Evt2DocTests" name="ShouldResolveMetaCtor" />
    </UnitTest>
    <UnitTest name="Engine.Behavior.Tests.Start.Evt2ListTests.ShouldResolveEvt2DocFunc" storage="/home/rl/work/github.com/discomco/dot-cart/examples/car/engine.behavior.tests/bin/debug/net7.0/engine.behavior.tests.dll" id="49b97f4b-b806-2662-5438-f6655469a97e">
      <Execution id="2fab2f8e-830c-4681-aba4-7b4af7ced3e1" />
      <TestMethod codeBase="/home/rl/work/github.com/discomco/dot-cart/examples/car/Engine.Behavior.Tests/bin/Debug/net7.0/Engine.Behavior.Tests.dll" adapterTypeName="executor://xunit/VsTestRunner2/netcoreapp" className="Engine.Behavior.Tests.Start.Evt2ListTests" name="ShouldResolveEvt2DocFunc" />
    </UnitTest>
    <UnitTest name="Engine.Behavior.Tests.ChangeDetails.AggregateTests.ShouldCreateID" storage="/home/rl/work/github.com/discomco/dot-cart/examples/car/engine.behavior.tests/bin/debug/net7.0/engine.behavior.tests.dll" id="94a459e7-f723-13c7-f3f7-acb64aa184b3">
      <Execution id="d9708951-49af-4468-9a5f-595aa30b5b92" />
      <TestMethod codeBase="/home/rl/work/github.com/discomco/dot-cart/examples/car/Engine.Behavior.Tests/bin/Debug/net7.0/Engine.Behavior.Tests.dll" adapterTypeName="executor://xunit/VsTestRunner2/netcoreapp" className="Engine.Behavior.Tests.ChangeDetails.AggregateTests" name="ShouldCreateID" />
    </UnitTest>
    <UnitTest name="Engine.Behavior.Tests.Initialize.Evt2ListTests.ShouldResolveMetaCtor" storage="/home/rl/work/github.com/discomco/dot-cart/examples/car/engine.behavior.tests/bin/debug/net7.0/engine.behavior.tests.dll" id="e8dfdcca-7035-77c0-0fc0-3238a30bb1fb">
      <Execution id="000dff9f-ecef-4cad-bbb5-3e7dce20db0b" />
      <TestMethod codeBase="/home/rl/work/github.com/discomco/dot-cart/examples/car/Engine.Behavior.Tests/bin/Debug/net7.0/Engine.Behavior.Tests.dll" adapterTypeName="executor://xunit/VsTestRunner2/netcoreapp" className="Engine.Behavior.Tests.Initialize.Evt2ListTests" name="ShouldResolveMetaCtor" />
    </UnitTest>
    <UnitTest name="Engine.Behavior.Tests.ChangeDetails.CmdTests.ShouldResolveIDCtor" storage="/home/rl/work/github.com/discomco/dot-cart/examples/car/engine.behavior.tests/bin/debug/net7.0/engine.behavior.tests.dll" id="6f3f6241-09cb-bf47-0628-6572da8e613e">
      <Execution id="621d6707-299a-4a8f-878a-ba95f0627459" />
      <TestMethod codeBase="/home/rl/work/github.com/discomco/dot-cart/examples/car/Engine.Behavior.Tests/bin/Debug/net7.0/Engine.Behavior.Tests.dll" adapterTypeName="executor://xunit/VsTestRunner2/netcoreapp" className="Engine.Behavior.Tests.ChangeDetails.CmdTests" name="ShouldResolveIDCtor" />
    </UnitTest>
    <UnitTest name="Engine.Behavior.Tests.Stop.Evt2ListTests.ShouldResolveMetaCtor" storage="/home/rl/work/github.com/discomco/dot-cart/examples/car/engine.behavior.tests/bin/debug/net7.0/engine.behavior.tests.dll" id="c303c1f9-3b5b-babc-2e01-2348f17d589a">
      <Execution id="6460f8dc-1a9e-4622-a877-4be0f0e32bb2" />
      <TestMethod codeBase="/home/rl/work/github.com/discomco/dot-cart/examples/car/Engine.Behavior.Tests/bin/Debug/net7.0/Engine.Behavior.Tests.dll" adapterTypeName="executor://xunit/VsTestRunner2/netcoreapp" className="Engine.Behavior.Tests.Stop.Evt2ListTests" name="ShouldResolveMetaCtor" />
    </UnitTest>
    <UnitTest name="Engine.Behavior.Tests.Stop.Evt2ListTests.ShouldResolveIDCtor" storage="/home/rl/work/github.com/discomco/dot-cart/examples/car/engine.behavior.tests/bin/debug/net7.0/engine.behavior.tests.dll" id="8a140183-3388-1334-226c-abc73d985829">
      <Execution id="1f41bf7e-bd6d-4a4e-bf38-c263affc17b3" />
      <TestMethod codeBase="/home/rl/work/github.com/discomco/dot-cart/examples/car/Engine.Behavior.Tests/bin/Debug/net7.0/Engine.Behavior.Tests.dll" adapterTypeName="executor://xunit/VsTestRunner2/netcoreapp" className="Engine.Behavior.Tests.Stop.Evt2ListTests" name="ShouldResolveIDCtor" />
    </UnitTest>
    <UnitTest name="Engine.Behavior.Tests.Start.ShouldStartOnInitializedTests.ShouldResolveAggregateBuilder" storage="/home/rl/work/github.com/discomco/dot-cart/examples/car/engine.behavior.tests/bin/debug/net7.0/engine.behavior.tests.dll" id="26e89e77-11c4-ee83-e0fc-b0e4861e5d5f">
      <Execution id="51dff748-f106-4850-9547-e6022f6b2e32" />
      <TestMethod codeBase="/home/rl/work/github.com/discomco/dot-cart/examples/car/Engine.Behavior.Tests/bin/Debug/net7.0/Engine.Behavior.Tests.dll" adapterTypeName="executor://xunit/VsTestRunner2/netcoreapp" className="Engine.Behavior.Tests.Start.ShouldStartOnInitializedTests" name="ShouldResolveAggregateBuilder" />
    </UnitTest>
    <UnitTest name="Engine.Behavior.Tests.ChangeRpm.AggregateTests.ShouldResolveApplyEvt" storage="/home/rl/work/github.com/discomco/dot-cart/examples/car/engine.behavior.tests/bin/debug/net7.0/engine.behavior.tests.dll" id="c907fb27-a6c3-c553-6e08-5f9b50cfb765">
      <Execution id="bb7b502e-ad90-48ad-ae1b-a00371d20e5a" />
      <TestMethod codeBase="/home/rl/work/github.com/discomco/dot-cart/examples/car/Engine.Behavior.Tests/bin/Debug/net7.0/Engine.Behavior.Tests.dll" adapterTypeName="executor://xunit/VsTestRunner2/netcoreapp" className="Engine.Behavior.Tests.ChangeRpm.AggregateTests" name="ShouldResolveApplyEvt" />
    </UnitTest>
    <UnitTest name="Engine.Behavior.Tests.ChangeRpm.AggregateTests.ShouldResolveEvt2State" storage="/home/rl/work/github.com/discomco/dot-cart/examples/car/engine.behavior.tests/bin/debug/net7.0/engine.behavior.tests.dll" id="8958fca9-1aa5-8fab-d7df-74649218fe37">
      <Execution id="eebe49a3-366b-4aa1-aa45-d34d002da38b" />
      <TestMethod codeBase="/home/rl/work/github.com/discomco/dot-cart/examples/car/Engine.Behavior.Tests/bin/Debug/net7.0/Engine.Behavior.Tests.dll" adapterTypeName="executor://xunit/VsTestRunner2/netcoreapp" className="Engine.Behavior.Tests.ChangeRpm.AggregateTests" name="ShouldResolveEvt2State" />
    </UnitTest>
    <UnitTest name="Engine.Behavior.Tests.Initialize.Evt2DocTests.ShouldResolvePayloadCtor" storage="/home/rl/work/github.com/discomco/dot-cart/examples/car/engine.behavior.tests/bin/debug/net7.0/engine.behavior.tests.dll" id="ec31971f-a39b-08fb-6e92-7486a75bddc8">
      <Execution id="68d89be3-b906-47d9-9b98-b804cce10175" />
      <TestMethod codeBase="/home/rl/work/github.com/discomco/dot-cart/examples/car/Engine.Behavior.Tests/bin/Debug/net7.0/Engine.Behavior.Tests.dll" adapterTypeName="executor://xunit/VsTestRunner2/netcoreapp" className="Engine.Behavior.Tests.Initialize.Evt2DocTests" name="ShouldResolvePayloadCtor" />
    </UnitTest>
    <UnitTest name="Engine.Behavior.Tests.ChangeDetails.Evt2ListTests.ShouldResolveEvtCtor" storage="/home/rl/work/github.com/discomco/dot-cart/examples/car/engine.behavior.tests/bin/debug/net7.0/engine.behavior.tests.dll" id="6626aab2-e051-d7de-55fb-7ed14ef5b23e">
      <Execution id="b1e81b22-53d1-4813-94a4-3a56d660bf88" />
      <TestMethod codeBase="/home/rl/work/github.com/discomco/dot-cart/examples/car/Engine.Behavior.Tests/bin/Debug/net7.0/Engine.Behavior.Tests.dll" adapterTypeName="executor://xunit/VsTestRunner2/netcoreapp" className="Engine.Behavior.Tests.ChangeDetails.Evt2ListTests" name="ShouldResolveEvtCtor" />
    </UnitTest>
    <UnitTest name="Engine.Behavior.Tests.Start.AggregateTests.ShouldResolveIDCtor" storage="/home/rl/work/github.com/discomco/dot-cart/examples/car/engine.behavior.tests/bin/debug/net7.0/engine.behavior.tests.dll" id="0b568ece-acf5-0373-45ab-b338a3a67556">
      <Execution id="733f5c5e-4930-45fd-a152-f6c2eea7af31" />
      <TestMethod codeBase="/home/rl/work/github.com/discomco/dot-cart/examples/car/Engine.Behavior.Tests/bin/Debug/net7.0/Engine.Behavior.Tests.dll" adapterTypeName="executor://xunit/VsTestRunner2/netcoreapp" className="Engine.Behavior.Tests.Start.AggregateTests" name="ShouldResolveIDCtor" />
    </UnitTest>
    <UnitTest name="Engine.Behavior.Tests.Initialize.Evt2DocTests.ShouldExecuteEvt2DocFunc" storage="/home/rl/work/github.com/discomco/dot-cart/examples/car/engine.behavior.tests/bin/debug/net7.0/engine.behavior.tests.dll" id="ac4c312b-27f2-fa55-c681-d387aa93c910">
      <Execution id="9de5e31a-d295-40c3-be3d-5551f2294235" />
      <TestMethod codeBase="/home/rl/work/github.com/discomco/dot-cart/examples/car/Engine.Behavior.Tests/bin/Debug/net7.0/Engine.Behavior.Tests.dll" adapterTypeName="executor://xunit/VsTestRunner2/netcoreapp" className="Engine.Behavior.Tests.Initialize.Evt2DocTests" name="ShouldExecuteEvt2DocFunc" />
    </UnitTest>
    <UnitTest name="Engine.Behavior.Tests.Stop.ShouldStopOnZeroPowerTests.ShouldKnowChoreography" storage="/home/rl/work/github.com/discomco/dot-cart/examples/car/engine.behavior.tests/bin/debug/net7.0/engine.behavior.tests.dll" id="fa699581-bfa2-4469-cd69-ad48b92f1c56">
      <Execution id="cb482fe7-66cd-4ae8-82f1-5c4c6f48ab28" />
      <TestMethod codeBase="/home/rl/work/github.com/discomco/dot-cart/examples/car/Engine.Behavior.Tests/bin/Debug/net7.0/Engine.Behavior.Tests.dll" adapterTypeName="executor://xunit/VsTestRunner2/netcoreapp" className="Engine.Behavior.Tests.Stop.ShouldStopOnZeroPowerTests" name="ShouldKnowChoreography" />
    </UnitTest>
    <UnitTest name="Engine.Behavior.Tests.ChangeRpm.EvtTests.ShouldResolveIDCtor" storage="/home/rl/work/github.com/discomco/dot-cart/examples/car/engine.behavior.tests/bin/debug/net7.0/engine.behavior.tests.dll" id="a972457f-5d42-0713-df0d-50a13e28e394">
      <Execution id="e0306ddf-91f1-440d-b4c8-0bb9a3b1cb0a" />
      <TestMethod codeBase="/home/rl/work/github.com/discomco/dot-cart/examples/car/Engine.Behavior.Tests/bin/Debug/net7.0/Engine.Behavior.Tests.dll" adapterTypeName="executor://xunit/VsTestRunner2/netcoreapp" className="Engine.Behavior.Tests.ChangeRpm.EvtTests" name="ShouldResolveIDCtor" />
    </UnitTest>
    <UnitTest name="Engine.Behavior.Tests.Start.Evt2DocTests.ShouldResolveEvt2DocFunc" storage="/home/rl/work/github.com/discomco/dot-cart/examples/car/engine.behavior.tests/bin/debug/net7.0/engine.behavior.tests.dll" id="dd5c6878-d7e7-0f10-e8c9-28c4ec7afaa1">
      <Execution id="a913a2cc-5390-48c5-b21e-39473dae8055" />
      <TestMethod codeBase="/home/rl/work/github.com/discomco/dot-cart/examples/car/Engine.Behavior.Tests/bin/Debug/net7.0/Engine.Behavior.Tests.dll" adapterTypeName="executor://xunit/VsTestRunner2/netcoreapp" className="Engine.Behavior.Tests.Start.Evt2DocTests" name="ShouldResolveEvt2DocFunc" />
    </UnitTest>
    <UnitTest name="Engine.Behavior.Tests.Start.ShouldStartOnInitializedTests.ShouldKnowChoreography" storage="/home/rl/work/github.com/discomco/dot-cart/examples/car/engine.behavior.tests/bin/debug/net7.0/engine.behavior.tests.dll" id="78a12c21-bb30-3a5b-ffce-dce777d05391">
      <Execution id="1757ccc4-3549-4505-b190-14c8b54c8752" />
      <TestMethod codeBase="/home/rl/work/github.com/discomco/dot-cart/examples/car/Engine.Behavior.Tests/bin/Debug/net7.0/Engine.Behavior.Tests.dll" adapterTypeName="executor://xunit/VsTestRunner2/netcoreapp" className="Engine.Behavior.Tests.Start.ShouldStartOnInitializedTests" name="ShouldKnowChoreography" />
    </UnitTest>
    <UnitTest name="Engine.Behavior.Tests.Initialize.AggregateTests.ShouldResolveStateCtor" storage="/home/rl/work/github.com/discomco/dot-cart/examples/car/engine.behavior.tests/bin/debug/net7.0/engine.behavior.tests.dll" id="88c18e8c-7317-4507-021f-beea649ea4ec">
      <Execution id="edd9673b-20e1-458d-a431-56dbad1924fe" />
      <TestMethod codeBase="/home/rl/work/github.com/discomco/dot-cart/examples/car/Engine.Behavior.Tests/bin/Debug/net7.0/Engine.Behavior.Tests.dll" adapterTypeName="executor://xunit/VsTestRunner2/netcoreapp" className="Engine.Behavior.Tests.Initialize.AggregateTests" name="ShouldResolveStateCtor" />
    </UnitTest>
    <UnitTest name="Engine.Behavior.Tests.Initialize.AggregateTests.ShouldResolveApplyEvt" storage="/home/rl/work/github.com/discomco/dot-cart/examples/car/engine.behavior.tests/bin/debug/net7.0/engine.behavior.tests.dll" id="339531b4-5216-0d08-ef38-ecf3e66402c5">
      <Execution id="8fb3fdec-e8c0-4a24-82f7-c5d0681fcd4a" />
      <TestMethod codeBase="/home/rl/work/github.com/discomco/dot-cart/examples/car/Engine.Behavior.Tests/bin/Debug/net7.0/Engine.Behavior.Tests.dll" adapterTypeName="executor://xunit/VsTestRunner2/netcoreapp" className="Engine.Behavior.Tests.Initialize.AggregateTests" name="ShouldResolveApplyEvt" />
    </UnitTest>
    <UnitTest name="Engine.Behavior.Tests.ChangeDetails.AggregateTests.ShouldResolveEvt2State" storage="/home/rl/work/github.com/discomco/dot-cart/examples/car/engine.behavior.tests/bin/debug/net7.0/engine.behavior.tests.dll" id="d79d6345-c9c5-2663-30dd-08a0a5b5e2f7">
      <Execution id="dffcdbb2-226c-4de1-865d-aabb40ba58b6" />
      <TestMethod codeBase="/home/rl/work/github.com/discomco/dot-cart/examples/car/Engine.Behavior.Tests/bin/Debug/net7.0/Engine.Behavior.Tests.dll" adapterTypeName="executor://xunit/VsTestRunner2/netcoreapp" className="Engine.Behavior.Tests.ChangeDetails.AggregateTests" name="ShouldResolveEvt2State" />
    </UnitTest>
    <UnitTest name="Engine.Behavior.Tests.Initialize.EvtTests.ShouldResolveIDCtor" storage="/home/rl/work/github.com/discomco/dot-cart/examples/car/engine.behavior.tests/bin/debug/net7.0/engine.behavior.tests.dll" id="c233215d-56f4-c651-a3c5-d7ca8e93f32a">
      <Execution id="5245af8b-3c55-4438-81ba-4cff5570ec9b" />
      <TestMethod codeBase="/home/rl/work/github.com/discomco/dot-cart/examples/car/Engine.Behavior.Tests/bin/Debug/net7.0/Engine.Behavior.Tests.dll" adapterTypeName="executor://xunit/VsTestRunner2/netcoreapp" className="Engine.Behavior.Tests.Initialize.EvtTests" name="ShouldResolveIDCtor" />
    </UnitTest>
    <UnitTest name="Engine.Behavior.Tests.ChangeDetails.AggregateTests.ShouldResolveAggregateBuilder" storage="/home/rl/work/github.com/discomco/dot-cart/examples/car/engine.behavior.tests/bin/debug/net7.0/engine.behavior.tests.dll" id="fa0328ae-d18c-4d01-51b6-94f81feaad90">
      <Execution id="905485ed-a11c-4c0c-87bd-898b0339e35d" />
      <TestMethod codeBase="/home/rl/work/github.com/discomco/dot-cart/examples/car/Engine.Behavior.Tests/bin/Debug/net7.0/Engine.Behavior.Tests.dll" adapterTypeName="executor://xunit/VsTestRunner2/netcoreapp" className="Engine.Behavior.Tests.ChangeDetails.AggregateTests" name="ShouldResolveAggregateBuilder" />
    </UnitTest>
    <UnitTest name="Engine.Behavior.Tests.Stop.EvtTests.ShouldHaveTopicAttribute" storage="/home/rl/work/github.com/discomco/dot-cart/examples/car/engine.behavior.tests/bin/debug/net7.0/engine.behavior.tests.dll" id="ca79c77f-feed-7d90-241c-0bea725610f0">
      <Execution id="46d6a919-65be-4c82-b6d0-718605d29e2a" />
      <TestMethod codeBase="/home/rl/work/github.com/discomco/dot-cart/examples/car/Engine.Behavior.Tests/bin/Debug/net7.0/Engine.Behavior.Tests.dll" adapterTypeName="executor://xunit/VsTestRunner2/netcoreapp" className="Engine.Behavior.Tests.Stop.EvtTests" name="ShouldHaveTopicAttribute" />
    </UnitTest>
    <UnitTest name="Engine.Behavior.Tests.Start.EvtTests.ShouldResolvePayloadCtor" storage="/home/rl/work/github.com/discomco/dot-cart/examples/car/engine.behavior.tests/bin/debug/net7.0/engine.behavior.tests.dll" id="fdea0101-b4da-16ee-41d5-408b7153f936">
      <Execution id="8a536b03-7c27-4fbe-90df-e1e2ad03ec05" />
      <TestMethod codeBase="/home/rl/work/github.com/discomco/dot-cart/examples/car/Engine.Behavior.Tests/bin/Debug/net7.0/Engine.Behavior.Tests.dll" adapterTypeName="executor://xunit/VsTestRunner2/netcoreapp" className="Engine.Behavior.Tests.Start.EvtTests" name="ShouldResolvePayloadCtor" />
    </UnitTest>
    <UnitTest name="Engine.Behavior.Tests.ChangeDetails.CmdTests.ShouldResolveCmdCtor" storage="/home/rl/work/github.com/discomco/dot-cart/examples/car/engine.behavior.tests/bin/debug/net7.0/engine.behavior.tests.dll" id="463e5be0-a62c-c54f-05d9-d88a2df088bf">
      <Execution id="bef59f52-9144-4a54-8679-c1d4b412dbce" />
      <TestMethod codeBase="/home/rl/work/github.com/discomco/dot-cart/examples/car/Engine.Behavior.Tests/bin/Debug/net7.0/Engine.Behavior.Tests.dll" adapterTypeName="executor://xunit/VsTestRunner2/netcoreapp" className="Engine.Behavior.Tests.ChangeDetails.CmdTests" name="ShouldResolveCmdCtor" />
    </UnitTest>
    <UnitTest name="Engine.Behavior.Tests.ChangeDetails.AggregateTests.ShouldResolveApplyEvt" storage="/home/rl/work/github.com/discomco/dot-cart/examples/car/engine.behavior.tests/bin/debug/net7.0/engine.behavior.tests.dll" id="bd34a4a4-cc6d-023d-6d43-84b00079cb75">
      <Execution id="74955bed-f3e5-4fda-92cd-00155c42973c" />
      <TestMethod codeBase="/home/rl/work/github.com/discomco/dot-cart/examples/car/Engine.Behavior.Tests/bin/Debug/net7.0/Engine.Behavior.Tests.dll" adapterTypeName="executor://xunit/VsTestRunner2/netcoreapp" className="Engine.Behavior.Tests.ChangeDetails.AggregateTests" name="ShouldResolveApplyEvt" />
    </UnitTest>
    <UnitTest name="Engine.Behavior.Tests.ChangeDetails.Evt2ListTests.ShouldResolveProjectionValidatorFunction" storage="/home/rl/work/github.com/discomco/dot-cart/examples/car/engine.behavior.tests/bin/debug/net7.0/engine.behavior.tests.dll" id="1744c897-0713-722a-0eca-b41b7c29da6e">
      <Execution id="12dcca6a-e412-4ba9-84a9-22ab071637a0" />
      <TestMethod codeBase="/home/rl/work/github.com/discomco/dot-cart/examples/car/Engine.Behavior.Tests/bin/Debug/net7.0/Engine.Behavior.Tests.dll" adapterTypeName="executor://xunit/VsTestRunner2/netcoreapp" className="Engine.Behavior.Tests.ChangeDetails.Evt2ListTests" name="ShouldResolveProjectionValidatorFunction" />
    </UnitTest>
    <UnitTest name="Engine.Behavior.Tests.Start.Evt2ListTests.ShouldResolveDocCtor" storage="/home/rl/work/github.com/discomco/dot-cart/examples/car/engine.behavior.tests/bin/debug/net7.0/engine.behavior.tests.dll" id="95ab9c10-165f-0b0a-c113-1fec9ffdf5bc">
      <Execution id="320d97f8-3e43-40dc-b126-c8f43e910744" />
      <TestMethod codeBase="/home/rl/work/github.com/discomco/dot-cart/examples/car/Engine.Behavior.Tests/bin/Debug/net7.0/Engine.Behavior.Tests.dll" adapterTypeName="executor://xunit/VsTestRunner2/netcoreapp" className="Engine.Behavior.Tests.Start.Evt2ListTests" name="ShouldResolveDocCtor" />
    </UnitTest>
    <UnitTest name="Engine.Behavior.Tests.Start.Evt2DocTests.ShouldResolveDocCtor" storage="/home/rl/work/github.com/discomco/dot-cart/examples/car/engine.behavior.tests/bin/debug/net7.0/engine.behavior.tests.dll" id="fc0d5373-c567-6167-72d7-6d380141c9bf">
      <Execution id="98515925-a204-4ea5-bd61-e5d26f2e60e4" />
      <TestMethod codeBase="/home/rl/work/github.com/discomco/dot-cart/examples/car/Engine.Behavior.Tests/bin/Debug/net7.0/Engine.Behavior.Tests.dll" adapterTypeName="executor://xunit/VsTestRunner2/netcoreapp" className="Engine.Behavior.Tests.Start.Evt2DocTests" name="ShouldResolveDocCtor" />
    </UnitTest>
    <UnitTest name="Engine.Behavior.Tests.Initialize.EvtTests.ShouldResolveEvtCtor" storage="/home/rl/work/github.com/discomco/dot-cart/examples/car/engine.behavior.tests/bin/debug/net7.0/engine.behavior.tests.dll" id="a6cd6ba7-bc6f-7a31-4a07-1c5be2ebd163">
      <Execution id="6ae0653f-c28a-41aa-8a98-57d4f7d69ab8" />
      <TestMethod codeBase="/home/rl/work/github.com/discomco/dot-cart/examples/car/Engine.Behavior.Tests/bin/Debug/net7.0/Engine.Behavior.Tests.dll" adapterTypeName="executor://xunit/VsTestRunner2/netcoreapp" className="Engine.Behavior.Tests.Initialize.EvtTests" name="ShouldResolveEvtCtor" />
    </UnitTest>
    <UnitTest name="Engine.Behavior.Tests.ChangeRpm.Evt2ListTests.ShouldResolveEvt2DocFunc" storage="/home/rl/work/github.com/discomco/dot-cart/examples/car/engine.behavior.tests/bin/debug/net7.0/engine.behavior.tests.dll" id="26ce83a7-0c1b-5f8b-3520-4a84f546107f">
      <Execution id="ce9ce859-0638-4967-8789-35f4d8debcc9" />
      <TestMethod codeBase="/home/rl/work/github.com/discomco/dot-cart/examples/car/Engine.Behavior.Tests/bin/Debug/net7.0/Engine.Behavior.Tests.dll" adapterTypeName="executor://xunit/VsTestRunner2/netcoreapp" className="Engine.Behavior.Tests.ChangeRpm.Evt2ListTests" name="ShouldResolveEvt2DocFunc" />
    </UnitTest>
    <UnitTest name="Engine.Behavior.Tests.Start.Evt2DocTests.ShouldResolvePayloadCtor" storage="/home/rl/work/github.com/discomco/dot-cart/examples/car/engine.behavior.tests/bin/debug/net7.0/engine.behavior.tests.dll" id="ad8db1d9-487e-4dce-963d-d4177e1169c3">
      <Execution id="8e787d2d-22e3-4ee7-af5c-4205a069fb01" />
      <TestMethod codeBase="/home/rl/work/github.com/discomco/dot-cart/examples/car/Engine.Behavior.Tests/bin/Debug/net7.0/Engine.Behavior.Tests.dll" adapterTypeName="executor://xunit/VsTestRunner2/netcoreapp" className="Engine.Behavior.Tests.Start.Evt2DocTests" name="ShouldResolvePayloadCtor" />
    </UnitTest>
    <UnitTest name="Engine.Behavior.Tests.Stop.Evt2DocTests.ShouldResolveMetaCtor" storage="/home/rl/work/github.com/discomco/dot-cart/examples/car/engine.behavior.tests/bin/debug/net7.0/engine.behavior.tests.dll" id="c8e275b1-1bba-6671-dfaa-5c879ab822c9">
      <Execution id="0a8e3178-817d-4282-9ce9-24ad41e9b582" />
      <TestMethod codeBase="/home/rl/work/github.com/discomco/dot-cart/examples/car/Engine.Behavior.Tests/bin/Debug/net7.0/Engine.Behavior.Tests.dll" adapterTypeName="executor://xunit/VsTestRunner2/netcoreapp" className="Engine.Behavior.Tests.Stop.Evt2DocTests" name="ShouldResolveMetaCtor" />
    </UnitTest>
    <UnitTest name="Engine.Behavior.Tests.Initialize.CmdTests.ShouldHaveCmdTopic" storage="/home/rl/work/github.com/discomco/dot-cart/examples/car/engine.behavior.tests/bin/debug/net7.0/engine.behavior.tests.dll" id="2ced5476-8ad6-7564-7b90-70a4fa9ce0a3">
      <Execution id="3ef598ae-07d2-437d-ba2e-7f2b0328eb92" />
      <TestMethod codeBase="/home/rl/work/github.com/discomco/dot-cart/examples/car/Engine.Behavior.Tests/bin/Debug/net7.0/Engine.Behavior.Tests.dll" adapterTypeName="executor://xunit/VsTestRunner2/netcoreapp" className="Engine.Behavior.Tests.Initialize.CmdTests" name="ShouldHaveCmdTopic" />
    </UnitTest>
    <UnitTest name="Engine.Behavior.Tests.Stop.AggregateTests.ShouldResolveApplyEvt" storage="/home/rl/work/github.com/discomco/dot-cart/examples/car/engine.behavior.tests/bin/debug/net7.0/engine.behavior.tests.dll" id="2d6e4de7-e794-7823-f47b-91f4658694a0">
      <Execution id="a2a9c7c5-04d7-42da-adc2-aeecd3428964" />
      <TestMethod codeBase="/home/rl/work/github.com/discomco/dot-cart/examples/car/Engine.Behavior.Tests/bin/Debug/net7.0/Engine.Behavior.Tests.dll" adapterTypeName="executor://xunit/VsTestRunner2/netcoreapp" className="Engine.Behavior.Tests.Stop.AggregateTests" name="ShouldResolveApplyEvt" />
    </UnitTest>
    <UnitTest name="Engine.Behavior.Tests.ChangeDetails.AggregateTests.ShouldResolveTryCmd" storage="/home/rl/work/github.com/discomco/dot-cart/examples/car/engine.behavior.tests/bin/debug/net7.0/engine.behavior.tests.dll" id="a1c9b281-b473-b32e-50bc-f5729c050f04">
      <Execution id="83b03617-5271-4160-8d6e-e3727d1e1409" />
      <TestMethod codeBase="/home/rl/work/github.com/discomco/dot-cart/examples/car/Engine.Behavior.Tests/bin/Debug/net7.0/Engine.Behavior.Tests.dll" adapterTypeName="executor://xunit/VsTestRunner2/netcoreapp" className="Engine.Behavior.Tests.ChangeDetails.AggregateTests" name="ShouldResolveTryCmd" />
    </UnitTest>
    <UnitTest name="Engine.Behavior.Tests.Start.CmdTests.ShouldHaveCmdTopic" storage="/home/rl/work/github.com/discomco/dot-cart/examples/car/engine.behavior.tests/bin/debug/net7.0/engine.behavior.tests.dll" id="2d58c7d4-6279-fa71-794a-6755a1784073">
      <Execution id="0891d399-4abe-4053-ab35-6c7c862e1dbe" />
      <TestMethod codeBase="/home/rl/work/github.com/discomco/dot-cart/examples/car/Engine.Behavior.Tests/bin/Debug/net7.0/Engine.Behavior.Tests.dll" adapterTypeName="executor://xunit/VsTestRunner2/netcoreapp" className="Engine.Behavior.Tests.Start.CmdTests" name="ShouldHaveCmdTopic" />
    </UnitTest>
    <UnitTest name="Engine.Behavior.Tests.ChangeDetails.ShouldChangeDetailsOnInitializedTests.ShouldRaiseOutputEvent" storage="/home/rl/work/github.com/discomco/dot-cart/examples/car/engine.behavior.tests/bin/debug/net7.0/engine.behavior.tests.dll" id="e53e0983-b229-767a-4291-06b322315e6c">
      <Execution id="f2891565-a8c9-4064-8a94-edd73d109d27" />
      <TestMethod codeBase="/home/rl/work/github.com/discomco/dot-cart/examples/car/Engine.Behavior.Tests/bin/Debug/net7.0/Engine.Behavior.Tests.dll" adapterTypeName="executor://xunit/VsTestRunner2/netcoreapp" className="Engine.Behavior.Tests.ChangeDetails.ShouldChangeDetailsOnInitializedTests" name="ShouldRaiseOutputEvent" />
    </UnitTest>
    <UnitTest name="Engine.Behavior.Tests.Stop.Evt2ListTests.ShouldResolveDocCtor" storage="/home/rl/work/github.com/discomco/dot-cart/examples/car/engine.behavior.tests/bin/debug/net7.0/engine.behavior.tests.dll" id="b01b6b05-3e5a-0654-16b8-0a8b4805fa43">
      <Execution id="1aa438b3-e676-45f0-8d3f-97d5444e24e4" />
      <TestMethod codeBase="/home/rl/work/github.com/discomco/dot-cart/examples/car/Engine.Behavior.Tests/bin/Debug/net7.0/Engine.Behavior.Tests.dll" adapterTypeName="executor://xunit/VsTestRunner2/netcoreapp" className="Engine.Behavior.Tests.Stop.Evt2ListTests" name="ShouldResolveDocCtor" />
    </UnitTest>
    <UnitTest name="Engine.Behavior.Tests.Stop.Evt2ListTests.ShouldExecuteEvt2DocFunc" storage="/home/rl/work/github.com/discomco/dot-cart/examples/car/engine.behavior.tests/bin/debug/net7.0/engine.behavior.tests.dll" id="d63b284f-acd1-b86a-b343-34c4276b307c">
      <Execution id="266f1955-0dcf-4d82-b05f-43b224fbf03c" />
      <TestMethod codeBase="/home/rl/work/github.com/discomco/dot-cart/examples/car/Engine.Behavior.Tests/bin/Debug/net7.0/Engine.Behavior.Tests.dll" adapterTypeName="executor://xunit/VsTestRunner2/netcoreapp" className="Engine.Behavior.Tests.Stop.Evt2ListTests" name="ShouldExecuteEvt2DocFunc" />
    </UnitTest>
    <UnitTest name="Engine.Behavior.Tests.ChangeDetails.ShouldChangeDetailsOnInitializedTests.ShouldResolveEvt2Cmd" storage="/home/rl/work/github.com/discomco/dot-cart/examples/car/engine.behavior.tests/bin/debug/net7.0/engine.behavior.tests.dll" id="e3e726a0-a8c9-c8e4-c94f-693b386b51ae">
      <Execution id="8c44f1a0-47c5-4ae7-b116-d09c15a5a86f" />
      <TestMethod codeBase="/home/rl/work/github.com/discomco/dot-cart/examples/car/Engine.Behavior.Tests/bin/Debug/net7.0/Engine.Behavior.Tests.dll" adapterTypeName="executor://xunit/VsTestRunner2/netcoreapp" className="Engine.Behavior.Tests.ChangeDetails.ShouldChangeDetailsOnInitializedTests" name="ShouldResolveEvt2Cmd" />
    </UnitTest>
    <UnitTest name="Engine.Behavior.Tests.ChangeDetails.Evt2DocTests.ShouldResolvePayloadCtor" storage="/home/rl/work/github.com/discomco/dot-cart/examples/car/engine.behavior.tests/bin/debug/net7.0/engine.behavior.tests.dll" id="1e7b5b69-354b-8746-3a47-d7a878849db7">
      <Execution id="ae894a9c-6049-4be8-97a5-aff07aa18bb9" />
      <TestMethod codeBase="/home/rl/work/github.com/discomco/dot-cart/examples/car/Engine.Behavior.Tests/bin/Debug/net7.0/Engine.Behavior.Tests.dll" adapterTypeName="executor://xunit/VsTestRunner2/netcoreapp" className="Engine.Behavior.Tests.ChangeDetails.Evt2DocTests" name="ShouldResolvePayloadCtor" />
    </UnitTest>
    <UnitTest name="Engine.Behavior.Tests.Stop.Evt2ListTests.ShouldResolveProjectionValidatorFunction" storage="/home/rl/work/github.com/discomco/dot-cart/examples/car/engine.behavior.tests/bin/debug/net7.0/engine.behavior.tests.dll" id="c3d42857-7850-bead-3cc1-d986bb887cba">
      <Execution id="0e9071b9-9f2c-4451-95d5-3511eccfbde0" />
      <TestMethod codeBase="/home/rl/work/github.com/discomco/dot-cart/examples/car/Engine.Behavior.Tests/bin/Debug/net7.0/Engine.Behavior.Tests.dll" adapterTypeName="executor://xunit/VsTestRunner2/netcoreapp" className="Engine.Behavior.Tests.Stop.Evt2ListTests" name="ShouldResolveProjectionValidatorFunction" />
    </UnitTest>
    <UnitTest name="Engine.Behavior.Tests.Start.Evt2DocTests.ShouldResolveProjectionValidatorFunction" storage="/home/rl/work/github.com/discomco/dot-cart/examples/car/engine.behavior.tests/bin/debug/net7.0/engine.behavior.tests.dll" id="37ba7572-27b8-122a-03d7-5100f92f8bb0">
      <Execution id="7e33ec2b-4997-4073-8e4f-644121a61176" />
      <TestMethod codeBase="/home/rl/work/github.com/discomco/dot-cart/examples/car/Engine.Behavior.Tests/bin/Debug/net7.0/Engine.Behavior.Tests.dll" adapterTypeName="executor://xunit/VsTestRunner2/netcoreapp" className="Engine.Behavior.Tests.Start.Evt2DocTests" name="ShouldResolveProjectionValidatorFunction" />
    </UnitTest>
    <UnitTest name="Engine.Behavior.Tests.Start.Evt2ListTests.ShouldResolvePayloadCtor" storage="/home/rl/work/github.com/discomco/dot-cart/examples/car/engine.behavior.tests/bin/debug/net7.0/engine.behavior.tests.dll" id="ef1aa523-c074-3851-28c4-5fd5d0919f22">
      <Execution id="ee9d2aab-5853-437e-9c4d-410cab3b2afc" />
      <TestMethod codeBase="/home/rl/work/github.com/discomco/dot-cart/examples/car/Engine.Behavior.Tests/bin/Debug/net7.0/Engine.Behavior.Tests.dll" adapterTypeName="executor://xunit/VsTestRunner2/netcoreapp" className="Engine.Behavior.Tests.Start.Evt2ListTests" name="ShouldResolvePayloadCtor" />
    </UnitTest>
    <UnitTest name="Engine.Behavior.Tests.Stop.AggregateTests.ShouldResolveAggregateBuilder" storage="/home/rl/work/github.com/discomco/dot-cart/examples/car/engine.behavior.tests/bin/debug/net7.0/engine.behavior.tests.dll" id="6da36a9b-9c4d-889d-1a3e-891c043ae33a">
      <Execution id="3da5831a-19aa-4330-bed2-e730f83943ca" />
      <TestMethod codeBase="/home/rl/work/github.com/discomco/dot-cart/examples/car/Engine.Behavior.Tests/bin/Debug/net7.0/Engine.Behavior.Tests.dll" adapterTypeName="executor://xunit/VsTestRunner2/netcoreapp" className="Engine.Behavior.Tests.Stop.AggregateTests" name="ShouldResolveAggregateBuilder" />
    </UnitTest>
    <UnitTest name="Engine.Behavior.Tests.ChangeRpm.AggregateTests.ShouldCreateID" storage="/home/rl/work/github.com/discomco/dot-cart/examples/car/engine.behavior.tests/bin/debug/net7.0/engine.behavior.tests.dll" id="b19adaf3-0596-491e-db51-7a18da6f2696">
      <Execution id="c540b0f5-ea46-4284-8a7e-03e07536dd2d" />
      <TestMethod codeBase="/home/rl/work/github.com/discomco/dot-cart/examples/car/Engine.Behavior.Tests/bin/Debug/net7.0/Engine.Behavior.Tests.dll" adapterTypeName="executor://xunit/VsTestRunner2/netcoreapp" className="Engine.Behavior.Tests.ChangeRpm.AggregateTests" name="ShouldCreateID" />
    </UnitTest>
    <UnitTest name="Engine.Behavior.Tests.ChangeRpm.AggregateTests.ShouldResolveTryCmd" storage="/home/rl/work/github.com/discomco/dot-cart/examples/car/engine.behavior.tests/bin/debug/net7.0/engine.behavior.tests.dll" id="7b7abcf6-72a4-bc97-e95a-4d0ddbd3995a">
      <Execution id="33916c00-4ff9-4b59-a33a-42d331cfa629" />
      <TestMethod codeBase="/home/rl/work/github.com/discomco/dot-cart/examples/car/Engine.Behavior.Tests/bin/Debug/net7.0/Engine.Behavior.Tests.dll" adapterTypeName="executor://xunit/VsTestRunner2/netcoreapp" className="Engine.Behavior.Tests.ChangeRpm.AggregateTests" name="ShouldResolveTryCmd" />
    </UnitTest>
    <UnitTest name="Engine.Behavior.Tests.StatusTests.ShouldSetAFlag" storage="/home/rl/work/github.com/discomco/dot-cart/examples/car/engine.behavior.tests/bin/debug/net7.0/engine.behavior.tests.dll" id="b58884f7-a5c2-4f7b-e011-8958ea023ad6">
      <Execution id="2f66777a-c7c9-4aa2-a7be-dd5da93a4c28" />
      <TestMethod codeBase="/home/rl/work/github.com/discomco/dot-cart/examples/car/Engine.Behavior.Tests/bin/Debug/net7.0/Engine.Behavior.Tests.dll" adapterTypeName="executor://xunit/VsTestRunner2/netcoreapp" className="Engine.Behavior.Tests.StatusTests" name="ShouldSetAFlag" />
    </UnitTest>
    <UnitTest name="Engine.Behavior.Tests.Start.Evt2DocTests.ShouldResolveIDCtor" storage="/home/rl/work/github.com/discomco/dot-cart/examples/car/engine.behavior.tests/bin/debug/net7.0/engine.behavior.tests.dll" id="c026518b-275c-338e-80da-4370de18e081">
      <Execution id="ab48ea07-a2cc-46d0-a4bf-19e67be3a2e0" />
      <TestMethod codeBase="/home/rl/work/github.com/discomco/dot-cart/examples/car/Engine.Behavior.Tests/bin/Debug/net7.0/Engine.Behavior.Tests.dll" adapterTypeName="executor://xunit/VsTestRunner2/netcoreapp" className="Engine.Behavior.Tests.Start.Evt2DocTests" name="ShouldResolveIDCtor" />
    </UnitTest>
    <UnitTest name="Engine.Behavior.Tests.Initialize.AggregateTests.ShouldCreateID" storage="/home/rl/work/github.com/discomco/dot-cart/examples/car/engine.behavior.tests/bin/debug/net7.0/engine.behavior.tests.dll" id="ceda859d-f72c-9ea9-1ab5-af975dff3aa1">
      <Execution id="6ce88a98-f30a-40ad-b9e8-c8b751a3aa12" />
      <TestMethod codeBase="/home/rl/work/github.com/discomco/dot-cart/examples/car/Engine.Behavior.Tests/bin/Debug/net7.0/Engine.Behavior.Tests.dll" adapterTypeName="executor://xunit/VsTestRunner2/netcoreapp" className="Engine.Behavior.Tests.Initialize.AggregateTests" name="ShouldCreateID" />
    </UnitTest>
    <UnitTest name="Engine.Behavior.Tests.Initialize.AggregateTests.ShouldResolveIDCtor" storage="/home/rl/work/github.com/discomco/dot-cart/examples/car/engine.behavior.tests/bin/debug/net7.0/engine.behavior.tests.dll" id="f8e8db9f-136e-d706-1191-8181574628b5">
      <Execution id="29308738-b073-4bc7-b362-ebd18ba94066" />
      <TestMethod codeBase="/home/rl/work/github.com/discomco/dot-cart/examples/car/Engine.Behavior.Tests/bin/Debug/net7.0/Engine.Behavior.Tests.dll" adapterTypeName="executor://xunit/VsTestRunner2/netcoreapp" className="Engine.Behavior.Tests.Initialize.AggregateTests" name="ShouldResolveIDCtor" />
    </UnitTest>
    <UnitTest name="Engine.Behavior.Tests.Start.EvtTests.ShouldResolveEvtCtor" storage="/home/rl/work/github.com/discomco/dot-cart/examples/car/engine.behavior.tests/bin/debug/net7.0/engine.behavior.tests.dll" id="087d89a7-d233-c785-6ccc-1d3620e23787">
      <Execution id="2026a9e9-c46f-4848-bd91-f3c43e75278d" />
      <TestMethod codeBase="/home/rl/work/github.com/discomco/dot-cart/examples/car/Engine.Behavior.Tests/bin/Debug/net7.0/Engine.Behavior.Tests.dll" adapterTypeName="executor://xunit/VsTestRunner2/netcoreapp" className="Engine.Behavior.Tests.Start.EvtTests" name="ShouldResolveEvtCtor" />
    </UnitTest>
    <UnitTest name="Engine.Behavior.Tests.Initialize.CmdTests.ShouldResolveIDCtor" storage="/home/rl/work/github.com/discomco/dot-cart/examples/car/engine.behavior.tests/bin/debug/net7.0/engine.behavior.tests.dll" id="5e39b19b-62f4-9ebd-7ddd-2cc1243d64c7">
      <Execution id="492f9711-dac6-4c17-b7b4-7e0fd7fe0080" />
      <TestMethod codeBase="/home/rl/work/github.com/discomco/dot-cart/examples/car/Engine.Behavior.Tests/bin/Debug/net7.0/Engine.Behavior.Tests.dll" adapterTypeName="executor://xunit/VsTestRunner2/netcoreapp" className="Engine.Behavior.Tests.Initialize.CmdTests" name="ShouldResolveIDCtor" />
    </UnitTest>
    <UnitTest name="Engine.Behavior.Tests.Initialize.AggregateTests.ShouldResolveTryCmd" storage="/home/rl/work/github.com/discomco/dot-cart/examples/car/engine.behavior.tests/bin/debug/net7.0/engine.behavior.tests.dll" id="3213074f-228c-2e65-8d0b-4acb051f3426">
      <Execution id="b98368fc-3cc6-4c9c-be8b-9bdc9d218441" />
      <TestMethod codeBase="/home/rl/work/github.com/discomco/dot-cart/examples/car/Engine.Behavior.Tests/bin/Debug/net7.0/Engine.Behavior.Tests.dll" adapterTypeName="executor://xunit/VsTestRunner2/netcoreapp" className="Engine.Behavior.Tests.Initialize.AggregateTests" name="ShouldResolveTryCmd" />
    </UnitTest>
    <UnitTest name="Engine.Behavior.Tests.Initialize.Evt2ListTests.ShouldExecuteEvt2DocFunc" storage="/home/rl/work/github.com/discomco/dot-cart/examples/car/engine.behavior.tests/bin/debug/net7.0/engine.behavior.tests.dll" id="e98b58e0-ef31-8bdc-3093-30a92e91c299">
      <Execution id="a6760dd0-065a-40bd-a53b-8a23972c81ee" />
      <TestMethod codeBase="/home/rl/work/github.com/discomco/dot-cart/examples/car/Engine.Behavior.Tests/bin/Debug/net7.0/Engine.Behavior.Tests.dll" adapterTypeName="executor://xunit/VsTestRunner2/netcoreapp" className="Engine.Behavior.Tests.Initialize.Evt2ListTests" name="ShouldExecuteEvt2DocFunc" />
    </UnitTest>
    <UnitTest name="Engine.Behavior.Tests.ChangeRpm.Evt2ListTests.ShouldResolvePayloadCtor" storage="/home/rl/work/github.com/discomco/dot-cart/examples/car/engine.behavior.tests/bin/debug/net7.0/engine.behavior.tests.dll" id="e278e3cb-e346-f365-24b3-263e53f68b4b">
      <Execution id="ae086000-767b-471c-bb0a-36f11f75b0c7" />
      <TestMethod codeBase="/home/rl/work/github.com/discomco/dot-cart/examples/car/Engine.Behavior.Tests/bin/Debug/net7.0/Engine.Behavior.Tests.dll" adapterTypeName="executor://xunit/VsTestRunner2/netcoreapp" className="Engine.Behavior.Tests.ChangeRpm.Evt2ListTests" name="ShouldResolvePayloadCtor" />
    </UnitTest>
    <UnitTest name="Engine.Behavior.Tests.Start.CmdTests.ShouldResolveIDCtor" storage="/home/rl/work/github.com/discomco/dot-cart/examples/car/engine.behavior.tests/bin/debug/net7.0/engine.behavior.tests.dll" id="9680ef86-7881-d4d9-98f5-354a4c425697">
      <Execution id="d2816909-c082-4f55-b200-ad9cade38399" />
      <TestMethod codeBase="/home/rl/work/github.com/discomco/dot-cart/examples/car/Engine.Behavior.Tests/bin/Debug/net7.0/Engine.Behavior.Tests.dll" adapterTypeName="executor://xunit/VsTestRunner2/netcoreapp" className="Engine.Behavior.Tests.Start.CmdTests" name="ShouldResolveIDCtor" />
    </UnitTest>
    <UnitTest name="Engine.Behavior.Tests.Stop.CmdTests.ShouldResolvePayloadCtor" storage="/home/rl/work/github.com/discomco/dot-cart/examples/car/engine.behavior.tests/bin/debug/net7.0/engine.behavior.tests.dll" id="20d154f5-f3bc-b948-7944-57c9f7990e7f">
      <Execution id="7785c50c-0c1a-469d-b263-d7078572e2b7" />
      <TestMethod codeBase="/home/rl/work/github.com/discomco/dot-cart/examples/car/Engine.Behavior.Tests/bin/Debug/net7.0/Engine.Behavior.Tests.dll" adapterTypeName="executor://xunit/VsTestRunner2/netcoreapp" className="Engine.Behavior.Tests.Stop.CmdTests" name="ShouldResolvePayloadCtor" />
    </UnitTest>
    <UnitTest name="Engine.Behavior.Tests.Initialize.Evt2ListTests.ShouldResolveEvtCtor" storage="/home/rl/work/github.com/discomco/dot-cart/examples/car/engine.behavior.tests/bin/debug/net7.0/engine.behavior.tests.dll" id="017d16be-9c5f-8aec-9bb3-d4505f296363">
      <Execution id="a4b16920-ed73-49c9-8d2d-cffc059f4be1" />
      <TestMethod codeBase="/home/rl/work/github.com/discomco/dot-cart/examples/car/Engine.Behavior.Tests/bin/Debug/net7.0/Engine.Behavior.Tests.dll" adapterTypeName="executor://xunit/VsTestRunner2/netcoreapp" className="Engine.Behavior.Tests.Initialize.Evt2ListTests" name="ShouldResolveEvtCtor" />
    </UnitTest>
    <UnitTest name="Engine.Behavior.Tests.Stop.Evt2DocTests.ShouldResolveDocCtor" storage="/home/rl/work/github.com/discomco/dot-cart/examples/car/engine.behavior.tests/bin/debug/net7.0/engine.behavior.tests.dll" id="aae218f2-cac3-4e8f-c259-29a149206cb0">
      <Execution id="7b3f0888-fb27-4a8f-97d9-3d376b1ed4b3" />
      <TestMethod codeBase="/home/rl/work/github.com/discomco/dot-cart/examples/car/Engine.Behavior.Tests/bin/Debug/net7.0/Engine.Behavior.Tests.dll" adapterTypeName="executor://xunit/VsTestRunner2/netcoreapp" className="Engine.Behavior.Tests.Stop.Evt2DocTests" name="ShouldResolveDocCtor" />
    </UnitTest>
    <UnitTest name="Engine.Behavior.Tests.Initialize.Evt2DocTests.ShouldResolveDocCtor" storage="/home/rl/work/github.com/discomco/dot-cart/examples/car/engine.behavior.tests/bin/debug/net7.0/engine.behavior.tests.dll" id="90ac11c8-9452-b84a-d5b7-0999e51694bc">
      <Execution id="c347c574-0bb8-47ac-b677-58227cb6080c" />
      <TestMethod codeBase="/home/rl/work/github.com/discomco/dot-cart/examples/car/Engine.Behavior.Tests/bin/Debug/net7.0/Engine.Behavior.Tests.dll" adapterTypeName="executor://xunit/VsTestRunner2/netcoreapp" className="Engine.Behavior.Tests.Initialize.Evt2DocTests" name="ShouldResolveDocCtor" />
    </UnitTest>
    <UnitTest name="Engine.Behavior.Tests.ChangeDetails.EvtTests.ShouldResolvePayloadCtor" storage="/home/rl/work/github.com/discomco/dot-cart/examples/car/engine.behavior.tests/bin/debug/net7.0/engine.behavior.tests.dll" id="7566183e-1607-6dc4-97a3-21b53309f24f">
      <Execution id="169dd492-fca3-4219-b4d4-27ec445f7382" />
      <TestMethod codeBase="/home/rl/work/github.com/discomco/dot-cart/examples/car/Engine.Behavior.Tests/bin/Debug/net7.0/Engine.Behavior.Tests.dll" adapterTypeName="executor://xunit/VsTestRunner2/netcoreapp" className="Engine.Behavior.Tests.ChangeDetails.EvtTests" name="ShouldResolvePayloadCtor" />
    </UnitTest>
    <UnitTest name="Engine.Behavior.Tests.ChangeDetails.CmdTests.ShouldResolvePayloadCtor" storage="/home/rl/work/github.com/discomco/dot-cart/examples/car/engine.behavior.tests/bin/debug/net7.0/engine.behavior.tests.dll" id="0f6890ce-7133-7848-991b-3660cccf468b">
      <Execution id="deae8dd6-4899-410c-90a4-0320e90b777f" />
      <TestMethod codeBase="/home/rl/work/github.com/discomco/dot-cart/examples/car/Engine.Behavior.Tests/bin/Debug/net7.0/Engine.Behavior.Tests.dll" adapterTypeName="executor://xunit/VsTestRunner2/netcoreapp" className="Engine.Behavior.Tests.ChangeDetails.CmdTests" name="ShouldResolvePayloadCtor" />
    </UnitTest>
    <UnitTest name="Engine.Behavior.Tests.ChangeRpm.EvtTests.ShouldResolveEvtCtor" storage="/home/rl/work/github.com/discomco/dot-cart/examples/car/engine.behavior.tests/bin/debug/net7.0/engine.behavior.tests.dll" id="99c38794-8339-8d20-7e0c-a022970b4aa0">
      <Execution id="0cb44ead-c994-4225-aaca-75c7a2938d86" />
      <TestMethod codeBase="/home/rl/work/github.com/discomco/dot-cart/examples/car/Engine.Behavior.Tests/bin/Debug/net7.0/Engine.Behavior.Tests.dll" adapterTypeName="executor://xunit/VsTestRunner2/netcoreapp" className="Engine.Behavior.Tests.ChangeRpm.EvtTests" name="ShouldResolveEvtCtor" />
    </UnitTest>
    <UnitTest name="Engine.Behavior.Tests.ChangeRpm.Evt2ListTests.ShouldResolveMetaCtor" storage="/home/rl/work/github.com/discomco/dot-cart/examples/car/engine.behavior.tests/bin/debug/net7.0/engine.behavior.tests.dll" id="3e4e7f8d-351a-ec2d-5563-f97169fbcfca">
      <Execution id="f3c79c1c-1ec4-444a-8da2-8250a94cf197" />
      <TestMethod codeBase="/home/rl/work/github.com/discomco/dot-cart/examples/car/Engine.Behavior.Tests/bin/Debug/net7.0/Engine.Behavior.Tests.dll" adapterTypeName="executor://xunit/VsTestRunner2/netcoreapp" className="Engine.Behavior.Tests.ChangeRpm.Evt2ListTests" name="ShouldResolveMetaCtor" />
    </UnitTest>
    <UnitTest name="Engine.Behavior.Tests.StatusTests.ShouldUnsetFlags" storage="/home/rl/work/github.com/discomco/dot-cart/examples/car/engine.behavior.tests/bin/debug/net7.0/engine.behavior.tests.dll" id="ad0800f4-684f-a84a-86f5-45702f40c456">
      <Execution id="ec95979a-9d64-4666-b6ad-3340fe65a982" />
      <TestMethod codeBase="/home/rl/work/github.com/discomco/dot-cart/examples/car/Engine.Behavior.Tests/bin/Debug/net7.0/Engine.Behavior.Tests.dll" adapterTypeName="executor://xunit/VsTestRunner2/netcoreapp" className="Engine.Behavior.Tests.StatusTests" name="ShouldUnsetFlags" />
    </UnitTest>
    <UnitTest name="Engine.Behavior.Tests.Start.Evt2DocTests.ShouldExecuteEvt2DocFunc" storage="/home/rl/work/github.com/discomco/dot-cart/examples/car/engine.behavior.tests/bin/debug/net7.0/engine.behavior.tests.dll" id="5212d2ef-34cb-bab2-823a-cc12a9a3e07b">
      <Execution id="d7b6532e-0586-4237-8122-a52e965c96d0" />
      <TestMethod codeBase="/home/rl/work/github.com/discomco/dot-cart/examples/car/Engine.Behavior.Tests/bin/Debug/net7.0/Engine.Behavior.Tests.dll" adapterTypeName="executor://xunit/VsTestRunner2/netcoreapp" className="Engine.Behavior.Tests.Start.Evt2DocTests" name="ShouldExecuteEvt2DocFunc" />
    </UnitTest>
    <UnitTest name="Engine.Behavior.Tests.Start.AggregateTests.ShouldResolveEvt2State" storage="/home/rl/work/github.com/discomco/dot-cart/examples/car/engine.behavior.tests/bin/debug/net7.0/engine.behavior.tests.dll" id="0388a126-0c60-a991-79be-6dbbc31f1a30">
      <Execution id="586d8f0c-0358-484d-8b97-851b79eb4450" />
      <TestMethod codeBase="/home/rl/work/github.com/discomco/dot-cart/examples/car/Engine.Behavior.Tests/bin/Debug/net7.0/Engine.Behavior.Tests.dll" adapterTypeName="executor://xunit/VsTestRunner2/netcoreapp" className="Engine.Behavior.Tests.Start.AggregateTests" name="ShouldResolveEvt2State" />
    </UnitTest>
    <UnitTest name="Engine.Behavior.Tests.ChangeDetails.Evt2ListTests.ShouldResolveEvt2DocFunc" storage="/home/rl/work/github.com/discomco/dot-cart/examples/car/engine.behavior.tests/bin/debug/net7.0/engine.behavior.tests.dll" id="c4b75366-05a1-6e78-03cd-ebb2f423e58c">
      <Execution id="10af3f9c-d7c8-4c57-b99f-23023aec5c1c" />
      <TestMethod codeBase="/home/rl/work/github.com/discomco/dot-cart/examples/car/Engine.Behavior.Tests/bin/Debug/net7.0/Engine.Behavior.Tests.dll" adapterTypeName="executor://xunit/VsTestRunner2/netcoreapp" className="Engine.Behavior.Tests.ChangeDetails.Evt2ListTests" name="ShouldResolveEvt2DocFunc" />
    </UnitTest>
    <UnitTest name="Engine.Behavior.Tests.Stop.ShouldStopOnZeroPowerTests.ShouldResolveChoreography" storage="/home/rl/work/github.com/discomco/dot-cart/examples/car/engine.behavior.tests/bin/debug/net7.0/engine.behavior.tests.dll" id="0db5f908-0a4f-ad88-9ffe-617b3a422893">
      <Execution id="e3cfc67c-6f0f-4ead-829f-699d45fce8fc" />
      <TestMethod codeBase="/home/rl/work/github.com/discomco/dot-cart/examples/car/Engine.Behavior.Tests/bin/Debug/net7.0/Engine.Behavior.Tests.dll" adapterTypeName="executor://xunit/VsTestRunner2/netcoreapp" className="Engine.Behavior.Tests.Stop.ShouldStopOnZeroPowerTests" name="ShouldResolveChoreography" />
    </UnitTest>
    <UnitTest name="Engine.Behavior.Tests.Stop.ShouldStopOnZeroPowerTests.ShouldResolveEvt2Cmd" storage="/home/rl/work/github.com/discomco/dot-cart/examples/car/engine.behavior.tests/bin/debug/net7.0/engine.behavior.tests.dll" id="fb6ad385-d0b9-a35c-cd5e-d74cc87b369b">
      <Execution id="10d02cff-4fac-4d49-a8fc-92f4e1f8003c" />
      <TestMethod codeBase="/home/rl/work/github.com/discomco/dot-cart/examples/car/Engine.Behavior.Tests/bin/Debug/net7.0/Engine.Behavior.Tests.dll" adapterTypeName="executor://xunit/VsTestRunner2/netcoreapp" className="Engine.Behavior.Tests.Stop.ShouldStopOnZeroPowerTests" name="ShouldResolveEvt2Cmd" />
    </UnitTest>
    <UnitTest name="Engine.Behavior.Tests.Initialize.AggregateTests.ShouldResolveEvt2State" storage="/home/rl/work/github.com/discomco/dot-cart/examples/car/engine.behavior.tests/bin/debug/net7.0/engine.behavior.tests.dll" id="93859312-162b-97af-ab58-768c8982669e">
      <Execution id="d26fead9-fc5c-42e5-9a52-784631dff813" />
      <TestMethod codeBase="/home/rl/work/github.com/discomco/dot-cart/examples/car/Engine.Behavior.Tests/bin/Debug/net7.0/Engine.Behavior.Tests.dll" adapterTypeName="executor://xunit/VsTestRunner2/netcoreapp" className="Engine.Behavior.Tests.Initialize.AggregateTests" name="ShouldResolveEvt2State" />
    </UnitTest>
    <UnitTest name="Engine.Behavior.Tests.ChangeRpm.Evt2ListTests.ShouldResolveIDCtor" storage="/home/rl/work/github.com/discomco/dot-cart/examples/car/engine.behavior.tests/bin/debug/net7.0/engine.behavior.tests.dll" id="b7316eda-4704-416b-c574-320b3db9d4fb">
      <Execution id="c64a7e78-8841-459b-afbf-e28a78f10982" />
      <TestMethod codeBase="/home/rl/work/github.com/discomco/dot-cart/examples/car/Engine.Behavior.Tests/bin/Debug/net7.0/Engine.Behavior.Tests.dll" adapterTypeName="executor://xunit/VsTestRunner2/netcoreapp" className="Engine.Behavior.Tests.ChangeRpm.Evt2ListTests" name="ShouldResolveIDCtor" />
    </UnitTest>
    <UnitTest name="Engine.Behavior.Tests.EngineBehaviorTests.ShouldBuildAggregate" storage="/home/rl/work/github.com/discomco/dot-cart/examples/car/engine.behavior.tests/bin/debug/net7.0/engine.behavior.tests.dll" id="81a05a35-2052-16cf-d597-052e50de5bf7">
      <Execution id="26249929-b756-4c4e-8407-77b9b57680dc" />
      <TestMethod codeBase="/home/rl/work/github.com/discomco/dot-cart/examples/car/Engine.Behavior.Tests/bin/Debug/net7.0/Engine.Behavior.Tests.dll" adapterTypeName="executor://xunit/VsTestRunner2/netcoreapp" className="Engine.Behavior.Tests.EngineBehaviorTests" name="ShouldBuildAggregate" />
    </UnitTest>
    <UnitTest name="Engine.Behavior.Tests.Stop.Evt2ListTests.ShouldResolveEvtCtor" storage="/home/rl/work/github.com/discomco/dot-cart/examples/car/engine.behavior.tests/bin/debug/net7.0/engine.behavior.tests.dll" id="bf050b28-5965-8e51-43d9-ba6753fa26c2">
      <Execution id="bced44c8-841c-44c5-8e6e-394f24dd78ba" />
      <TestMethod codeBase="/home/rl/work/github.com/discomco/dot-cart/examples/car/Engine.Behavior.Tests/bin/Debug/net7.0/Engine.Behavior.Tests.dll" adapterTypeName="executor://xunit/VsTestRunner2/netcoreapp" className="Engine.Behavior.Tests.Stop.Evt2ListTests" name="ShouldResolveEvtCtor" />
    </UnitTest>
    <UnitTest name="Engine.Behavior.Tests.Initialize.EvtTests.ShouldResolvePayloadCtor" storage="/home/rl/work/github.com/discomco/dot-cart/examples/car/engine.behavior.tests/bin/debug/net7.0/engine.behavior.tests.dll" id="0729a96e-988c-f469-4d19-7e245ccacbf9">
      <Execution id="8bee21ea-b5c1-4359-80ad-545e20d6f66c" />
      <TestMethod codeBase="/home/rl/work/github.com/discomco/dot-cart/examples/car/Engine.Behavior.Tests/bin/Debug/net7.0/Engine.Behavior.Tests.dll" adapterTypeName="executor://xunit/VsTestRunner2/netcoreapp" className="Engine.Behavior.Tests.Initialize.EvtTests" name="ShouldResolvePayloadCtor" />
    </UnitTest>
    <UnitTest name="Engine.Behavior.Tests.ChangeDetails.AggregateTests.ShouldResolveIDCtor" storage="/home/rl/work/github.com/discomco/dot-cart/examples/car/engine.behavior.tests/bin/debug/net7.0/engine.behavior.tests.dll" id="c2e8b99a-830b-de99-2fe5-992194cbff10">
      <Execution id="e0fb0edd-ff13-4e21-8c25-569225c8bdf8" />
      <TestMethod codeBase="/home/rl/work/github.com/discomco/dot-cart/examples/car/Engine.Behavior.Tests/bin/Debug/net7.0/Engine.Behavior.Tests.dll" adapterTypeName="executor://xunit/VsTestRunner2/netcoreapp" className="Engine.Behavior.Tests.ChangeDetails.AggregateTests" name="ShouldResolveIDCtor" />
    </UnitTest>
    <UnitTest name="Engine.Behavior.Tests.Stop.AggregateTests.ShouldResolveTryCmd" storage="/home/rl/work/github.com/discomco/dot-cart/examples/car/engine.behavior.tests/bin/debug/net7.0/engine.behavior.tests.dll" id="f6a0abd8-465a-8790-0fab-efe5c3c77259">
      <Execution id="4bae9b92-2d1d-4235-b807-c78879d82472" />
      <TestMethod codeBase="/home/rl/work/github.com/discomco/dot-cart/examples/car/Engine.Behavior.Tests/bin/Debug/net7.0/Engine.Behavior.Tests.dll" adapterTypeName="executor://xunit/VsTestRunner2/netcoreapp" className="Engine.Behavior.Tests.Stop.AggregateTests" name="ShouldResolveTryCmd" />
    </UnitTest>
    <UnitTest name="Engine.Behavior.Tests.ChangeRpm.EvtTests.ShouldHaveTopicAttribute" storage="/home/rl/work/github.com/discomco/dot-cart/examples/car/engine.behavior.tests/bin/debug/net7.0/engine.behavior.tests.dll" id="8469c2bc-e49a-bf10-86c8-429edcef1123">
      <Execution id="659c26f2-bb6d-4e18-8ebf-a09a743ee8fb" />
      <TestMethod codeBase="/home/rl/work/github.com/discomco/dot-cart/examples/car/Engine.Behavior.Tests/bin/Debug/net7.0/Engine.Behavior.Tests.dll" adapterTypeName="executor://xunit/VsTestRunner2/netcoreapp" className="Engine.Behavior.Tests.ChangeRpm.EvtTests" name="ShouldHaveTopicAttribute" />
    </UnitTest>
    <UnitTest name="Engine.Behavior.Tests.ChangeDetails.Evt2DocTests.ShouldResolveIDCtor" storage="/home/rl/work/github.com/discomco/dot-cart/examples/car/engine.behavior.tests/bin/debug/net7.0/engine.behavior.tests.dll" id="3fd3fd09-50ed-6915-f860-23fa82af7544">
      <Execution id="5c2fa0c7-bafa-4ea9-84ec-2045fa0b6d5f" />
      <TestMethod codeBase="/home/rl/work/github.com/discomco/dot-cart/examples/car/Engine.Behavior.Tests/bin/Debug/net7.0/Engine.Behavior.Tests.dll" adapterTypeName="executor://xunit/VsTestRunner2/netcoreapp" className="Engine.Behavior.Tests.ChangeDetails.Evt2DocTests" name="ShouldResolveIDCtor" />
    </UnitTest>
    <UnitTest name="Engine.Behavior.Tests.Start.AggregateTests.ShouldResolveTryCmd" storage="/home/rl/work/github.com/discomco/dot-cart/examples/car/engine.behavior.tests/bin/debug/net7.0/engine.behavior.tests.dll" id="da7ae5b7-90a6-216a-9501-5385e9c63651">
      <Execution id="cc1ab985-6884-4194-85a4-ce7bb204f125" />
      <TestMethod codeBase="/home/rl/work/github.com/discomco/dot-cart/examples/car/Engine.Behavior.Tests/bin/Debug/net7.0/Engine.Behavior.Tests.dll" adapterTypeName="executor://xunit/VsTestRunner2/netcoreapp" className="Engine.Behavior.Tests.Start.AggregateTests" name="ShouldResolveTryCmd" />
    </UnitTest>
    <UnitTest name="Engine.Behavior.Tests.ChangeDetails.EvtTests.ShouldResolveIDCtor" storage="/home/rl/work/github.com/discomco/dot-cart/examples/car/engine.behavior.tests/bin/debug/net7.0/engine.behavior.tests.dll" id="24564ffc-d7b3-ae53-fafe-be4a62fa1a5e">
      <Execution id="5140c01b-f807-4195-9cea-2696a9a88351" />
      <TestMethod codeBase="/home/rl/work/github.com/discomco/dot-cart/examples/car/Engine.Behavior.Tests/bin/Debug/net7.0/Engine.Behavior.Tests.dll" adapterTypeName="executor://xunit/VsTestRunner2/netcoreapp" className="Engine.Behavior.Tests.ChangeDetails.EvtTests" name="ShouldResolveIDCtor" />
    </UnitTest>
    <UnitTest name="Engine.Behavior.Tests.Start.AggregateTests.ShouldCreateID" storage="/home/rl/work/github.com/discomco/dot-cart/examples/car/engine.behavior.tests/bin/debug/net7.0/engine.behavior.tests.dll" id="6c112bec-3eef-c281-895c-44363ccd72c6">
      <Execution id="b5a7271a-526e-4a54-ab2c-d5970bbb0794" />
      <TestMethod codeBase="/home/rl/work/github.com/discomco/dot-cart/examples/car/Engine.Behavior.Tests/bin/Debug/net7.0/Engine.Behavior.Tests.dll" adapterTypeName="executor://xunit/VsTestRunner2/netcoreapp" className="Engine.Behavior.Tests.Start.AggregateTests" name="ShouldCreateID" />
    </UnitTest>
    <UnitTest name="Engine.Behavior.Tests.ChangeRpm.Evt2ListTests.ShouldResolveEvtCtor" storage="/home/rl/work/github.com/discomco/dot-cart/examples/car/engine.behavior.tests/bin/debug/net7.0/engine.behavior.tests.dll" id="70963195-d40c-d770-8c40-0c14ecf811dd">
      <Execution id="af49e130-7828-4223-a047-1e1cff5d39ed" />
      <TestMethod codeBase="/home/rl/work/github.com/discomco/dot-cart/examples/car/Engine.Behavior.Tests/bin/Debug/net7.0/Engine.Behavior.Tests.dll" adapterTypeName="executor://xunit/VsTestRunner2/netcoreapp" className="Engine.Behavior.Tests.ChangeRpm.Evt2ListTests" name="ShouldResolveEvtCtor" />
    </UnitTest>
    <UnitTest name="Engine.Behavior.Tests.Stop.Evt2ListTests.ShouldResolveEvt2DocFunc" storage="/home/rl/work/github.com/discomco/dot-cart/examples/car/engine.behavior.tests/bin/debug/net7.0/engine.behavior.tests.dll" id="0406afeb-4f90-1599-6f84-0f2d102efba3">
      <Execution id="86054095-6917-462f-917b-516f63fddce6" />
      <TestMethod codeBase="/home/rl/work/github.com/discomco/dot-cart/examples/car/Engine.Behavior.Tests/bin/Debug/net7.0/Engine.Behavior.Tests.dll" adapterTypeName="executor://xunit/VsTestRunner2/netcoreapp" className="Engine.Behavior.Tests.Stop.Evt2ListTests" name="ShouldResolveEvt2DocFunc" />
    </UnitTest>
    <UnitTest name="Engine.Behavior.Tests.ChangeDetails.CmdTests.ShouldHaveCmdTopic" storage="/home/rl/work/github.com/discomco/dot-cart/examples/car/engine.behavior.tests/bin/debug/net7.0/engine.behavior.tests.dll" id="960c72ae-fa29-8dd5-54d3-bd2c0246512c">
      <Execution id="6fd323af-28ae-438a-82f0-bf39bea2465e" />
      <TestMethod codeBase="/home/rl/work/github.com/discomco/dot-cart/examples/car/Engine.Behavior.Tests/bin/Debug/net7.0/Engine.Behavior.Tests.dll" adapterTypeName="executor://xunit/VsTestRunner2/netcoreapp" className="Engine.Behavior.Tests.ChangeDetails.CmdTests" name="ShouldHaveCmdTopic" />
    </UnitTest>
    <UnitTest name="Engine.Behavior.Tests.ChangeDetails.Evt2ListTests.ShouldExecuteEvt2DocFunc" storage="/home/rl/work/github.com/discomco/dot-cart/examples/car/engine.behavior.tests/bin/debug/net7.0/engine.behavior.tests.dll" id="43cbbc4a-1fac-a1bf-9485-dfb0b23fb3ea">
      <Execution id="7b071d52-d66e-41b5-b733-e1a799491cd1" />
      <TestMethod codeBase="/home/rl/work/github.com/discomco/dot-cart/examples/car/Engine.Behavior.Tests/bin/Debug/net7.0/Engine.Behavior.Tests.dll" adapterTypeName="executor://xunit/VsTestRunner2/netcoreapp" className="Engine.Behavior.Tests.ChangeDetails.Evt2ListTests" name="ShouldExecuteEvt2DocFunc" />
    </UnitTest>
    <UnitTest name="Engine.Behavior.Tests.ChangeDetails.Evt2ListTests.ShouldResolveDocCtor" storage="/home/rl/work/github.com/discomco/dot-cart/examples/car/engine.behavior.tests/bin/debug/net7.0/engine.behavior.tests.dll" id="071565d4-582c-ca0d-e57e-4a9ad5719129">
      <Execution id="262e717b-34be-489f-b731-4718fe037667" />
      <TestMethod codeBase="/home/rl/work/github.com/discomco/dot-cart/examples/car/Engine.Behavior.Tests/bin/Debug/net7.0/Engine.Behavior.Tests.dll" adapterTypeName="executor://xunit/VsTestRunner2/netcoreapp" className="Engine.Behavior.Tests.ChangeDetails.Evt2ListTests" name="ShouldResolveDocCtor" />
    </UnitTest>
    <UnitTest name="Engine.Behavior.Tests.EngineBehaviorTests.ShouldResolveStartTryCmd" storage="/home/rl/work/github.com/discomco/dot-cart/examples/car/engine.behavior.tests/bin/debug/net7.0/engine.behavior.tests.dll" id="9797ca96-53c3-5079-b330-4e7d31ab58af">
      <Execution id="415fc799-8c38-4a2e-ba01-d18626d14a8e" />
      <TestMethod codeBase="/home/rl/work/github.com/discomco/dot-cart/examples/car/Engine.Behavior.Tests/bin/Debug/net7.0/Engine.Behavior.Tests.dll" adapterTypeName="executor://xunit/VsTestRunner2/netcoreapp" className="Engine.Behavior.Tests.EngineBehaviorTests" name="ShouldResolveStartTryCmd" />
    </UnitTest>
    <UnitTest name="Engine.Behavior.Tests.ChangeDetails.Evt2DocTests.ShouldResolveMetaCtor" storage="/home/rl/work/github.com/discomco/dot-cart/examples/car/engine.behavior.tests/bin/debug/net7.0/engine.behavior.tests.dll" id="943c4774-fa29-5e73-00c4-12e9c74a583a">
      <Execution id="86a79677-ea33-4fe6-bb63-209a6635a903" />
      <TestMethod codeBase="/home/rl/work/github.com/discomco/dot-cart/examples/car/Engine.Behavior.Tests/bin/Debug/net7.0/Engine.Behavior.Tests.dll" adapterTypeName="executor://xunit/VsTestRunner2/netcoreapp" className="Engine.Behavior.Tests.ChangeDetails.Evt2DocTests" name="ShouldResolveMetaCtor" />
    </UnitTest>
    <UnitTest name="Engine.Behavior.Tests.ChangeDetails.Evt2ListTests.ShouldResolveMetaCtor" storage="/home/rl/work/github.com/discomco/dot-cart/examples/car/engine.behavior.tests/bin/debug/net7.0/engine.behavior.tests.dll" id="038a4a21-57dc-d084-04f7-84ee68b58ecf">
      <Execution id="bc8b4fa5-093d-4e3a-ba03-44bc1f4932bf" />
      <TestMethod codeBase="/home/rl/work/github.com/discomco/dot-cart/examples/car/Engine.Behavior.Tests/bin/Debug/net7.0/Engine.Behavior.Tests.dll" adapterTypeName="executor://xunit/VsTestRunner2/netcoreapp" className="Engine.Behavior.Tests.ChangeDetails.Evt2ListTests" name="ShouldResolveMetaCtor" />
    </UnitTest>
    <UnitTest name="Engine.Behavior.Tests.Stop.EvtTests.ShouldResolveIDCtor" storage="/home/rl/work/github.com/discomco/dot-cart/examples/car/engine.behavior.tests/bin/debug/net7.0/engine.behavior.tests.dll" id="16770352-1e74-3ef3-61e5-d290a9524907">
      <Execution id="dcaebba2-684f-4474-b8d9-e6a8433e1966" />
      <TestMethod codeBase="/home/rl/work/github.com/discomco/dot-cart/examples/car/Engine.Behavior.Tests/bin/Debug/net7.0/Engine.Behavior.Tests.dll" adapterTypeName="executor://xunit/VsTestRunner2/netcoreapp" className="Engine.Behavior.Tests.Stop.EvtTests" name="ShouldResolveIDCtor" />
    </UnitTest>
    <UnitTest name="Engine.Behavior.Tests.Stop.Evt2DocTests.ShouldResolveEvtCtor" storage="/home/rl/work/github.com/discomco/dot-cart/examples/car/engine.behavior.tests/bin/debug/net7.0/engine.behavior.tests.dll" id="dbdaabbf-b448-4d3b-4c6c-87e3cc706d8c">
      <Execution id="41854762-b69c-461f-a791-bab47eca470f" />
      <TestMethod codeBase="/home/rl/work/github.com/discomco/dot-cart/examples/car/Engine.Behavior.Tests/bin/Debug/net7.0/Engine.Behavior.Tests.dll" adapterTypeName="executor://xunit/VsTestRunner2/netcoreapp" className="Engine.Behavior.Tests.Stop.Evt2DocTests" name="ShouldResolveEvtCtor" />
    </UnitTest>
    <UnitTest name="Engine.Behavior.Tests.Stop.EvtTests.ShouldResolvePayloadCtor" storage="/home/rl/work/github.com/discomco/dot-cart/examples/car/engine.behavior.tests/bin/debug/net7.0/engine.behavior.tests.dll" id="685c86c6-d547-0555-a518-dd53843ae467">
      <Execution id="c5b20f82-55e2-438d-bdb7-b2c1068e7878" />
      <TestMethod codeBase="/home/rl/work/github.com/discomco/dot-cart/examples/car/Engine.Behavior.Tests/bin/Debug/net7.0/Engine.Behavior.Tests.dll" adapterTypeName="executor://xunit/VsTestRunner2/netcoreapp" className="Engine.Behavior.Tests.Stop.EvtTests" name="ShouldResolvePayloadCtor" />
    </UnitTest>
    <UnitTest name="Engine.Behavior.Tests.Initialize.EvtTests.ShouldHaveTopicAttribute" storage="/home/rl/work/github.com/discomco/dot-cart/examples/car/engine.behavior.tests/bin/debug/net7.0/engine.behavior.tests.dll" id="aaf7d536-3ffb-396b-10a9-ba3ef02cc1de">
      <Execution id="105819ab-e830-4dd5-aa37-b880e20eb7c6" />
      <TestMethod codeBase="/home/rl/work/github.com/discomco/dot-cart/examples/car/Engine.Behavior.Tests/bin/Debug/net7.0/Engine.Behavior.Tests.dll" adapterTypeName="executor://xunit/VsTestRunner2/netcoreapp" className="Engine.Behavior.Tests.Initialize.EvtTests" name="ShouldHaveTopicAttribute" />
    </UnitTest>
    <UnitTest name="Engine.Behavior.Tests.ChangeRpm.Evt2DocTests.ShouldExecuteEvt2DocFunc" storage="/home/rl/work/github.com/discomco/dot-cart/examples/car/engine.behavior.tests/bin/debug/net7.0/engine.behavior.tests.dll" id="c72e984d-973c-1789-5a9e-9d93f25e58f0">
      <Execution id="37eb36cc-026f-487a-8748-497867e296e0" />
      <TestMethod codeBase="/home/rl/work/github.com/discomco/dot-cart/examples/car/Engine.Behavior.Tests/bin/Debug/net7.0/Engine.Behavior.Tests.dll" adapterTypeName="executor://xunit/VsTestRunner2/netcoreapp" className="Engine.Behavior.Tests.ChangeRpm.Evt2DocTests" name="ShouldExecuteEvt2DocFunc" />
    </UnitTest>
    <UnitTest name="Engine.Behavior.Tests.Start.Evt2ListTests.ShouldResolveProjectionValidatorFunction" storage="/home/rl/work/github.com/discomco/dot-cart/examples/car/engine.behavior.tests/bin/debug/net7.0/engine.behavior.tests.dll" id="a6722a58-28db-e1e7-4061-584aa27c4612">
      <Execution id="2ac959ac-2d75-4b46-b562-3dd62590930a" />
      <TestMethod codeBase="/home/rl/work/github.com/discomco/dot-cart/examples/car/Engine.Behavior.Tests/bin/Debug/net7.0/Engine.Behavior.Tests.dll" adapterTypeName="executor://xunit/VsTestRunner2/netcoreapp" className="Engine.Behavior.Tests.Start.Evt2ListTests" name="ShouldResolveProjectionValidatorFunction" />
    </UnitTest>
    <UnitTest name="Engine.Behavior.Tests.ChangeRpm.AggregateTests.ShouldResolveIDCtor" storage="/home/rl/work/github.com/discomco/dot-cart/examples/car/engine.behavior.tests/bin/debug/net7.0/engine.behavior.tests.dll" id="e00edf2e-99c9-3db9-bf3e-132e7a2d0ecb">
      <Execution id="f2584276-0d3c-476b-bcc1-704ecb8a5081" />
      <TestMethod codeBase="/home/rl/work/github.com/discomco/dot-cart/examples/car/Engine.Behavior.Tests/bin/Debug/net7.0/Engine.Behavior.Tests.dll" adapterTypeName="executor://xunit/VsTestRunner2/netcoreapp" className="Engine.Behavior.Tests.ChangeRpm.AggregateTests" name="ShouldResolveIDCtor" />
    </UnitTest>
    <UnitTest name="Engine.Behavior.Tests.Initialize.Evt2DocTests.ShouldResolveProjectionValidatorFunction" storage="/home/rl/work/github.com/discomco/dot-cart/examples/car/engine.behavior.tests/bin/debug/net7.0/engine.behavior.tests.dll" id="1fc5270d-b842-f8e9-ca3e-2d80c5fd42e7">
      <Execution id="a84d8500-4e80-40dc-b178-5bca30ffc9d1" />
      <TestMethod codeBase="/home/rl/work/github.com/discomco/dot-cart/examples/car/Engine.Behavior.Tests/bin/Debug/net7.0/Engine.Behavior.Tests.dll" adapterTypeName="executor://xunit/VsTestRunner2/netcoreapp" className="Engine.Behavior.Tests.Initialize.Evt2DocTests" name="ShouldResolveProjectionValidatorFunction" />
    </UnitTest>
    <UnitTest name="Engine.Behavior.Tests.Start.AggregateTests.ShouldResolveStateCtor" storage="/home/rl/work/github.com/discomco/dot-cart/examples/car/engine.behavior.tests/bin/debug/net7.0/engine.behavior.tests.dll" id="f7d65ade-eba1-2ec3-5a53-e54d461d0a82">
      <Execution id="12f5368f-6911-460a-80ec-ae05f5e6887b" />
      <TestMethod codeBase="/home/rl/work/github.com/discomco/dot-cart/examples/car/Engine.Behavior.Tests/bin/Debug/net7.0/Engine.Behavior.Tests.dll" adapterTypeName="executor://xunit/VsTestRunner2/netcoreapp" className="Engine.Behavior.Tests.Start.AggregateTests" name="ShouldResolveStateCtor" />
    </UnitTest>
    <UnitTest name="Engine.Behavior.Tests.ChangeDetails.ShouldChangeDetailsOnInitializedTests.ShouldKnowChoreography" storage="/home/rl/work/github.com/discomco/dot-cart/examples/car/engine.behavior.tests/bin/debug/net7.0/engine.behavior.tests.dll" id="60cc0637-c727-c79e-001a-ed1cd6aba392">
      <Execution id="98ff15a6-d80d-4655-9185-5f07476fd310" />
      <TestMethod codeBase="/home/rl/work/github.com/discomco/dot-cart/examples/car/Engine.Behavior.Tests/bin/Debug/net7.0/Engine.Behavior.Tests.dll" adapterTypeName="executor://xunit/VsTestRunner2/netcoreapp" className="Engine.Behavior.Tests.ChangeDetails.ShouldChangeDetailsOnInitializedTests" name="ShouldKnowChoreography" />
    </UnitTest>
    <UnitTest name="Engine.Behavior.Tests.Initialize.CmdTests.ShouldResolvePayloadCtor" storage="/home/rl/work/github.com/discomco/dot-cart/examples/car/engine.behavior.tests/bin/debug/net7.0/engine.behavior.tests.dll" id="9902d661-4406-3464-7654-98983aba8656">
      <Execution id="2d6a0a5f-b0c3-401b-a2ef-bf0f32706a14" />
      <TestMethod codeBase="/home/rl/work/github.com/discomco/dot-cart/examples/car/Engine.Behavior.Tests/bin/Debug/net7.0/Engine.Behavior.Tests.dll" adapterTypeName="executor://xunit/VsTestRunner2/netcoreapp" className="Engine.Behavior.Tests.Initialize.CmdTests" name="ShouldResolvePayloadCtor" />
    </UnitTest>
    <UnitTest name="Engine.Behavior.Tests.ChangeRpm.CmdTests.ShouldResolvePayloadCtor" storage="/home/rl/work/github.com/discomco/dot-cart/examples/car/engine.behavior.tests/bin/debug/net7.0/engine.behavior.tests.dll" id="62fa9d61-ce8a-7e28-2a9b-63acc9750c22">
      <Execution id="5b3b5cc6-a7f5-49c4-ad3f-db0e9b998b1f" />
      <TestMethod codeBase="/home/rl/work/github.com/discomco/dot-cart/examples/car/Engine.Behavior.Tests/bin/Debug/net7.0/Engine.Behavior.Tests.dll" adapterTypeName="executor://xunit/VsTestRunner2/netcoreapp" className="Engine.Behavior.Tests.ChangeRpm.CmdTests" name="ShouldResolvePayloadCtor" />
    </UnitTest>
    <UnitTest name="Engine.Behavior.Tests.Initialize.Evt2ListTests.ShouldResolveEvt2DocFunc" storage="/home/rl/work/github.com/discomco/dot-cart/examples/car/engine.behavior.tests/bin/debug/net7.0/engine.behavior.tests.dll" id="17733a2d-2011-4e97-d4b3-239de6a89a7c">
      <Execution id="b2edb019-7431-4a26-9db4-d2d658db8b34" />
      <TestMethod codeBase="/home/rl/work/github.com/discomco/dot-cart/examples/car/Engine.Behavior.Tests/bin/Debug/net7.0/Engine.Behavior.Tests.dll" adapterTypeName="executor://xunit/VsTestRunner2/netcoreapp" className="Engine.Behavior.Tests.Initialize.Evt2ListTests" name="ShouldResolveEvt2DocFunc" />
    </UnitTest>
    <UnitTest name="Engine.Behavior.Tests.StatusTests.ShouldSetFlags" storage="/home/rl/work/github.com/discomco/dot-cart/examples/car/engine.behavior.tests/bin/debug/net7.0/engine.behavior.tests.dll" id="5e82c4fb-bc1f-8dd3-332e-045ba6e6b34f">
      <Execution id="ded16859-875d-486b-8cf5-908b355ae5ca" />
      <TestMethod codeBase="/home/rl/work/github.com/discomco/dot-cart/examples/car/Engine.Behavior.Tests/bin/Debug/net7.0/Engine.Behavior.Tests.dll" adapterTypeName="executor://xunit/VsTestRunner2/netcoreapp" className="Engine.Behavior.Tests.StatusTests" name="ShouldSetFlags" />
    </UnitTest>
    <UnitTest name="Engine.Behavior.Tests.Start.Evt2DocTests.ShouldResolveMetaCtor" storage="/home/rl/work/github.com/discomco/dot-cart/examples/car/engine.behavior.tests/bin/debug/net7.0/engine.behavior.tests.dll" id="1909b6fb-a3e2-bb4e-6436-0bbb54b3e41a">
      <Execution id="8d75fe9a-82dc-4488-a780-195814e6e381" />
      <TestMethod codeBase="/home/rl/work/github.com/discomco/dot-cart/examples/car/Engine.Behavior.Tests/bin/Debug/net7.0/Engine.Behavior.Tests.dll" adapterTypeName="executor://xunit/VsTestRunner2/netcoreapp" className="Engine.Behavior.Tests.Start.Evt2DocTests" name="ShouldResolveMetaCtor" />
    </UnitTest>
    <UnitTest name="Engine.Behavior.Tests.Stop.Evt2DocTests.ShouldResolveProjectionValidatorFunction" storage="/home/rl/work/github.com/discomco/dot-cart/examples/car/engine.behavior.tests/bin/debug/net7.0/engine.behavior.tests.dll" id="38f938f1-2b67-48a9-78b6-7ac80199c26c">
      <Execution id="8da0e7a0-f6e7-44e7-b8f1-afc69acbf9fa" />
      <TestMethod codeBase="/home/rl/work/github.com/discomco/dot-cart/examples/car/Engine.Behavior.Tests/bin/Debug/net7.0/Engine.Behavior.Tests.dll" adapterTypeName="executor://xunit/VsTestRunner2/netcoreapp" className="Engine.Behavior.Tests.Stop.Evt2DocTests" name="ShouldResolveProjectionValidatorFunction" />
    </UnitTest>
    <UnitTest name="Engine.Behavior.Tests.Stop.Evt2DocTests.ShouldExecuteEvt2DocFunc" storage="/home/rl/work/github.com/discomco/dot-cart/examples/car/engine.behavior.tests/bin/debug/net7.0/engine.behavior.tests.dll" id="31909651-593e-5885-39bb-26bcbf8c89fe">
      <Execution id="62780cd6-f43b-4046-97f1-ae4312954662" />
      <TestMethod codeBase="/home/rl/work/github.com/discomco/dot-cart/examples/car/Engine.Behavior.Tests/bin/Debug/net7.0/Engine.Behavior.Tests.dll" adapterTypeName="executor://xunit/VsTestRunner2/netcoreapp" className="Engine.Behavior.Tests.Stop.Evt2DocTests" name="ShouldExecuteEvt2DocFunc" />
    </UnitTest>
    <UnitTest name="Engine.Behavior.Tests.Start.CmdTests.ShouldResolveCmdCtor" storage="/home/rl/work/github.com/discomco/dot-cart/examples/car/engine.behavior.tests/bin/debug/net7.0/engine.behavior.tests.dll" id="3dae5f99-d1a0-8606-5fad-ae7fe246068b">
      <Execution id="6bed55ea-c10a-470f-a8f7-7fd9332df55f" />
      <TestMethod codeBase="/home/rl/work/github.com/discomco/dot-cart/examples/car/Engine.Behavior.Tests/bin/Debug/net7.0/Engine.Behavior.Tests.dll" adapterTypeName="executor://xunit/VsTestRunner2/netcoreapp" className="Engine.Behavior.Tests.Start.CmdTests" name="ShouldResolveCmdCtor" />
    </UnitTest>
    <UnitTest name="Engine.Behavior.Tests.ChangeRpm.CmdTests.ShouldResolveIDCtor" storage="/home/rl/work/github.com/discomco/dot-cart/examples/car/engine.behavior.tests/bin/debug/net7.0/engine.behavior.tests.dll" id="ea5b34ca-e00f-8ef3-ffc7-0d93ed8c3df2">
      <Execution id="812ccff3-a341-4ec7-960b-cca3eb90c1f9" />
      <TestMethod codeBase="/home/rl/work/github.com/discomco/dot-cart/examples/car/Engine.Behavior.Tests/bin/Debug/net7.0/Engine.Behavior.Tests.dll" adapterTypeName="executor://xunit/VsTestRunner2/netcoreapp" className="Engine.Behavior.Tests.ChangeRpm.CmdTests" name="ShouldResolveIDCtor" />
    </UnitTest>
  </TestDefinitions>
  <TestEntries>
    <TestEntry testId="c72e984d-973c-1789-5a9e-9d93f25e58f0" executionId="37eb36cc-026f-487a-8748-497867e296e0" testListId="8c84fa94-04c1-424b-9868-57a2d4851a1d" />
    <TestEntry testId="889224e4-1b70-50db-ca49-e8f3094459a9" executionId="ad3fa7ed-5388-47e8-b1f1-21bedb641503" testListId="8c84fa94-04c1-424b-9868-57a2d4851a1d" />
    <TestEntry testId="b01b6b05-3e5a-0654-16b8-0a8b4805fa43" executionId="1aa438b3-e676-45f0-8d3f-97d5444e24e4" testListId="8c84fa94-04c1-424b-9868-57a2d4851a1d" />
    <TestEntry testId="8958fca9-1aa5-8fab-d7df-74649218fe37" executionId="eebe49a3-366b-4aa1-aa45-d34d002da38b" testListId="8c84fa94-04c1-424b-9868-57a2d4851a1d" />
    <TestEntry testId="c026518b-275c-338e-80da-4370de18e081" executionId="ab48ea07-a2cc-46d0-a4bf-19e67be3a2e0" testListId="8c84fa94-04c1-424b-9868-57a2d4851a1d" />
    <TestEntry testId="ac4c312b-27f2-fa55-c681-d387aa93c910" executionId="9de5e31a-d295-40c3-be3d-5551f2294235" testListId="8c84fa94-04c1-424b-9868-57a2d4851a1d" />
    <TestEntry testId="37ba7572-27b8-122a-03d7-5100f92f8bb0" executionId="7e33ec2b-4997-4073-8e4f-644121a61176" testListId="8c84fa94-04c1-424b-9868-57a2d4851a1d" />
    <TestEntry testId="c4b75366-05a1-6e78-03cd-ebb2f423e58c" executionId="10af3f9c-d7c8-4c57-b99f-23023aec5c1c" testListId="8c84fa94-04c1-424b-9868-57a2d4851a1d" />
    <TestEntry testId="d63b284f-acd1-b86a-b343-34c4276b307c" executionId="266f1955-0dcf-4d82-b05f-43b224fbf03c" testListId="8c84fa94-04c1-424b-9868-57a2d4851a1d" />
    <TestEntry testId="ad8a2147-2d24-55e2-0d9a-3941c492000d" executionId="59e1d87a-94e9-4000-9d9a-863d11cb7957" testListId="8c84fa94-04c1-424b-9868-57a2d4851a1d" />
    <TestEntry testId="e6de6098-6fc7-337b-3fbe-ddeb8de8b40e" executionId="44a3ce72-fc1e-41ea-a8b3-db235cd5e382" testListId="8c84fa94-04c1-424b-9868-57a2d4851a1d" />
    <TestEntry testId="9680ef86-7881-d4d9-98f5-354a4c425697" executionId="d2816909-c082-4f55-b200-ad9cade38399" testListId="8c84fa94-04c1-424b-9868-57a2d4851a1d" />
    <TestEntry testId="3e4e7f8d-351a-ec2d-5563-f97169fbcfca" executionId="f3c79c1c-1ec4-444a-8da2-8250a94cf197" testListId="8c84fa94-04c1-424b-9868-57a2d4851a1d" />
    <TestEntry testId="ef1aa523-c074-3851-28c4-5fd5d0919f22" executionId="ee9d2aab-5853-437e-9c4d-410cab3b2afc" testListId="8c84fa94-04c1-424b-9868-57a2d4851a1d" />
    <TestEntry testId="1909b6fb-a3e2-bb4e-6436-0bbb54b3e41a" executionId="8d75fe9a-82dc-4488-a780-195814e6e381" testListId="8c84fa94-04c1-424b-9868-57a2d4851a1d" />
    <TestEntry testId="6e673c7a-a3d0-b98c-e8b8-5c5fc2dee640" executionId="beb22541-fe46-4e7b-9c04-edf4ea10151a" testListId="8c84fa94-04c1-424b-9868-57a2d4851a1d" />
    <TestEntry testId="94a459e7-f723-13c7-f3f7-acb64aa184b3" executionId="d9708951-49af-4468-9a5f-595aa30b5b92" testListId="8c84fa94-04c1-424b-9868-57a2d4851a1d" />
    <TestEntry testId="ec31971f-a39b-08fb-6e92-7486a75bddc8" executionId="68d89be3-b906-47d9-9b98-b804cce10175" testListId="8c84fa94-04c1-424b-9868-57a2d4851a1d" />
    <TestEntry testId="0388a126-0c60-a991-79be-6dbbc31f1a30" executionId="586d8f0c-0358-484d-8b97-851b79eb4450" testListId="8c84fa94-04c1-424b-9868-57a2d4851a1d" />
    <TestEntry testId="90ac11c8-9452-b84a-d5b7-0999e51694bc" executionId="c347c574-0bb8-47ac-b677-58227cb6080c" testListId="8c84fa94-04c1-424b-9868-57a2d4851a1d" />
    <TestEntry testId="017d16be-9c5f-8aec-9bb3-d4505f296363" executionId="a4b16920-ed73-49c9-8d2d-cffc059f4be1" testListId="8c84fa94-04c1-424b-9868-57a2d4851a1d" />
    <TestEntry testId="c233215d-56f4-c651-a3c5-d7ca8e93f32a" executionId="5245af8b-3c55-4438-81ba-4cff5570ec9b" testListId="8c84fa94-04c1-424b-9868-57a2d4851a1d" />
    <TestEntry testId="6ca6dd3f-8883-fb5b-9073-1cce0245897b" executionId="f65c85a3-3099-4dfd-9a53-f4931d1670b0" testListId="8c84fa94-04c1-424b-9868-57a2d4851a1d" />
    <TestEntry testId="bd34a4a4-cc6d-023d-6d43-84b00079cb75" executionId="74955bed-f3e5-4fda-92cd-00155c42973c" testListId="8c84fa94-04c1-424b-9868-57a2d4851a1d" />
    <TestEntry testId="38f938f1-2b67-48a9-78b6-7ac80199c26c" executionId="8da0e7a0-f6e7-44e7-b8f1-afc69acbf9fa" testListId="8c84fa94-04c1-424b-9868-57a2d4851a1d" />
    <TestEntry testId="c0c0342c-26b8-5f19-a31f-8c4b626af829" executionId="b9bd6e96-980b-4c71-a432-cafc12d18365" testListId="8c84fa94-04c1-424b-9868-57a2d4851a1d" />
    <TestEntry testId="6c112bec-3eef-c281-895c-44363ccd72c6" executionId="b5a7271a-526e-4a54-ab2c-d5970bbb0794" testListId="8c84fa94-04c1-424b-9868-57a2d4851a1d" />
    <TestEntry testId="943c4774-fa29-5e73-00c4-12e9c74a583a" executionId="86a79677-ea33-4fe6-bb63-209a6635a903" testListId="8c84fa94-04c1-424b-9868-57a2d4851a1d" />
    <TestEntry testId="4a08a6b1-f448-e9fe-fb38-ce6e27aa8ada" executionId="86d89771-6e2c-46d1-98bd-8ab12d32699d" testListId="8c84fa94-04c1-424b-9868-57a2d4851a1d" />
    <TestEntry testId="fdea0101-b4da-16ee-41d5-408b7153f936" executionId="8a536b03-7c27-4fbe-90df-e1e2ad03ec05" testListId="8c84fa94-04c1-424b-9868-57a2d4851a1d" />
    <TestEntry testId="fa699581-bfa2-4469-cd69-ad48b92f1c56" executionId="cb482fe7-66cd-4ae8-82f1-5c4c6f48ab28" testListId="8c84fa94-04c1-424b-9868-57a2d4851a1d" />
    <TestEntry testId="e53e0983-b229-767a-4291-06b322315e6c" executionId="f2891565-a8c9-4064-8a94-edd73d109d27" testListId="8c84fa94-04c1-424b-9868-57a2d4851a1d" />
    <TestEntry testId="7dcf2197-ed17-bcde-3f89-b591280c97e3" executionId="89b4c91d-3e73-4bed-b70a-881cf48e5845" testListId="8c84fa94-04c1-424b-9868-57a2d4851a1d" />
    <TestEntry testId="e00edf2e-99c9-3db9-bf3e-132e7a2d0ecb" executionId="f2584276-0d3c-476b-bcc1-704ecb8a5081" testListId="8c84fa94-04c1-424b-9868-57a2d4851a1d" />
    <TestEntry testId="43cbbc4a-1fac-a1bf-9485-dfb0b23fb3ea" executionId="7b071d52-d66e-41b5-b733-e1a799491cd1" testListId="8c84fa94-04c1-424b-9868-57a2d4851a1d" />
    <TestEntry testId="fc87a5ff-8269-fea7-f793-adce582fad05" executionId="ba924e6c-2b2e-43f5-b529-f0297a6da076" testListId="8c84fa94-04c1-424b-9868-57a2d4851a1d" />
    <TestEntry testId="e28c186e-d8b2-c83f-b4fa-dd091b25bfc9" executionId="92c1232c-3fdf-4dd0-9364-43ed294b22bc" testListId="8c84fa94-04c1-424b-9868-57a2d4851a1d" />
    <TestEntry testId="23cf7754-72cf-5d00-f5f9-7f8d1ad44f2f" executionId="f26bb415-65b4-45b0-b147-e0bbc31816fd" testListId="8c84fa94-04c1-424b-9868-57a2d4851a1d" />
    <TestEntry testId="31909651-593e-5885-39bb-26bcbf8c89fe" executionId="62780cd6-f43b-4046-97f1-ae4312954662" testListId="8c84fa94-04c1-424b-9868-57a2d4851a1d" />
    <TestEntry testId="b45c4d6e-50c0-dda1-1bfe-06d7d7bb25fd" executionId="cd3c3bc3-60ef-48bf-b395-c9d02cfbf0e8" testListId="8c84fa94-04c1-424b-9868-57a2d4851a1d" />
    <TestEntry testId="ad8db1d9-487e-4dce-963d-d4177e1169c3" executionId="8e787d2d-22e3-4ee7-af5c-4205a069fb01" testListId="8c84fa94-04c1-424b-9868-57a2d4851a1d" />
    <TestEntry testId="0db5f908-0a4f-ad88-9ffe-617b3a422893" executionId="e3cfc67c-6f0f-4ead-829f-699d45fce8fc" testListId="8c84fa94-04c1-424b-9868-57a2d4851a1d" />
    <TestEntry testId="16770352-1e74-3ef3-61e5-d290a9524907" executionId="dcaebba2-684f-4474-b8d9-e6a8433e1966" testListId="8c84fa94-04c1-424b-9868-57a2d4851a1d" />
    <TestEntry testId="0406afeb-4f90-1599-6f84-0f2d102efba3" executionId="86054095-6917-462f-917b-516f63fddce6" testListId="8c84fa94-04c1-424b-9868-57a2d4851a1d" />
    <TestEntry testId="fa0328ae-d18c-4d01-51b6-94f81feaad90" executionId="905485ed-a11c-4c0c-87bd-898b0339e35d" testListId="8c84fa94-04c1-424b-9868-57a2d4851a1d" />
    <TestEntry testId="7619b9a9-04bb-5dae-dc7f-c0447e8ab0e0" executionId="753fbf61-46ca-4162-810d-d08cbf0e602b" testListId="8c84fa94-04c1-424b-9868-57a2d4851a1d" />
    <TestEntry testId="0729a96e-988c-f469-4d19-7e245ccacbf9" executionId="8bee21ea-b5c1-4359-80ad-545e20d6f66c" testListId="8c84fa94-04c1-424b-9868-57a2d4851a1d" />
    <TestEntry testId="60cc0637-c727-c79e-001a-ed1cd6aba392" executionId="98ff15a6-d80d-4655-9185-5f07476fd310" testListId="8c84fa94-04c1-424b-9868-57a2d4851a1d" />
    <TestEntry testId="7b7abcf6-72a4-bc97-e95a-4d0ddbd3995a" executionId="33916c00-4ff9-4b59-a33a-42d331cfa629" testListId="8c84fa94-04c1-424b-9868-57a2d4851a1d" />
    <TestEntry testId="e33e729b-2ce7-64d6-5b51-4720ab7ccf72" executionId="5c3aaea3-643a-4afe-aa0e-3275b20906c8" testListId="8c84fa94-04c1-424b-9868-57a2d4851a1d" />
    <TestEntry testId="8469c2bc-e49a-bf10-86c8-429edcef1123" executionId="659c26f2-bb6d-4e18-8ebf-a09a743ee8fb" testListId="8c84fa94-04c1-424b-9868-57a2d4851a1d" />
    <TestEntry testId="5620ed19-35d8-e239-9e5f-8e98d38afda8" executionId="3be2b1f9-9184-4432-b162-3373b38518a7" testListId="8c84fa94-04c1-424b-9868-57a2d4851a1d" />
    <TestEntry testId="2ced5476-8ad6-7564-7b90-70a4fa9ce0a3" executionId="3ef598ae-07d2-437d-ba2e-7f2b0328eb92" testListId="8c84fa94-04c1-424b-9868-57a2d4851a1d" />
    <TestEntry testId="0cd113a8-db77-841b-d12d-d399ea6332de" executionId="9fb70a51-4d02-410c-9c11-82a05a81b14f" testListId="8c84fa94-04c1-424b-9868-57a2d4851a1d" />
    <TestEntry testId="dbdaabbf-b448-4d3b-4c6c-87e3cc706d8c" executionId="41854762-b69c-461f-a791-bab47eca470f" testListId="8c84fa94-04c1-424b-9868-57a2d4851a1d" />
    <TestEntry testId="0aba10a1-53f5-4130-0220-b0f26bedc94d" executionId="c90753fd-79c7-4772-bd67-e5bb27bc3541" testListId="8c84fa94-04c1-424b-9868-57a2d4851a1d" />
    <TestEntry testId="2d6e4de7-e794-7823-f47b-91f4658694a0" executionId="a2a9c7c5-04d7-42da-adc2-aeecd3428964" testListId="8c84fa94-04c1-424b-9868-57a2d4851a1d" />
    <TestEntry testId="aaf7d536-3ffb-396b-10a9-ba3ef02cc1de" executionId="105819ab-e830-4dd5-aa37-b880e20eb7c6" testListId="8c84fa94-04c1-424b-9868-57a2d4851a1d" />
    <TestEntry testId="463e5be0-a62c-c54f-05d9-d88a2df088bf" executionId="bef59f52-9144-4a54-8679-c1d4b412dbce" testListId="8c84fa94-04c1-424b-9868-57a2d4851a1d" />
    <TestEntry testId="a2f39d48-6b46-a707-6252-779169e6ff9d" executionId="777036bb-b7b9-442d-b84c-5b2eade0817d" testListId="8c84fa94-04c1-424b-9868-57a2d4851a1d" />
    <TestEntry testId="49b97f4b-b806-2662-5438-f6655469a97e" executionId="2fab2f8e-830c-4681-aba4-7b4af7ced3e1" testListId="8c84fa94-04c1-424b-9868-57a2d4851a1d" />
    <TestEntry testId="24564ffc-d7b3-ae53-fafe-be4a62fa1a5e" executionId="5140c01b-f807-4195-9cea-2696a9a88351" testListId="8c84fa94-04c1-424b-9868-57a2d4851a1d" />
    <TestEntry testId="b5f648bf-6936-9cf1-d490-2d82ef62a090" executionId="6b5e97ca-10d2-4d47-9f04-6c55702b6a90" testListId="8c84fa94-04c1-424b-9868-57a2d4851a1d" />
    <TestEntry testId="a6cd6ba7-bc6f-7a31-4a07-1c5be2ebd163" executionId="6ae0653f-c28a-41aa-8a98-57d4f7d69ab8" testListId="8c84fa94-04c1-424b-9868-57a2d4851a1d" />
    <TestEntry testId="a29c19e1-3d87-677e-be24-a8b57c4b9ae3" executionId="83fe0c2c-bd3c-497c-a2f5-50e00b64f61a" testListId="8c84fa94-04c1-424b-9868-57a2d4851a1d" />
    <TestEntry testId="26ce83a7-0c1b-5f8b-3520-4a84f546107f" executionId="ce9ce859-0638-4967-8789-35f4d8debcc9" testListId="8c84fa94-04c1-424b-9868-57a2d4851a1d" />
    <TestEntry testId="654a35ab-a4cb-095f-6168-65e297ef083e" executionId="5d81715a-a891-4f4b-9134-a564384c24ef" testListId="8c84fa94-04c1-424b-9868-57a2d4851a1d" />
    <TestEntry testId="ca79c77f-feed-7d90-241c-0bea725610f0" executionId="46d6a919-65be-4c82-b6d0-718605d29e2a" testListId="8c84fa94-04c1-424b-9868-57a2d4851a1d" />
    <TestEntry testId="c5fe4ae6-7814-02a5-ff1f-7aee21411b60" executionId="1fef60e6-763c-410a-952e-9c44b7b44cfc" testListId="8c84fa94-04c1-424b-9868-57a2d4851a1d" />
    <TestEntry testId="9797ca96-53c3-5079-b330-4e7d31ab58af" executionId="415fc799-8c38-4a2e-ba01-d18626d14a8e" testListId="8c84fa94-04c1-424b-9868-57a2d4851a1d" />
    <TestEntry testId="6da36a9b-9c4d-889d-1a3e-891c043ae33a" executionId="3da5831a-19aa-4330-bed2-e730f83943ca" testListId="8c84fa94-04c1-424b-9868-57a2d4851a1d" />
    <TestEntry testId="a1c9b281-b473-b32e-50bc-f5729c050f04" executionId="83b03617-5271-4160-8d6e-e3727d1e1409" testListId="8c84fa94-04c1-424b-9868-57a2d4851a1d" />
    <TestEntry testId="da7ae5b7-90a6-216a-9501-5385e9c63651" executionId="cc1ab985-6884-4194-85a4-ce7bb204f125" testListId="8c84fa94-04c1-424b-9868-57a2d4851a1d" />
    <TestEntry testId="339531b4-5216-0d08-ef38-ecf3e66402c5" executionId="8fb3fdec-e8c0-4a24-82f7-c5d0681fcd4a" testListId="8c84fa94-04c1-424b-9868-57a2d4851a1d" />
    <TestEntry testId="fa64146b-25c7-1833-bf7e-07cb5e87e84f" executionId="0b02729f-ead3-4557-a990-b387d3b9ce65" testListId="8c84fa94-04c1-424b-9868-57a2d4851a1d" />
    <TestEntry testId="ca86e8e3-1b9b-151e-1d7c-bc3243bbd895" executionId="57f88a5f-0535-43fc-a5eb-52ff7ce3c51c" testListId="8c84fa94-04c1-424b-9868-57a2d4851a1d" />
    <TestEntry testId="b58884f7-a5c2-4f7b-e011-8958ea023ad6" executionId="2f66777a-c7c9-4aa2-a7be-dd5da93a4c28" testListId="8c84fa94-04c1-424b-9868-57a2d4851a1d" />
    <TestEntry testId="c3d42857-7850-bead-3cc1-d986bb887cba" executionId="0e9071b9-9f2c-4451-95d5-3511eccfbde0" testListId="8c84fa94-04c1-424b-9868-57a2d4851a1d" />
    <TestEntry testId="685c86c6-d547-0555-a518-dd53843ae467" executionId="c5b20f82-55e2-438d-bdb7-b2c1068e7878" testListId="8c84fa94-04c1-424b-9868-57a2d4851a1d" />
    <TestEntry testId="93859312-162b-97af-ab58-768c8982669e" executionId="d26fead9-fc5c-42e5-9a52-784631dff813" testListId="8c84fa94-04c1-424b-9868-57a2d4851a1d" />
    <TestEntry testId="20d154f5-f3bc-b948-7944-57c9f7990e7f" executionId="7785c50c-0c1a-469d-b263-d7078572e2b7" testListId="8c84fa94-04c1-424b-9868-57a2d4851a1d" />
    <TestEntry testId="b19adaf3-0596-491e-db51-7a18da6f2696" executionId="c540b0f5-ea46-4284-8a7e-03e07536dd2d" testListId="8c84fa94-04c1-424b-9868-57a2d4851a1d" />
    <TestEntry testId="da5ad5a6-9374-5d4f-8403-9d21cb489313" executionId="c354a074-cc90-4170-b7b9-ff8a0159d274" testListId="8c84fa94-04c1-424b-9868-57a2d4851a1d" />
    <TestEntry testId="634d011f-c5b6-4154-4f9f-1f02f137d672" executionId="8b2dfc93-3aad-4e78-9f4c-5a59d8f87ed9" testListId="8c84fa94-04c1-424b-9868-57a2d4851a1d" />
    <TestEntry testId="08aaaf9e-5ee9-17fc-83d3-84557a63e052" executionId="99c548b7-a6dc-4537-b708-4fb85852b252" testListId="8c84fa94-04c1-424b-9868-57a2d4851a1d" />
    <TestEntry testId="c73ff366-05b1-4277-07e9-4f96dde69991" executionId="0e09779d-466b-4ef3-b7ec-9fcf2a6fddf1" testListId="8c84fa94-04c1-424b-9868-57a2d4851a1d" />
    <TestEntry testId="5e39b19b-62f4-9ebd-7ddd-2cc1243d64c7" executionId="492f9711-dac6-4c17-b7b4-7e0fd7fe0080" testListId="8c84fa94-04c1-424b-9868-57a2d4851a1d" />
    <TestEntry testId="071565d4-582c-ca0d-e57e-4a9ad5719129" executionId="262e717b-34be-489f-b731-4718fe037667" testListId="8c84fa94-04c1-424b-9868-57a2d4851a1d" />
    <TestEntry testId="1fc5270d-b842-f8e9-ca3e-2d80c5fd42e7" executionId="a84d8500-4e80-40dc-b178-5bca30ffc9d1" testListId="8c84fa94-04c1-424b-9868-57a2d4851a1d" />
    <TestEntry testId="3fd3fd09-50ed-6915-f860-23fa82af7544" executionId="5c2fa0c7-bafa-4ea9-84ec-2045fa0b6d5f" testListId="8c84fa94-04c1-424b-9868-57a2d4851a1d" />
    <TestEntry testId="c303c1f9-3b5b-babc-2e01-2348f17d589a" executionId="6460f8dc-1a9e-4622-a877-4be0f0e32bb2" testListId="8c84fa94-04c1-424b-9868-57a2d4851a1d" />
    <TestEntry testId="d556a941-ee7d-2046-5a6b-b380f9eba422" executionId="ebc34df5-8df1-40bc-a709-c52db1426395" testListId="8c84fa94-04c1-424b-9868-57a2d4851a1d" />
    <TestEntry testId="37ba3bf6-ec40-3f55-b0ce-d2e97a381983" executionId="ac9bc4fc-8175-4f58-99b4-91b2d12baff6" testListId="8c84fa94-04c1-424b-9868-57a2d4851a1d" />
    <TestEntry testId="fb6ad385-d0b9-a35c-cd5e-d74cc87b369b" executionId="10d02cff-4fac-4d49-a8fc-92f4e1f8003c" testListId="8c84fa94-04c1-424b-9868-57a2d4851a1d" />
    <TestEntry testId="fc0d5373-c567-6167-72d7-6d380141c9bf" executionId="98515925-a204-4ea5-bd61-e5d26f2e60e4" testListId="8c84fa94-04c1-424b-9868-57a2d4851a1d" />
    <TestEntry testId="424ab404-05db-3b18-9511-0447f233437b" executionId="e2e922d9-a176-4390-b24a-07226c9aad1f" testListId="8c84fa94-04c1-424b-9868-57a2d4851a1d" />
    <TestEntry testId="e3e726a0-a8c9-c8e4-c94f-693b386b51ae" executionId="8c44f1a0-47c5-4ae7-b116-d09c15a5a86f" testListId="8c84fa94-04c1-424b-9868-57a2d4851a1d" />
    <TestEntry testId="62fa9d61-ce8a-7e28-2a9b-63acc9750c22" executionId="5b3b5cc6-a7f5-49c4-ad3f-db0e9b998b1f" testListId="8c84fa94-04c1-424b-9868-57a2d4851a1d" />
    <TestEntry testId="88c18e8c-7317-4507-021f-beea649ea4ec" executionId="edd9673b-20e1-458d-a431-56dbad1924fe" testListId="8c84fa94-04c1-424b-9868-57a2d4851a1d" />
    <TestEntry testId="9902d661-4406-3464-7654-98983aba8656" executionId="2d6a0a5f-b0c3-401b-a2ef-bf0f32706a14" testListId="8c84fa94-04c1-424b-9868-57a2d4851a1d" />
    <TestEntry testId="faeff029-b72a-59f5-d8f6-cfdafbf60860" executionId="6ade2a44-40cd-4536-bf86-2eeaebd6b35b" testListId="8c84fa94-04c1-424b-9868-57a2d4851a1d" />
    <TestEntry testId="4410a392-6805-405b-8241-eb299a699589" executionId="c1834a64-8cf6-4a86-b8c3-a68063a37fae" testListId="8c84fa94-04c1-424b-9868-57a2d4851a1d" />
    <TestEntry testId="c8e275b1-1bba-6671-dfaa-5c879ab822c9" executionId="0a8e3178-817d-4282-9ce9-24ad41e9b582" testListId="8c84fa94-04c1-424b-9868-57a2d4851a1d" />
    <TestEntry testId="3190b935-967c-32dd-d7ca-d99e795e8367" executionId="c7bb43b0-281e-4d92-a232-46897bf60342" testListId="8c84fa94-04c1-424b-9868-57a2d4851a1d" />
    <TestEntry testId="6626aab2-e051-d7de-55fb-7ed14ef5b23e" executionId="b1e81b22-53d1-4813-94a4-3a56d660bf88" testListId="8c84fa94-04c1-424b-9868-57a2d4851a1d" />
    <TestEntry testId="8dfdc8b4-2a37-df4e-5ae7-de82a465e0a5" executionId="f11691b3-83da-4ad8-a652-5da46d113a3e" testListId="8c84fa94-04c1-424b-9868-57a2d4851a1d" />
    <TestEntry testId="d87a9c57-6538-a7da-d728-5f5120f2726a" executionId="474d5e7e-b4fe-44b5-9dd4-971d653d5664" testListId="8c84fa94-04c1-424b-9868-57a2d4851a1d" />
    <TestEntry testId="bf050b28-5965-8e51-43d9-ba6753fa26c2" executionId="bced44c8-841c-44c5-8e6e-394f24dd78ba" testListId="8c84fa94-04c1-424b-9868-57a2d4851a1d" />
    <TestEntry testId="a8508dad-0f65-e5a1-7bba-1c259bc94268" executionId="5f979c9b-cd61-42fb-b6f8-3a2f21b5bc7b" testListId="8c84fa94-04c1-424b-9868-57a2d4851a1d" />
    <TestEntry testId="95ab9c10-165f-0b0a-c113-1fec9ffdf5bc" executionId="320d97f8-3e43-40dc-b126-c8f43e910744" testListId="8c84fa94-04c1-424b-9868-57a2d4851a1d" />
    <TestEntry testId="fdc79208-fbea-b8fe-6fff-f41becf38adc" executionId="ba75cdbd-7d49-491b-a7dd-66456dd50738" testListId="8c84fa94-04c1-424b-9868-57a2d4851a1d" />
    <TestEntry testId="e278e3cb-e346-f365-24b3-263e53f68b4b" executionId="ae086000-767b-471c-bb0a-36f11f75b0c7" testListId="8c84fa94-04c1-424b-9868-57a2d4851a1d" />
    <TestEntry testId="492ce2bf-0bd1-10aa-0d0e-28d78fd1f220" executionId="6187dc1d-2403-4939-909c-518bd7897f04" testListId="8c84fa94-04c1-424b-9868-57a2d4851a1d" />
    <TestEntry testId="1d096210-6a7b-6695-5b86-5dba83ad9a30" executionId="91a91761-acd7-4e14-a2c1-9b6d004d4580" testListId="8c84fa94-04c1-424b-9868-57a2d4851a1d" />
    <TestEntry testId="ceda859d-f72c-9ea9-1ab5-af975dff3aa1" executionId="6ce88a98-f30a-40ad-b9e8-c8b751a3aa12" testListId="8c84fa94-04c1-424b-9868-57a2d4851a1d" />
    <TestEntry testId="17733a2d-2011-4e97-d4b3-239de6a89a7c" executionId="b2edb019-7431-4a26-9db4-d2d658db8b34" testListId="8c84fa94-04c1-424b-9868-57a2d4851a1d" />
    <TestEntry testId="5a635f0e-61b2-7b46-842d-b6811efd90c6" executionId="a8809dd0-730a-4c58-92cc-0a937378f78b" testListId="8c84fa94-04c1-424b-9868-57a2d4851a1d" />
    <TestEntry testId="960c72ae-fa29-8dd5-54d3-bd2c0246512c" executionId="6fd323af-28ae-438a-82f0-bf39bea2465e" testListId="8c84fa94-04c1-424b-9868-57a2d4851a1d" />
    <TestEntry testId="f7f30a21-0bfc-ae79-e768-7ecd4c1ac50e" executionId="14dd74cf-0959-41c1-b2b5-643bb34f7ea5" testListId="8c84fa94-04c1-424b-9868-57a2d4851a1d" />
    <TestEntry testId="0b568ece-acf5-0373-45ab-b338a3a67556" executionId="733f5c5e-4930-45fd-a152-f6c2eea7af31" testListId="8c84fa94-04c1-424b-9868-57a2d4851a1d" />
    <TestEntry testId="d9444f59-6f9a-250a-95fe-96ba0f45b7ec" executionId="33edaea9-655a-41d6-9c0a-3531d54d31a2" testListId="8c84fa94-04c1-424b-9868-57a2d4851a1d" />
    <TestEntry testId="ad0800f4-684f-a84a-86f5-45702f40c456" executionId="ec95979a-9d64-4666-b6ad-3340fe65a982" testListId="8c84fa94-04c1-424b-9868-57a2d4851a1d" />
    <TestEntry testId="75ee0fe8-1398-ee9d-a88f-93381ac761ec" executionId="5c04d024-3e0f-4044-a43f-93a5e345a725" testListId="8c84fa94-04c1-424b-9868-57a2d4851a1d" />
    <TestEntry testId="c7a04c51-12bc-ebd9-4656-8f7074a8f23b" executionId="c200f49d-2eca-4ab9-b141-95e11f1a9781" testListId="8c84fa94-04c1-424b-9868-57a2d4851a1d" />
    <TestEntry testId="81a05a35-2052-16cf-d597-052e50de5bf7" executionId="26249929-b756-4c4e-8407-77b9b57680dc" testListId="8c84fa94-04c1-424b-9868-57a2d4851a1d" />
    <TestEntry testId="63af07b9-a07c-5c60-c488-a04c5a5fb09d" executionId="ca17a182-bb30-45d9-8e95-5def92d4e4a9" testListId="8c84fa94-04c1-424b-9868-57a2d4851a1d" />
    <TestEntry testId="5bfc490b-b5c1-96cc-cc24-4a495c4f5b74" executionId="e3f74b26-ca97-40c6-8972-03c1498cc0a5" testListId="8c84fa94-04c1-424b-9868-57a2d4851a1d" />
    <TestEntry testId="82ad74f9-6f70-94f8-af8b-fddee39a96d9" executionId="b60e2c3c-43ad-4f33-90f4-9f4c83580489" testListId="8c84fa94-04c1-424b-9868-57a2d4851a1d" />
    <TestEntry testId="e8dfdcca-7035-77c0-0fc0-3238a30bb1fb" executionId="000dff9f-ecef-4cad-bbb5-3e7dce20db0b" testListId="8c84fa94-04c1-424b-9868-57a2d4851a1d" />
    <TestEntry testId="4ad61554-dc97-6c1e-56ae-af8bad070d90" executionId="63cfc353-3219-418c-9c92-a08da3664b95" testListId="8c84fa94-04c1-424b-9868-57a2d4851a1d" />
    <TestEntry testId="087d89a7-d233-c785-6ccc-1d3620e23787" executionId="2026a9e9-c46f-4848-bd91-f3c43e75278d" testListId="8c84fa94-04c1-424b-9868-57a2d4851a1d" />
    <TestEntry testId="dd5c6878-d7e7-0f10-e8c9-28c4ec7afaa1" executionId="a913a2cc-5390-48c5-b21e-39473dae8055" testListId="8c84fa94-04c1-424b-9868-57a2d4851a1d" />
    <TestEntry testId="c2e8b99a-830b-de99-2fe5-992194cbff10" executionId="e0fb0edd-ff13-4e21-8c25-569225c8bdf8" testListId="8c84fa94-04c1-424b-9868-57a2d4851a1d" />
    <TestEntry testId="aae218f2-cac3-4e8f-c259-29a149206cb0" executionId="7b3f0888-fb27-4a8f-97d9-3d376b1ed4b3" testListId="8c84fa94-04c1-424b-9868-57a2d4851a1d" />
    <TestEntry testId="49f08f1d-1893-219e-ccc2-8f7f43f1dcc4" executionId="b4467618-431d-4928-bffd-0741a4e42a86" testListId="8c84fa94-04c1-424b-9868-57a2d4851a1d" />
    <TestEntry testId="038a4a21-57dc-d084-04f7-84ee68b58ecf" executionId="bc8b4fa5-093d-4e3a-ba03-44bc1f4932bf" testListId="8c84fa94-04c1-424b-9868-57a2d4851a1d" />
    <TestEntry testId="2d58c7d4-6279-fa71-794a-6755a1784073" executionId="0891d399-4abe-4053-ab35-6c7c862e1dbe" testListId="8c84fa94-04c1-424b-9868-57a2d4851a1d" />
    <TestEntry testId="4bbc2d42-c346-918a-7d57-d0312c2e47c2" executionId="53f636ca-e4bf-4430-ad46-ce201cd156bc" testListId="8c84fa94-04c1-424b-9868-57a2d4851a1d" />
    <TestEntry testId="70963195-d40c-d770-8c40-0c14ecf811dd" executionId="af49e130-7828-4223-a047-1e1cff5d39ed" testListId="8c84fa94-04c1-424b-9868-57a2d4851a1d" />
    <TestEntry testId="853e2a19-5072-8587-688d-9f2ef2f75c17" executionId="8e3b8f8e-82e6-4b74-bceb-44d052962783" testListId="8c84fa94-04c1-424b-9868-57a2d4851a1d" />
    <TestEntry testId="ea5b34ca-e00f-8ef3-ffc7-0d93ed8c3df2" executionId="812ccff3-a341-4ec7-960b-cca3eb90c1f9" testListId="8c84fa94-04c1-424b-9868-57a2d4851a1d" />
    <TestEntry testId="3213074f-228c-2e65-8d0b-4acb051f3426" executionId="b98368fc-3cc6-4c9c-be8b-9bdc9d218441" testListId="8c84fa94-04c1-424b-9868-57a2d4851a1d" />
    <TestEntry testId="c907fb27-a6c3-c553-6e08-5f9b50cfb765" executionId="bb7b502e-ad90-48ad-ae1b-a00371d20e5a" testListId="8c84fa94-04c1-424b-9868-57a2d4851a1d" />
    <TestEntry testId="1e6a2b3c-4ae8-a813-3172-92f0c3c90ec1" executionId="be5e060e-eea9-4c25-a789-c1926447da36" testListId="8c84fa94-04c1-424b-9868-57a2d4851a1d" />
    <TestEntry testId="0f6890ce-7133-7848-991b-3660cccf468b" executionId="deae8dd6-4899-410c-90a4-0320e90b777f" testListId="8c84fa94-04c1-424b-9868-57a2d4851a1d" />
    <TestEntry testId="6f3f6241-09cb-bf47-0628-6572da8e613e" executionId="621d6707-299a-4a8f-878a-ba95f0627459" testListId="8c84fa94-04c1-424b-9868-57a2d4851a1d" />
    <TestEntry testId="6c1252cb-79f6-3ef6-5f4a-2f8dad5482e6" executionId="69a63a04-f96f-45be-a790-9a179f48c453" testListId="8c84fa94-04c1-424b-9868-57a2d4851a1d" />
    <TestEntry testId="672d9abf-4302-c7f3-643e-e54129a5bbee" executionId="dd108dfd-7489-4caa-9ec0-6b47342f765b" testListId="8c84fa94-04c1-424b-9868-57a2d4851a1d" />
    <TestEntry testId="d79d6345-c9c5-2663-30dd-08a0a5b5e2f7" executionId="dffcdbb2-226c-4de1-865d-aabb40ba58b6" testListId="8c84fa94-04c1-424b-9868-57a2d4851a1d" />
    <TestEntry testId="e98b58e0-ef31-8bdc-3093-30a92e91c299" executionId="a6760dd0-065a-40bd-a53b-8a23972c81ee" testListId="8c84fa94-04c1-424b-9868-57a2d4851a1d" />
    <TestEntry testId="f7d65ade-eba1-2ec3-5a53-e54d461d0a82" executionId="12f5368f-6911-460a-80ec-ae05f5e6887b" testListId="8c84fa94-04c1-424b-9868-57a2d4851a1d" />
    <TestEntry testId="f6a0abd8-465a-8790-0fab-efe5c3c77259" executionId="4bae9b92-2d1d-4235-b807-c78879d82472" testListId="8c84fa94-04c1-424b-9868-57a2d4851a1d" />
    <TestEntry testId="7566183e-1607-6dc4-97a3-21b53309f24f" executionId="169dd492-fca3-4219-b4d4-27ec445f7382" testListId="8c84fa94-04c1-424b-9868-57a2d4851a1d" />
    <TestEntry testId="d239c9bc-7530-77b8-8ff6-7e75186d4add" executionId="f56f6d6d-7da5-45c3-b4ea-9d0522e1049b" testListId="8c84fa94-04c1-424b-9868-57a2d4851a1d" />
    <TestEntry testId="99c38794-8339-8d20-7e0c-a022970b4aa0" executionId="0cb44ead-c994-4225-aaca-75c7a2938d86" testListId="8c84fa94-04c1-424b-9868-57a2d4851a1d" />
    <TestEntry testId="1744c897-0713-722a-0eca-b41b7c29da6e" executionId="12dcca6a-e412-4ba9-84a9-22ab071637a0" testListId="8c84fa94-04c1-424b-9868-57a2d4851a1d" />
    <TestEntry testId="7ac23f38-9de8-9baa-107f-18ad7efda9d1" executionId="cf7f05ef-f331-4601-b2f1-5a2c6c0cd101" testListId="8c84fa94-04c1-424b-9868-57a2d4851a1d" />
    <TestEntry testId="e24440b1-fa49-2a3b-ce4f-a4f931514a9e" executionId="678f12cb-e7ba-46e8-8667-d50090b12169" testListId="8c84fa94-04c1-424b-9868-57a2d4851a1d" />
    <TestEntry testId="1e7b5b69-354b-8746-3a47-d7a878849db7" executionId="ae894a9c-6049-4be8-97a5-aff07aa18bb9" testListId="8c84fa94-04c1-424b-9868-57a2d4851a1d" />
    <TestEntry testId="3ae3eec3-e509-96af-a6db-9946fee7230f" executionId="cbf3aa52-1a59-4659-8523-7d5ec58e02b8" testListId="8c84fa94-04c1-424b-9868-57a2d4851a1d" />
    <TestEntry testId="a972457f-5d42-0713-df0d-50a13e28e394" executionId="e0306ddf-91f1-440d-b4c8-0bb9a3b1cb0a" testListId="8c84fa94-04c1-424b-9868-57a2d4851a1d" />
    <TestEntry testId="3f568253-3269-e5d8-cb3f-8ae2962ff8b1" executionId="2c38740e-10ed-4944-98f2-b82520cd0520" testListId="8c84fa94-04c1-424b-9868-57a2d4851a1d" />
    <TestEntry testId="c39cb8a2-1996-c021-d1c0-9474d7f86c75" executionId="19203930-b26f-4b7f-b9ef-b442b3c66626" testListId="8c84fa94-04c1-424b-9868-57a2d4851a1d" />
    <TestEntry testId="b7316eda-4704-416b-c574-320b3db9d4fb" executionId="c64a7e78-8841-459b-afbf-e28a78f10982" testListId="8c84fa94-04c1-424b-9868-57a2d4851a1d" />
    <TestEntry testId="4b2464a2-4cd0-964d-8215-3918ea5a560c" executionId="00ddd377-f2f5-49d6-96c0-2fa8abbdc25a" testListId="8c84fa94-04c1-424b-9868-57a2d4851a1d" />
    <TestEntry testId="5f48943c-6262-25a0-8387-aa9526fc65e3" executionId="16736e1a-7147-48f0-a963-d9e811ff8c70" testListId="8c84fa94-04c1-424b-9868-57a2d4851a1d" />
    <TestEntry testId="3dae5f99-d1a0-8606-5fad-ae7fe246068b" executionId="6bed55ea-c10a-470f-a8f7-7fd9332df55f" testListId="8c84fa94-04c1-424b-9868-57a2d4851a1d" />
    <TestEntry testId="714a01f4-9cad-16e7-5b7e-9ee3bcffa11c" executionId="653ef6f6-18fd-4bf5-aa61-fe595be82c56" testListId="8c84fa94-04c1-424b-9868-57a2d4851a1d" />
    <TestEntry testId="a6722a58-28db-e1e7-4061-584aa27c4612" executionId="2ac959ac-2d75-4b46-b562-3dd62590930a" testListId="8c84fa94-04c1-424b-9868-57a2d4851a1d" />
    <TestEntry testId="5e82c4fb-bc1f-8dd3-332e-045ba6e6b34f" executionId="ded16859-875d-486b-8cf5-908b355ae5ca" testListId="8c84fa94-04c1-424b-9868-57a2d4851a1d" />
    <TestEntry testId="26e89e77-11c4-ee83-e0fc-b0e4861e5d5f" executionId="51dff748-f106-4850-9547-e6022f6b2e32" testListId="8c84fa94-04c1-424b-9868-57a2d4851a1d" />
    <TestEntry testId="192584be-9205-5bad-c49f-2ae6cbcfce72" executionId="0c1d2324-dd75-4b72-8380-81431700f558" testListId="8c84fa94-04c1-424b-9868-57a2d4851a1d" />
    <TestEntry testId="5212d2ef-34cb-bab2-823a-cc12a9a3e07b" executionId="d7b6532e-0586-4237-8122-a52e965c96d0" testListId="8c84fa94-04c1-424b-9868-57a2d4851a1d" />
    <TestEntry testId="c56ec5bc-18b1-2d13-1191-c024a22524dc" executionId="c59156e1-5a97-49fc-883c-3a869f533978" testListId="8c84fa94-04c1-424b-9868-57a2d4851a1d" />
    <TestEntry testId="f8e8db9f-136e-d706-1191-8181574628b5" executionId="29308738-b073-4bc7-b362-ebd18ba94066" testListId="8c84fa94-04c1-424b-9868-57a2d4851a1d" />
    <TestEntry testId="00fe00d3-4b57-9d79-c2ba-2af4ddfdd3ff" executionId="03d9ba5e-3bd4-4c9e-a8c6-10277c4a37b5" testListId="8c84fa94-04c1-424b-9868-57a2d4851a1d" />
    <TestEntry testId="78a12c21-bb30-3a5b-ffce-dce777d05391" executionId="1757ccc4-3549-4505-b190-14c8b54c8752" testListId="8c84fa94-04c1-424b-9868-57a2d4851a1d" />
    <TestEntry testId="8a140183-3388-1334-226c-abc73d985829" executionId="1f41bf7e-bd6d-4a4e-bf38-c263affc17b3" testListId="8c84fa94-04c1-424b-9868-57a2d4851a1d" />
  </TestEntries>
  <TestLists>
    <TestList name="Results Not in a List" id="8c84fa94-04c1-424b-9868-57a2d4851a1d" />
    <TestList name="All Loaded Results" id="19431567-8539-422a-85d7-44ee4e166bda" />
  </TestLists>
  <ResultSummary outcome="Completed">
    <Counters total="178" executed="178" passed="178" failed="0" error="0" timeout="0" aborted="0" inconclusive="0" passedButRunAborted="0" notRunnable="0" notExecuted="0" disconnected="0" warning="0" completed="0" inProgress="0" pending="0" />
    <Output>
      <StdOut>[xUnit.net 00:00:00.00] xUnit.net VSTest Adapter v2.4.5+1caef2f33e (64-bit .NET 7.0.0)
[xUnit.net 00:00:00.67]   Discovering: Engine.Behavior.Tests
[xUnit.net 00:00:00.70]   Discovered:  Engine.Behavior.Tests
[xUnit.net 00:00:00.70]   Starting:    Engine.Behavior.Tests
[xUnit.net 00:00:00.91]   Finished:    Engine.Behavior.Tests
</StdOut>
    </Output>
  </ResultSummary>
</TestRun>