<?xml version="1.0" encoding="utf-8"?>
<TestRun id="e9612242-67fe-4a54-9e73-359ad99770ad" name="@host00 2023-01-07 14:17:31" xmlns="http://microsoft.com/schemas/VisualStudio/TeamTest/2010">
  <Times creation="2023-01-07T14:17:31.9050319+01:00" queuing="2023-01-07T14:17:31.9050319+01:00" start="2023-01-07T14:17:30.7508132+01:00" finish="2023-01-07T14:17:31.9055203+01:00" />
  <TestSettings name="default" id="0370c2a4-7112-447c-8d2c-4884b0578054">
    <Deployment runDeploymentRoot="_host00_2023-01-07_14_17_31" />
  </TestSettings>
  <TestLists>
    <TestList name="Results Not in a List" id="8c84fa94-04c1-424b-9868-57a2d4851a1d" />
    <TestList name="All Loaded Results" id="19431567-8539-422a-85d7-44ee4e166bda" />
  </TestLists>
  <ResultSummary outcome="Completed">
    <Counters total="0" executed="0" passed="0" failed="0" error="0" timeout="0" aborted="0" inconclusive="0" passedButRunAborted="0" notRunnable="0" notExecuted="0" disconnected="0" warning="0" completed="0" inProgress="0" pending="0" />
    <Output>
      <StdOut>[xUnit.net 00:00:00.00] xUnit.net VSTest Adapter v2.4.5+1caef2f33e (64-bit .NET 7.0.0)
[xUnit.net 00:00:00.70]   Discovering: Engine.Client.Tests
[xUnit.net 00:00:00.70]   Discovered:  Engine.Client.Tests
</StdOut>
    </Output>
    <RunInfos>
      <RunInfo computerName="host00" outcome="Warning" timestamp="2023-01-07T14:17:31.8312428+01:00">
        <Text>No test is available in /home/rl/work/github.com/discomco/dot-cart/examples/car/Engine.Client.Tests/bin/Debug/net7.0/Engine.Client.Tests.dll. Make sure that test discoverer &amp; executors are registered and platform &amp; framework version settings are appropriate and try again.</Text>
      </RunInfo>
    </RunInfos>
  </ResultSummary>
</TestRun>