<?xml version="1.0" encoding="utf-8"?>
<TestRun id="2c6ab10c-2057-4b49-9ca7-571ef347efa7" name="@host00 2023-01-07 14:17:31" xmlns="http://microsoft.com/schemas/VisualStudio/TeamTest/2010">
  <Times creation="2023-01-07T14:17:31.5178489+01:00" queuing="2023-01-07T14:17:31.5178489+01:00" start="2023-01-07T14:17:30.0548967+01:00" finish="2023-01-07T14:17:31.5254369+01:00" />
  <TestSettings name="default" id="6132d514-fc9a-434d-b7e8-b5394bb738af">
    <Deployment runDeploymentRoot="_host00_2023-01-07_14_17_31" />
  </TestSettings>
  <Results>
    <UnitTestResult executionId="aba9276c-3351-453b-a629-5e539ba933b1" testId="71a07394-7eee-3558-f6ef-cc55c73e4100" testName="DotCart.Drivers.NATS.Tests.ReqRspDriverTests.ShouldResolveTheResponder" computerName="host00" duration="00:00:00.0282207" startTime="2023-01-07T14:17:31.4284555+01:00" endTime="2023-01-07T14:17:31.4284865+01:00" testType="13cdc9d9-ddb5-4fa4-a97d-d965ccfc6d4b" outcome="Passed" testListId="8c84fa94-04c1-424b-9868-57a2d4851a1d" relativeResultsDirectory="aba9276c-3351-453b-a629-5e539ba933b1" />
  </Results>
  <TestDefinitions>
    <UnitTest name="DotCart.Drivers.NATS.Tests.ReqRspDriverTests.ShouldResolveTheResponder" storage="/home/rl/work/github.com/discomco/dot-cart/drivers/dotcart.drivers.nats.tests/bin/debug/net7.0/dotcart.drivers.nats.tests.dll" id="71a07394-7eee-3558-f6ef-cc55c73e4100">
      <Execution id="aba9276c-3351-453b-a629-5e539ba933b1" />
      <TestMethod codeBase="/home/rl/work/github.com/discomco/dot-cart/drivers/DotCart.Drivers.NATS.Tests/bin/Debug/net7.0/DotCart.Drivers.NATS.Tests.dll" adapterTypeName="executor://xunit/VsTestRunner2/netcoreapp" className="DotCart.Drivers.NATS.Tests.ReqRspDriverTests" name="ShouldResolveTheResponder" />
    </UnitTest>
  </TestDefinitions>
  <TestEntries>
    <TestEntry testId="71a07394-7eee-3558-f6ef-cc55c73e4100" executionId="aba9276c-3351-453b-a629-5e539ba933b1" testListId="8c84fa94-04c1-424b-9868-57a2d4851a1d" />
  </TestEntries>
  <TestLists>
    <TestList name="Results Not in a List" id="8c84fa94-04c1-424b-9868-57a2d4851a1d" />
    <TestList name="All Loaded Results" id="19431567-8539-422a-85d7-44ee4e166bda" />
  </TestLists>
  <ResultSummary outcome="Completed">
    <Counters total="1" executed="1" passed="1" failed="0" error="0" timeout="0" aborted="0" inconclusive="0" passedButRunAborted="0" notRunnable="0" notExecuted="0" disconnected="0" warning="0" completed="0" inProgress="0" pending="0" />
    <Output>
      <StdOut>[xUnit.net 00:00:00.00] xUnit.net VSTest Adapter v2.4.5+1caef2f33e (64-bit .NET 7.0.0)
[xUnit.net 00:00:00.79]   Discovering: DotCart.Drivers.NATS.Tests
[xUnit.net 00:00:00.81]   Discovered:  DotCart.Drivers.NATS.Tests
[xUnit.net 00:00:00.82]   Starting:    DotCart.Drivers.NATS.Tests
[xUnit.net 00:00:00.89]   Finished:    DotCart.Drivers.NATS.Tests
</StdOut>
    </Output>
  </ResultSummary>
</TestRun>