<?xml version="1.0" encoding="utf-8"?>
<TestRun id="051439ac-8fe4-415d-bc70-88733e8a2fb3" name="@host00 2023-01-07 14:17:31" xmlns="http://microsoft.com/schemas/VisualStudio/TeamTest/2010">
  <Times creation="2023-01-07T14:17:31.3400050+01:00" queuing="2023-01-07T14:17:31.3400050+01:00" start="2023-01-07T14:17:30.0330670+01:00" finish="2023-01-07T14:17:31.3459498+01:00" />
  <TestSettings name="default" id="649efc2f-55fe-4c18-ac50-5ef61609be4d">
    <Deployment runDeploymentRoot="_host00_2023-01-07_14_17_31" />
  </TestSettings>
  <Results>
    <UnitTestResult executionId="03a310f2-639e-43ba-806d-b4bd6554acb3" testId="fa7ae486-3507-8867-92b2-ec4f3784810f" testName="DotCart.Drivers.Kafka.Tests.UnitTest1.Test1" computerName="host00" duration="00:00:00.0014237" startTime="2023-01-07T14:17:31.2481210+01:00" endTime="2023-01-07T14:17:31.2481545+01:00" testType="13cdc9d9-ddb5-4fa4-a97d-d965ccfc6d4b" outcome="Passed" testListId="8c84fa94-04c1-424b-9868-57a2d4851a1d" relativeResultsDirectory="03a310f2-639e-43ba-806d-b4bd6554acb3" />
  </Results>
  <TestDefinitions>
    <UnitTest name="DotCart.Drivers.Kafka.Tests.UnitTest1.Test1" storage="/home/rl/work/github.com/discomco/dot-cart/drivers/dotcart.drivers.kafka.tests/bin/debug/net7.0/dotcart.drivers.kafka.tests.dll" id="fa7ae486-3507-8867-92b2-ec4f3784810f">
      <Execution id="03a310f2-639e-43ba-806d-b4bd6554acb3" />
      <TestMethod codeBase="/home/rl/work/github.com/discomco/dot-cart/drivers/DotCart.Drivers.Kafka.Tests/bin/Debug/net7.0/DotCart.Drivers.Kafka.Tests.dll" adapterTypeName="executor://xunit/VsTestRunner2/netcoreapp" className="DotCart.Drivers.Kafka.Tests.UnitTest1" name="Test1" />
    </UnitTest>
  </TestDefinitions>
  <TestEntries>
    <TestEntry testId="fa7ae486-3507-8867-92b2-ec4f3784810f" executionId="03a310f2-639e-43ba-806d-b4bd6554acb3" testListId="8c84fa94-04c1-424b-9868-57a2d4851a1d" />
  </TestEntries>
  <TestLists>
    <TestList name="Results Not in a List" id="8c84fa94-04c1-424b-9868-57a2d4851a1d" />
    <TestList name="All Loaded Results" id="19431567-8539-422a-85d7-44ee4e166bda" />
  </TestLists>
  <ResultSummary outcome="Completed">
    <Counters total="1" executed="1" passed="1" failed="0" error="0" timeout="0" aborted="0" inconclusive="0" passedButRunAborted="0" notRunnable="0" notExecuted="0" disconnected="0" warning="0" completed="0" inProgress="0" pending="0" />
    <Output>
      <StdOut>[xUnit.net 00:00:00.00] xUnit.net VSTest Adapter v2.4.5+1caef2f33e (64-bit .NET 7.0.0)
[xUnit.net 00:00:00.71]   Discovering: DotCart.Drivers.Kafka.Tests
[xUnit.net 00:00:00.73]   Discovered:  DotCart.Drivers.Kafka.Tests
[xUnit.net 00:00:00.73]   Starting:    DotCart.Drivers.Kafka.Tests
[xUnit.net 00:00:00.77]   Finished:    DotCart.Drivers.Kafka.Tests
</StdOut>
    </Output>
  </ResultSummary>
</TestRun>