<?xml version="1.0" encoding="utf-8"?>
<TestRun id="f0f915e7-e9c6-47f9-bcb3-f9c8cc42cecb" name="@host00 2023-01-07 14:17:32" xmlns="http://microsoft.com/schemas/VisualStudio/TeamTest/2010">
  <Times creation="2023-01-07T14:17:32.0323019+01:00" queuing="2023-01-07T14:17:32.0323019+01:00" start="2023-01-07T14:17:30.6826063+01:00" finish="2023-01-07T14:17:35.4830568+01:00" />
  <TestSettings name="default" id="35e3cb4b-b354-40d5-9d2e-307fd66c1f99">
    <Deployment runDeploymentRoot="_host00_2023-01-07_14_17_32" />
  </TestSettings>
  <Results>
    <UnitTestResult executionId="79e52291-7f37-4976-902b-f5bf03276edb" testId="1b2c266c-95fb-d591-e679-6489f35327cf" testName="Engine.Context.Tests.ChangeRpm.CmdHandlerTests.ShouldResolveStateCtor" computerName="host00" duration="00:00:00.0015310" startTime="2023-01-07T14:17:32.4838379+01:00" endTime="2023-01-07T14:17:32.4838380+01:00" testType="13cdc9d9-ddb5-4fa4-a97d-d965ccfc6d4b" outcome="Passed" testListId="8c84fa94-04c1-424b-9868-57a2d4851a1d" relativeResultsDirectory="79e52291-7f37-4976-902b-f5bf03276edb" />
    <UnitTestResult executionId="f00a3925-5bfb-4941-8b61-6296bd5dddf9" testId="a564e6f9-7f14-cfc9-e5d6-3a90e223a530" testName="Engine.Context.Tests.ChangeRpm.SpokeTests.ShouldResolveEmptySpoke" computerName="host00" duration="00:00:00.0133018" startTime="2023-01-07T14:17:35.4072722+01:00" endTime="2023-01-07T14:17:35.4072723+01:00" testType="13cdc9d9-ddb5-4fa4-a97d-d965ccfc6d4b" outcome="Passed" testListId="8c84fa94-04c1-424b-9868-57a2d4851a1d" relativeResultsDirectory="f00a3925-5bfb-4941-8b61-6296bd5dddf9" />
    <UnitTestResult executionId="0439ed19-ae01-4214-b89d-340ecd62006f" testId="53780acf-9a85-f23e-fb5f-b74c75571303" testName="Engine.Context.Tests.ChangeRpm.ToRedisListTests.ShouldTestAndTProjectionHaveSameAttribute" computerName="host00" duration="00:00:00.0489463" startTime="2023-01-07T14:17:32.0108396+01:00" endTime="2023-01-07T14:17:32.0108397+01:00" testType="13cdc9d9-ddb5-4fa4-a97d-d965ccfc6d4b" outcome="Passed" testListId="8c84fa94-04c1-424b-9868-57a2d4851a1d" relativeResultsDirectory="0439ed19-ae01-4214-b89d-340ecd62006f" />
    <UnitTestResult executionId="27c52d9d-9f9b-45b5-98f7-83a38f5b4c4f" testId="34d3bf8d-beb6-f0f3-ce54-3bb09a82f53b" testName="Engine.Context.Tests.Stop.CmdHandlerTests.ShouldResolveStateCtor" computerName="host00" duration="00:00:00.0039465" startTime="2023-01-07T14:17:32.3213512+01:00" endTime="2023-01-07T14:17:32.3213513+01:00" testType="13cdc9d9-ddb5-4fa4-a97d-d965ccfc6d4b" outcome="Passed" testListId="8c84fa94-04c1-424b-9868-57a2d4851a1d" relativeResultsDirectory="27c52d9d-9f9b-45b5-98f7-83a38f5b4c4f" />
    <UnitTestResult executionId="b7289d05-abb1-45cf-a259-f17a827b003c" testId="1cfafcae-fd7e-0bd2-83bf-960ff9abf161" testName="Engine.Context.Tests.ChangeDetails.ToRedisDocTests.ShouldResolveEvt2State" computerName="host00" duration="00:00:00.0014804" startTime="2023-01-07T14:17:32.2999972+01:00" endTime="2023-01-07T14:17:32.2999973+01:00" testType="13cdc9d9-ddb5-4fa4-a97d-d965ccfc6d4b" outcome="Passed" testListId="8c84fa94-04c1-424b-9868-57a2d4851a1d" relativeResultsDirectory="b7289d05-abb1-45cf-a259-f17a827b003c" />
    <UnitTestResult executionId="8753a6e2-3868-4f12-8634-0ed04f72236c" testId="c838dfe8-3dba-4d02-d731-eb9438b9eaf6" testName="Engine.Context.Tests.Stop.FromRabbitMqRetroTests.ShouldResolveEmitter" computerName="host00" duration="00:00:00.1089238" startTime="2023-01-07T14:17:32.4072606+01:00" endTime="2023-01-07T14:17:32.4072607+01:00" testType="13cdc9d9-ddb5-4fa4-a97d-d965ccfc6d4b" outcome="Passed" testListId="8c84fa94-04c1-424b-9868-57a2d4851a1d" relativeResultsDirectory="8753a6e2-3868-4f12-8634-0ed04f72236c" />
    <UnitTestResult executionId="30bca64c-bce5-4879-bb58-f1bbba8ccfc3" testId="0648d684-3bcd-f505-1223-be426e9a0ec7" testName="Engine.Context.Tests.ChangeDetails.CmdHandlerTests.ShouldHandleCmd" computerName="host00" duration="00:00:00.1623548" startTime="2023-01-07T14:17:32.3152293+01:00" endTime="2023-01-07T14:17:32.3152294+01:00" testType="13cdc9d9-ddb5-4fa4-a97d-d965ccfc6d4b" outcome="Passed" testListId="8c84fa94-04c1-424b-9868-57a2d4851a1d" relativeResultsDirectory="30bca64c-bce5-4879-bb58-f1bbba8ccfc3" />
    <UnitTestResult executionId="30a49d67-f191-49db-af3e-477d0eab14d5" testId="2b6d4776-cbe5-9cb2-9f9a-0d38e5ea0574" testName="Engine.Context.Tests.ChangeDetails.ToRedisDocTests.ShouldResolveReadModelStore" computerName="host00" duration="00:00:00.0460705" startTime="2023-01-07T14:17:32.4834149+01:00" endTime="2023-01-07T14:17:32.4834149+01:00" testType="13cdc9d9-ddb5-4fa4-a97d-d965ccfc6d4b" outcome="Passed" testListId="8c84fa94-04c1-424b-9868-57a2d4851a1d" relativeResultsDirectory="30a49d67-f191-49db-af3e-477d0eab14d5" />
    <UnitTestResult executionId="1e086ca5-57ed-41d0-adf7-3525d732b11b" testId="e469a353-5641-6456-0dcb-2680792993a6" testName="Engine.Context.Tests.Initialize.ToEventStoreTestsT.ShouldResolveReadModelStore" computerName="host00" duration="00:00:00.0481214" startTime="2023-01-07T14:17:32.3717353+01:00" endTime="2023-01-07T14:17:32.3717355+01:00" testType="13cdc9d9-ddb5-4fa4-a97d-d965ccfc6d4b" outcome="Passed" testListId="8c84fa94-04c1-424b-9868-57a2d4851a1d" relativeResultsDirectory="1e086ca5-57ed-41d0-adf7-3525d732b11b" />
    <UnitTestResult executionId="fcfdfeec-6aa6-4a6e-bdd1-9cc59170ec02" testId="fb591f86-3b99-dee9-180b-32f615b66a61" testName="Engine.Context.Tests.Stop.ToRedisListTests.ShouldResolveEvt2State" computerName="host00" duration="00:00:00.0017925" startTime="2023-01-07T14:17:32.4336781+01:00" endTime="2023-01-07T14:17:32.4336783+01:00" testType="13cdc9d9-ddb5-4fa4-a97d-d965ccfc6d4b" outcome="Passed" testListId="8c84fa94-04c1-424b-9868-57a2d4851a1d" relativeResultsDirectory="fcfdfeec-6aa6-4a6e-bdd1-9cc59170ec02" />
    <UnitTestResult executionId="e28371b0-474a-4c79-8636-c3f97ee3c062" testId="8818c662-f23c-fc50-c132-d594c4b7794c" testName="Engine.Context.Tests.Start.ToEventStoreTestsT.ShouldResolveExchange" computerName="host00" duration="00:00:00.0094611" startTime="2023-01-07T14:17:32.1865773+01:00" endTime="2023-01-07T14:17:32.1865774+01:00" testType="13cdc9d9-ddb5-4fa4-a97d-d965ccfc6d4b" outcome="Passed" testListId="8c84fa94-04c1-424b-9868-57a2d4851a1d" relativeResultsDirectory="e28371b0-474a-4c79-8636-c3f97ee3c062" />
    <UnitTestResult executionId="ab38e6b6-1bdf-43cb-b3a9-c5b33423c0b2" testId="0047968c-c942-60ae-8fc4-0a094f7da5fc" testName="Engine.Context.Tests.Stop.ToRabbitMqTests.ShouldBeNamedActor" computerName="host00" duration="00:00:00.0027546" startTime="2023-01-07T14:17:32.2994199+01:00" endTime="2023-01-07T14:17:32.2994199+01:00" testType="13cdc9d9-ddb5-4fa4-a97d-d965ccfc6d4b" outcome="Passed" testListId="8c84fa94-04c1-424b-9868-57a2d4851a1d" relativeResultsDirectory="ab38e6b6-1bdf-43cb-b3a9-c5b33423c0b2" />
    <UnitTestResult executionId="67d26478-0825-4e3d-9115-9832a3a0e758" testId="0fa52bd2-8308-43d0-8504-b9802e55ec34" testName="Engine.Context.Tests.ChangeRpm.CmdHandlerTests.ShouldResolveCmdHandler" computerName="host00" duration="00:00:00.0029029" startTime="2023-01-07T14:17:32.4822524+01:00" endTime="2023-01-07T14:17:32.4822524+01:00" testType="13cdc9d9-ddb5-4fa4-a97d-d965ccfc6d4b" outcome="Passed" testListId="8c84fa94-04c1-424b-9868-57a2d4851a1d" relativeResultsDirectory="67d26478-0825-4e3d-9115-9832a3a0e758" />
    <UnitTestResult executionId="ec021c48-f777-4abf-a4fe-46ab0b7dd1fa" testId="3445b052-8acc-52ca-ae78-5c7f264f7176" testName="Engine.Context.Tests.Initialize.FromNATSTests.ShouldResolveHope2Cmd" computerName="host00" duration="00:00:00.0004899" startTime="2023-01-07T14:17:32.4508340+01:00" endTime="2023-01-07T14:17:32.4508344+01:00" testType="13cdc9d9-ddb5-4fa4-a97d-d965ccfc6d4b" outcome="Passed" testListId="8c84fa94-04c1-424b-9868-57a2d4851a1d" relativeResultsDirectory="ec021c48-f777-4abf-a4fe-46ab0b7dd1fa" />
    <UnitTestResult executionId="067b4b63-9650-4e3c-b52c-732bb4771cad" testId="f5781f56-64df-af44-17cf-cacd914f0baa" testName="Engine.Context.Tests.ChangeDetails.HopePipeBuilderTests.ShouldOnlyContainDistinctSteps" computerName="host00" duration="00:00:00.0061015" startTime="2023-01-07T14:17:32.2957782+01:00" endTime="2023-01-07T14:17:32.2957783+01:00" testType="13cdc9d9-ddb5-4fa4-a97d-d965ccfc6d4b" outcome="Passed" testListId="8c84fa94-04c1-424b-9868-57a2d4851a1d" relativeResultsDirectory="067b4b63-9650-4e3c-b52c-732bb4771cad" />
    <UnitTestResult executionId="921f5cde-50c4-412c-8222-5d6b4f4d550c" testId="dffea405-5ad9-4e27-f044-bda926c11178" testName="Engine.Context.Tests.ChangeDetails.FromNATSTests.ShouldResolveEmitter" computerName="host00" duration="00:00:02.9483360" startTime="2023-01-07T14:17:35.3842658+01:00" endTime="2023-01-07T14:17:35.3842660+01:00" testType="13cdc9d9-ddb5-4fa4-a97d-d965ccfc6d4b" outcome="Passed" testListId="8c84fa94-04c1-424b-9868-57a2d4851a1d" relativeResultsDirectory="921f5cde-50c4-412c-8222-5d6b4f4d550c" />
    <UnitTestResult executionId="229c2869-c728-4dda-b6b2-bb89f1b29286" testId="46d74258-747b-201d-0e4a-64dd8d446be5" testName="Engine.Context.Tests.ChangeDetails.CmdHandlerTests.ShouldResolvePayloadCtor" computerName="host00" duration="00:00:00.0018479" startTime="2023-01-07T14:17:32.1300739+01:00" endTime="2023-01-07T14:17:32.1300740+01:00" testType="13cdc9d9-ddb5-4fa4-a97d-d965ccfc6d4b" outcome="Passed" testListId="8c84fa94-04c1-424b-9868-57a2d4851a1d" relativeResultsDirectory="229c2869-c728-4dda-b6b2-bb89f1b29286" />
    <UnitTestResult executionId="cb050a5d-f173-4043-93ff-eff80c535415" testId="176624f8-6b41-4344-e6ce-5b51bc0864de" testName="Engine.Context.Tests.Initialize.ToRabbitMqTests.ShouldBeNamedActor" computerName="host00" duration="00:00:00.0004464" startTime="2023-01-07T14:17:35.3814181+01:00" endTime="2023-01-07T14:17:35.3814183+01:00" testType="13cdc9d9-ddb5-4fa4-a97d-d965ccfc6d4b" outcome="Passed" testListId="8c84fa94-04c1-424b-9868-57a2d4851a1d" relativeResultsDirectory="cb050a5d-f173-4043-93ff-eff80c535415" />
    <UnitTestResult executionId="e495041a-baca-46c5-ae3a-1cb58e64321f" testId="e79fc493-6970-31cc-6c5c-ae66fc1b3737" testName="Engine.Context.Tests.Stop.HopePipeBuilderTests.ShouldExecuteAsync" computerName="host00" duration="00:00:00.0656798" startTime="2023-01-07T14:17:32.2537834+01:00" endTime="2023-01-07T14:17:32.2537842+01:00" testType="13cdc9d9-ddb5-4fa4-a97d-d965ccfc6d4b" outcome="Passed" testListId="8c84fa94-04c1-424b-9868-57a2d4851a1d" relativeResultsDirectory="e495041a-baca-46c5-ae3a-1cb58e64321f" />
    <UnitTestResult executionId="bf96502e-e556-4bf4-9167-3283dd8e2e94" testId="91097077-0ce4-e342-d7c3-c25c44bcfa9b" testName="Engine.Context.Tests.ChangeDetails.SpokeTests.ShouldResolveActors" computerName="host00" duration="00:00:00.1012017" startTime="2023-01-07T14:17:32.3976862+01:00" endTime="2023-01-07T14:17:32.3976862+01:00" testType="13cdc9d9-ddb5-4fa4-a97d-d965ccfc6d4b" outcome="Passed" testListId="8c84fa94-04c1-424b-9868-57a2d4851a1d" relativeResultsDirectory="bf96502e-e556-4bf4-9167-3283dd8e2e94" />
    <UnitTestResult executionId="51215eaf-13d7-4065-98c8-c79bcd045e2d" testId="fc9a1466-a4b8-2d4b-1834-2e9a99ab6d83" testName="Engine.Context.Tests.ChangeDetails.HopePipeBuilderTests.ShouldResolvePipeBuilder" computerName="host00" duration="00:00:00.0009811" startTime="2023-01-07T14:17:32.2553452+01:00" endTime="2023-01-07T14:17:32.2553456+01:00" testType="13cdc9d9-ddb5-4fa4-a97d-d965ccfc6d4b" outcome="Passed" testListId="8c84fa94-04c1-424b-9868-57a2d4851a1d" relativeResultsDirectory="51215eaf-13d7-4065-98c8-c79bcd045e2d" />
    <UnitTestResult executionId="70d9350b-3ce3-493c-8fc3-55233338ef86" testId="408b2385-038f-388c-9595-ddc6a5821a18" testName="Engine.Context.Tests.Start.FromNATSTests.ShouldResolveOptionsAction" computerName="host00" duration="00:00:00.0507309" startTime="2023-01-07T14:17:32.0203222+01:00" endTime="2023-01-07T14:17:32.0203223+01:00" testType="13cdc9d9-ddb5-4fa4-a97d-d965ccfc6d4b" outcome="Passed" testListId="8c84fa94-04c1-424b-9868-57a2d4851a1d" relativeResultsDirectory="70d9350b-3ce3-493c-8fc3-55233338ef86" />
    <UnitTestResult executionId="9fb8502e-0fe1-4312-858b-3c3db1a5f0c0" testId="03104d30-85ab-eae6-d496-7814ed0ac733" testName="Engine.Context.Tests.Initialize.FromNATSTests.ShouldBeNamedActor" computerName="host00" duration="00:00:00.0003185" startTime="2023-01-07T14:17:32.4502869+01:00" endTime="2023-01-07T14:17:32.4502870+01:00" testType="13cdc9d9-ddb5-4fa4-a97d-d965ccfc6d4b" outcome="Passed" testListId="8c84fa94-04c1-424b-9868-57a2d4851a1d" relativeResultsDirectory="9fb8502e-0fe1-4312-858b-3c3db1a5f0c0" />
    <UnitTestResult executionId="dd1267ac-bc50-4aba-ad32-926c28760557" testId="879fae1b-a472-bde4-db52-af276490b53f" testName="Engine.Context.Tests.Stop.FromNATSTests.ShouldResolveHope2Cmd" computerName="host00" duration="00:00:00.0006708" startTime="2023-01-07T14:17:32.3294934+01:00" endTime="2023-01-07T14:17:32.3294934+01:00" testType="13cdc9d9-ddb5-4fa4-a97d-d965ccfc6d4b" outcome="Passed" testListId="8c84fa94-04c1-424b-9868-57a2d4851a1d" relativeResultsDirectory="dd1267ac-bc50-4aba-ad32-926c28760557" />
    <UnitTestResult executionId="e1272115-3ff6-473a-a5a2-429065368028" testId="76a755d5-a9c5-d5d4-0f84-37a560f7705c" testName="Engine.Context.Tests.ChangeDetails.CmdHandlerTests.ShouldResolveCmdCtor" computerName="host00" duration="00:00:00.0018249" startTime="2023-01-07T14:17:32.1319729+01:00" endTime="2023-01-07T14:17:32.1319730+01:00" testType="13cdc9d9-ddb5-4fa4-a97d-d965ccfc6d4b" outcome="Passed" testListId="8c84fa94-04c1-424b-9868-57a2d4851a1d" relativeResultsDirectory="e1272115-3ff6-473a-a5a2-429065368028" />
    <UnitTestResult executionId="fbf4317f-03ca-4a00-8ceb-d66a179c2808" testId="1cf117a0-f5e7-f580-8971-833c75d618f3" testName="Engine.Context.Tests.ChangeDetails.HopePipeBuilderTests.ShouldHaveName" computerName="host00" duration="00:00:00.0015607" startTime="2023-01-07T14:17:32.2571367+01:00" endTime="2023-01-07T14:17:32.2571368+01:00" testType="13cdc9d9-ddb5-4fa4-a97d-d965ccfc6d4b" outcome="Passed" testListId="8c84fa94-04c1-424b-9868-57a2d4851a1d" relativeResultsDirectory="fbf4317f-03ca-4a00-8ceb-d66a179c2808" />
    <UnitTestResult executionId="7327fbd5-3cc5-4238-9a2d-7ea93a8f2ce1" testId="e284e442-0937-d37d-124d-4f5085d007f1" testName="Engine.Context.Tests.ChangeRpm.SpokeTests.ShouldHaveNameAttribute" computerName="host00" duration="00:00:00.0003812" startTime="2023-01-07T14:17:32.1961083+01:00" endTime="2023-01-07T14:17:32.1961084+01:00" testType="13cdc9d9-ddb5-4fa4-a97d-d965ccfc6d4b" outcome="Passed" testListId="8c84fa94-04c1-424b-9868-57a2d4851a1d" relativeResultsDirectory="7327fbd5-3cc5-4238-9a2d-7ea93a8f2ce1" />
    <UnitTestResult executionId="63800187-c6d4-4eec-a978-95b9e0e0676d" testId="0f939992-ccea-4ffc-53fe-594131106a91" testName="Engine.Context.Tests.Initialize.ToEventStoreTestsT.ShouldResolveEvt2Fact" computerName="host00" duration="00:00:00.0378664" startTime="2023-01-07T14:17:32.2971920+01:00" endTime="2023-01-07T14:17:32.2971920+01:00" testType="13cdc9d9-ddb5-4fa4-a97d-d965ccfc6d4b" outcome="Passed" testListId="8c84fa94-04c1-424b-9868-57a2d4851a1d" relativeResultsDirectory="63800187-c6d4-4eec-a978-95b9e0e0676d" />
    <UnitTestResult executionId="77d8b400-7394-4615-ac72-1bce40e263a4" testId="e577d89c-6771-547e-cabd-f6c1264d7ac1" testName="Engine.Context.Tests.ChangeDetails.ToRabbitMqTests.ShouldResolveEvt2Fact" computerName="host00" duration="00:00:00.0507535" startTime="2023-01-07T14:17:32.0219880+01:00" endTime="2023-01-07T14:17:32.0219881+01:00" testType="13cdc9d9-ddb5-4fa4-a97d-d965ccfc6d4b" outcome="Passed" testListId="8c84fa94-04c1-424b-9868-57a2d4851a1d" relativeResultsDirectory="77d8b400-7394-4615-ac72-1bce40e263a4" />
    <UnitTestResult executionId="1c7dd16a-f193-4ddd-8e80-2e0bc343b601" testId="ca7397a3-6e52-094e-5c2e-bbd4f34765e1" testName="Engine.Context.Tests.ChangeDetails.HopePipeBuilderTests.ShouldExecuteAsync" computerName="host00" duration="00:00:00.2953903" startTime="2023-01-07T14:17:32.2538635+01:00" endTime="2023-01-07T14:17:32.2538636+01:00" testType="13cdc9d9-ddb5-4fa4-a97d-d965ccfc6d4b" outcome="Passed" testListId="8c84fa94-04c1-424b-9868-57a2d4851a1d" relativeResultsDirectory="1c7dd16a-f193-4ddd-8e80-2e0bc343b601" />
    <UnitTestResult executionId="925e6290-c5eb-43d0-90e0-395fdbfc244a" testId="6e12dd7c-a946-4866-a15a-8045e7860abd" testName="Engine.Context.Tests.ChangeDetails.ToRedisListTests.ShouldTestAndTProjectionHaveSameAttribute" computerName="host00" duration="00:00:00.0004604" startTime="2023-01-07T14:17:32.1789953+01:00" endTime="2023-01-07T14:17:32.1789954+01:00" testType="13cdc9d9-ddb5-4fa4-a97d-d965ccfc6d4b" outcome="Passed" testListId="8c84fa94-04c1-424b-9868-57a2d4851a1d" relativeResultsDirectory="925e6290-c5eb-43d0-90e0-395fdbfc244a" />
    <UnitTestResult executionId="93d297fa-9e6a-4b8f-a888-1094163fe240" testId="52ec1a69-f6ad-44b1-07cd-f16a0fcb0317" testName="Engine.Context.Tests.ChangeRpm.HopePipeBuilderTests.ShouldOnlyContainDistinctSteps" computerName="host00" duration="00:00:00.0330723" startTime="2023-01-07T14:17:32.2912742+01:00" endTime="2023-01-07T14:17:32.2912742+01:00" testType="13cdc9d9-ddb5-4fa4-a97d-d965ccfc6d4b" outcome="Passed" testListId="8c84fa94-04c1-424b-9868-57a2d4851a1d" relativeResultsDirectory="93d297fa-9e6a-4b8f-a888-1094163fe240" />
    <UnitTestResult executionId="b900a7e1-2e9b-4278-b0cc-bf504258f678" testId="af69a69d-4371-bf7d-9806-e8866d9c0d0d" testName="Engine.Context.Tests.Initialize.CmdHandlerTests.ShouldResolveCmdCtor" computerName="host00" duration="00:00:00.0018868" startTime="2023-01-07T14:17:32.4799892+01:00" endTime="2023-01-07T14:17:32.4799892+01:00" testType="13cdc9d9-ddb5-4fa4-a97d-d965ccfc6d4b" outcome="Passed" testListId="8c84fa94-04c1-424b-9868-57a2d4851a1d" relativeResultsDirectory="b900a7e1-2e9b-4278-b0cc-bf504258f678" />
    <UnitTestResult executionId="890e1ac3-afe0-405f-bb3b-e08d0ce4e86f" testId="d6adfdaa-85fc-45ec-28d1-45babb581751" testName="Engine.Context.Tests.ChangeRpm.ToRedisListTests.ShouldResolveProjection" computerName="host00" duration="00:00:00.3915024" startTime="2023-01-07T14:17:32.4042481+01:00" endTime="2023-01-07T14:17:32.4042482+01:00" testType="13cdc9d9-ddb5-4fa4-a97d-d965ccfc6d4b" outcome="Passed" testListId="8c84fa94-04c1-424b-9868-57a2d4851a1d" relativeResultsDirectory="890e1ac3-afe0-405f-bb3b-e08d0ce4e86f" />
    <UnitTestResult executionId="5b9ff57b-e598-4d52-a64b-3f66a32c5962" testId="f7b4d270-e7f8-95cc-3298-fda70b9affe8" testName="Engine.Context.Tests.Stop.HopePipeBuilderTests.ShouldHaveName" computerName="host00" duration="00:00:00.0009094" startTime="2023-01-07T14:17:32.2556212+01:00" endTime="2023-01-07T14:17:32.2556213+01:00" testType="13cdc9d9-ddb5-4fa4-a97d-d965ccfc6d4b" outcome="Passed" testListId="8c84fa94-04c1-424b-9868-57a2d4851a1d" relativeResultsDirectory="5b9ff57b-e598-4d52-a64b-3f66a32c5962" />
    <UnitTestResult executionId="1c71dc41-8ef4-43c1-b294-aad9c2af5013" testId="49493b27-e959-18c0-3f85-d598e26897d4" testName="Engine.Context.Tests.Stop.SpokeTests.ShouldResolveEmptySpoke" computerName="host00" duration="00:00:02.9007617" startTime="2023-01-07T14:17:35.3951990+01:00" endTime="2023-01-07T14:17:35.3951991+01:00" testType="13cdc9d9-ddb5-4fa4-a97d-d965ccfc6d4b" outcome="Passed" testListId="8c84fa94-04c1-424b-9868-57a2d4851a1d" relativeResultsDirectory="1c71dc41-8ef4-43c1-b294-aad9c2af5013" />
    <UnitTestResult executionId="4ec24f1f-3b40-4b13-b378-62250682993d" testId="8043598a-ed6d-bca9-a6e6-d69af3f707b0" testName="Engine.Context.Tests.Initialize.ToRedisListTests.ShouldResolveProjection" computerName="host00" duration="00:00:03.0054824" startTime="2023-01-07T14:17:35.3913114+01:00" endTime="2023-01-07T14:17:35.3913116+01:00" testType="13cdc9d9-ddb5-4fa4-a97d-d965ccfc6d4b" outcome="Passed" testListId="8c84fa94-04c1-424b-9868-57a2d4851a1d" relativeResultsDirectory="4ec24f1f-3b40-4b13-b378-62250682993d" />
    <UnitTestResult executionId="b203b621-a080-4dec-a8b5-829910c0c01c" testId="f08d276b-3adc-c178-e3af-96e30cbf9fa2" testName="Engine.Context.Tests.Stop.FromRabbitMqRetroTests.ShouldResolveExchange" computerName="host00" duration="00:00:00.0359270" startTime="2023-01-07T14:17:32.2950720+01:00" endTime="2023-01-07T14:17:32.2950721+01:00" testType="13cdc9d9-ddb5-4fa4-a97d-d965ccfc6d4b" outcome="Passed" testListId="8c84fa94-04c1-424b-9868-57a2d4851a1d" relativeResultsDirectory="b203b621-a080-4dec-a8b5-829910c0c01c" />
    <UnitTestResult executionId="b39008f3-12e2-4beb-9ce7-d5edc377931b" testId="f063ecc4-a685-5d09-f7cb-cdc037cd3319" testName="Engine.Context.Tests.Start.CmdHandlerTests.ShouldResolveAggregateStore" computerName="host00" duration="00:00:00.0019690" startTime="2023-01-07T14:17:32.3250310+01:00" endTime="2023-01-07T14:17:32.3250311+01:00" testType="13cdc9d9-ddb5-4fa4-a97d-d965ccfc6d4b" outcome="Passed" testListId="8c84fa94-04c1-424b-9868-57a2d4851a1d" relativeResultsDirectory="b39008f3-12e2-4beb-9ce7-d5edc377931b" />
    <UnitTestResult executionId="391bcc08-ecd7-45b8-98b5-89223f0d506d" testId="67b0882a-654b-a1e2-fcf9-ed47a5b13793" testName="Engine.Context.Tests.ChangeRpm.ToRedisDocTests.ShouldResolveExchange" computerName="host00" duration="00:00:00.0006731" startTime="2023-01-07T14:17:32.4096987+01:00" endTime="2023-01-07T14:17:32.4096988+01:00" testType="13cdc9d9-ddb5-4fa4-a97d-d965ccfc6d4b" outcome="Passed" testListId="8c84fa94-04c1-424b-9868-57a2d4851a1d" relativeResultsDirectory="391bcc08-ecd7-45b8-98b5-89223f0d506d" />
    <UnitTestResult executionId="96d7e7a6-9772-4e6e-968e-7ebee568004e" testId="688dc95c-94fc-3505-1973-f824aeacd1e2" testName="Engine.Context.Tests.Stop.CmdHandlerTests.ShouldResolveIDCtor" computerName="host00" duration="00:00:00.0009228" startTime="2023-01-07T14:17:32.3262326+01:00" endTime="2023-01-07T14:17:32.3262326+01:00" testType="13cdc9d9-ddb5-4fa4-a97d-d965ccfc6d4b" outcome="Passed" testListId="8c84fa94-04c1-424b-9868-57a2d4851a1d" relativeResultsDirectory="96d7e7a6-9772-4e6e-968e-7ebee568004e" />
    <UnitTestResult executionId="f16ac6ae-0329-4094-aced-b02f90f0cbb6" testId="299cab4f-110a-4d99-1662-000f01a51482" testName="Engine.Context.Tests.ChangeDetails.ToRedisListTests.ShouldHaveDbNameAttribute" computerName="host00" duration="00:00:00.0013125" startTime="2023-01-07T14:17:32.1809155+01:00" endTime="2023-01-07T14:17:32.1809156+01:00" testType="13cdc9d9-ddb5-4fa4-a97d-d965ccfc6d4b" outcome="Passed" testListId="8c84fa94-04c1-424b-9868-57a2d4851a1d" relativeResultsDirectory="f16ac6ae-0329-4094-aced-b02f90f0cbb6" />
    <UnitTestResult executionId="0791c689-e5c4-4b40-88b2-76684ec0f51f" testId="37eb0347-6fae-fcaf-e83e-92828477490f" testName="Engine.Context.Tests.Stop.ToRedisDocTests.ShouldPayloadHaveFactTopic" computerName="host00" duration="00:00:00.0016137" startTime="2023-01-07T14:17:32.4289703+01:00" endTime="2023-01-07T14:17:32.4289704+01:00" testType="13cdc9d9-ddb5-4fa4-a97d-d965ccfc6d4b" outcome="Passed" testListId="8c84fa94-04c1-424b-9868-57a2d4851a1d" relativeResultsDirectory="0791c689-e5c4-4b40-88b2-76684ec0f51f" />
    <UnitTestResult executionId="6bfaa11d-0ac7-4660-a4f4-a4e5e909cb49" testId="9525a67c-4fec-4bd8-b68b-afcafa0545e5" testName="Engine.Context.Tests.Start.ToRedisListTests.ShouldTestHaveDocIdAttribute" computerName="host00" duration="00:00:00.0005998" startTime="2023-01-07T14:17:32.2934616+01:00" endTime="2023-01-07T14:17:32.2934616+01:00" testType="13cdc9d9-ddb5-4fa4-a97d-d965ccfc6d4b" outcome="Passed" testListId="8c84fa94-04c1-424b-9868-57a2d4851a1d" relativeResultsDirectory="6bfaa11d-0ac7-4660-a4f4-a4e5e909cb49" />
    <UnitTestResult executionId="56d1537e-8ba6-49b1-b0ee-44927b7913e5" testId="b81bada1-4d1f-3504-88bb-bfe4958139b9" testName="Engine.Context.Tests.ChangeDetails.CmdHandlerTests.ShouldResolveMetaCtor" computerName="host00" duration="00:00:00.0027657" startTime="2023-01-07T14:17:32.3227045+01:00" endTime="2023-01-07T14:17:32.3227046+01:00" testType="13cdc9d9-ddb5-4fa4-a97d-d965ccfc6d4b" outcome="Passed" testListId="8c84fa94-04c1-424b-9868-57a2d4851a1d" relativeResultsDirectory="56d1537e-8ba6-49b1-b0ee-44927b7913e5" />
    <UnitTestResult executionId="f0efe7fd-85aa-4069-9c63-e362948d2973" testId="2ac37704-a2f2-30d4-c576-5cb47daf6ebf" testName="Engine.Context.Tests.Initialize.ToRedisDocTests.ShouldResolveEvt2State" computerName="host00" duration="00:00:00.0011216" startTime="2023-01-07T14:17:32.1781572+01:00" endTime="2023-01-07T14:17:32.1781572+01:00" testType="13cdc9d9-ddb5-4fa4-a97d-d965ccfc6d4b" outcome="Passed" testListId="8c84fa94-04c1-424b-9868-57a2d4851a1d" relativeResultsDirectory="f0efe7fd-85aa-4069-9c63-e362948d2973" />
    <UnitTestResult executionId="dd3a257a-2d6b-4378-9819-411eff4d2ddf" testId="89fc671c-39f2-70df-7a50-fa40836a78c1" testName="Engine.Context.Tests.ChangeRpm.HopePipeBuilderTests.ShouldContainSteps" computerName="host00" duration="00:00:00.0014344" startTime="2023-01-07T14:17:32.2922277+01:00" endTime="2023-01-07T14:17:32.2922280+01:00" testType="13cdc9d9-ddb5-4fa4-a97d-d965ccfc6d4b" outcome="Passed" testListId="8c84fa94-04c1-424b-9868-57a2d4851a1d" relativeResultsDirectory="dd3a257a-2d6b-4378-9819-411eff4d2ddf" />
    <UnitTestResult executionId="f82f5fdd-e2fe-45d9-9c29-fc7f35efea7a" testId="32c19d52-6368-a750-93ea-e5847d300e75" testName="Engine.Context.Tests.Initialize.CmdHandlerTests.ShouldResolveStateCtor" computerName="host00" duration="00:00:00.0040982" startTime="2023-01-07T14:17:32.4780402+01:00" endTime="2023-01-07T14:17:32.4780403+01:00" testType="13cdc9d9-ddb5-4fa4-a97d-d965ccfc6d4b" outcome="Passed" testListId="8c84fa94-04c1-424b-9868-57a2d4851a1d" relativeResultsDirectory="f82f5fdd-e2fe-45d9-9c29-fc7f35efea7a" />
    <UnitTestResult executionId="45229cd5-d1df-4e9c-be0b-c0fee60175f7" testId="9e370f66-3d40-b3b9-a96c-217f59910af8" testName="Engine.Context.Tests.Start.ToRedisListTests.ShouldHaveDbNameAttribute" computerName="host00" duration="00:00:00.0004629" startTime="2023-01-07T14:17:32.1947730+01:00" endTime="2023-01-07T14:17:32.1947731+01:00" testType="13cdc9d9-ddb5-4fa4-a97d-d965ccfc6d4b" outcome="Passed" testListId="8c84fa94-04c1-424b-9868-57a2d4851a1d" relativeResultsDirectory="45229cd5-d1df-4e9c-be0b-c0fee60175f7" />
    <UnitTestResult executionId="ff33cacc-01ed-40ba-b92b-fc1be89aa84b" testId="8db64502-715a-6061-3f9b-c50ee2edf2b8" testName="Engine.Context.Tests.ChangeRpm.ToEventStoreTestsT.ShouldResolveAggregateBuilder" computerName="host00" duration="00:00:00.0028769" startTime="2023-01-07T14:17:32.1954528+01:00" endTime="2023-01-07T14:17:32.1954529+01:00" testType="13cdc9d9-ddb5-4fa4-a97d-d965ccfc6d4b" outcome="Passed" testListId="8c84fa94-04c1-424b-9868-57a2d4851a1d" relativeResultsDirectory="ff33cacc-01ed-40ba-b92b-fc1be89aa84b" />
    <UnitTestResult executionId="4f8d8b37-b04b-44b9-865e-c4f480582acc" testId="090257f1-3168-c524-a553-2ba271162158" testName="Engine.Context.Tests.Start.FromRabbitMqRetroTests.ShouldBeNamedActor" computerName="host00" duration="00:00:00.0005415" startTime="2023-01-07T14:17:32.4789099+01:00" endTime="2023-01-07T14:17:32.4789100+01:00" testType="13cdc9d9-ddb5-4fa4-a97d-d965ccfc6d4b" outcome="Passed" testListId="8c84fa94-04c1-424b-9868-57a2d4851a1d" relativeResultsDirectory="4f8d8b37-b04b-44b9-865e-c4f480582acc" />
    <UnitTestResult executionId="05ceaa2a-1b52-4928-97b5-20db7ce35be2" testId="f2815857-3b89-0b1a-465f-96b1c811a49c" testName="Engine.Context.Tests.ChangeRpm.HopePipeBuilderTests.ShouldBuildPipe" computerName="host00" duration="00:00:00.0003882" startTime="2023-01-07T14:17:32.1711963+01:00" endTime="2023-01-07T14:17:32.1711963+01:00" testType="13cdc9d9-ddb5-4fa4-a97d-d965ccfc6d4b" outcome="Passed" testListId="8c84fa94-04c1-424b-9868-57a2d4851a1d" relativeResultsDirectory="05ceaa2a-1b52-4928-97b5-20db7ce35be2" />
    <UnitTestResult executionId="3228a0a9-de36-4e44-88c1-618f8bd816af" testId="da0e569f-19ca-c6e7-a26f-a0be61295f61" testName="Engine.Context.Tests.Start.FromRabbitMqRetroTests.ShouldActivateActor" computerName="host00" duration="00:00:00.2848153" startTime="2023-01-07T14:17:32.4777781+01:00" endTime="2023-01-07T14:17:32.4777781+01:00" testType="13cdc9d9-ddb5-4fa4-a97d-d965ccfc6d4b" outcome="Passed" testListId="8c84fa94-04c1-424b-9868-57a2d4851a1d" relativeResultsDirectory="3228a0a9-de36-4e44-88c1-618f8bd816af" />
    <UnitTestResult executionId="03ae119f-555f-4750-b46d-22b9e07d33d7" testId="d0d2b286-3d59-7865-760c-e17ffecf1b88" testName="Engine.Context.Tests.Stop.ToRedisListTests.ShouldTProjectionHaveDocIdAttribute" computerName="host00" duration="00:00:00.0004151" startTime="2023-01-07T14:17:32.4317732+01:00" endTime="2023-01-07T14:17:32.4317734+01:00" testType="13cdc9d9-ddb5-4fa4-a97d-d965ccfc6d4b" outcome="Passed" testListId="8c84fa94-04c1-424b-9868-57a2d4851a1d" relativeResultsDirectory="03ae119f-555f-4750-b46d-22b9e07d33d7" />
    <UnitTestResult executionId="af626610-8515-4573-ab49-de96708b6554" testId="afe69264-3a87-645e-d4f4-695168d0a29d" testName="Engine.Context.Tests.ChangeDetails.FromNATSTests.ShouldActivateActor" computerName="host00" duration="00:00:00.4265952" startTime="2023-01-07T14:17:32.4358292+01:00" endTime="2023-01-07T14:17:32.4358293+01:00" testType="13cdc9d9-ddb5-4fa4-a97d-d965ccfc6d4b" outcome="Passed" testListId="8c84fa94-04c1-424b-9868-57a2d4851a1d" relativeResultsDirectory="af626610-8515-4573-ab49-de96708b6554" />
    <UnitTestResult executionId="d0727148-9c26-4cd1-b096-df85ee35dc86" testId="eeab4c98-7b6c-a033-a443-0be1cb080cc5" testName="Engine.Context.Tests.Initialize.ToRabbitMqTests.ShouldResolveEmitter" computerName="host00" duration="00:00:02.9218443" startTime="2023-01-07T14:17:35.3800408+01:00" endTime="2023-01-07T14:17:35.3800409+01:00" testType="13cdc9d9-ddb5-4fa4-a97d-d965ccfc6d4b" outcome="Passed" testListId="8c84fa94-04c1-424b-9868-57a2d4851a1d" relativeResultsDirectory="d0727148-9c26-4cd1-b096-df85ee35dc86" />
    <UnitTestResult executionId="4ffb11f7-d514-4447-bc46-5ce500a98eed" testId="404d9ec8-9cab-47df-0a6b-7e41ed8fa0f9" testName="Engine.Context.Tests.Start.HopePipeBuilderTests.ShouldOnlyContainDistinctSteps" computerName="host00" duration="00:00:00.0020293" startTime="2023-01-07T14:17:32.2576506+01:00" endTime="2023-01-07T14:17:32.2576507+01:00" testType="13cdc9d9-ddb5-4fa4-a97d-d965ccfc6d4b" outcome="Passed" testListId="8c84fa94-04c1-424b-9868-57a2d4851a1d" relativeResultsDirectory="4ffb11f7-d514-4447-bc46-5ce500a98eed" />
    <UnitTestResult executionId="5e0e69ab-71c7-42a6-9933-befa2f0732da" testId="4e2408fb-2000-2bc2-5c06-d556c3ce8c3d" testName="Engine.Context.Tests.Stop.FromNATSTests.ShouldBeNamedActor" computerName="host00" duration="00:00:00.0004316" startTime="2023-01-07T14:17:32.3317391+01:00" endTime="2023-01-07T14:17:32.3317392+01:00" testType="13cdc9d9-ddb5-4fa4-a97d-d965ccfc6d4b" outcome="Passed" testListId="8c84fa94-04c1-424b-9868-57a2d4851a1d" relativeResultsDirectory="5e0e69ab-71c7-42a6-9933-befa2f0732da" />
    <UnitTestResult executionId="97e849e5-7085-411e-bfca-df6c9c3850a5" testId="3a02d345-8b45-d982-1619-2aabedcd007d" testName="Engine.Context.Tests.Stop.ToEventStoreTestsT.ShouldResolveAggregateStore" computerName="host00" duration="00:00:00.1679087" startTime="2023-01-07T14:17:32.1263508+01:00" endTime="2023-01-07T14:17:32.1263511+01:00" testType="13cdc9d9-ddb5-4fa4-a97d-d965ccfc6d4b" outcome="Passed" testListId="8c84fa94-04c1-424b-9868-57a2d4851a1d" relativeResultsDirectory="97e849e5-7085-411e-bfca-df6c9c3850a5" />
    <UnitTestResult executionId="b182dc4c-8cca-47d4-a1c9-d719bf4d8dca" testId="0c257a8f-b96f-1fcd-aba7-c3f4cc3fb30d" testName="Engine.Context.Tests.Initialize.HopePipeBuilderTests.ShouldContainSteps" computerName="host00" duration="00:00:00.2094218" startTime="2023-01-07T14:17:32.1678533+01:00" endTime="2023-01-07T14:17:32.1678535+01:00" testType="13cdc9d9-ddb5-4fa4-a97d-d965ccfc6d4b" outcome="Passed" testListId="8c84fa94-04c1-424b-9868-57a2d4851a1d" relativeResultsDirectory="b182dc4c-8cca-47d4-a1c9-d719bf4d8dca" />
    <UnitTestResult executionId="09819b42-6478-4dee-b677-4a1d54bb2e27" testId="fe9c912c-3852-5433-b2e0-2cc24913c6d5" testName="Engine.Context.Tests.Start.FromNATSTests.ShouldResolveHope2Cmd" computerName="host00" duration="00:00:00.0011398" startTime="2023-01-07T14:17:32.4376564+01:00" endTime="2023-01-07T14:17:32.4376564+01:00" testType="13cdc9d9-ddb5-4fa4-a97d-d965ccfc6d4b" outcome="Passed" testListId="8c84fa94-04c1-424b-9868-57a2d4851a1d" relativeResultsDirectory="09819b42-6478-4dee-b677-4a1d54bb2e27" />
    <UnitTestResult executionId="34744e2d-f896-40ce-b198-2db65f9e5706" testId="bd9be6f9-deaa-d363-9bc7-ef6e233a9791" testName="Engine.Context.Tests.ChangeDetails.ToRedisDocTests.ShouldHaveDbNameAttribute" computerName="host00" duration="00:00:00.0012103" startTime="2023-01-07T14:17:32.4372811+01:00" endTime="2023-01-07T14:17:32.4372812+01:00" testType="13cdc9d9-ddb5-4fa4-a97d-d965ccfc6d4b" outcome="Passed" testListId="8c84fa94-04c1-424b-9868-57a2d4851a1d" relativeResultsDirectory="34744e2d-f896-40ce-b198-2db65f9e5706" />
    <UnitTestResult executionId="540dc580-32ce-4fba-a50a-0e1b24999c1a" testId="c141e87f-2df5-2c2f-2bdd-a327c12a7ef2" testName="Engine.Context.Tests.Initialize.ToRedisListTests.ShouldResolveEvt2State" computerName="host00" duration="00:00:00.0015962" startTime="2023-01-07T14:17:32.2965532+01:00" endTime="2023-01-07T14:17:32.2965532+01:00" testType="13cdc9d9-ddb5-4fa4-a97d-d965ccfc6d4b" outcome="Passed" testListId="8c84fa94-04c1-424b-9868-57a2d4851a1d" relativeResultsDirectory="540dc580-32ce-4fba-a50a-0e1b24999c1a" />
    <UnitTestResult executionId="53e7943a-7e72-4c5d-9032-c8e3ea661d14" testId="1ff5eeb3-62b5-f4d9-3106-87cba5491204" testName="Engine.Context.Tests.Start.SpokeTests.ShouldResolveActors" computerName="host00" duration="00:00:00.0387621" startTime="2023-01-07T14:17:32.4296604+01:00" endTime="2023-01-07T14:17:32.4296604+01:00" testType="13cdc9d9-ddb5-4fa4-a97d-d965ccfc6d4b" outcome="Passed" testListId="8c84fa94-04c1-424b-9868-57a2d4851a1d" relativeResultsDirectory="53e7943a-7e72-4c5d-9032-c8e3ea661d14" />
    <UnitTestResult executionId="ae6db348-d7c5-476a-937f-78727c518512" testId="088fbfdb-5866-07c4-ee27-743a7913cb5d" testName="Engine.Context.Tests.ChangeDetails.CmdHandlerTests.ShouldResolveAggregateStore" computerName="host00" duration="00:00:00.0022119" startTime="2023-01-07T14:17:32.1360986+01:00" endTime="2023-01-07T14:17:32.1360987+01:00" testType="13cdc9d9-ddb5-4fa4-a97d-d965ccfc6d4b" outcome="Passed" testListId="8c84fa94-04c1-424b-9868-57a2d4851a1d" relativeResultsDirectory="ae6db348-d7c5-476a-937f-78727c518512" />
    <UnitTestResult executionId="f1621ada-e405-4975-b3af-22640de52601" testId="4bd08abe-a741-6352-619e-353c95f1dd42" testName="Engine.Context.Tests.Start.ToRabbitMqTests.ShouldResolveExchange" computerName="host00" duration="00:00:00.0085758" startTime="2023-01-07T14:17:32.3822961+01:00" endTime="2023-01-07T14:17:32.3822962+01:00" testType="13cdc9d9-ddb5-4fa4-a97d-d965ccfc6d4b" outcome="Passed" testListId="8c84fa94-04c1-424b-9868-57a2d4851a1d" relativeResultsDirectory="f1621ada-e405-4975-b3af-22640de52601" />
    <UnitTestResult executionId="8a674ce2-060a-4ba7-8c95-18c0705122c7" testId="fabf01f3-7a22-985f-5d45-14c362005357" testName="Engine.Context.Tests.Initialize.ToRedisDocTests.ShouldResolveExchange" computerName="host00" duration="00:00:00.0527070" startTime="2023-01-07T14:17:32.0228529+01:00" endTime="2023-01-07T14:17:32.0228529+01:00" testType="13cdc9d9-ddb5-4fa4-a97d-d965ccfc6d4b" outcome="Passed" testListId="8c84fa94-04c1-424b-9868-57a2d4851a1d" relativeResultsDirectory="8a674ce2-060a-4ba7-8c95-18c0705122c7" />
    <UnitTestResult executionId="085989d8-b8f8-40d0-90d7-d79ef2bf6449" testId="b6653d7e-c29e-0d7f-287f-68fda39be134" testName="Engine.Context.Tests.Stop.ToRedisDocTests.ShouldResolveExchange" computerName="host00" duration="00:00:00.0005819" startTime="2023-01-07T14:17:32.4296073+01:00" endTime="2023-01-07T14:17:32.4296074+01:00" testType="13cdc9d9-ddb5-4fa4-a97d-d965ccfc6d4b" outcome="Passed" testListId="8c84fa94-04c1-424b-9868-57a2d4851a1d" relativeResultsDirectory="085989d8-b8f8-40d0-90d7-d79ef2bf6449" />
    <UnitTestResult executionId="a5dfff63-c5ff-4d5f-a740-1ad17fdacdf5" testId="ecf8ee44-68d6-c442-1d80-42d68c09932a" testName="Engine.Context.Tests.Initialize.HopePipeBuilderTests.ShouldOnlyContainDistinctSteps" computerName="host00" duration="00:00:00.0034532" startTime="2023-01-07T14:17:32.2573380+01:00" endTime="2023-01-07T14:17:32.2573380+01:00" testType="13cdc9d9-ddb5-4fa4-a97d-d965ccfc6d4b" outcome="Passed" testListId="8c84fa94-04c1-424b-9868-57a2d4851a1d" relativeResultsDirectory="a5dfff63-c5ff-4d5f-a740-1ad17fdacdf5" />
    <UnitTestResult executionId="fab88095-53b3-4aef-8d96-323cb1f4a667" testId="ea99018a-3ed3-371d-e9c4-01bb88889d3f" testName="Engine.Context.Tests.ChangeDetails.SpokeTests.ShouldHaveNameAttribute" computerName="host00" duration="00:00:00.0039615" startTime="2023-01-07T14:17:32.2966310+01:00" endTime="2023-01-07T14:17:32.2966310+01:00" testType="13cdc9d9-ddb5-4fa4-a97d-d965ccfc6d4b" outcome="Passed" testListId="8c84fa94-04c1-424b-9868-57a2d4851a1d" relativeResultsDirectory="fab88095-53b3-4aef-8d96-323cb1f4a667" />
    <UnitTestResult executionId="77b55454-c9ea-4567-b770-2481f0a39fa4" testId="a591aef4-df42-ca09-34fd-402ee19d436d" testName="Engine.Context.Tests.ChangeRpm.HopePipeBuilderTests.ShouldHaveName" computerName="host00" duration="00:00:00.0248187" startTime="2023-01-07T14:17:32.1707649+01:00" endTime="2023-01-07T14:17:32.1707651+01:00" testType="13cdc9d9-ddb5-4fa4-a97d-d965ccfc6d4b" outcome="Passed" testListId="8c84fa94-04c1-424b-9868-57a2d4851a1d" relativeResultsDirectory="77b55454-c9ea-4567-b770-2481f0a39fa4" />
    <UnitTestResult executionId="7af58dc6-85d5-4201-acf7-cd6468a6cdab" testId="67a6993e-3328-b639-591e-d5f66f8d36fd" testName="Engine.Context.Tests.ChangeRpm.ToRedisListTests.ShouldResolveReadModelStore" computerName="host00" duration="00:00:00.0060783" startTime="2023-01-07T14:17:32.4142420+01:00" endTime="2023-01-07T14:17:32.4142420+01:00" testType="13cdc9d9-ddb5-4fa4-a97d-d965ccfc6d4b" outcome="Passed" testListId="8c84fa94-04c1-424b-9868-57a2d4851a1d" relativeResultsDirectory="7af58dc6-85d5-4201-acf7-cd6468a6cdab" />
    <UnitTestResult executionId="e3d2e696-8347-491b-b635-67aa694a9152" testId="ac8ccb13-80d6-a6e6-2c36-70f5e4be4a19" testName="Engine.Context.Tests.Stop.ToRedisDocTests.ShouldHaveDbNameAttribute" computerName="host00" duration="00:00:00.0006429" startTime="2023-01-07T14:17:32.3924506+01:00" endTime="2023-01-07T14:17:32.3924507+01:00" testType="13cdc9d9-ddb5-4fa4-a97d-d965ccfc6d4b" outcome="Passed" testListId="8c84fa94-04c1-424b-9868-57a2d4851a1d" relativeResultsDirectory="e3d2e696-8347-491b-b635-67aa694a9152" />
    <UnitTestResult executionId="0f82f027-21a4-4db3-81cb-cecc7223109f" testId="0d69ebf0-ec19-0d45-431d-12da4c2d9882" testName="Engine.Context.Tests.ChangeDetails.ToRabbitMqTests.ShouldActivateActor" computerName="host00" duration="00:00:00.4472616" startTime="2023-01-07T14:17:32.4580267+01:00" endTime="2023-01-07T14:17:32.4580269+01:00" testType="13cdc9d9-ddb5-4fa4-a97d-d965ccfc6d4b" outcome="Passed" testListId="8c84fa94-04c1-424b-9868-57a2d4851a1d" relativeResultsDirectory="0f82f027-21a4-4db3-81cb-cecc7223109f" />
    <UnitTestResult executionId="fb176213-140e-46e4-a623-ff401289d5df" testId="f9a0c327-c7ba-2349-fe58-962bd2c90d30" testName="Engine.Context.Tests.ChangeDetails.CmdHandlerTests.ShouldResolveIDCtor" computerName="host00" duration="00:00:00.0024668" startTime="2023-01-07T14:17:32.3198916+01:00" endTime="2023-01-07T14:17:32.3198917+01:00" testType="13cdc9d9-ddb5-4fa4-a97d-d965ccfc6d4b" outcome="Passed" testListId="8c84fa94-04c1-424b-9868-57a2d4851a1d" relativeResultsDirectory="fb176213-140e-46e4-a623-ff401289d5df" />
    <UnitTestResult executionId="4e88f425-a754-4158-b9c6-54364b340b83" testId="a00e8832-57f3-a2d8-c74b-dabf7bb9b53c" testName="Engine.Context.Tests.Stop.SpokeTests.ShouldResolveSpokeBuilder" computerName="host00" duration="00:00:00.0321093" startTime="2023-01-07T14:17:32.4205607+01:00" endTime="2023-01-07T14:17:32.4205608+01:00" testType="13cdc9d9-ddb5-4fa4-a97d-d965ccfc6d4b" outcome="Passed" testListId="8c84fa94-04c1-424b-9868-57a2d4851a1d" relativeResultsDirectory="4e88f425-a754-4158-b9c6-54364b340b83" />
    <UnitTestResult executionId="330d7f93-9839-4b90-b694-26a1c2a033c3" testId="144da0cc-bde1-23cf-330d-ce2925027906" testName="Engine.Context.Tests.Start.CmdHandlerTests.ShouldResolveIDCtor" computerName="host00" duration="00:00:00.0016411" startTime="2023-01-07T14:17:32.3714486+01:00" endTime="2023-01-07T14:17:32.3714488+01:00" testType="13cdc9d9-ddb5-4fa4-a97d-d965ccfc6d4b" outcome="Passed" testListId="8c84fa94-04c1-424b-9868-57a2d4851a1d" relativeResultsDirectory="330d7f93-9839-4b90-b694-26a1c2a033c3" />
    <UnitTestResult executionId="037f3dfc-f03b-45af-8b99-d270b6e7315c" testId="7172b692-b1be-f8e1-da9a-754962660edf" testName="Engine.Context.Tests.Initialize.ToEventStoreTestsT.ShouldResolveCmdHandler" computerName="host00" duration="00:00:00.0056371" startTime="2023-01-07T14:17:32.3235844+01:00" endTime="2023-01-07T14:17:32.3235845+01:00" testType="13cdc9d9-ddb5-4fa4-a97d-d965ccfc6d4b" outcome="Passed" testListId="8c84fa94-04c1-424b-9868-57a2d4851a1d" relativeResultsDirectory="037f3dfc-f03b-45af-8b99-d270b6e7315c" />
    <UnitTestResult executionId="141daa4d-2a61-48c6-9441-9ab0dbc78b5c" testId="7881ada8-99d7-d15a-90d5-2c60049d59d6" testName="Engine.Context.Tests.Initialize.SpokeTests.ShouldHaveNameAttribute" computerName="host00" duration="00:00:00.0004087" startTime="2023-01-07T14:17:32.4216190+01:00" endTime="2023-01-07T14:17:32.4216191+01:00" testType="13cdc9d9-ddb5-4fa4-a97d-d965ccfc6d4b" outcome="Passed" testListId="8c84fa94-04c1-424b-9868-57a2d4851a1d" relativeResultsDirectory="141daa4d-2a61-48c6-9441-9ab0dbc78b5c" />
    <UnitTestResult executionId="618bcf0e-e97f-4df7-b57c-7f8a7930cb11" testId="ce20fd5e-8f69-c3ae-59d3-2cbf4cbd4740" testName="Engine.Context.Tests.Initialize.ToRedisListTests.ShouldTestAndTProjectionHaveSameAttribute" computerName="host00" duration="00:00:00.0005919" startTime="2023-01-07T14:17:32.2974138+01:00" endTime="2023-01-07T14:17:32.2974138+01:00" testType="13cdc9d9-ddb5-4fa4-a97d-d965ccfc6d4b" outcome="Passed" testListId="8c84fa94-04c1-424b-9868-57a2d4851a1d" relativeResultsDirectory="618bcf0e-e97f-4df7-b57c-7f8a7930cb11" />
    <UnitTestResult executionId="d8a4fb14-24c2-4f1e-8351-515964418c3a" testId="b19745c3-ad6c-9ab2-8293-c37ae459274d" testName="Engine.Context.Tests.Stop.ToEventStoreTestsT.ShouldResolveAggregateBuilder" computerName="host00" duration="00:00:00.0035566" startTime="2023-01-07T14:17:32.1364262+01:00" endTime="2023-01-07T14:17:32.1364263+01:00" testType="13cdc9d9-ddb5-4fa4-a97d-d965ccfc6d4b" outcome="Passed" testListId="8c84fa94-04c1-424b-9868-57a2d4851a1d" relativeResultsDirectory="d8a4fb14-24c2-4f1e-8351-515964418c3a" />
    <UnitTestResult executionId="0e446c48-0bfa-40b0-b454-e40a1a0b487d" testId="fff83153-ec9d-aecb-ec1f-f79cc6f28254" testName="Engine.Context.Tests.Initialize.ToEventStoreTestsT.ShouldResolveAggregateBuilder" computerName="host00" duration="00:00:00.0020547" startTime="2023-01-07T14:17:32.3176701+01:00" endTime="2023-01-07T14:17:32.3176702+01:00" testType="13cdc9d9-ddb5-4fa4-a97d-d965ccfc6d4b" outcome="Passed" testListId="8c84fa94-04c1-424b-9868-57a2d4851a1d" relativeResultsDirectory="0e446c48-0bfa-40b0-b454-e40a1a0b487d" />
    <UnitTestResult executionId="5a7ec361-a5c8-4821-97c6-34f08ce9757c" testId="9da22bbb-61d8-2181-5a7a-c65b38dbc1c3" testName="Engine.Context.Tests.Stop.CmdHandlerTests.ShouldResolveAggregateStore" computerName="host00" duration="00:00:00.0037661" startTime="2023-01-07T14:17:32.3251981+01:00" endTime="2023-01-07T14:17:32.3251982+01:00" testType="13cdc9d9-ddb5-4fa4-a97d-d965ccfc6d4b" outcome="Passed" testListId="8c84fa94-04c1-424b-9868-57a2d4851a1d" relativeResultsDirectory="5a7ec361-a5c8-4821-97c6-34f08ce9757c" />
    <UnitTestResult executionId="616390ed-1374-49b4-a55b-9d310306a526" testId="13c59adf-e49f-0d81-ef24-88a98252761e" testName="Engine.Context.Tests.Initialize.CmdHandlerTests.ShouldCreateCmd" computerName="host00" duration="00:00:00.0017447" startTime="2023-01-07T14:17:32.4817710+01:00" endTime="2023-01-07T14:17:32.4817711+01:00" testType="13cdc9d9-ddb5-4fa4-a97d-d965ccfc6d4b" outcome="Passed" testListId="8c84fa94-04c1-424b-9868-57a2d4851a1d" relativeResultsDirectory="616390ed-1374-49b4-a55b-9d310306a526" />
    <UnitTestResult executionId="9dc6e675-73d2-4b5f-af3b-0f5cb1f4dfb7" testId="f19ca677-fcc1-8d4f-b581-effb3e106d0e" testName="Engine.Context.Tests.ChangeRpm.ToRedisListTests.ShouldResolveExchange" computerName="host00" duration="00:00:00.0008640" startTime="2023-01-07T14:17:32.4082857+01:00" endTime="2023-01-07T14:17:32.4082857+01:00" testType="13cdc9d9-ddb5-4fa4-a97d-d965ccfc6d4b" outcome="Passed" testListId="8c84fa94-04c1-424b-9868-57a2d4851a1d" relativeResultsDirectory="9dc6e675-73d2-4b5f-af3b-0f5cb1f4dfb7" />
    <UnitTestResult executionId="c3d07160-d9f5-4dd2-874d-2e02b7ad8084" testId="51a261c0-1335-774a-4dce-f825291fb7a1" testName="Engine.Context.Tests.Initialize.ToRedisDocTests.ShouldResolveProjection" computerName="host00" duration="00:00:00.2354697" startTime="2023-01-07T14:17:32.4221653+01:00" endTime="2023-01-07T14:17:32.4221653+01:00" testType="13cdc9d9-ddb5-4fa4-a97d-d965ccfc6d4b" outcome="Passed" testListId="8c84fa94-04c1-424b-9868-57a2d4851a1d" relativeResultsDirectory="c3d07160-d9f5-4dd2-874d-2e02b7ad8084" />
    <UnitTestResult executionId="676deb67-fd01-4240-9c36-0c6c8ee05398" testId="79f0a284-ddf2-69f1-5419-998ef671f87c" testName="Engine.Context.Tests.Start.ToRedisDocTests.ShouldHaveNameAttribute" computerName="host00" duration="00:00:00.0006456" startTime="2023-01-07T14:17:32.2973396+01:00" endTime="2023-01-07T14:17:32.2973397+01:00" testType="13cdc9d9-ddb5-4fa4-a97d-d965ccfc6d4b" outcome="Passed" testListId="8c84fa94-04c1-424b-9868-57a2d4851a1d" relativeResultsDirectory="676deb67-fd01-4240-9c36-0c6c8ee05398" />
    <UnitTestResult executionId="3d75273b-d3f2-4889-aac4-52dfe3477218" testId="9a55d661-7180-7c4b-adcc-e6b436e0100b" testName="Engine.Context.Tests.ChangeRpm.ToRedisListTests.ShouldPayloadHaveFactTopic" computerName="host00" duration="00:00:00.0008810" startTime="2023-01-07T14:17:32.0233362+01:00" endTime="2023-01-07T14:17:32.0233363+01:00" testType="13cdc9d9-ddb5-4fa4-a97d-d965ccfc6d4b" outcome="Passed" testListId="8c84fa94-04c1-424b-9868-57a2d4851a1d" relativeResultsDirectory="3d75273b-d3f2-4889-aac4-52dfe3477218" />
    <UnitTestResult executionId="95c51d0c-6fe9-4418-a550-ecfc9215a3ed" testId="55d8d566-b04d-10b0-7fff-49a3c7feedef" testName="Engine.Context.Tests.Stop.ToRedisListTests.ShouldSpokeHaveNameAttribute" computerName="host00" duration="00:00:00.0019206" startTime="2023-01-07T14:17:32.0222137+01:00" endTime="2023-01-07T14:17:32.0222138+01:00" testType="13cdc9d9-ddb5-4fa4-a97d-d965ccfc6d4b" outcome="Passed" testListId="8c84fa94-04c1-424b-9868-57a2d4851a1d" relativeResultsDirectory="95c51d0c-6fe9-4418-a550-ecfc9215a3ed" />
    <UnitTestResult executionId="b3c8e4cf-5450-43f3-be3a-72a64b72803a" testId="b86249aa-12ef-70c4-ef66-c9c635e998da" testName="Engine.Context.Tests.ChangeDetails.SpokeTests.ShouldResolveSpokeBuilder" computerName="host00" duration="00:00:00.0152512" startTime="2023-01-07T14:17:35.3954635+01:00" endTime="2023-01-07T14:17:35.3954635+01:00" testType="13cdc9d9-ddb5-4fa4-a97d-d965ccfc6d4b" outcome="Passed" testListId="8c84fa94-04c1-424b-9868-57a2d4851a1d" relativeResultsDirectory="b3c8e4cf-5450-43f3-be3a-72a64b72803a" />
    <UnitTestResult executionId="9bad29ed-7fb3-4f62-9317-85470cc2448c" testId="f5d1a932-39d9-353e-04b3-c14aba70ef15" testName="Engine.Context.Tests.Start.ToEventStoreTestsT.ShouldResolveCmdHandler" computerName="host00" duration="00:00:00.0026641" startTime="2023-01-07T14:17:32.1324748+01:00" endTime="2023-01-07T14:17:32.1324749+01:00" testType="13cdc9d9-ddb5-4fa4-a97d-d965ccfc6d4b" outcome="Passed" testListId="8c84fa94-04c1-424b-9868-57a2d4851a1d" relativeResultsDirectory="9bad29ed-7fb3-4f62-9317-85470cc2448c" />
    <UnitTestResult executionId="90c5328d-26fb-4d00-a5aa-467229f3e962" testId="f1b373af-db2e-2220-a03f-add33da9d033" testName="Engine.Context.Tests.Stop.ToRedisListTests.ShouldResolveProjection" computerName="host00" duration="00:00:00.4162975" startTime="2023-01-07T14:17:32.4303623+01:00" endTime="2023-01-07T14:17:32.4303625+01:00" testType="13cdc9d9-ddb5-4fa4-a97d-d965ccfc6d4b" outcome="Passed" testListId="8c84fa94-04c1-424b-9868-57a2d4851a1d" relativeResultsDirectory="90c5328d-26fb-4d00-a5aa-467229f3e962" />
    <UnitTestResult executionId="dd7a2f04-309f-43d4-926a-910c39cc8781" testId="2e311b09-eaf1-8954-9082-f6036055d588" testName="Engine.Context.Tests.Start.ToRedisDocTests.ShouldHaveDbNameAttribute" computerName="host00" duration="00:00:00.0012021" startTime="2023-01-07T14:17:32.2980920+01:00" endTime="2023-01-07T14:17:32.2980920+01:00" testType="13cdc9d9-ddb5-4fa4-a97d-d965ccfc6d4b" outcome="Passed" testListId="8c84fa94-04c1-424b-9868-57a2d4851a1d" relativeResultsDirectory="dd7a2f04-309f-43d4-926a-910c39cc8781" />
    <UnitTestResult executionId="63b5c16f-e406-41b3-9faa-f23e2086b78f" testId="3df8be7f-fd07-08bc-34e3-d87b9987f8a8" testName="Engine.Context.Tests.ChangeRpm.HopePipeBuilderTests.ShouldExecuteAsync" computerName="host00" duration="00:00:00.0860399" startTime="2023-01-07T14:17:32.2572934+01:00" endTime="2023-01-07T14:17:32.2572935+01:00" testType="13cdc9d9-ddb5-4fa4-a97d-d965ccfc6d4b" outcome="Passed" testListId="8c84fa94-04c1-424b-9868-57a2d4851a1d" relativeResultsDirectory="63b5c16f-e406-41b3-9faa-f23e2086b78f" />
    <UnitTestResult executionId="64efc4c0-ac63-417e-b365-0d7f98027092" testId="ad3893c8-255f-3576-5eeb-d643756a023f" testName="Engine.Context.Tests.Start.ToRedisDocTests.ShouldResolveReadModelStore" computerName="host00" duration="00:00:00.0928134" startTime="2023-01-07T14:17:32.3920941+01:00" endTime="2023-01-07T14:17:32.3920942+01:00" testType="13cdc9d9-ddb5-4fa4-a97d-d965ccfc6d4b" outcome="Passed" testListId="8c84fa94-04c1-424b-9868-57a2d4851a1d" relativeResultsDirectory="64efc4c0-ac63-417e-b365-0d7f98027092" />
    <UnitTestResult executionId="6a70ff13-8fe5-422c-b413-0b59422198d3" testId="d22ad5fc-995a-046d-31b5-a9b03926b36d" testName="Engine.Context.Tests.ChangeRpm.SpokeTests.ShouldBuildSpoke" computerName="host00" duration="00:00:02.9068512" startTime="2023-01-07T14:17:35.3938300+01:00" endTime="2023-01-07T14:17:35.3938302+01:00" testType="13cdc9d9-ddb5-4fa4-a97d-d965ccfc6d4b" outcome="Passed" testListId="8c84fa94-04c1-424b-9868-57a2d4851a1d" relativeResultsDirectory="6a70ff13-8fe5-422c-b413-0b59422198d3" />
    <UnitTestResult executionId="1750bf5e-2382-4442-bb7e-554e3e7a33ac" testId="17e94612-3097-ae6d-8dd8-3a8187bf4b0c" testName="Engine.Context.Tests.Start.FromNATSTests.ShouldResolveConnectionFactory" computerName="host00" duration="00:00:00.0009848" startTime="2023-01-07T14:17:32.4363777+01:00" endTime="2023-01-07T14:17:32.4363778+01:00" testType="13cdc9d9-ddb5-4fa4-a97d-d965ccfc6d4b" outcome="Passed" testListId="8c84fa94-04c1-424b-9868-57a2d4851a1d" relativeResultsDirectory="1750bf5e-2382-4442-bb7e-554e3e7a33ac" />
    <UnitTestResult executionId="30de12c7-c8d6-4ab0-ad9f-673f2ae1284f" testId="10fc6b57-d051-f80a-c369-d84de83c3eec" testName="Engine.Context.Tests.Start.CmdHandlerTests.ShouldResolveDifferentHandlers" computerName="host00" duration="00:00:00.0029131" startTime="2023-01-07T14:17:32.3768219+01:00" endTime="2023-01-07T14:17:32.3768220+01:00" testType="13cdc9d9-ddb5-4fa4-a97d-d965ccfc6d4b" outcome="Passed" testListId="8c84fa94-04c1-424b-9868-57a2d4851a1d" relativeResultsDirectory="30de12c7-c8d6-4ab0-ad9f-673f2ae1284f" />
    <UnitTestResult executionId="bfa45386-d8d5-42b0-9ec1-70f2c773f0da" testId="e80bcae7-ae3a-a50f-b561-d413d4ddb329" testName="Engine.Context.Tests.Initialize.CmdHandlerTests.ShouldResolveDifferentHandlers" computerName="host00" duration="00:00:00.1710871" startTime="2023-01-07T14:17:32.1297784+01:00" endTime="2023-01-07T14:17:32.1297784+01:00" testType="13cdc9d9-ddb5-4fa4-a97d-d965ccfc6d4b" outcome="Passed" testListId="8c84fa94-04c1-424b-9868-57a2d4851a1d" relativeResultsDirectory="bfa45386-d8d5-42b0-9ec1-70f2c773f0da" />
    <UnitTestResult executionId="00be1ca7-168b-418c-ae6a-f32e6f44d22c" testId="a4c0c8e1-c000-32c5-3330-82d7f32e14a8" testName="Engine.Context.Tests.Initialize.FromRabbitMqRetroTests.ShouldBeNamedActor" computerName="host00" duration="00:00:00.0005675" startTime="2023-01-07T14:17:35.3865642+01:00" endTime="2023-01-07T14:17:35.3865644+01:00" testType="13cdc9d9-ddb5-4fa4-a97d-d965ccfc6d4b" outcome="Passed" testListId="8c84fa94-04c1-424b-9868-57a2d4851a1d" relativeResultsDirectory="00be1ca7-168b-418c-ae6a-f32e6f44d22c" />
    <UnitTestResult executionId="7152711b-fb85-4cfa-9c98-f60ae6b56c6b" testId="6a2ae879-edb3-ec65-c5d9-4d283daf4190" testName="Engine.Context.Tests.Stop.ToRedisListTests.ShouldHaveNameAttribute" computerName="host00" duration="00:00:00.0015343" startTime="2023-01-07T14:17:32.0235402+01:00" endTime="2023-01-07T14:17:32.0235402+01:00" testType="13cdc9d9-ddb5-4fa4-a97d-d965ccfc6d4b" outcome="Passed" testListId="8c84fa94-04c1-424b-9868-57a2d4851a1d" relativeResultsDirectory="7152711b-fb85-4cfa-9c98-f60ae6b56c6b" />
    <UnitTestResult executionId="e3a7cb9f-57dc-49ee-9ecc-d5d58c85efb9" testId="4c075fc4-5092-e793-fef9-9dc4c5ec0fc1" testName="Engine.Context.Tests.Initialize.ToRedisDocTests.ShouldSpokeHaveNameAttribute" computerName="host00" duration="00:00:00.0027720" startTime="2023-01-07T14:17:32.1809990+01:00" endTime="2023-01-07T14:17:32.1809991+01:00" testType="13cdc9d9-ddb5-4fa4-a97d-d965ccfc6d4b" outcome="Passed" testListId="8c84fa94-04c1-424b-9868-57a2d4851a1d" relativeResultsDirectory="e3a7cb9f-57dc-49ee-9ecc-d5d58c85efb9" />
    <UnitTestResult executionId="63eed2d5-3256-4f36-aae5-2bce16452d31" testId="dbd52af2-960c-5ab3-ffc5-5e7ec1c2e24c" testName="Engine.Context.Tests.ChangeDetails.ToRabbitMqTests.ShouldResolveEmitter" computerName="host00" duration="00:00:02.9343344" startTime="2023-01-07T14:17:35.3924569+01:00" endTime="2023-01-07T14:17:35.3924571+01:00" testType="13cdc9d9-ddb5-4fa4-a97d-d965ccfc6d4b" outcome="Passed" testListId="8c84fa94-04c1-424b-9868-57a2d4851a1d" relativeResultsDirectory="63eed2d5-3256-4f36-aae5-2bce16452d31" />
    <UnitTestResult executionId="1e37d8a5-37c5-4535-952e-1f38a960d8da" testId="e4f80f72-f84f-c392-4a46-6a33d1fa2e6a" testName="Engine.Context.Tests.Start.ToRedisListTests.ShouldResolveProjection" computerName="host00" duration="00:00:00.2344907" startTime="2023-01-07T14:17:32.1928631+01:00" endTime="2023-01-07T14:17:32.1928633+01:00" testType="13cdc9d9-ddb5-4fa4-a97d-d965ccfc6d4b" outcome="Passed" testListId="8c84fa94-04c1-424b-9868-57a2d4851a1d" relativeResultsDirectory="1e37d8a5-37c5-4535-952e-1f38a960d8da" />
    <UnitTestResult executionId="7afb7d53-6218-4d79-9346-3209e02b245d" testId="0fa34a11-13b7-2818-76b4-f9e899b6c0ae" testName="Engine.Context.Tests.EngineProjectionInfoTests.ShouldHaveGroupName" computerName="host00" duration="00:00:00.0032183" startTime="2023-01-07T14:17:31.9715913+01:00" endTime="2023-01-07T14:17:31.9716136+01:00" testType="13cdc9d9-ddb5-4fa4-a97d-d965ccfc6d4b" outcome="Passed" testListId="8c84fa94-04c1-424b-9868-57a2d4851a1d" relativeResultsDirectory="7afb7d53-6218-4d79-9346-3209e02b245d" />
    <UnitTestResult executionId="c770dbde-cd4f-4599-a51b-82c7f9e622fa" testId="fa0d2769-d018-49a3-2f22-20a3b8e69eef" testName="Engine.Context.Tests.ChangeDetails.ToRedisListTests.ShouldHaveNameAttribute" computerName="host00" duration="00:00:00.0007591" startTime="2023-01-07T14:17:32.4338829+01:00" endTime="2023-01-07T14:17:32.4338830+01:00" testType="13cdc9d9-ddb5-4fa4-a97d-d965ccfc6d4b" outcome="Passed" testListId="8c84fa94-04c1-424b-9868-57a2d4851a1d" relativeResultsDirectory="c770dbde-cd4f-4599-a51b-82c7f9e622fa" />
    <UnitTestResult executionId="d3fb6448-3081-4612-a66f-50b834777e9d" testId="012f4b76-dc4b-bdc9-6e82-659c9bf5717c" testName="Engine.Context.Tests.ChangeDetails.ToRedisDocTests.ShouldHaveNameAttribute" computerName="host00" duration="00:00:00.0038609" startTime="2023-01-07T14:17:32.2967299+01:00" endTime="2023-01-07T14:17:32.2967300+01:00" testType="13cdc9d9-ddb5-4fa4-a97d-d965ccfc6d4b" outcome="Passed" testListId="8c84fa94-04c1-424b-9868-57a2d4851a1d" relativeResultsDirectory="d3fb6448-3081-4612-a66f-50b834777e9d" />
    <UnitTestResult executionId="af64f109-505c-4874-8c09-801728764eef" testId="328b76eb-6fb2-21a3-7dff-d944fbefc822" testName="Engine.Context.Tests.ChangeRpm.ToRedisDocTests.ShouldPayloadHaveFactTopic" computerName="host00" duration="00:00:00.0020312" startTime="2023-01-07T14:17:32.0233751+01:00" endTime="2023-01-07T14:17:32.0233752+01:00" testType="13cdc9d9-ddb5-4fa4-a97d-d965ccfc6d4b" outcome="Passed" testListId="8c84fa94-04c1-424b-9868-57a2d4851a1d" relativeResultsDirectory="af64f109-505c-4874-8c09-801728764eef" />
    <UnitTestResult executionId="3c9bad7f-6e07-4bbd-aead-f917d0fd7ad0" testId="b9df1211-5a4a-2eb8-c730-c6e2b98f7b19" testName="Engine.Context.Tests.Start.CmdHandlerTests.ShouldResolveCmdCtor" computerName="host00" duration="00:00:00.0015499" startTime="2023-01-07T14:17:32.3293868+01:00" endTime="2023-01-07T14:17:32.3293868+01:00" testType="13cdc9d9-ddb5-4fa4-a97d-d965ccfc6d4b" outcome="Passed" testListId="8c84fa94-04c1-424b-9868-57a2d4851a1d" relativeResultsDirectory="3c9bad7f-6e07-4bbd-aead-f917d0fd7ad0" />
    <UnitTestResult executionId="98f2df3b-93b4-4158-b649-8e4742f8869b" testId="b7abf4e0-343c-1fa4-2d3a-c78bf0cb65ca" testName="Engine.Context.Tests.Start.FromRabbitMqRetroTests.ShouldResolveExchange" computerName="host00" duration="00:00:00.0004825" startTime="2023-01-07T14:17:32.4783279+01:00" endTime="2023-01-07T14:17:32.4783279+01:00" testType="13cdc9d9-ddb5-4fa4-a97d-d965ccfc6d4b" outcome="Passed" testListId="8c84fa94-04c1-424b-9868-57a2d4851a1d" relativeResultsDirectory="98f2df3b-93b4-4158-b649-8e4742f8869b" />
    <UnitTestResult executionId="24ceda39-8198-4877-89ed-9c4bc8d2fc96" testId="1dcb796d-bb09-f3bb-66c6-8217d15f25db" testName="Engine.Context.Tests.Start.ToRabbitMqTests.ShouldResolveEvt2Fact" computerName="host00" duration="00:00:00.0004488" startTime="2023-01-07T14:17:32.3833264+01:00" endTime="2023-01-07T14:17:32.3833264+01:00" testType="13cdc9d9-ddb5-4fa4-a97d-d965ccfc6d4b" outcome="Passed" testListId="8c84fa94-04c1-424b-9868-57a2d4851a1d" relativeResultsDirectory="24ceda39-8198-4877-89ed-9c4bc8d2fc96" />
    <UnitTestResult executionId="9c83777b-a480-4690-a5d0-1dad4f97d13b" testId="f20f18b6-94d4-da31-66a5-9e44dc0e0c3b" testName="Engine.Context.Tests.Initialize.ToEventStoreTestsT.ShouldResolveExchange" computerName="host00" duration="00:00:00.0143755" startTime="2023-01-07T14:17:32.3153348+01:00" endTime="2023-01-07T14:17:32.3153349+01:00" testType="13cdc9d9-ddb5-4fa4-a97d-d965ccfc6d4b" outcome="Passed" testListId="8c84fa94-04c1-424b-9868-57a2d4851a1d" relativeResultsDirectory="9c83777b-a480-4690-a5d0-1dad4f97d13b" />
    <UnitTestResult executionId="e2f6552a-3e5e-48ce-9176-77e7894e0903" testId="5e52344f-3b3c-2778-39d1-d1cab86eda85" testName="Engine.Context.Tests.Stop.ToRedisListTests.ShouldPayloadHaveFactTopic" computerName="host00" duration="00:00:00.0005664" startTime="2023-01-07T14:17:32.4343202+01:00" endTime="2023-01-07T14:17:32.4343203+01:00" testType="13cdc9d9-ddb5-4fa4-a97d-d965ccfc6d4b" outcome="Passed" testListId="8c84fa94-04c1-424b-9868-57a2d4851a1d" relativeResultsDirectory="e2f6552a-3e5e-48ce-9176-77e7894e0903" />
    <UnitTestResult executionId="21fbd9c5-35e3-4769-8d20-b39ee287328d" testId="3e51f213-6e42-eb31-9cff-f5dc508bd7c2" testName="Engine.Context.Tests.Stop.SpokeTests.ShouldResolveActors" computerName="host00" duration="00:00:00.2056683" startTime="2023-01-07T14:17:32.3883966+01:00" endTime="2023-01-07T14:17:32.3883967+01:00" testType="13cdc9d9-ddb5-4fa4-a97d-d965ccfc6d4b" outcome="Passed" testListId="8c84fa94-04c1-424b-9868-57a2d4851a1d" relativeResultsDirectory="21fbd9c5-35e3-4769-8d20-b39ee287328d" />
    <UnitTestResult executionId="ce999f1c-1b20-4d79-bdd9-58996ea54fcd" testId="86178e4f-769d-f794-a89f-acf21032fe6a" testName="Engine.Context.Tests.Start.ToRedisListTests.ShouldHaveNameAttribute" computerName="host00" duration="00:00:00.0007885" startTime="2023-01-07T14:17:32.2948999+01:00" endTime="2023-01-07T14:17:32.2949000+01:00" testType="13cdc9d9-ddb5-4fa4-a97d-d965ccfc6d4b" outcome="Passed" testListId="8c84fa94-04c1-424b-9868-57a2d4851a1d" relativeResultsDirectory="ce999f1c-1b20-4d79-bdd9-58996ea54fcd" />
    <UnitTestResult executionId="4ad9db93-363b-4ef8-8be5-70ae649004da" testId="b1cf15f7-edd1-52ad-c29e-d93dde1a8d85" testName="Engine.Context.Tests.Stop.ToRabbitMqTests.ShouldResolveEmitter" computerName="host00" duration="00:00:00.2868313" startTime="2023-01-07T14:17:32.2959840+01:00" endTime="2023-01-07T14:17:32.2959840+01:00" testType="13cdc9d9-ddb5-4fa4-a97d-d965ccfc6d4b" outcome="Passed" testListId="8c84fa94-04c1-424b-9868-57a2d4851a1d" relativeResultsDirectory="4ad9db93-363b-4ef8-8be5-70ae649004da" />
    <UnitTestResult executionId="6a4805f5-628b-4f1b-b81f-c39bf3f2d545" testId="45b20bfe-d70a-f156-fe4d-f64df8b1ad0f" testName="Engine.Context.Tests.ChangeDetails.CmdHandlerTests.ShouldResolveCmdHandler" computerName="host00" duration="00:00:00.0030330" startTime="2023-01-07T14:17:32.3258261+01:00" endTime="2023-01-07T14:17:32.3258261+01:00" testType="13cdc9d9-ddb5-4fa4-a97d-d965ccfc6d4b" outcome="Passed" testListId="8c84fa94-04c1-424b-9868-57a2d4851a1d" relativeResultsDirectory="6a4805f5-628b-4f1b-b81f-c39bf3f2d545" />
    <UnitTestResult executionId="ec8e6205-3496-4e9a-87d0-829e216e5f40" testId="19bb9864-64ab-f3ce-2660-ec92f3302d2e" testName="Engine.Context.Tests.Stop.CmdHandlerTests.ShouldCreateCmd" computerName="host00" duration="00:00:00.0014788" startTime="2023-01-07T14:17:32.3785528+01:00" endTime="2023-01-07T14:17:32.3785529+01:00" testType="13cdc9d9-ddb5-4fa4-a97d-d965ccfc6d4b" outcome="Passed" testListId="8c84fa94-04c1-424b-9868-57a2d4851a1d" relativeResultsDirectory="ec8e6205-3496-4e9a-87d0-829e216e5f40" />
    <UnitTestResult executionId="4c60dc65-3f31-43b3-ae2a-683aad829a4b" testId="5f575007-cf2a-0c73-b103-2585a6250d1e" testName="Engine.Context.Tests.Stop.ToEventStoreTestsT.ShouldResolveReadModelStore" computerName="host00" duration="00:00:00.0363155" startTime="2023-01-07T14:17:32.1772365+01:00" endTime="2023-01-07T14:17:32.1772366+01:00" testType="13cdc9d9-ddb5-4fa4-a97d-d965ccfc6d4b" outcome="Passed" testListId="8c84fa94-04c1-424b-9868-57a2d4851a1d" relativeResultsDirectory="4c60dc65-3f31-43b3-ae2a-683aad829a4b" />
    <UnitTestResult executionId="95aaa709-ea4e-486e-bcca-cf9e561e0c02" testId="9f5e5af0-f4d7-d04b-40e3-ac607acbb786" testName="Engine.Context.Tests.Initialize.FromRabbitMqRetroTests.ShouldActivateActor" computerName="host00" duration="00:00:00.4700216" startTime="2023-01-07T14:17:32.4777505+01:00" endTime="2023-01-07T14:17:32.4777506+01:00" testType="13cdc9d9-ddb5-4fa4-a97d-d965ccfc6d4b" outcome="Passed" testListId="8c84fa94-04c1-424b-9868-57a2d4851a1d" relativeResultsDirectory="95aaa709-ea4e-486e-bcca-cf9e561e0c02" />
    <UnitTestResult executionId="d908ac53-e717-44b8-93d9-f53ed4937607" testId="86d97186-a6b5-18b0-12dd-f0cf6c55e6f9" testName="Engine.Context.Tests.Stop.FromNATSTests.ShouldResolveOptionsAction" computerName="host00" duration="00:00:00.0006770" startTime="2023-01-07T14:17:32.3318336+01:00" endTime="2023-01-07T14:17:32.3318336+01:00" testType="13cdc9d9-ddb5-4fa4-a97d-d965ccfc6d4b" outcome="Passed" testListId="8c84fa94-04c1-424b-9868-57a2d4851a1d" relativeResultsDirectory="d908ac53-e717-44b8-93d9-f53ed4937607" />
    <UnitTestResult executionId="ad94dfdd-fc34-49aa-8c2c-710618c5a473" testId="6b0c58c4-0f7f-f5d7-82f6-21f81d549a0a" testName="Engine.Context.Tests.Initialize.ToRedisListTests.ShouldSpokeHaveNameAttribute" computerName="host00" duration="00:00:00.0068389" startTime="2023-01-07T14:17:32.2951416+01:00" endTime="2023-01-07T14:17:32.2951417+01:00" testType="13cdc9d9-ddb5-4fa4-a97d-d965ccfc6d4b" outcome="Passed" testListId="8c84fa94-04c1-424b-9868-57a2d4851a1d" relativeResultsDirectory="ad94dfdd-fc34-49aa-8c2c-710618c5a473" />
    <UnitTestResult executionId="fbfff4c2-af1d-4c3f-a0f8-c3d956f59ccc" testId="118cb53f-d808-8a92-8ba6-3b1d8dc59fa6" testName="Engine.Context.Tests.Initialize.ToEventStoreTestsT.ShouldResolveAggregateStore" computerName="host00" duration="00:00:00.0041814" startTime="2023-01-07T14:17:32.3008457+01:00" endTime="2023-01-07T14:17:32.3008458+01:00" testType="13cdc9d9-ddb5-4fa4-a97d-d965ccfc6d4b" outcome="Passed" testListId="8c84fa94-04c1-424b-9868-57a2d4851a1d" relativeResultsDirectory="fbfff4c2-af1d-4c3f-a0f8-c3d956f59ccc" />
    <UnitTestResult executionId="adaaedbd-c495-483b-867b-372113955625" testId="15217a5e-bfa6-7556-5140-79aa1cdecfca" testName="Engine.Context.Tests.ChangeDetails.HopePipeBuilderTests.ShouldBuildPipe" computerName="host00" duration="00:00:00.0226291" startTime="2023-01-07T14:17:32.2912323+01:00" endTime="2023-01-07T14:17:32.2912324+01:00" testType="13cdc9d9-ddb5-4fa4-a97d-d965ccfc6d4b" outcome="Passed" testListId="8c84fa94-04c1-424b-9868-57a2d4851a1d" relativeResultsDirectory="adaaedbd-c495-483b-867b-372113955625" />
    <UnitTestResult executionId="fe94ef60-6a6e-4ec4-8d6e-606838145b83" testId="70452647-0dc5-6201-00ed-cacbfe6d8143" testName="Engine.Context.Tests.Start.FromRabbitMqRetroTests.ShouldResolveEmitter" computerName="host00" duration="00:00:00.2344319" startTime="2023-01-07T14:17:32.1929077+01:00" endTime="2023-01-07T14:17:32.1929077+01:00" testType="13cdc9d9-ddb5-4fa4-a97d-d965ccfc6d4b" outcome="Passed" testListId="8c84fa94-04c1-424b-9868-57a2d4851a1d" relativeResultsDirectory="fe94ef60-6a6e-4ec4-8d6e-606838145b83" />
    <UnitTestResult executionId="a31bfa08-6443-43d6-b653-bbc844211c8e" testId="f9257348-5f20-cdc6-da4e-fda0c967049d" testName="Engine.Context.Tests.ChangeRpm.CmdHandlerTests.ShouldResolveAggregateStore" computerName="host00" duration="00:00:00.0018482" startTime="2023-01-07T14:17:32.1302186+01:00" endTime="2023-01-07T14:17:32.1302187+01:00" testType="13cdc9d9-ddb5-4fa4-a97d-d965ccfc6d4b" outcome="Passed" testListId="8c84fa94-04c1-424b-9868-57a2d4851a1d" relativeResultsDirectory="a31bfa08-6443-43d6-b653-bbc844211c8e" />
    <UnitTestResult executionId="4f18a05f-9d8f-4bf4-a64f-863969b10da4" testId="4910ea6b-4e81-3295-703b-f5eab09c9af7" testName="Engine.Context.Tests.Start.HopePipeBuilderTests.ShouldBuildPipe" computerName="host00" duration="00:00:00.2025384" startTime="2023-01-07T14:17:32.1612022+01:00" endTime="2023-01-07T14:17:32.1612025+01:00" testType="13cdc9d9-ddb5-4fa4-a97d-d965ccfc6d4b" outcome="Passed" testListId="8c84fa94-04c1-424b-9868-57a2d4851a1d" relativeResultsDirectory="4f18a05f-9d8f-4bf4-a64f-863969b10da4" />
    <UnitTestResult executionId="2533ecf3-9b31-49af-99cf-a685623b9466" testId="7e152e2e-034f-f179-ab80-ba0ea683cf8d" testName="Engine.Context.Tests.ChangeDetails.ToRedisDocTests.ShouldPayloadHaveFactTopic" computerName="host00" duration="00:00:00.0009716" startTime="2023-01-07T14:17:32.3013122+01:00" endTime="2023-01-07T14:17:32.3013123+01:00" testType="13cdc9d9-ddb5-4fa4-a97d-d965ccfc6d4b" outcome="Passed" testListId="8c84fa94-04c1-424b-9868-57a2d4851a1d" relativeResultsDirectory="2533ecf3-9b31-49af-99cf-a685623b9466" />
    <UnitTestResult executionId="95dcfb55-a4e6-4a45-99a9-c70f413596b8" testId="ed2bc11e-6852-7bd4-f5bc-616a2b1cad41" testName="Engine.Context.Tests.ChangeDetails.ToRedisListTests.ShouldTProjectionHaveDocIdAttribute" computerName="host00" duration="00:00:00.0015625" startTime="2023-01-07T14:17:32.1784820+01:00" endTime="2023-01-07T14:17:32.1784821+01:00" testType="13cdc9d9-ddb5-4fa4-a97d-d965ccfc6d4b" outcome="Passed" testListId="8c84fa94-04c1-424b-9868-57a2d4851a1d" relativeResultsDirectory="95dcfb55-a4e6-4a45-99a9-c70f413596b8" />
    <UnitTestResult executionId="32cb0b64-3e66-4cc6-aa11-d3959d98fd99" testId="19951ce4-6d3d-6345-ae52-a15dc5194ed6" testName="Engine.Context.Tests.Initialize.CmdHandlerTests.ShouldHandleCmd" computerName="host00" duration="00:00:00.3377159" startTime="2023-01-07T14:17:32.4738394+01:00" endTime="2023-01-07T14:17:32.4738397+01:00" testType="13cdc9d9-ddb5-4fa4-a97d-d965ccfc6d4b" outcome="Passed" testListId="8c84fa94-04c1-424b-9868-57a2d4851a1d" relativeResultsDirectory="32cb0b64-3e66-4cc6-aa11-d3959d98fd99" />
    <UnitTestResult executionId="a3d10d3c-5be9-49e4-91ea-13368c27957d" testId="f13b09a6-7a98-4e52-2ff5-a8e5f8702cef" testName="Engine.Context.Tests.Start.ToRedisDocTests.ShouldResolveEvt2State" computerName="host00" duration="00:00:00.0011708" startTime="2023-01-07T14:17:32.3934056+01:00" endTime="2023-01-07T14:17:32.3934056+01:00" testType="13cdc9d9-ddb5-4fa4-a97d-d965ccfc6d4b" outcome="Passed" testListId="8c84fa94-04c1-424b-9868-57a2d4851a1d" relativeResultsDirectory="a3d10d3c-5be9-49e4-91ea-13368c27957d" />
    <UnitTestResult executionId="b9a22636-db2b-442f-932c-68ef94d56998" testId="0e4fc8bc-f59b-0155-3083-a55e399cc4cd" testName="Engine.Context.Tests.Stop.ToRedisListTests.ShouldTestAndTProjectionHaveSameAttribute" computerName="host00" duration="00:00:00.0495526" startTime="2023-01-07T14:17:32.0201964+01:00" endTime="2023-01-07T14:17:32.0201965+01:00" testType="13cdc9d9-ddb5-4fa4-a97d-d965ccfc6d4b" outcome="Passed" testListId="8c84fa94-04c1-424b-9868-57a2d4851a1d" relativeResultsDirectory="b9a22636-db2b-442f-932c-68ef94d56998" />
    <UnitTestResult executionId="24d238bf-ea4a-4349-9364-e9267d5ed880" testId="8d5841ed-3972-1bbb-7e36-2cd2e7869b0b" testName="Engine.Context.Tests.Initialize.SpokeTests.ShouldResolveEmptySpoke" computerName="host00" duration="00:00:00.1160173" startTime="2023-01-07T14:17:32.4105980+01:00" endTime="2023-01-07T14:17:32.4105981+01:00" testType="13cdc9d9-ddb5-4fa4-a97d-d965ccfc6d4b" outcome="Passed" testListId="8c84fa94-04c1-424b-9868-57a2d4851a1d" relativeResultsDirectory="24d238bf-ea4a-4349-9364-e9267d5ed880" />
    <UnitTestResult executionId="2f5a4aaa-ac86-41b0-8edb-3d6e629796b8" testId="c5f6b46a-d07f-dc51-592a-7591d8f18f28" testName="Engine.Context.Tests.ChangeRpm.ToRedisListTests.ShouldTestHaveDocIdAttribute" computerName="host00" duration="00:00:00.0006194" startTime="2023-01-07T14:17:32.0239533+01:00" endTime="2023-01-07T14:17:32.0239534+01:00" testType="13cdc9d9-ddb5-4fa4-a97d-d965ccfc6d4b" outcome="Passed" testListId="8c84fa94-04c1-424b-9868-57a2d4851a1d" relativeResultsDirectory="2f5a4aaa-ac86-41b0-8edb-3d6e629796b8" />
    <UnitTestResult executionId="31a58764-12fb-4a9e-9dfe-a2628e664801" testId="6e73d234-782b-c330-8f2e-a052acd0f507" testName="Engine.Context.Tests.ChangeRpm.ToRedisListTests.ShouldHaveDbNameAttribute" computerName="host00" duration="00:00:00.0033939" startTime="2023-01-07T14:17:32.0227748+01:00" endTime="2023-01-07T14:17:32.0227749+01:00" testType="13cdc9d9-ddb5-4fa4-a97d-d965ccfc6d4b" outcome="Passed" testListId="8c84fa94-04c1-424b-9868-57a2d4851a1d" relativeResultsDirectory="31a58764-12fb-4a9e-9dfe-a2628e664801" />
    <UnitTestResult executionId="345a8cfd-1322-4d65-a393-cee4d476728e" testId="0d587065-73d8-507f-359c-b84942312cdd" testName="Engine.Context.Tests.ChangeRpm.CmdHandlerTests.ShouldCreateCmd" computerName="host00" duration="00:00:00.0010013" startTime="2023-01-07T14:17:32.1312670+01:00" endTime="2023-01-07T14:17:32.1312671+01:00" testType="13cdc9d9-ddb5-4fa4-a97d-d965ccfc6d4b" outcome="Passed" testListId="8c84fa94-04c1-424b-9868-57a2d4851a1d" relativeResultsDirectory="345a8cfd-1322-4d65-a393-cee4d476728e" />
    <UnitTestResult executionId="144c3e1a-3f8b-4160-9b87-0de0499a9d74" testId="c6879c3e-1dd4-8d9c-b7b1-1ddb5dd6521d" testName="Engine.Context.Tests.ChangeDetails.ToEventStoreTestsT.ShouldResolveAggregateBuilder" computerName="host00" duration="00:00:00.0035591" startTime="2023-01-07T14:17:32.1364462+01:00" endTime="2023-01-07T14:17:32.1364462+01:00" testType="13cdc9d9-ddb5-4fa4-a97d-d965ccfc6d4b" outcome="Passed" testListId="8c84fa94-04c1-424b-9868-57a2d4851a1d" relativeResultsDirectory="144c3e1a-3f8b-4160-9b87-0de0499a9d74" />
    <UnitTestResult executionId="98dc6760-9ca7-4398-9acd-bbc4aa683b5c" testId="5fc3a638-e3e6-2f30-fe2e-2876385f9ef9" testName="Engine.Context.Tests.ChangeRpm.HopePipeBuilderTests.ShouldResolvePipeBuilder" computerName="host00" duration="00:00:00.1875196" startTime="2023-01-07T14:17:32.1458804+01:00" endTime="2023-01-07T14:17:32.1458804+01:00" testType="13cdc9d9-ddb5-4fa4-a97d-d965ccfc6d4b" outcome="Passed" testListId="8c84fa94-04c1-424b-9868-57a2d4851a1d" relativeResultsDirectory="98dc6760-9ca7-4398-9acd-bbc4aa683b5c" />
    <UnitTestResult executionId="535a8fb1-2795-4c66-a8c5-5abeff035118" testId="4ed955b6-8b6e-18ce-9c1b-f8b1a13d53c8" testName="Engine.Context.Tests.ChangeRpm.ToEventStoreTestsT.ShouldResolveEvt2Fact" computerName="host00" duration="00:00:00.0075292" startTime="2023-01-07T14:17:32.1872159+01:00" endTime="2023-01-07T14:17:32.1872160+01:00" testType="13cdc9d9-ddb5-4fa4-a97d-d965ccfc6d4b" outcome="Passed" testListId="8c84fa94-04c1-424b-9868-57a2d4851a1d" relativeResultsDirectory="535a8fb1-2795-4c66-a8c5-5abeff035118" />
    <UnitTestResult executionId="a8254837-2fc4-4217-85e8-f34a37b97e9a" testId="c15eeed6-6922-147d-d961-c73282b5c1e2" testName="Engine.Context.Tests.Initialize.ToRedisListTests.ShouldHaveDbNameAttribute" computerName="host00" duration="00:00:00.0006749" startTime="2023-01-07T14:17:32.2992751+01:00" endTime="2023-01-07T14:17:32.2992751+01:00" testType="13cdc9d9-ddb5-4fa4-a97d-d965ccfc6d4b" outcome="Passed" testListId="8c84fa94-04c1-424b-9868-57a2d4851a1d" relativeResultsDirectory="a8254837-2fc4-4217-85e8-f34a37b97e9a" />
    <UnitTestResult executionId="790e0ef5-1e76-4e28-b301-3c707c999895" testId="b269429e-4c6a-d7a7-6081-170c145d50c9" testName="Engine.Context.Tests.Stop.CmdHandlerTests.ShouldResolvePayloadCtor" computerName="host00" duration="00:00:00.0043939" startTime="2023-01-07T14:17:32.3770185+01:00" endTime="2023-01-07T14:17:32.3770186+01:00" testType="13cdc9d9-ddb5-4fa4-a97d-d965ccfc6d4b" outcome="Passed" testListId="8c84fa94-04c1-424b-9868-57a2d4851a1d" relativeResultsDirectory="790e0ef5-1e76-4e28-b301-3c707c999895" />
    <UnitTestResult executionId="6a2d0e74-ce8b-463f-924d-803ee496d3b7" testId="fe36d563-1306-d20f-fa12-df288b3c2f7b" testName="Engine.Context.Tests.Start.ToRabbitMqTests.ShouldResolveEmitter" computerName="host00" duration="00:00:00.1149310" startTime="2023-01-07T14:17:32.3737696+01:00" endTime="2023-01-07T14:17:32.3737699+01:00" testType="13cdc9d9-ddb5-4fa4-a97d-d965ccfc6d4b" outcome="Passed" testListId="8c84fa94-04c1-424b-9868-57a2d4851a1d" relativeResultsDirectory="6a2d0e74-ce8b-463f-924d-803ee496d3b7" />
    <UnitTestResult executionId="1ae45ba0-1080-4c44-8fe6-fea337731b5c" testId="d7042085-ffba-4cd3-7408-a1d7372a8f81" testName="Engine.Context.Tests.ChangeRpm.CmdHandlerTests.ShouldResolveMetaCtor" computerName="host00" duration="00:00:00.1699260" startTime="2023-01-07T14:17:32.1283178+01:00" endTime="2023-01-07T14:17:32.1283179+01:00" testType="13cdc9d9-ddb5-4fa4-a97d-d965ccfc6d4b" outcome="Passed" testListId="8c84fa94-04c1-424b-9868-57a2d4851a1d" relativeResultsDirectory="1ae45ba0-1080-4c44-8fe6-fea337731b5c" />
    <UnitTestResult executionId="a99c0de0-2b9b-4f3c-9674-706a4e2d92a9" testId="eb2f2749-5fda-b871-a11f-e69e88b46678" testName="Engine.Context.Tests.Initialize.ToRedisDocTests.ShouldHaveNameAttribute" computerName="host00" duration="00:00:00.0015064" startTime="2023-01-07T14:17:32.0235132+01:00" endTime="2023-01-07T14:17:32.0235133+01:00" testType="13cdc9d9-ddb5-4fa4-a97d-d965ccfc6d4b" outcome="Passed" testListId="8c84fa94-04c1-424b-9868-57a2d4851a1d" relativeResultsDirectory="a99c0de0-2b9b-4f3c-9674-706a4e2d92a9" />
    <UnitTestResult executionId="8f39b12c-16ef-4f2a-b71b-3cfb9230280e" testId="44c8c3ae-5adf-7983-9de1-1e9abece7147" testName="Engine.Context.Tests.Start.ToRedisListTests.ShouldTestAndTProjectionHaveSameAttribute" computerName="host00" duration="00:00:00.0012224" startTime="2023-01-07T14:17:32.2980306+01:00" endTime="2023-01-07T14:17:32.2980306+01:00" testType="13cdc9d9-ddb5-4fa4-a97d-d965ccfc6d4b" outcome="Passed" testListId="8c84fa94-04c1-424b-9868-57a2d4851a1d" relativeResultsDirectory="8f39b12c-16ef-4f2a-b71b-3cfb9230280e" />
    <UnitTestResult executionId="a306bca2-b666-45f4-8f99-b9f016235e8b" testId="5c81f082-93c5-d836-3f5f-28254bbbbe27" testName="Engine.Context.Tests.ChangeDetails.ToRedisListTests.ShouldSpokeHaveNameAttribute" computerName="host00" duration="00:00:00.0010280" startTime="2023-01-07T14:17:32.1878803+01:00" endTime="2023-01-07T14:17:32.1878804+01:00" testType="13cdc9d9-ddb5-4fa4-a97d-d965ccfc6d4b" outcome="Passed" testListId="8c84fa94-04c1-424b-9868-57a2d4851a1d" relativeResultsDirectory="a306bca2-b666-45f4-8f99-b9f016235e8b" />
    <UnitTestResult executionId="f7d96947-ca1b-41f7-b43e-6d70233108ca" testId="50f633eb-39d6-ff54-80f4-6fe5668baa21" testName="Engine.Context.Tests.ChangeDetails.CmdHandlerTests.ShouldCreateCmd" computerName="host00" duration="00:00:00.1697862" startTime="2023-01-07T14:17:32.1281810+01:00" endTime="2023-01-07T14:17:32.1281811+01:00" testType="13cdc9d9-ddb5-4fa4-a97d-d965ccfc6d4b" outcome="Passed" testListId="8c84fa94-04c1-424b-9868-57a2d4851a1d" relativeResultsDirectory="f7d96947-ca1b-41f7-b43e-6d70233108ca" />
    <UnitTestResult executionId="baaf870e-0ab4-44ed-8bcf-da3a2ad108d4" testId="c6dd0c7b-0d59-c4f3-3563-d5ea8bc6b090" testName="Engine.Context.Tests.ChangeDetails.CmdHandlerTests.ShouldResolveDifferentHandlers" computerName="host00" duration="00:00:00.0035240" startTime="2023-01-07T14:17:32.1396916+01:00" endTime="2023-01-07T14:17:32.1396917+01:00" testType="13cdc9d9-ddb5-4fa4-a97d-d965ccfc6d4b" outcome="Passed" testListId="8c84fa94-04c1-424b-9868-57a2d4851a1d" relativeResultsDirectory="baaf870e-0ab4-44ed-8bcf-da3a2ad108d4" />
    <UnitTestResult executionId="f4e04385-a93e-42b4-85a6-698ffa63d545" testId="7156a6c6-f622-c1e6-b8e1-37da731b7915" testName="Engine.Context.Tests.ChangeDetails.ToRedisListTests.ShouldResolveExchange" computerName="host00" duration="00:00:00.0005235" startTime="2023-01-07T14:17:32.1795578+01:00" endTime="2023-01-07T14:17:32.1795579+01:00" testType="13cdc9d9-ddb5-4fa4-a97d-d965ccfc6d4b" outcome="Passed" testListId="8c84fa94-04c1-424b-9868-57a2d4851a1d" relativeResultsDirectory="f4e04385-a93e-42b4-85a6-698ffa63d545" />
    <UnitTestResult executionId="e2327f6a-8300-48bd-851a-e38dae155441" testId="cd50a611-7def-9b1a-80a1-911ca45a3873" testName="Engine.Context.Tests.Initialize.ToRedisListTests.ShouldResolveExchange" computerName="host00" duration="00:00:00.0016314" startTime="2023-01-07T14:17:32.3001910+01:00" endTime="2023-01-07T14:17:32.3001911+01:00" testType="13cdc9d9-ddb5-4fa4-a97d-d965ccfc6d4b" outcome="Passed" testListId="8c84fa94-04c1-424b-9868-57a2d4851a1d" relativeResultsDirectory="e2327f6a-8300-48bd-851a-e38dae155441" />
    <UnitTestResult executionId="e64888f3-70b1-49ab-827e-8ea4b7907108" testId="cceeaf1f-6f80-ba0f-99d7-ee4fd3dafcb2" testName="Engine.Context.Tests.ChangeRpm.ToRedisListTests.ShouldTProjectionHaveDocIdAttribute" computerName="host00" duration="00:00:00.0003512" startTime="2023-01-07T14:17:32.4146275+01:00" endTime="2023-01-07T14:17:32.4146276+01:00" testType="13cdc9d9-ddb5-4fa4-a97d-d965ccfc6d4b" outcome="Passed" testListId="8c84fa94-04c1-424b-9868-57a2d4851a1d" relativeResultsDirectory="e64888f3-70b1-49ab-827e-8ea4b7907108" />
    <UnitTestResult executionId="813534ba-0af4-4e70-ae01-464b34d60095" testId="f719cbfb-5973-7080-2a29-974d10e342b8" testName="Engine.Context.Tests.ChangeRpm.ToRedisDocTests.ShouldResolveProjection" computerName="host00" duration="00:00:00.2313579" startTime="2023-01-07T14:17:32.4085365+01:00" endTime="2023-01-07T14:17:32.4085366+01:00" testType="13cdc9d9-ddb5-4fa4-a97d-d965ccfc6d4b" outcome="Passed" testListId="8c84fa94-04c1-424b-9868-57a2d4851a1d" relativeResultsDirectory="813534ba-0af4-4e70-ae01-464b34d60095" />
    <UnitTestResult executionId="b9f60a60-7f9f-4718-829f-c88a625f5700" testId="50352127-2243-683a-93ec-980bf5ed14de" testName="Engine.Context.Tests.EngineProjectionInfoTests.ShouldHaveIDPrefix" computerName="host00" duration="00:00:00.0013218" startTime="2023-01-07T14:17:31.9749785+01:00" endTime="2023-01-07T14:17:31.9749785+01:00" testType="13cdc9d9-ddb5-4fa4-a97d-d965ccfc6d4b" outcome="Passed" testListId="8c84fa94-04c1-424b-9868-57a2d4851a1d" relativeResultsDirectory="b9f60a60-7f9f-4718-829f-c88a625f5700" />
    <UnitTestResult executionId="ff8c9b91-edea-4ee9-85fd-8e61ed21ef1e" testId="b3486112-aba8-5c16-71c9-75e25fc7bbe0" testName="Engine.Context.Tests.ChangeDetails.ToEventStoreTestsT.ShouldResolveAggregateStore" computerName="host00" duration="00:00:00.1679209" startTime="2023-01-07T14:17:32.1264099+01:00" endTime="2023-01-07T14:17:32.1264101+01:00" testType="13cdc9d9-ddb5-4fa4-a97d-d965ccfc6d4b" outcome="Passed" testListId="8c84fa94-04c1-424b-9868-57a2d4851a1d" relativeResultsDirectory="ff8c9b91-edea-4ee9-85fd-8e61ed21ef1e" />
    <UnitTestResult executionId="6b2e4caa-b596-4a04-9a84-c310152cd911" testId="aa361610-68c0-12da-653c-74dd2c0009ce" testName="Engine.Context.Tests.Initialize.ToRedisDocTests.ShouldPayloadHaveFactTopic" computerName="host00" duration="00:00:00.0027463" startTime="2023-01-07T14:17:32.4251265+01:00" endTime="2023-01-07T14:17:32.4251266+01:00" testType="13cdc9d9-ddb5-4fa4-a97d-d965ccfc6d4b" outcome="Passed" testListId="8c84fa94-04c1-424b-9868-57a2d4851a1d" relativeResultsDirectory="6b2e4caa-b596-4a04-9a84-c310152cd911" />
    <UnitTestResult executionId="4be9f7bf-4ace-43ee-8059-757820a46dde" testId="ab2d93a3-6a1d-2f97-1472-52ef14c9eb3d" testName="Engine.Context.Tests.Stop.HopePipeBuilderTests.ShouldResolvePipeBuilder" computerName="host00" duration="00:00:00.0010035" startTime="2023-01-07T14:17:32.1879587+01:00" endTime="2023-01-07T14:17:32.1879588+01:00" testType="13cdc9d9-ddb5-4fa4-a97d-d965ccfc6d4b" outcome="Passed" testListId="8c84fa94-04c1-424b-9868-57a2d4851a1d" relativeResultsDirectory="4be9f7bf-4ace-43ee-8059-757820a46dde" />
    <UnitTestResult executionId="1e78c03d-65a8-42d7-9467-f5fe646759b8" testId="984447af-6e8d-8b3b-593c-b5dc7908d3ca" testName="Engine.Context.Tests.Initialize.ToRedisListTests.ShouldTestHaveDocIdAttribute" computerName="host00" duration="00:00:00.0008778" startTime="2023-01-07T14:17:35.3923004+01:00" endTime="2023-01-07T14:17:35.3923006+01:00" testType="13cdc9d9-ddb5-4fa4-a97d-d965ccfc6d4b" outcome="Passed" testListId="8c84fa94-04c1-424b-9868-57a2d4851a1d" relativeResultsDirectory="1e78c03d-65a8-42d7-9467-f5fe646759b8" />
    <UnitTestResult executionId="d5db1049-a4f1-4570-b2ad-f0281eef8e73" testId="21d9e3b0-c271-c24b-e75e-d9b7aeb01d13" testName="Engine.Context.Tests.ChangeRpm.ToEventStoreTestsT.ShouldResolveReadModelStore" computerName="host00" duration="00:00:00.0505284" startTime="2023-01-07T14:17:32.1773752+01:00" endTime="2023-01-07T14:17:32.1773753+01:00" testType="13cdc9d9-ddb5-4fa4-a97d-d965ccfc6d4b" outcome="Passed" testListId="8c84fa94-04c1-424b-9868-57a2d4851a1d" relativeResultsDirectory="d5db1049-a4f1-4570-b2ad-f0281eef8e73" />
    <UnitTestResult executionId="dfea7cfb-f336-42a2-a219-86626d5ba25a" testId="e7525e59-03e9-f004-ae3a-01666a88c723" testName="Engine.Context.Tests.ChangeDetails.FromNATSTests.ShouldBeNamedActor" computerName="host00" duration="00:00:00.0507230" startTime="2023-01-07T14:17:32.0219351+01:00" endTime="2023-01-07T14:17:32.0219352+01:00" testType="13cdc9d9-ddb5-4fa4-a97d-d965ccfc6d4b" outcome="Passed" testListId="8c84fa94-04c1-424b-9868-57a2d4851a1d" relativeResultsDirectory="dfea7cfb-f336-42a2-a219-86626d5ba25a" />
    <UnitTestResult executionId="20e0ccb5-f9c2-48a0-8d01-80fb4b129903" testId="78a5e8f1-a966-6799-07a7-9a9569a2ee1f" testName="Engine.Context.Tests.ChangeRpm.FromNATSTests.ShouldResolveEmitter" computerName="host00" duration="00:00:02.9529149" startTime="2023-01-07T14:17:35.3887248+01:00" endTime="2023-01-07T14:17:35.3887250+01:00" testType="13cdc9d9-ddb5-4fa4-a97d-d965ccfc6d4b" outcome="Passed" testListId="8c84fa94-04c1-424b-9868-57a2d4851a1d" relativeResultsDirectory="20e0ccb5-f9c2-48a0-8d01-80fb4b129903" />
    <UnitTestResult executionId="eb1ed36c-048e-4e95-91e0-1b217c93d371" testId="ca4fd46b-3539-ce6a-f074-c11d48c219f4" testName="Engine.Context.Tests.Initialize.FromRabbitMqRetroTests.ShouldResolveExchange" computerName="host00" duration="00:00:00.0353955" startTime="2023-01-07T14:17:32.0200501+01:00" endTime="2023-01-07T14:17:32.0200502+01:00" testType="13cdc9d9-ddb5-4fa4-a97d-d965ccfc6d4b" outcome="Passed" testListId="8c84fa94-04c1-424b-9868-57a2d4851a1d" relativeResultsDirectory="eb1ed36c-048e-4e95-91e0-1b217c93d371" />
    <UnitTestResult executionId="e0f26fe7-dd73-420a-8c29-05db81eb72ca" testId="514da512-0b10-039f-850d-3541638b28a9" testName="Engine.Context.Tests.Initialize.CmdHandlerTests.ShouldResolveAggregateStore" computerName="host00" duration="00:00:00.0013444" startTime="2023-01-07T14:17:32.1321500+01:00" endTime="2023-01-07T14:17:32.1321500+01:00" testType="13cdc9d9-ddb5-4fa4-a97d-d965ccfc6d4b" outcome="Passed" testListId="8c84fa94-04c1-424b-9868-57a2d4851a1d" relativeResultsDirectory="e0f26fe7-dd73-420a-8c29-05db81eb72ca" />
    <UnitTestResult executionId="e2433ab1-8aca-4bac-8adf-99fb0081b40b" testId="c2c48be4-a16b-5cd9-8348-6a2ee1c7e043" testName="Engine.Context.Tests.Start.ToEventStoreTestsT.ShouldResolveEvt2Fact" computerName="host00" duration="00:00:00.1682516" startTime="2023-01-07T14:17:32.1269891+01:00" endTime="2023-01-07T14:17:32.1269892+01:00" testType="13cdc9d9-ddb5-4fa4-a97d-d965ccfc6d4b" outcome="Passed" testListId="8c84fa94-04c1-424b-9868-57a2d4851a1d" relativeResultsDirectory="e2433ab1-8aca-4bac-8adf-99fb0081b40b" />
    <UnitTestResult executionId="2642d3c0-c3f6-4ce4-8ded-02bfd1ef1ec8" testId="c57ed40e-dcb3-dc42-fafc-847e825e3cd4" testName="Engine.Context.Tests.ChangeDetails.FromNATSTests.ShouldResolveConnectionFactory" computerName="host00" duration="00:00:00.0008170" startTime="2023-01-07T14:17:35.3866250+01:00" endTime="2023-01-07T14:17:35.3866251+01:00" testType="13cdc9d9-ddb5-4fa4-a97d-d965ccfc6d4b" outcome="Passed" testListId="8c84fa94-04c1-424b-9868-57a2d4851a1d" relativeResultsDirectory="2642d3c0-c3f6-4ce4-8ded-02bfd1ef1ec8" />
    <UnitTestResult executionId="7e2eda06-8ce5-4bd3-98de-f6e7e20b5441" testId="c8f7b2fa-ecdb-7788-9221-cf544217672b" testName="Engine.Context.Tests.Initialize.ToRedisListTests.ShouldResolveReadModelStore" computerName="host00" duration="00:00:00.0825727" startTime="2023-01-07T14:17:32.3829160+01:00" endTime="2023-01-07T14:17:32.3829161+01:00" testType="13cdc9d9-ddb5-4fa4-a97d-d965ccfc6d4b" outcome="Passed" testListId="8c84fa94-04c1-424b-9868-57a2d4851a1d" relativeResultsDirectory="7e2eda06-8ce5-4bd3-98de-f6e7e20b5441" />
    <UnitTestResult executionId="ccf06a14-610c-4c48-a713-5899d1c686a7" testId="81e40d50-4a12-2ce6-ee57-b826a5d087ec" testName="Engine.Context.Tests.Stop.HopePipeBuilderTests.ShouldContainSteps" computerName="host00" duration="00:00:00.0028900" startTime="2023-01-07T14:17:32.2586417+01:00" endTime="2023-01-07T14:17:32.2586417+01:00" testType="13cdc9d9-ddb5-4fa4-a97d-d965ccfc6d4b" outcome="Passed" testListId="8c84fa94-04c1-424b-9868-57a2d4851a1d" relativeResultsDirectory="ccf06a14-610c-4c48-a713-5899d1c686a7" />
    <UnitTestResult executionId="02c3487a-acbc-4ac3-8b67-3e4079652729" testId="b0c2e93d-4434-c7fe-ad75-3304a3cb6e8c" testName="Engine.Context.Tests.Initialize.CmdHandlerTests.ShouldResolveCmdHandler" computerName="host00" duration="00:00:00.0018929" startTime="2023-01-07T14:17:32.1340971+01:00" endTime="2023-01-07T14:17:32.1340972+01:00" testType="13cdc9d9-ddb5-4fa4-a97d-d965ccfc6d4b" outcome="Passed" testListId="8c84fa94-04c1-424b-9868-57a2d4851a1d" relativeResultsDirectory="02c3487a-acbc-4ac3-8b67-3e4079652729" />
    <UnitTestResult executionId="e6377291-344b-4934-876b-fb437da6fd81" testId="60101fd9-4ad7-8de9-c527-c091b9fcc1bd" testName="Engine.Context.Tests.ChangeDetails.SpokeTests.ShouldResolveEmptySpoke" computerName="host00" duration="00:00:00.0238464" startTime="2023-01-07T14:17:32.4215587+01:00" endTime="2023-01-07T14:17:32.4215588+01:00" testType="13cdc9d9-ddb5-4fa4-a97d-d965ccfc6d4b" outcome="Passed" testListId="8c84fa94-04c1-424b-9868-57a2d4851a1d" relativeResultsDirectory="e6377291-344b-4934-876b-fb437da6fd81" />
    <UnitTestResult executionId="8760c992-d514-4577-8390-fbfa1fecfdc8" testId="91deb1ff-fc9e-15e1-9bbc-80324320613c" testName="Engine.Context.Tests.Initialize.ToRedisListTests.ShouldPayloadHaveFactTopic" computerName="host00" duration="00:00:00.0020167" startTime="2023-01-07T14:17:32.3855258+01:00" endTime="2023-01-07T14:17:32.3855259+01:00" testType="13cdc9d9-ddb5-4fa4-a97d-d965ccfc6d4b" outcome="Passed" testListId="8c84fa94-04c1-424b-9868-57a2d4851a1d" relativeResultsDirectory="8760c992-d514-4577-8390-fbfa1fecfdc8" />
    <UnitTestResult executionId="3c9504c1-a24b-487e-9d64-721ad0ad0888" testId="fac3d51a-0a4f-772b-7f22-488709457cba" testName="Engine.Context.Tests.Start.ToRedisListTests.ShouldResolveReadModelStore" computerName="host00" duration="00:00:00.0791094" startTime="2023-01-07T14:17:32.2765467+01:00" endTime="2023-01-07T14:17:32.2765467+01:00" testType="13cdc9d9-ddb5-4fa4-a97d-d965ccfc6d4b" outcome="Passed" testListId="8c84fa94-04c1-424b-9868-57a2d4851a1d" relativeResultsDirectory="3c9504c1-a24b-487e-9d64-721ad0ad0888" />
    <UnitTestResult executionId="52c81392-3427-4eb8-85e1-376c21f30b3f" testId="f39eca30-459d-2456-552c-de272bf46519" testName="Engine.Context.Tests.Initialize.FromNATSTests.ShouldResolveEmitter" computerName="host00" duration="00:00:00.2260812" startTime="2023-01-07T14:17:32.4155026+01:00" endTime="2023-01-07T14:17:32.4155027+01:00" testType="13cdc9d9-ddb5-4fa4-a97d-d965ccfc6d4b" outcome="Passed" testListId="8c84fa94-04c1-424b-9868-57a2d4851a1d" relativeResultsDirectory="52c81392-3427-4eb8-85e1-376c21f30b3f" />
    <UnitTestResult executionId="5931c974-a0a4-48b1-a39d-7c9717f85b36" testId="12edbe7a-f544-91b7-b85e-b0677a88da47" testName="Engine.Context.Tests.ChangeDetails.FromNATSTests.ShouldResolveExchange" computerName="host00" duration="00:00:00.0005267" startTime="2023-01-07T14:17:35.3856132+01:00" endTime="2023-01-07T14:17:35.3856134+01:00" testType="13cdc9d9-ddb5-4fa4-a97d-d965ccfc6d4b" outcome="Passed" testListId="8c84fa94-04c1-424b-9868-57a2d4851a1d" relativeResultsDirectory="5931c974-a0a4-48b1-a39d-7c9717f85b36" />
    <UnitTestResult executionId="067d46dc-21c7-4bfc-9bc1-14428876070b" testId="b4371690-2ced-409b-e5e9-5577cf8bdde6" testName="Engine.Context.Tests.Start.FromNATSTests.ShouldResolveEmitter" computerName="host00" duration="00:00:02.9540878" startTime="2023-01-07T14:17:35.3953403+01:00" endTime="2023-01-07T14:17:35.3953404+01:00" testType="13cdc9d9-ddb5-4fa4-a97d-d965ccfc6d4b" outcome="Passed" testListId="8c84fa94-04c1-424b-9868-57a2d4851a1d" relativeResultsDirectory="067d46dc-21c7-4bfc-9bc1-14428876070b" />
    <UnitTestResult executionId="1be730b6-be24-4d92-955a-d31520bef7e9" testId="7ceae394-4809-a8d4-cf4d-48bfa4acb8dd" testName="Engine.Context.Tests.Start.ToRedisDocTests.ShouldResolveProjection" computerName="host00" duration="00:00:00.3351881" startTime="2023-01-07T14:17:32.2935929+01:00" endTime="2023-01-07T14:17:32.2935929+01:00" testType="13cdc9d9-ddb5-4fa4-a97d-d965ccfc6d4b" outcome="Passed" testListId="8c84fa94-04c1-424b-9868-57a2d4851a1d" relativeResultsDirectory="1be730b6-be24-4d92-955a-d31520bef7e9" />
    <UnitTestResult executionId="20f717ae-0770-44ab-b7d2-93b879758f6c" testId="7ccd6e40-55ed-9bc7-b62a-cbf103390840" testName="Engine.Context.Tests.Start.HopePipeBuilderTests.ShouldContainSteps" computerName="host00" duration="00:00:00.0354970" startTime="2023-01-07T14:17:32.2931187+01:00" endTime="2023-01-07T14:17:32.2931187+01:00" testType="13cdc9d9-ddb5-4fa4-a97d-d965ccfc6d4b" outcome="Passed" testListId="8c84fa94-04c1-424b-9868-57a2d4851a1d" relativeResultsDirectory="20f717ae-0770-44ab-b7d2-93b879758f6c" />
    <UnitTestResult executionId="17a20628-92b2-49d9-94ab-a868ece0822e" testId="2ea0f57b-bb26-9030-3ba6-5d7b98bf81f9" testName="Engine.Context.Tests.Initialize.FromNATSTests.ShouldResolveConnectionFactory" computerName="host00" duration="00:00:00.0025687" startTime="2023-01-07T14:17:32.4498997+01:00" endTime="2023-01-07T14:17:32.4498997+01:00" testType="13cdc9d9-ddb5-4fa4-a97d-d965ccfc6d4b" outcome="Passed" testListId="8c84fa94-04c1-424b-9868-57a2d4851a1d" relativeResultsDirectory="17a20628-92b2-49d9-94ab-a868ece0822e" />
    <UnitTestResult executionId="036da9ef-2672-462d-8757-96ab66449d37" testId="278e55f7-0044-4cc7-d2c0-f06c4c666354" testName="Engine.Context.Tests.Start.ToRabbitMqTests.ShouldBeNamedActor" computerName="host00" duration="00:00:00.0003621" startTime="2023-01-07T14:17:32.3828445+01:00" endTime="2023-01-07T14:17:32.3828445+01:00" testType="13cdc9d9-ddb5-4fa4-a97d-d965ccfc6d4b" outcome="Passed" testListId="8c84fa94-04c1-424b-9868-57a2d4851a1d" relativeResultsDirectory="036da9ef-2672-462d-8757-96ab66449d37" />
    <UnitTestResult executionId="803bcda1-953d-49e8-8e26-ea0e274ee26b" testId="e7bcad19-9cce-b870-65d5-bfc301974e02" testName="Engine.Context.Tests.ChangeDetails.FromRabbitMqRetroTests.ShouldResolveExchange" computerName="host00" duration="00:00:00.0491205" startTime="2023-01-07T14:17:32.0109126+01:00" endTime="2023-01-07T14:17:32.0109127+01:00" testType="13cdc9d9-ddb5-4fa4-a97d-d965ccfc6d4b" outcome="Passed" testListId="8c84fa94-04c1-424b-9868-57a2d4851a1d" relativeResultsDirectory="803bcda1-953d-49e8-8e26-ea0e274ee26b" />
    <UnitTestResult executionId="345b6514-9307-44c2-ae78-d5f0454dd065" testId="f59ae158-02ed-7b1a-21b7-9efc9725d6fc" testName="Engine.Context.Tests.Stop.ToEventStoreTestsT.ShouldResolveCmdHandler" computerName="host00" duration="00:00:00.0034081" startTime="2023-01-07T14:17:32.1328384+01:00" endTime="2023-01-07T14:17:32.1328384+01:00" testType="13cdc9d9-ddb5-4fa4-a97d-d965ccfc6d4b" outcome="Passed" testListId="8c84fa94-04c1-424b-9868-57a2d4851a1d" relativeResultsDirectory="345b6514-9307-44c2-ae78-d5f0454dd065" />
    <UnitTestResult executionId="dbb0607c-25b1-4dc6-b505-7b017460dd65" testId="fcf549a6-dda1-8e36-df5d-298750214e59" testName="Engine.Context.Tests.Stop.ToRedisDocTests.ShouldSpokeHaveNameAttribute" computerName="host00" duration="00:00:00.0005784" startTime="2023-01-07T14:17:32.3930878+01:00" endTime="2023-01-07T14:17:32.3930879+01:00" testType="13cdc9d9-ddb5-4fa4-a97d-d965ccfc6d4b" outcome="Passed" testListId="8c84fa94-04c1-424b-9868-57a2d4851a1d" relativeResultsDirectory="dbb0607c-25b1-4dc6-b505-7b017460dd65" />
    <UnitTestResult executionId="dcc55ec7-04ca-42cd-82c4-7ca8677a44d5" testId="debf0053-3988-495b-2614-6c60e19bf0d8" testName="Engine.Context.Tests.Start.ToRabbitMqTests.ShouldActivateActor" computerName="host00" duration="00:00:00.1096522" startTime="2023-01-07T14:17:32.4931010+01:00" endTime="2023-01-07T14:17:32.4931011+01:00" testType="13cdc9d9-ddb5-4fa4-a97d-d965ccfc6d4b" outcome="Passed" testListId="8c84fa94-04c1-424b-9868-57a2d4851a1d" relativeResultsDirectory="dcc55ec7-04ca-42cd-82c4-7ca8677a44d5" />
    <UnitTestResult executionId="8f4e6266-223d-451e-b27a-51ac301ddd36" testId="f14c9a8b-ca99-e632-4406-d1384b62445f" testName="Engine.Context.Tests.ChangeDetails.ToRedisDocTests.ShouldResolveProjection" computerName="host00" duration="00:00:00.1348990" startTime="2023-01-07T14:17:32.4359923+01:00" endTime="2023-01-07T14:17:32.4359924+01:00" testType="13cdc9d9-ddb5-4fa4-a97d-d965ccfc6d4b" outcome="Passed" testListId="8c84fa94-04c1-424b-9868-57a2d4851a1d" relativeResultsDirectory="8f4e6266-223d-451e-b27a-51ac301ddd36" />
    <UnitTestResult executionId="18b67917-4028-4ecc-8587-f100b8624f84" testId="0329f2b2-690f-f31b-9ae5-05d7e60a3b75" testName="Engine.Context.Tests.Initialize.FromNATSTests.ShouldResolveExchange" computerName="host00" duration="00:00:00.0042345" startTime="2023-01-07T14:17:32.1820168+01:00" endTime="2023-01-07T14:17:32.1820169+01:00" testType="13cdc9d9-ddb5-4fa4-a97d-d965ccfc6d4b" outcome="Passed" testListId="8c84fa94-04c1-424b-9868-57a2d4851a1d" relativeResultsDirectory="18b67917-4028-4ecc-8587-f100b8624f84" />
    <UnitTestResult executionId="24b0080c-6bf4-4f9c-abf4-9596c2fd6cd0" testId="df721678-683a-f542-eea7-7787eb89e634" testName="Engine.Context.Tests.Stop.ToRabbitMqTests.ShouldActivateActor" computerName="host00" duration="00:00:00.1935858" startTime="2023-01-07T14:17:32.4930499+01:00" endTime="2023-01-07T14:17:32.4930500+01:00" testType="13cdc9d9-ddb5-4fa4-a97d-d965ccfc6d4b" outcome="Passed" testListId="8c84fa94-04c1-424b-9868-57a2d4851a1d" relativeResultsDirectory="24b0080c-6bf4-4f9c-abf4-9596c2fd6cd0" />
    <UnitTestResult executionId="9961d321-9ffc-4d99-b8a6-b14ae01ee0b5" testId="b43f619f-f736-f9d4-8ec8-ddd37a195739" testName="Engine.Context.Tests.ChangeDetails.ToRabbitMqTests.ShouldBeNamedActor" computerName="host00" duration="00:00:00.0005780" startTime="2023-01-07T14:17:32.0226922+01:00" endTime="2023-01-07T14:17:32.0226922+01:00" testType="13cdc9d9-ddb5-4fa4-a97d-d965ccfc6d4b" outcome="Passed" testListId="8c84fa94-04c1-424b-9868-57a2d4851a1d" relativeResultsDirectory="9961d321-9ffc-4d99-b8a6-b14ae01ee0b5" />
    <UnitTestResult executionId="2a2bc7d4-f7f2-4430-93b5-a4e9c2786bf7" testId="b9bd85e0-98be-4692-47b7-e56cbfd5e6f1" testName="Engine.Context.Tests.Start.CmdHandlerTests.ShouldResolveMetaCtor" computerName="host00" duration="00:00:00.0017678" startTime="2023-01-07T14:17:32.3317905+01:00" endTime="2023-01-07T14:17:32.3317906+01:00" testType="13cdc9d9-ddb5-4fa4-a97d-d965ccfc6d4b" outcome="Passed" testListId="8c84fa94-04c1-424b-9868-57a2d4851a1d" relativeResultsDirectory="2a2bc7d4-f7f2-4430-93b5-a4e9c2786bf7" />
    <UnitTestResult executionId="2cbd2bba-4e88-4e53-bf74-a5dbb1591db8" testId="85b6964e-8a94-eff8-1ad5-2410127755f6" testName="Engine.Context.Tests.ChangeRpm.ToEventStoreTestsT.ShouldResolveExchange" computerName="host00" duration="00:00:00.0025385" startTime="2023-01-07T14:17:32.1796291+01:00" endTime="2023-01-07T14:17:32.1796292+01:00" testType="13cdc9d9-ddb5-4fa4-a97d-d965ccfc6d4b" outcome="Passed" testListId="8c84fa94-04c1-424b-9868-57a2d4851a1d" relativeResultsDirectory="2cbd2bba-4e88-4e53-bf74-a5dbb1591db8" />
    <UnitTestResult executionId="2c89508a-e804-454a-b94f-9ae8dfd43fed" testId="a5c34873-e3ce-a732-89a8-6ac0591fb09c" testName="Engine.Context.Tests.Start.SpokeTests.ShouldResolveSpokeBuilder" computerName="host00" duration="00:00:00.1963693" startTime="2023-01-07T14:17:32.3908411+01:00" endTime="2023-01-07T14:17:32.3908413+01:00" testType="13cdc9d9-ddb5-4fa4-a97d-d965ccfc6d4b" outcome="Passed" testListId="8c84fa94-04c1-424b-9868-57a2d4851a1d" relativeResultsDirectory="2c89508a-e804-454a-b94f-9ae8dfd43fed" />
    <UnitTestResult executionId="7ef9b5f5-8c4c-432e-a5d9-c2895e924242" testId="dc82245d-f82d-ac94-63cf-8c8a142b3e83" testName="Engine.Context.Tests.Stop.SpokeTests.ShouldBuildSpoke" computerName="host00" duration="00:00:00.0736979" startTime="2023-01-07T14:17:32.4943521+01:00" endTime="2023-01-07T14:17:32.4943521+01:00" testType="13cdc9d9-ddb5-4fa4-a97d-d965ccfc6d4b" outcome="Passed" testListId="8c84fa94-04c1-424b-9868-57a2d4851a1d" relativeResultsDirectory="7ef9b5f5-8c4c-432e-a5d9-c2895e924242" />
    <UnitTestResult executionId="a55743dc-c047-4cd6-bfde-34fa4c5a0619" testId="0e79f296-896b-ab0f-756d-cfe74655d615" testName="Engine.Context.Tests.Start.FromNATSTests.ShouldResolveExchange" computerName="host00" duration="00:00:00.0006066" startTime="2023-01-07T14:17:32.0220928+01:00" endTime="2023-01-07T14:17:32.0220928+01:00" testType="13cdc9d9-ddb5-4fa4-a97d-d965ccfc6d4b" outcome="Passed" testListId="8c84fa94-04c1-424b-9868-57a2d4851a1d" relativeResultsDirectory="a55743dc-c047-4cd6-bfde-34fa4c5a0619" />
    <UnitTestResult executionId="b4ca60cc-46d4-4eea-b97f-074459f96897" testId="7b41ae6a-c201-b258-85bf-c45208285d16" testName="Engine.Context.Tests.Stop.FromNATSTests.ShouldActivateActor" computerName="host00" duration="00:00:00.1048706" startTime="2023-01-07T14:17:32.4352170+01:00" endTime="2023-01-07T14:17:32.4352171+01:00" testType="13cdc9d9-ddb5-4fa4-a97d-d965ccfc6d4b" outcome="Passed" testListId="8c84fa94-04c1-424b-9868-57a2d4851a1d" relativeResultsDirectory="b4ca60cc-46d4-4eea-b97f-074459f96897" />
    <UnitTestResult executionId="b86babab-c775-42de-98ca-8f4c4938d817" testId="70e282e2-1eb3-64db-c0a7-ab680f8752e4" testName="Engine.Context.Tests.ChangeRpm.ToRedisDocTests.ShouldSpokeHaveNameAttribute" computerName="host00" duration="00:00:00.0022480" startTime="2023-01-07T14:17:32.0221613+01:00" endTime="2023-01-07T14:17:32.0221614+01:00" testType="13cdc9d9-ddb5-4fa4-a97d-d965ccfc6d4b" outcome="Passed" testListId="8c84fa94-04c1-424b-9868-57a2d4851a1d" relativeResultsDirectory="b86babab-c775-42de-98ca-8f4c4938d817" />
    <UnitTestResult executionId="798eeb52-e34e-4caf-9af2-f68a3584f1be" testId="a76a33b1-55cb-5726-0c35-901ff7b8bc92" testName="Engine.Context.Tests.Stop.HopePipeBuilderTests.ShouldBuildPipe" computerName="host00" duration="00:00:00.0008277" startTime="2023-01-07T14:17:32.2546605+01:00" endTime="2023-01-07T14:17:32.2546605+01:00" testType="13cdc9d9-ddb5-4fa4-a97d-d965ccfc6d4b" outcome="Passed" testListId="8c84fa94-04c1-424b-9868-57a2d4851a1d" relativeResultsDirectory="798eeb52-e34e-4caf-9af2-f68a3584f1be" />
    <UnitTestResult executionId="16d3459a-502d-47b3-94bb-c410cb4d16e6" testId="708fa9dc-9f40-1754-4336-22d1c45d9b83" testName="Engine.Context.Tests.ChangeDetails.ToRedisListTests.ShouldPayloadHaveFactTopic" computerName="host00" duration="00:00:00.0056355" startTime="2023-01-07T14:17:32.1870990+01:00" endTime="2023-01-07T14:17:32.1870990+01:00" testType="13cdc9d9-ddb5-4fa4-a97d-d965ccfc6d4b" outcome="Passed" testListId="8c84fa94-04c1-424b-9868-57a2d4851a1d" relativeResultsDirectory="16d3459a-502d-47b3-94bb-c410cb4d16e6" />
    <UnitTestResult executionId="16d6fadb-cfce-4537-b5b9-5d8445a25bb7" testId="89b3de84-1e15-8c25-7acf-e9952880f06e" testName="Engine.Context.Tests.ChangeRpm.CmdHandlerTests.ShouldHandleCmd" computerName="host00" duration="00:00:00.3428221" startTime="2023-01-07T14:17:32.4741636+01:00" endTime="2023-01-07T14:17:32.4741638+01:00" testType="13cdc9d9-ddb5-4fa4-a97d-d965ccfc6d4b" outcome="Passed" testListId="8c84fa94-04c1-424b-9868-57a2d4851a1d" relativeResultsDirectory="16d6fadb-cfce-4537-b5b9-5d8445a25bb7" />
    <UnitTestResult executionId="3e051a19-a86e-4572-9982-e6e30b2bda96" testId="59d47135-7d57-3089-32d0-ad2856093235" testName="Engine.Context.Tests.Start.CmdHandlerTests.ShouldCreateCmd" computerName="host00" duration="00:00:00.0016682" startTime="2023-01-07T14:17:32.3209437+01:00" endTime="2023-01-07T14:17:32.3209438+01:00" testType="13cdc9d9-ddb5-4fa4-a97d-d965ccfc6d4b" outcome="Passed" testListId="8c84fa94-04c1-424b-9868-57a2d4851a1d" relativeResultsDirectory="3e051a19-a86e-4572-9982-e6e30b2bda96" />
    <UnitTestResult executionId="7dd7a742-5ae7-4ec1-9a52-80c1b52dca68" testId="2b96e3cd-9f7a-6662-021a-6ec74cb2343d" testName="Engine.Context.Tests.Initialize.CmdHandlerTests.ShouldResolvePayloadCtor" computerName="host00" duration="00:00:00.0018630" startTime="2023-01-07T14:17:32.1360004+01:00" endTime="2023-01-07T14:17:32.1360005+01:00" testType="13cdc9d9-ddb5-4fa4-a97d-d965ccfc6d4b" outcome="Passed" testListId="8c84fa94-04c1-424b-9868-57a2d4851a1d" relativeResultsDirectory="7dd7a742-5ae7-4ec1-9a52-80c1b52dca68" />
    <UnitTestResult executionId="4fc7fc3b-f926-4458-95b3-1aadd896a8e4" testId="1e9b99ea-7ba7-05ac-1b17-77b9e9654314" testName="Engine.Context.Tests.ChangeRpm.ToRedisDocTests.ShouldResolveReadModelStore" computerName="host00" duration="00:00:00.1642513" startTime="2023-01-07T14:17:32.1773081+01:00" endTime="2023-01-07T14:17:32.1773081+01:00" testType="13cdc9d9-ddb5-4fa4-a97d-d965ccfc6d4b" outcome="Passed" testListId="8c84fa94-04c1-424b-9868-57a2d4851a1d" relativeResultsDirectory="4fc7fc3b-f926-4458-95b3-1aadd896a8e4" />
    <UnitTestResult executionId="0dcaed16-a227-4dfd-8c7f-968ba31da8d2" testId="cd65ab30-822d-a48d-93da-3cbcfa248477" testName="Engine.Context.Tests.ChangeRpm.ToRedisListTests.ShouldSpokeHaveNameAttribute" computerName="host00" duration="00:00:00.0007064" startTime="2023-01-07T14:17:32.4051173+01:00" endTime="2023-01-07T14:17:32.4051174+01:00" testType="13cdc9d9-ddb5-4fa4-a97d-d965ccfc6d4b" outcome="Passed" testListId="8c84fa94-04c1-424b-9868-57a2d4851a1d" relativeResultsDirectory="0dcaed16-a227-4dfd-8c7f-968ba31da8d2" />
    <UnitTestResult executionId="32e6b247-4921-42fa-a214-631fcb84c3cf" testId="6e586882-81eb-81cb-7f63-81bb1f1cd0fd" testName="Engine.Context.Tests.Initialize.ToRedisListTests.ShouldTProjectionHaveDocIdAttribute" computerName="host00" duration="00:00:00.0007520" startTime="2023-01-07T14:17:32.2979755+01:00" endTime="2023-01-07T14:17:32.2979755+01:00" testType="13cdc9d9-ddb5-4fa4-a97d-d965ccfc6d4b" outcome="Passed" testListId="8c84fa94-04c1-424b-9868-57a2d4851a1d" relativeResultsDirectory="32e6b247-4921-42fa-a214-631fcb84c3cf" />
    <UnitTestResult executionId="9e1d0d0e-facf-492d-863f-a37bc4e47884" testId="e7102b75-cc76-ba9d-a6a8-f09ce2c9891a" testName="Engine.Context.Tests.ChangeRpm.FromNATSTests.ShouldResolveHope2Cmd" computerName="host00" duration="00:00:00.0489025" startTime="2023-01-07T14:17:32.0201204+01:00" endTime="2023-01-07T14:17:32.0201204+01:00" testType="13cdc9d9-ddb5-4fa4-a97d-d965ccfc6d4b" outcome="Passed" testListId="8c84fa94-04c1-424b-9868-57a2d4851a1d" relativeResultsDirectory="9e1d0d0e-facf-492d-863f-a37bc4e47884" />
    <UnitTestResult executionId="1a57e94c-e82b-47e3-b030-9820bf931f6d" testId="57d85048-7711-6976-a00e-e27e34a7c42a" testName="Engine.Context.Tests.Start.HopePipeBuilderTests.ShouldExecuteAsync" computerName="host00" duration="00:00:00.0929062" startTime="2023-01-07T14:17:32.2545975+01:00" endTime="2023-01-07T14:17:32.2545975+01:00" testType="13cdc9d9-ddb5-4fa4-a97d-d965ccfc6d4b" outcome="Passed" testListId="8c84fa94-04c1-424b-9868-57a2d4851a1d" relativeResultsDirectory="1a57e94c-e82b-47e3-b030-9820bf931f6d" />
    <UnitTestResult executionId="377e802a-88b6-4058-8149-fa2ad1f8dd99" testId="1fdf3b15-f46b-a7fb-bf04-a2f980903b4b" testName="Engine.Context.Tests.ChangeDetails.ToEventStoreTestsT.ShouldResolveEvt2Fact" computerName="host00" duration="00:00:00.0040498" startTime="2023-01-07T14:17:32.1405105+01:00" endTime="2023-01-07T14:17:32.1405107+01:00" testType="13cdc9d9-ddb5-4fa4-a97d-d965ccfc6d4b" outcome="Passed" testListId="8c84fa94-04c1-424b-9868-57a2d4851a1d" relativeResultsDirectory="377e802a-88b6-4058-8149-fa2ad1f8dd99" />
    <UnitTestResult executionId="edf75562-5b77-4ba5-91f7-b8af3e133e8f" testId="0e7efcaf-7ba6-94f2-deb9-e8a051376029" testName="Engine.Context.Tests.Stop.CmdHandlerTests.ShouldResolveMetaCtor" computerName="host00" duration="00:00:00.0413525" startTime="2023-01-07T14:17:32.3725354+01:00" endTime="2023-01-07T14:17:32.3725356+01:00" testType="13cdc9d9-ddb5-4fa4-a97d-d965ccfc6d4b" outcome="Passed" testListId="8c84fa94-04c1-424b-9868-57a2d4851a1d" relativeResultsDirectory="edf75562-5b77-4ba5-91f7-b8af3e133e8f" />
    <UnitTestResult executionId="757e0a08-0367-4bc8-898e-8a842a5834eb" testId="f22beda7-b6d7-23ba-decb-dd2af2e4f1a6" testName="Engine.Context.Tests.ChangeRpm.ToRedisDocTests.ShouldHaveDbNameAttribute" computerName="host00" duration="00:00:00.0004351" startTime="2023-01-07T14:17:32.4089098+01:00" endTime="2023-01-07T14:17:32.4089099+01:00" testType="13cdc9d9-ddb5-4fa4-a97d-d965ccfc6d4b" outcome="Passed" testListId="8c84fa94-04c1-424b-9868-57a2d4851a1d" relativeResultsDirectory="757e0a08-0367-4bc8-898e-8a842a5834eb" />
    <UnitTestResult executionId="a1dd1ac0-cff3-4484-a79f-79e75a897739" testId="c8e7e04a-e5ef-a4bd-7be4-f02cc820b2c8" testName="Engine.Context.Tests.ChangeDetails.ToRedisDocTests.ShouldSpokeHaveNameAttribute" computerName="host00" duration="00:00:00.0009136" startTime="2023-01-07T14:17:32.2975410+01:00" endTime="2023-01-07T14:17:32.2975411+01:00" testType="13cdc9d9-ddb5-4fa4-a97d-d965ccfc6d4b" outcome="Passed" testListId="8c84fa94-04c1-424b-9868-57a2d4851a1d" relativeResultsDirectory="a1dd1ac0-cff3-4484-a79f-79e75a897739" />
    <UnitTestResult executionId="fc959fc0-a3b9-4780-a19d-7f3037cd79c1" testId="c7b30f09-5a6f-af18-2461-0d7b38c2556e" testName="Engine.Context.Tests.Initialize.SpokeTests.ShouldBuildSpoke" computerName="host00" duration="00:00:02.9581709" startTime="2023-01-07T14:17:35.3799819+01:00" endTime="2023-01-07T14:17:35.3799822+01:00" testType="13cdc9d9-ddb5-4fa4-a97d-d965ccfc6d4b" outcome="Passed" testListId="8c84fa94-04c1-424b-9868-57a2d4851a1d" relativeResultsDirectory="fc959fc0-a3b9-4780-a19d-7f3037cd79c1" />
    <UnitTestResult executionId="a0291654-cb55-49d0-96b2-3e2b21ee257c" testId="ab164e58-836b-596b-9111-239f40283ab6" testName="Engine.Context.Tests.Stop.FromRabbitMqRetroTests.ShouldActivateActor" computerName="host00" duration="00:00:02.9885986" startTime="2023-01-07T14:17:35.3959416+01:00" endTime="2023-01-07T14:17:35.3959417+01:00" testType="13cdc9d9-ddb5-4fa4-a97d-d965ccfc6d4b" outcome="Passed" testListId="8c84fa94-04c1-424b-9868-57a2d4851a1d" relativeResultsDirectory="a0291654-cb55-49d0-96b2-3e2b21ee257c" />
    <UnitTestResult executionId="e27d40f2-800a-4cb1-b506-753224afc5eb" testId="a0e101bd-5d10-1527-faf2-5c090a023add" testName="Engine.Context.Tests.Initialize.SpokeTests.ShouldResolveActors" computerName="host00" duration="00:00:00.0104234" startTime="2023-01-07T14:17:32.4211440+01:00" endTime="2023-01-07T14:17:32.4211441+01:00" testType="13cdc9d9-ddb5-4fa4-a97d-d965ccfc6d4b" outcome="Passed" testListId="8c84fa94-04c1-424b-9868-57a2d4851a1d" relativeResultsDirectory="e27d40f2-800a-4cb1-b506-753224afc5eb" />
    <UnitTestResult executionId="8ae69ad7-d79c-4da2-b066-7299f947a029" testId="d4ae2549-d55c-1855-236c-015f96c3f78e" testName="Engine.Context.Tests.Initialize.ToRabbitMqTests.ShouldActivateActor" computerName="host00" duration="00:00:00.4995847" startTime="2023-01-07T14:17:32.4580577+01:00" endTime="2023-01-07T14:17:32.4580577+01:00" testType="13cdc9d9-ddb5-4fa4-a97d-d965ccfc6d4b" outcome="Passed" testListId="8c84fa94-04c1-424b-9868-57a2d4851a1d" relativeResultsDirectory="8ae69ad7-d79c-4da2-b066-7299f947a029" />
    <UnitTestResult executionId="c9de4df4-5a9b-4958-941d-957b521cd8ac" testId="89fb85cb-78b8-5abc-22bd-e06c0a58f75d" testName="Engine.Context.Tests.ChangeRpm.ToRedisDocTests.ShouldResolveEvt2State" computerName="host00" duration="00:00:00.0488971" startTime="2023-01-07T14:17:32.0089282+01:00" endTime="2023-01-07T14:17:32.0089284+01:00" testType="13cdc9d9-ddb5-4fa4-a97d-d965ccfc6d4b" outcome="Passed" testListId="8c84fa94-04c1-424b-9868-57a2d4851a1d" relativeResultsDirectory="c9de4df4-5a9b-4958-941d-957b521cd8ac" />
    <UnitTestResult executionId="ce4d5977-b5e9-49cd-b1e1-f81bea6370b6" testId="3ea29434-976c-b1f9-5a68-4e42e5dce7e7" testName="Engine.Context.Tests.ChangeDetails.ToRabbitMqTests.ShouldResolveExchange" computerName="host00" duration="00:00:00.0008985" startTime="2023-01-07T14:17:32.0226034+01:00" endTime="2023-01-07T14:17:32.0226035+01:00" testType="13cdc9d9-ddb5-4fa4-a97d-d965ccfc6d4b" outcome="Passed" testListId="8c84fa94-04c1-424b-9868-57a2d4851a1d" relativeResultsDirectory="ce4d5977-b5e9-49cd-b1e1-f81bea6370b6" />
    <UnitTestResult executionId="aaa7d0f5-e933-4ef5-b998-95fa179529fd" testId="3b1b2e74-a78f-9783-e991-ad977af479b2" testName="Engine.Context.Tests.Initialize.HopePipeBuilderTests.ShouldExecuteAsync" computerName="host00" duration="00:00:00.0858460" startTime="2023-01-07T14:17:32.2545353+01:00" endTime="2023-01-07T14:17:32.2545354+01:00" testType="13cdc9d9-ddb5-4fa4-a97d-d965ccfc6d4b" outcome="Passed" testListId="8c84fa94-04c1-424b-9868-57a2d4851a1d" relativeResultsDirectory="aaa7d0f5-e933-4ef5-b998-95fa179529fd" />
    <UnitTestResult executionId="d738323d-c8dc-4a93-8529-62b6deb2a4e0" testId="feaaed1e-cd6a-4b75-fac6-be73f3b28bfa" testName="Engine.Context.Tests.ChangeRpm.CmdHandlerTests.ShouldResolveIDCtor" computerName="host00" duration="00:00:00.0020400" startTime="2023-01-07T14:17:32.4792736+01:00" endTime="2023-01-07T14:17:32.4792737+01:00" testType="13cdc9d9-ddb5-4fa4-a97d-d965ccfc6d4b" outcome="Passed" testListId="8c84fa94-04c1-424b-9868-57a2d4851a1d" relativeResultsDirectory="d738323d-c8dc-4a93-8529-62b6deb2a4e0" />
    <UnitTestResult executionId="912a9669-593c-42b3-ab2f-20dc2d9563f0" testId="45eb65e9-6d29-beba-67b0-939f0f4871f3" testName="Engine.Context.Tests.Stop.HopePipeBuilderTests.ShouldOnlyContainDistinctSteps" computerName="host00" duration="00:00:00.0333632" startTime="2023-01-07T14:17:32.2923471+01:00" endTime="2023-01-07T14:17:32.2923472+01:00" testType="13cdc9d9-ddb5-4fa4-a97d-d965ccfc6d4b" outcome="Passed" testListId="8c84fa94-04c1-424b-9868-57a2d4851a1d" relativeResultsDirectory="912a9669-593c-42b3-ab2f-20dc2d9563f0" />
    <UnitTestResult executionId="8f60f1ef-a1c0-4b58-9eae-a90b79172db3" testId="b1263708-386a-f315-46a8-3d99346f5193" testName="Engine.Context.Tests.ChangeRpm.SpokeTests.ShouldResolveSpokeBuilder" computerName="host00" duration="00:00:00.2261753" startTime="2023-01-07T14:17:32.4223382+01:00" endTime="2023-01-07T14:17:32.4223383+01:00" testType="13cdc9d9-ddb5-4fa4-a97d-d965ccfc6d4b" outcome="Passed" testListId="8c84fa94-04c1-424b-9868-57a2d4851a1d" relativeResultsDirectory="8f60f1ef-a1c0-4b58-9eae-a90b79172db3" />
    <UnitTestResult executionId="ba7e9793-e2fe-4af9-9ce7-0afaefe005c8" testId="4b08330c-569b-b10f-abd8-b82447d73176" testName="Engine.Context.Tests.Start.FromNATSTests.ShouldActivateActor" computerName="host00" duration="00:00:00.4254363" startTime="2023-01-07T14:17:32.4355296+01:00" endTime="2023-01-07T14:17:32.4355296+01:00" testType="13cdc9d9-ddb5-4fa4-a97d-d965ccfc6d4b" outcome="Passed" testListId="8c84fa94-04c1-424b-9868-57a2d4851a1d" relativeResultsDirectory="ba7e9793-e2fe-4af9-9ce7-0afaefe005c8" />
    <UnitTestResult executionId="99ca11e6-e51b-451e-88b8-f2305c8bc0dd" testId="fdbf55be-b370-b07c-1011-ccf12d6a3f3e" testName="Engine.Context.Tests.ChangeDetails.ToRedisListTests.ShouldTestHaveDocIdAttribute" computerName="host00" duration="00:00:00.0015862" startTime="2023-01-07T14:17:32.4355845+01:00" endTime="2023-01-07T14:17:32.4355845+01:00" testType="13cdc9d9-ddb5-4fa4-a97d-d965ccfc6d4b" outcome="Passed" testListId="8c84fa94-04c1-424b-9868-57a2d4851a1d" relativeResultsDirectory="99ca11e6-e51b-451e-88b8-f2305c8bc0dd" />
    <UnitTestResult executionId="8fc4f311-902a-49b8-82ac-c98cf12fd35b" testId="bc7b21b9-c58c-450a-d61a-95da424505e4" testName="Engine.Context.Tests.Start.ToEventStoreTestsT.ShouldResolveReadModelStore" computerName="host00" duration="00:00:00.0422086" startTime="2023-01-07T14:17:32.1773864+01:00" endTime="2023-01-07T14:17:32.1773865+01:00" testType="13cdc9d9-ddb5-4fa4-a97d-d965ccfc6d4b" outcome="Passed" testListId="8c84fa94-04c1-424b-9868-57a2d4851a1d" relativeResultsDirectory="8fc4f311-902a-49b8-82ac-c98cf12fd35b" />
    <UnitTestResult executionId="12205339-53d5-4a66-aba0-6b80fcecb0bb" testId="f106b48e-98cf-e7bb-8ee5-f7f86d6d2a66" testName="Engine.Context.Tests.ChangeDetails.ToRedisListTests.ShouldResolveReadModelStore" computerName="host00" duration="00:00:00.2184812" startTime="2023-01-07T14:17:32.1768247+01:00" endTime="2023-01-07T14:17:32.1768249+01:00" testType="13cdc9d9-ddb5-4fa4-a97d-d965ccfc6d4b" outcome="Passed" testListId="8c84fa94-04c1-424b-9868-57a2d4851a1d" relativeResultsDirectory="12205339-53d5-4a66-aba0-6b80fcecb0bb" />
    <UnitTestResult executionId="df21a92d-98c9-4c41-a805-f9ca012cb53e" testId="6e94339b-28a1-3d0c-6ee4-77fcb0f3c7b8" testName="Engine.Context.Tests.Start.ToRedisDocTests.ShouldResolveExchange" computerName="host00" duration="00:00:00.0006285" startTime="2023-01-07T14:17:32.3941153+01:00" endTime="2023-01-07T14:17:32.3941153+01:00" testType="13cdc9d9-ddb5-4fa4-a97d-d965ccfc6d4b" outcome="Passed" testListId="8c84fa94-04c1-424b-9868-57a2d4851a1d" relativeResultsDirectory="df21a92d-98c9-4c41-a805-f9ca012cb53e" />
    <UnitTestResult executionId="704c59d2-b68f-4e29-948b-71d07df4def3" testId="b3485ed4-7786-c415-a4f8-0fc1339c9208" testName="Engine.Context.Tests.Stop.ToEventStoreTestsT.ShouldResolveEvt2Fact" computerName="host00" duration="00:00:00.0040714" startTime="2023-01-07T14:17:32.1405532+01:00" endTime="2023-01-07T14:17:32.1405533+01:00" testType="13cdc9d9-ddb5-4fa4-a97d-d965ccfc6d4b" outcome="Passed" testListId="8c84fa94-04c1-424b-9868-57a2d4851a1d" relativeResultsDirectory="704c59d2-b68f-4e29-948b-71d07df4def3" />
    <UnitTestResult executionId="d7b2f950-75f5-44a7-bfbe-a7a1bab28631" testId="29994c42-903c-90f3-e7bf-6ba15e7a0b05" testName="Engine.Context.Tests.Stop.FromNATSTests.ShouldResolveConnectionFactory" computerName="host00" duration="00:00:00.0019650" startTime="2023-01-07T14:17:32.4373529+01:00" endTime="2023-01-07T14:17:32.4373529+01:00" testType="13cdc9d9-ddb5-4fa4-a97d-d965ccfc6d4b" outcome="Passed" testListId="8c84fa94-04c1-424b-9868-57a2d4851a1d" relativeResultsDirectory="d7b2f950-75f5-44a7-bfbe-a7a1bab28631" />
    <UnitTestResult executionId="3bb8463e-5e2d-43b5-a966-dcfd9100cb0c" testId="0ce16b1c-4452-c91a-9eb1-1db4d0ec0dd6" testName="Engine.Context.Tests.ChangeRpm.CmdHandlerTests.ShouldResolveDifferentHandlers" computerName="host00" duration="00:00:00.0023030" startTime="2023-01-07T14:17:32.4862006+01:00" endTime="2023-01-07T14:17:32.4862007+01:00" testType="13cdc9d9-ddb5-4fa4-a97d-d965ccfc6d4b" outcome="Passed" testListId="8c84fa94-04c1-424b-9868-57a2d4851a1d" relativeResultsDirectory="3bb8463e-5e2d-43b5-a966-dcfd9100cb0c" />
    <UnitTestResult executionId="abbad3af-a586-4b0f-b8f4-0336a3e8c3b1" testId="9ab6fb1a-80ad-900d-7d06-c4c33c42522a" testName="Engine.Context.Tests.Start.CmdHandlerTests.ShouldHandleCmd" computerName="host00" duration="00:00:00.3437486" startTime="2023-01-07T14:17:32.3152865+01:00" endTime="2023-01-07T14:17:32.3152866+01:00" testType="13cdc9d9-ddb5-4fa4-a97d-d965ccfc6d4b" outcome="Passed" testListId="8c84fa94-04c1-424b-9868-57a2d4851a1d" relativeResultsDirectory="abbad3af-a586-4b0f-b8f4-0336a3e8c3b1" />
    <UnitTestResult executionId="04a0f382-df9e-4a4c-b847-ab26b314ce22" testId="8f82a482-b9b4-6263-6053-6285fadb8256" testName="Engine.Context.Tests.ChangeRpm.FromNATSTests.ShouldResolveConnectionFactory" computerName="host00" duration="00:00:00.0036092" startTime="2023-01-07T14:17:32.0232459+01:00" endTime="2023-01-07T14:17:32.0232460+01:00" testType="13cdc9d9-ddb5-4fa4-a97d-d965ccfc6d4b" outcome="Passed" testListId="8c84fa94-04c1-424b-9868-57a2d4851a1d" relativeResultsDirectory="04a0f382-df9e-4a4c-b847-ab26b314ce22" />
    <UnitTestResult executionId="838edc2c-9888-4c24-a083-330d904b2811" testId="ab00c3ca-8711-1a92-f0b8-d77deb996c9b" testName="Engine.Context.Tests.Initialize.FromNATSTests.ShouldResolveOptionsAction" computerName="host00" duration="00:00:00.0072486" startTime="2023-01-07T14:17:32.1893579+01:00" endTime="2023-01-07T14:17:32.1893581+01:00" testType="13cdc9d9-ddb5-4fa4-a97d-d965ccfc6d4b" outcome="Passed" testListId="8c84fa94-04c1-424b-9868-57a2d4851a1d" relativeResultsDirectory="838edc2c-9888-4c24-a083-330d904b2811" />
    <UnitTestResult executionId="239271f3-f98b-40e7-97cd-2d6c69ab41eb" testId="01f19127-55f2-9b1c-d4a7-03df67ef8437" testName="Engine.Context.Tests.Start.ToRedisDocTests.ShouldPayloadHaveFactTopic" computerName="host00" duration="00:00:00.0023838" startTime="2023-01-07T14:17:32.2964719+01:00" endTime="2023-01-07T14:17:32.2964719+01:00" testType="13cdc9d9-ddb5-4fa4-a97d-d965ccfc6d4b" outcome="Passed" testListId="8c84fa94-04c1-424b-9868-57a2d4851a1d" relativeResultsDirectory="239271f3-f98b-40e7-97cd-2d6c69ab41eb" />
    <UnitTestResult executionId="5dcd1305-4b3d-4760-b9e5-fef01f771025" testId="3c172c7e-65d9-f8c0-e1ce-b14352da4127" testName="Engine.Context.Tests.Initialize.CmdHandlerTests.ShouldResolveIDCtor" computerName="host00" duration="00:00:00.0012709" startTime="2023-01-07T14:17:32.4830902+01:00" endTime="2023-01-07T14:17:32.4830903+01:00" testType="13cdc9d9-ddb5-4fa4-a97d-d965ccfc6d4b" outcome="Passed" testListId="8c84fa94-04c1-424b-9868-57a2d4851a1d" relativeResultsDirectory="5dcd1305-4b3d-4760-b9e5-fef01f771025" />
    <UnitTestResult executionId="2e9115a5-ddc8-419b-81c8-217130c31818" testId="3673813c-2d49-9d78-7d8c-93ae3f91feec" testName="Engine.Context.Tests.ChangeRpm.ToEventStoreTestsT.ShouldResolveCmdHandler" computerName="host00" duration="00:00:00.0052407" startTime="2023-01-07T14:17:32.1925437+01:00" endTime="2023-01-07T14:17:32.1925438+01:00" testType="13cdc9d9-ddb5-4fa4-a97d-d965ccfc6d4b" outcome="Passed" testListId="8c84fa94-04c1-424b-9868-57a2d4851a1d" relativeResultsDirectory="2e9115a5-ddc8-419b-81c8-217130c31818" />
    <UnitTestResult executionId="4381e7fb-7f14-44f9-83b3-a50f18d06bad" testId="d664e8b3-00ef-84d6-2fea-63d9eac9b86e" testName="Engine.Context.Tests.Start.ToRedisDocTests.ShouldSpokeHaveNameAttribute" computerName="host00" duration="00:00:00.0010215" startTime="2023-01-07T14:17:32.2993655+01:00" endTime="2023-01-07T14:17:32.2993656+01:00" testType="13cdc9d9-ddb5-4fa4-a97d-d965ccfc6d4b" outcome="Passed" testListId="8c84fa94-04c1-424b-9868-57a2d4851a1d" relativeResultsDirectory="4381e7fb-7f14-44f9-83b3-a50f18d06bad" />
    <UnitTestResult executionId="813846f7-a416-4cf2-ae48-26ce6936adbb" testId="dad22510-0df0-727c-616e-9d3aef9edc74" testName="Engine.Context.Tests.ChangeDetails.FromRabbitMqRetroTests.ShouldBeNamedActor" computerName="host00" duration="00:00:00.0126780" startTime="2023-01-07T14:17:32.2931650+01:00" endTime="2023-01-07T14:17:32.2931651+01:00" testType="13cdc9d9-ddb5-4fa4-a97d-d965ccfc6d4b" outcome="Passed" testListId="8c84fa94-04c1-424b-9868-57a2d4851a1d" relativeResultsDirectory="813846f7-a416-4cf2-ae48-26ce6936adbb" />
    <UnitTestResult executionId="cfa8a9d7-0202-4dc0-8080-a98e64786ef5" testId="6fad6000-ce5f-f977-da38-8913fd0d865b" testName="Engine.Context.Tests.ChangeDetails.FromRabbitMqRetroTests.ShouldResolveEmitter" computerName="host00" duration="00:00:00.2704259" startTime="2023-01-07T14:17:32.2911714+01:00" endTime="2023-01-07T14:17:32.2911714+01:00" testType="13cdc9d9-ddb5-4fa4-a97d-d965ccfc6d4b" outcome="Passed" testListId="8c84fa94-04c1-424b-9868-57a2d4851a1d" relativeResultsDirectory="cfa8a9d7-0202-4dc0-8080-a98e64786ef5" />
    <UnitTestResult executionId="a3d4a53f-11d6-42c3-b78b-882ec8e5432f" testId="657449ba-d1b5-4e5b-9d78-fe523c0e13d9" testName="Engine.Context.Tests.ChangeRpm.FromNATSTests.ShouldResolveExchange" computerName="host00" duration="00:00:00.0005447" startTime="2023-01-07T14:17:35.3893581+01:00" endTime="2023-01-07T14:17:35.3893583+01:00" testType="13cdc9d9-ddb5-4fa4-a97d-d965ccfc6d4b" outcome="Passed" testListId="8c84fa94-04c1-424b-9868-57a2d4851a1d" relativeResultsDirectory="a3d4a53f-11d6-42c3-b78b-882ec8e5432f" />
    <UnitTestResult executionId="2c1185e3-ed12-49ff-a945-e14f4566e95c" testId="bed8d30b-a301-9d6a-7ad1-8603c39e725b" testName="Engine.Context.Tests.Initialize.HopePipeBuilderTests.ShouldResolvePipeBuilder" computerName="host00" duration="00:00:00.0012007" startTime="2023-01-07T14:17:32.2586063+01:00" endTime="2023-01-07T14:17:32.2586063+01:00" testType="13cdc9d9-ddb5-4fa4-a97d-d965ccfc6d4b" outcome="Passed" testListId="8c84fa94-04c1-424b-9868-57a2d4851a1d" relativeResultsDirectory="2c1185e3-ed12-49ff-a945-e14f4566e95c" />
    <UnitTestResult executionId="cd8a7e4b-551c-47e2-aa40-157bc11b3bac" testId="83e6dcb4-2b5b-8c32-e4b9-92970e9409d1" testName="Engine.Context.Tests.Stop.ToRedisListTests.ShouldResolveExchange" computerName="host00" duration="00:00:00.0007538" startTime="2023-01-07T14:17:32.4312923+01:00" endTime="2023-01-07T14:17:32.4312925+01:00" testType="13cdc9d9-ddb5-4fa4-a97d-d965ccfc6d4b" outcome="Passed" testListId="8c84fa94-04c1-424b-9868-57a2d4851a1d" relativeResultsDirectory="cd8a7e4b-551c-47e2-aa40-157bc11b3bac" />
    <UnitTestResult executionId="ecbc1d8e-f298-4c75-a959-4f626217a70b" testId="3ac3983d-2b58-91c3-42c6-0cc31fdfa2f9" testName="Engine.Context.Tests.Initialize.ToRedisListTests.ShouldHaveNameAttribute" computerName="host00" duration="00:00:00.0005525" startTime="2023-01-07T14:17:32.3834184+01:00" endTime="2023-01-07T14:17:32.3834184+01:00" testType="13cdc9d9-ddb5-4fa4-a97d-d965ccfc6d4b" outcome="Passed" testListId="8c84fa94-04c1-424b-9868-57a2d4851a1d" relativeResultsDirectory="ecbc1d8e-f298-4c75-a959-4f626217a70b" />
    <UnitTestResult executionId="d93f92f6-cd1e-4728-a14a-4e54043f1c48" testId="4bea5d46-363b-47a9-e48e-5250c7e302d8" testName="Engine.Context.Tests.ChangeRpm.ToRedisDocTests.ShouldHaveNameAttribute" computerName="host00" duration="00:00:00.0005396" startTime="2023-01-07T14:17:32.0234709+01:00" endTime="2023-01-07T14:17:32.0234710+01:00" testType="13cdc9d9-ddb5-4fa4-a97d-d965ccfc6d4b" outcome="Passed" testListId="8c84fa94-04c1-424b-9868-57a2d4851a1d" relativeResultsDirectory="d93f92f6-cd1e-4728-a14a-4e54043f1c48" />
    <UnitTestResult executionId="63311969-9f3a-49d9-af19-b0ac4a6d7408" testId="50a46ffd-8320-0950-4918-3187717c2ff1" testName="Engine.Context.Tests.Stop.ToRedisDocTests.ShouldResolveReadModelStore" computerName="host00" duration="00:00:00.0911138" startTime="2023-01-07T14:17:32.3854669+01:00" endTime="2023-01-07T14:17:32.3854670+01:00" testType="13cdc9d9-ddb5-4fa4-a97d-d965ccfc6d4b" outcome="Passed" testListId="8c84fa94-04c1-424b-9868-57a2d4851a1d" relativeResultsDirectory="63311969-9f3a-49d9-af19-b0ac4a6d7408" />
    <UnitTestResult executionId="4376108d-e3f7-46b7-8310-f8533f83b3c9" testId="b71802e4-77bc-90b2-5c1a-94bb7a201354" testName="Engine.Context.Tests.ChangeRpm.ToEventStoreTestsT.ShouldResolveAggregateStore" computerName="host00" duration="00:00:00.1679739" startTime="2023-01-07T14:17:32.1264978+01:00" endTime="2023-01-07T14:17:32.1264979+01:00" testType="13cdc9d9-ddb5-4fa4-a97d-d965ccfc6d4b" outcome="Passed" testListId="8c84fa94-04c1-424b-9868-57a2d4851a1d" relativeResultsDirectory="4376108d-e3f7-46b7-8310-f8533f83b3c9" />
    <UnitTestResult executionId="c68f97e5-f26e-44d5-a958-457aa2ea7d2c" testId="26388f83-f2be-af01-5e37-dfe8ff72fe84" testName="Engine.Context.Tests.Stop.FromRabbitMqRetroTests.ShouldBeNamedActor" computerName="host00" duration="00:00:00.0035544" startTime="2023-01-07T14:17:32.2982632+01:00" endTime="2023-01-07T14:17:32.2982633+01:00" testType="13cdc9d9-ddb5-4fa4-a97d-d965ccfc6d4b" outcome="Passed" testListId="8c84fa94-04c1-424b-9868-57a2d4851a1d" relativeResultsDirectory="c68f97e5-f26e-44d5-a958-457aa2ea7d2c" />
    <UnitTestResult executionId="d11d926c-fc6f-4b3e-bcf7-766f00bf7ce3" testId="f0d812c6-d18e-fd92-d15a-632d7d9c674b" testName="Engine.Context.Tests.Initialize.CmdHandlerTests.ShouldResolveMetaCtor" computerName="host00" duration="00:00:00.0011910" startTime="2023-01-07T14:17:32.1307454+01:00" endTime="2023-01-07T14:17:32.1307455+01:00" testType="13cdc9d9-ddb5-4fa4-a97d-d965ccfc6d4b" outcome="Passed" testListId="8c84fa94-04c1-424b-9868-57a2d4851a1d" relativeResultsDirectory="d11d926c-fc6f-4b3e-bcf7-766f00bf7ce3" />
    <UnitTestResult executionId="9501c9f9-6bbc-40e9-82aa-7b561a14a9e7" testId="6277052f-bcec-558c-a20e-39926431a6b3" testName="Engine.Context.Tests.Start.FromNATSTests.ShouldBeNamedActor" computerName="host00" duration="00:00:00.0034584" startTime="2023-01-07T14:17:32.4411949+01:00" endTime="2023-01-07T14:17:32.4411950+01:00" testType="13cdc9d9-ddb5-4fa4-a97d-d965ccfc6d4b" outcome="Passed" testListId="8c84fa94-04c1-424b-9868-57a2d4851a1d" relativeResultsDirectory="9501c9f9-6bbc-40e9-82aa-7b561a14a9e7" />
    <UnitTestResult executionId="89d016a1-d21c-413d-b37b-54036e43a6c1" testId="ab400200-fd41-b2b5-f50c-14754ccd8a07" testName="Engine.Context.Tests.Stop.ToRedisListTests.ShouldHaveDbNameAttribute" computerName="host00" duration="00:00:00.0010287" startTime="2023-01-07T14:17:32.0228070+01:00" endTime="2023-01-07T14:17:32.0228071+01:00" testType="13cdc9d9-ddb5-4fa4-a97d-d965ccfc6d4b" outcome="Passed" testListId="8c84fa94-04c1-424b-9868-57a2d4851a1d" relativeResultsDirectory="89d016a1-d21c-413d-b37b-54036e43a6c1" />
    <UnitTestResult executionId="28875744-48eb-4d70-937d-8535c97f1e92" testId="d86305a0-f8d1-035f-cf9b-054123dfb5d5" testName="Engine.Context.Tests.Stop.ToRedisDocTests.ShouldResolveEvt2State" computerName="host00" duration="00:00:00.0004526" startTime="2023-01-07T14:17:32.4272973+01:00" endTime="2023-01-07T14:17:32.4272974+01:00" testType="13cdc9d9-ddb5-4fa4-a97d-d965ccfc6d4b" outcome="Passed" testListId="8c84fa94-04c1-424b-9868-57a2d4851a1d" relativeResultsDirectory="28875744-48eb-4d70-937d-8535c97f1e92" />
    <UnitTestResult executionId="a1c962cc-ab97-472d-92f3-1edba9ee7dfc" testId="9214cac0-2397-dbb1-e3b2-3d999e412f67" testName="Engine.Context.Tests.ChangeDetails.ToRedisDocTests.ShouldResolveExchange" computerName="host00" duration="00:00:00.0009034" startTime="2023-01-07T14:17:32.2985012+01:00" endTime="2023-01-07T14:17:32.2985013+01:00" testType="13cdc9d9-ddb5-4fa4-a97d-d965ccfc6d4b" outcome="Passed" testListId="8c84fa94-04c1-424b-9868-57a2d4851a1d" relativeResultsDirectory="a1c962cc-ab97-472d-92f3-1edba9ee7dfc" />
    <UnitTestResult executionId="9bf9d8ca-7c40-475a-8304-2f9955ee22b7" testId="7c680bd8-36a7-9668-f98a-83565669d81a" testName="Engine.Context.Tests.Start.ToRedisListTests.ShouldResolveExchange" computerName="host00" duration="00:00:00.0005100" startTime="2023-01-07T14:17:32.1943468+01:00" endTime="2023-01-07T14:17:32.1943469+01:00" testType="13cdc9d9-ddb5-4fa4-a97d-d965ccfc6d4b" outcome="Passed" testListId="8c84fa94-04c1-424b-9868-57a2d4851a1d" relativeResultsDirectory="9bf9d8ca-7c40-475a-8304-2f9955ee22b7" />
    <UnitTestResult executionId="631204a7-b852-4cd3-92c8-f1f80d91991e" testId="53e91daf-d2e8-052c-c175-a3ce8ea2f101" testName="Engine.Context.Tests.ChangeRpm.FromNATSTests.ShouldResolveOptionsAction" computerName="host00" duration="00:00:00.0008568" startTime="2023-01-07T14:17:35.3909349+01:00" endTime="2023-01-07T14:17:35.3909351+01:00" testType="13cdc9d9-ddb5-4fa4-a97d-d965ccfc6d4b" outcome="Passed" testListId="8c84fa94-04c1-424b-9868-57a2d4851a1d" relativeResultsDirectory="631204a7-b852-4cd3-92c8-f1f80d91991e" />
    <UnitTestResult executionId="9d6c0726-5ad9-4e4e-9ce3-5581bf1c7014" testId="91d73a00-73dd-bbef-a623-2755d63e34de" testName="Engine.Context.Tests.ChangeRpm.FromNATSTests.ShouldBeNamedActor" computerName="host00" duration="00:00:00.0005081" startTime="2023-01-07T14:17:35.3899843+01:00" endTime="2023-01-07T14:17:35.3899845+01:00" testType="13cdc9d9-ddb5-4fa4-a97d-d965ccfc6d4b" outcome="Passed" testListId="8c84fa94-04c1-424b-9868-57a2d4851a1d" relativeResultsDirectory="9d6c0726-5ad9-4e4e-9ce3-5581bf1c7014" />
    <UnitTestResult executionId="24841117-bf39-420a-b248-c9cb29c395d9" testId="112fc655-e8b1-44ca-9d9a-5ebd271650aa" testName="Engine.Context.Tests.Start.HopePipeBuilderTests.ShouldResolvePipeBuilder" computerName="host00" duration="00:00:00.0010770" startTime="2023-01-07T14:17:32.2552424+01:00" endTime="2023-01-07T14:17:32.2552426+01:00" testType="13cdc9d9-ddb5-4fa4-a97d-d965ccfc6d4b" outcome="Passed" testListId="8c84fa94-04c1-424b-9868-57a2d4851a1d" relativeResultsDirectory="24841117-bf39-420a-b248-c9cb29c395d9" />
    <UnitTestResult executionId="36b886c2-7fd0-4ee5-b28f-084e26d6bdae" testId="9dc67e0f-42c4-252d-004a-f29324939363" testName="Engine.Context.Tests.Stop.ToRedisDocTests.ShouldResolveProjection" computerName="host00" duration="00:00:00.0336638" startTime="2023-01-07T14:17:32.4268017+01:00" endTime="2023-01-07T14:17:32.4268017+01:00" testType="13cdc9d9-ddb5-4fa4-a97d-d965ccfc6d4b" outcome="Passed" testListId="8c84fa94-04c1-424b-9868-57a2d4851a1d" relativeResultsDirectory="36b886c2-7fd0-4ee5-b28f-084e26d6bdae" />
    <UnitTestResult executionId="e7d5913c-1f7b-4906-bd6b-bcb7751bb6e0" testId="caba5fe1-b62e-dc09-16dc-3d186691a80b" testName="Engine.Context.Tests.ChangeRpm.SpokeTests.ShouldResolveActors" computerName="host00" duration="00:00:00.0644912" startTime="2023-01-07T14:17:32.4868909+01:00" endTime="2023-01-07T14:17:32.4868910+01:00" testType="13cdc9d9-ddb5-4fa4-a97d-d965ccfc6d4b" outcome="Passed" testListId="8c84fa94-04c1-424b-9868-57a2d4851a1d" relativeResultsDirectory="e7d5913c-1f7b-4906-bd6b-bcb7751bb6e0" />
    <UnitTestResult executionId="a6ad29cd-6c32-4798-a7ad-ff24edf3e644" testId="03bc085a-34ad-bb21-e8f8-ee6b1467f06b" testName="Engine.Context.Tests.Initialize.FromRabbitMqRetroTests.ShouldResolveEmitter" computerName="host00" duration="00:00:02.9080355" startTime="2023-01-07T14:17:35.3858894+01:00" endTime="2023-01-07T14:17:35.3858896+01:00" testType="13cdc9d9-ddb5-4fa4-a97d-d965ccfc6d4b" outcome="Passed" testListId="8c84fa94-04c1-424b-9868-57a2d4851a1d" relativeResultsDirectory="a6ad29cd-6c32-4798-a7ad-ff24edf3e644" />
    <UnitTestResult executionId="cb46ea6a-6dca-478c-af1a-c872f039736c" testId="eff5c6c2-c6e7-41f8-2d1e-18d9f3c6d897" testName="Engine.Context.Tests.ChangeDetails.ToRedisListTests.ShouldResolveProjection" computerName="host00" duration="00:00:00.2424638" startTime="2023-01-07T14:17:32.4307177+01:00" endTime="2023-01-07T14:17:32.4307178+01:00" testType="13cdc9d9-ddb5-4fa4-a97d-d965ccfc6d4b" outcome="Passed" testListId="8c84fa94-04c1-424b-9868-57a2d4851a1d" relativeResultsDirectory="cb46ea6a-6dca-478c-af1a-c872f039736c" />
    <UnitTestResult executionId="e244ad7e-ffef-4fa8-8f64-f5eafd479de7" testId="475e7bbb-19bf-0f90-0b13-3cc107a349c0" testName="Engine.Context.Tests.ChangeDetails.SpokeTests.ShouldBuildSpoke" computerName="host00" duration="00:00:02.9585100" startTime="2023-01-07T14:17:35.3801287+01:00" endTime="2023-01-07T14:17:35.3801288+01:00" testType="13cdc9d9-ddb5-4fa4-a97d-d965ccfc6d4b" outcome="Passed" testListId="8c84fa94-04c1-424b-9868-57a2d4851a1d" relativeResultsDirectory="e244ad7e-ffef-4fa8-8f64-f5eafd479de7" />
    <UnitTestResult executionId="bcad3d62-06d3-4685-b29f-1b01c089a31e" testId="c146419c-4427-ecf1-bfcb-f169af8de728" testName="Engine.Context.Tests.Start.CmdHandlerTests.ShouldResolvePayloadCtor" computerName="host00" duration="00:00:00.0018188" startTime="2023-01-07T14:17:32.3192811+01:00" endTime="2023-01-07T14:17:32.3192812+01:00" testType="13cdc9d9-ddb5-4fa4-a97d-d965ccfc6d4b" outcome="Passed" testListId="8c84fa94-04c1-424b-9868-57a2d4851a1d" relativeResultsDirectory="bcad3d62-06d3-4685-b29f-1b01c089a31e" />
    <UnitTestResult executionId="03804a1d-3265-4a54-bb9d-e9b772187911" testId="6a56e350-edb8-57b6-f476-c7c2dea48a96" testName="Engine.Context.Tests.Start.SpokeTests.ShouldResolveEmptySpoke" computerName="host00" duration="00:00:02.9592229" startTime="2023-01-07T14:17:35.3889945+01:00" endTime="2023-01-07T14:17:35.3889952+01:00" testType="13cdc9d9-ddb5-4fa4-a97d-d965ccfc6d4b" outcome="Passed" testListId="8c84fa94-04c1-424b-9868-57a2d4851a1d" relativeResultsDirectory="03804a1d-3265-4a54-bb9d-e9b772187911" />
    <UnitTestResult executionId="9de313f8-e4fe-45fb-ae99-8f9d9128963f" testId="cd0a3930-368b-d3b3-0f74-3043145bf336" testName="Engine.Context.Tests.Start.HopePipeBuilderTests.ShouldHaveName" computerName="host00" duration="00:00:00.0006428" startTime="2023-01-07T14:17:32.2937904+01:00" endTime="2023-01-07T14:17:32.2937905+01:00" testType="13cdc9d9-ddb5-4fa4-a97d-d965ccfc6d4b" outcome="Passed" testListId="8c84fa94-04c1-424b-9868-57a2d4851a1d" relativeResultsDirectory="9de313f8-e4fe-45fb-ae99-8f9d9128963f" />
    <UnitTestResult executionId="70724e5c-f890-42c8-8ca9-955c498ca90a" testId="e2b57c9c-a84a-8c57-7204-7248d45afb6a" testName="Engine.Context.Tests.ChangeDetails.FromNATSTests.ShouldResolveHope2Cmd" computerName="host00" duration="00:00:00.0008092" startTime="2023-01-07T14:17:35.3874793+01:00" endTime="2023-01-07T14:17:35.3874794+01:00" testType="13cdc9d9-ddb5-4fa4-a97d-d965ccfc6d4b" outcome="Passed" testListId="8c84fa94-04c1-424b-9868-57a2d4851a1d" relativeResultsDirectory="70724e5c-f890-42c8-8ca9-955c498ca90a" />
    <UnitTestResult executionId="807d092d-6c4c-4340-bb59-0ed033e2f562" testId="9b98ab10-74d1-e109-e8b5-5be9b9566d80" testName="Engine.Context.Tests.Stop.FromNATSTests.ShouldResolveExchange" computerName="host00" duration="00:00:00.0491521" startTime="2023-01-07T14:17:32.0198997+01:00" endTime="2023-01-07T14:17:32.0198999+01:00" testType="13cdc9d9-ddb5-4fa4-a97d-d965ccfc6d4b" outcome="Passed" testListId="8c84fa94-04c1-424b-9868-57a2d4851a1d" relativeResultsDirectory="807d092d-6c4c-4340-bb59-0ed033e2f562" />
    <UnitTestResult executionId="e1ad5645-d015-4622-8e6b-4b24789d81f9" testId="5198ab0f-743c-2a58-99c8-104c4678ad86" testName="Engine.Context.Tests.Initialize.FromNATSTests.ShouldActivateActor" computerName="host00" duration="00:00:00.0315745" startTime="2023-01-07T14:17:32.4472545+01:00" endTime="2023-01-07T14:17:32.4472546+01:00" testType="13cdc9d9-ddb5-4fa4-a97d-d965ccfc6d4b" outcome="Passed" testListId="8c84fa94-04c1-424b-9868-57a2d4851a1d" relativeResultsDirectory="e1ad5645-d015-4622-8e6b-4b24789d81f9" />
    <UnitTestResult executionId="b827803a-2450-4cca-b4e3-efba549257c2" testId="3b79c1e3-36bd-77d1-bc2b-fa516b60c670" testName="Engine.Context.Tests.Stop.SpokeTests.ShouldHaveNameAttribute" computerName="host00" duration="00:00:00.0053493" startTime="2023-01-07T14:17:32.1826507+01:00" endTime="2023-01-07T14:17:32.1826507+01:00" testType="13cdc9d9-ddb5-4fa4-a97d-d965ccfc6d4b" outcome="Passed" testListId="8c84fa94-04c1-424b-9868-57a2d4851a1d" relativeResultsDirectory="b827803a-2450-4cca-b4e3-efba549257c2" />
    <UnitTestResult executionId="90079aac-72dc-4d72-8c9b-093b61934ef3" testId="7632dc85-2a59-e18a-c87f-0001e3d6bb89" testName="Engine.Context.Tests.Initialize.ToRabbitMqTests.ShouldResolveEvt2Fact" computerName="host00" duration="00:00:00.0007524" startTime="2023-01-07T14:17:35.3808543+01:00" endTime="2023-01-07T14:17:35.3808544+01:00" testType="13cdc9d9-ddb5-4fa4-a97d-d965ccfc6d4b" outcome="Passed" testListId="8c84fa94-04c1-424b-9868-57a2d4851a1d" relativeResultsDirectory="90079aac-72dc-4d72-8c9b-093b61934ef3" />
    <UnitTestResult executionId="75f5d6ec-d648-4c30-a841-fbb0ac7ca79d" testId="2a805820-ce64-703d-c1fd-567ac98c7f3f" testName="Engine.Context.Tests.ChangeDetails.ToRedisListTests.ShouldResolveEvt2State" computerName="host00" duration="00:00:00.0025561" startTime="2023-01-07T14:17:32.4330795+01:00" endTime="2023-01-07T14:17:32.4330799+01:00" testType="13cdc9d9-ddb5-4fa4-a97d-d965ccfc6d4b" outcome="Passed" testListId="8c84fa94-04c1-424b-9868-57a2d4851a1d" relativeResultsDirectory="75f5d6ec-d648-4c30-a841-fbb0ac7ca79d" />
    <UnitTestResult executionId="5ef7916d-c5dc-4369-b282-dc7ed6cf4f05" testId="74dcb450-bcfd-80cf-fa5e-ad25c4e45abf" testName="Engine.Context.Tests.Initialize.ToRedisDocTests.ShouldHaveDbNameAttribute" computerName="host00" duration="00:00:00.0055657" startTime="2023-01-07T14:17:32.1869879+01:00" endTime="2023-01-07T14:17:32.1869880+01:00" testType="13cdc9d9-ddb5-4fa4-a97d-d965ccfc6d4b" outcome="Passed" testListId="8c84fa94-04c1-424b-9868-57a2d4851a1d" relativeResultsDirectory="5ef7916d-c5dc-4369-b282-dc7ed6cf4f05" />
    <UnitTestResult executionId="cc8bf237-e0a4-471d-901a-4813726cf558" testId="1700fd5b-bad2-4c83-a542-62db2343bdae" testName="Engine.Context.Tests.Initialize.HopePipeBuilderTests.ShouldBuildPipe" computerName="host00" duration="00:00:00.0258236" startTime="2023-01-07T14:17:32.2913325+01:00" endTime="2023-01-07T14:17:32.2913325+01:00" testType="13cdc9d9-ddb5-4fa4-a97d-d965ccfc6d4b" outcome="Passed" testListId="8c84fa94-04c1-424b-9868-57a2d4851a1d" relativeResultsDirectory="cc8bf237-e0a4-471d-901a-4813726cf558" />
    <UnitTestResult executionId="45c4eaf0-212f-4b3e-a58f-983032eb20fd" testId="a8e38782-33f7-d120-c2b5-9b5a7c4fba38" testName="Engine.Context.Tests.Stop.ToRabbitMqTests.ShouldResolveEvt2Fact" computerName="host00" duration="00:00:00.0506619" startTime="2023-01-07T14:17:32.0202961+01:00" endTime="2023-01-07T14:17:32.0202962+01:00" testType="13cdc9d9-ddb5-4fa4-a97d-d965ccfc6d4b" outcome="Passed" testListId="8c84fa94-04c1-424b-9868-57a2d4851a1d" relativeResultsDirectory="45c4eaf0-212f-4b3e-a58f-983032eb20fd" />
    <UnitTestResult executionId="c99aa38e-4dcb-45de-95e9-024555188ec1" testId="85abec8b-6e34-c363-5b5b-eb58251908c7" testName="Engine.Context.Tests.Stop.ToRedisDocTests.ShouldHaveNameAttribute" computerName="host00" duration="00:00:00.0060016" startTime="2023-01-07T14:17:32.3917403+01:00" endTime="2023-01-07T14:17:32.3917405+01:00" testType="13cdc9d9-ddb5-4fa4-a97d-d965ccfc6d4b" outcome="Passed" testListId="8c84fa94-04c1-424b-9868-57a2d4851a1d" relativeResultsDirectory="c99aa38e-4dcb-45de-95e9-024555188ec1" />
    <UnitTestResult executionId="46f977a1-ed1c-4874-bec5-26635cd1134a" testId="dc91629d-30a8-5f34-f751-d9c60f508995" testName="Engine.Context.Tests.Stop.ToRabbitMqTests.ShouldResolveExchange" computerName="host00" duration="00:00:00.0005063" startTime="2023-01-07T14:17:32.2967719+01:00" endTime="2023-01-07T14:17:32.2967720+01:00" testType="13cdc9d9-ddb5-4fa4-a97d-d965ccfc6d4b" outcome="Passed" testListId="8c84fa94-04c1-424b-9868-57a2d4851a1d" relativeResultsDirectory="46f977a1-ed1c-4874-bec5-26635cd1134a" />
    <UnitTestResult executionId="ba99092a-7283-419d-963e-8c3f35a91c38" testId="3681d5de-c2b0-cc3c-3dac-4a03e06a03d5" testName="Engine.Context.Tests.Initialize.ToRabbitMqTests.ShouldResolveExchange" computerName="host00" duration="00:00:00.0004231" startTime="2023-01-07T14:17:35.3819098+01:00" endTime="2023-01-07T14:17:35.3819100+01:00" testType="13cdc9d9-ddb5-4fa4-a97d-d965ccfc6d4b" outcome="Passed" testListId="8c84fa94-04c1-424b-9868-57a2d4851a1d" relativeResultsDirectory="ba99092a-7283-419d-963e-8c3f35a91c38" />
    <UnitTestResult executionId="f4eb4fb5-ee89-4ef6-a715-3494c41746c4" testId="9450f56e-4dd4-d3c4-c199-01c772de2544" testName="Engine.Context.Tests.ChangeRpm.CmdHandlerTests.ShouldResolveCmdCtor" computerName="host00" duration="00:00:00.0015299" startTime="2023-01-07T14:17:32.4757976+01:00" endTime="2023-01-07T14:17:32.4757976+01:00" testType="13cdc9d9-ddb5-4fa4-a97d-d965ccfc6d4b" outcome="Passed" testListId="8c84fa94-04c1-424b-9868-57a2d4851a1d" relativeResultsDirectory="f4eb4fb5-ee89-4ef6-a715-3494c41746c4" />
    <UnitTestResult executionId="3ed1631c-e248-4ea7-ae6e-3a52385aac38" testId="0a530d2a-bdd6-afb3-3da6-34acf6d1e00c" testName="Engine.Context.Tests.Start.ToRedisListTests.ShouldTProjectionHaveDocIdAttribute" computerName="host00" duration="00:00:00.0035194" startTime="2023-01-07T14:17:32.3014545+01:00" endTime="2023-01-07T14:17:32.3014546+01:00" testType="13cdc9d9-ddb5-4fa4-a97d-d965ccfc6d4b" outcome="Passed" testListId="8c84fa94-04c1-424b-9868-57a2d4851a1d" relativeResultsDirectory="3ed1631c-e248-4ea7-ae6e-3a52385aac38" />
    <UnitTestResult executionId="e71dcd41-ac27-48ec-9901-e624331aa5dd" testId="06edc978-4c15-6e1d-17ef-d2e4422271e1" testName="Engine.Context.Tests.ChangeDetails.FromRabbitMqRetroTests.ShouldActivateActor" computerName="host00" duration="00:00:00.1845032" startTime="2023-01-07T14:17:32.4777990+01:00" endTime="2023-01-07T14:17:32.4777990+01:00" testType="13cdc9d9-ddb5-4fa4-a97d-d965ccfc6d4b" outcome="Passed" testListId="8c84fa94-04c1-424b-9868-57a2d4851a1d" relativeResultsDirectory="e71dcd41-ac27-48ec-9901-e624331aa5dd" />
    <UnitTestResult executionId="5c76f321-216d-4053-81be-260f1d1994a3" testId="0c70d6c8-aefd-fed9-fdb8-b879597c3c82" testName="Engine.Context.Tests.Stop.CmdHandlerTests.ShouldResolveDifferentHandlers" computerName="host00" duration="00:00:00.0030638" startTime="2023-01-07T14:17:32.3318724+01:00" endTime="2023-01-07T14:17:32.3318725+01:00" testType="13cdc9d9-ddb5-4fa4-a97d-d965ccfc6d4b" outcome="Passed" testListId="8c84fa94-04c1-424b-9868-57a2d4851a1d" relativeResultsDirectory="5c76f321-216d-4053-81be-260f1d1994a3" />
    <UnitTestResult executionId="822f921f-0378-47d0-8b1b-de4f24c40085" testId="f5f16d52-aa92-663c-9ddf-aba82f232204" testName="Engine.Context.Tests.Start.CmdHandlerTests.ShouldResolveCmdHandler" computerName="host00" duration="00:00:00.0420906" startTime="2023-01-07T14:17:32.3738027+01:00" endTime="2023-01-07T14:17:32.3738027+01:00" testType="13cdc9d9-ddb5-4fa4-a97d-d965ccfc6d4b" outcome="Passed" testListId="8c84fa94-04c1-424b-9868-57a2d4851a1d" relativeResultsDirectory="822f921f-0378-47d0-8b1b-de4f24c40085" />
    <UnitTestResult executionId="a6be4989-f38a-4af3-a826-266e3dc5578b" testId="635d9362-617e-c7bc-1a3b-5888c828c202" testName="Engine.Context.Tests.Initialize.SpokeTests.ShouldResolveSpokeBuilder" computerName="host00" duration="00:00:00.3361064" startTime="2023-01-07T14:17:32.2949851+01:00" endTime="2023-01-07T14:17:32.2949852+01:00" testType="13cdc9d9-ddb5-4fa4-a97d-d965ccfc6d4b" outcome="Passed" testListId="8c84fa94-04c1-424b-9868-57a2d4851a1d" relativeResultsDirectory="a6be4989-f38a-4af3-a826-266e3dc5578b" />
    <UnitTestResult executionId="7c4dc3fa-61ac-4eae-bda2-b4c9ad81d796" testId="94332762-cb21-277b-f3d8-0b9dd35df1e0" testName="Engine.Context.Tests.Start.SpokeTests.ShouldHaveNameAttribute" computerName="host00" duration="00:00:00.0004578" startTime="2023-01-07T14:17:32.1944187+01:00" endTime="2023-01-07T14:17:32.1944188+01:00" testType="13cdc9d9-ddb5-4fa4-a97d-d965ccfc6d4b" outcome="Passed" testListId="8c84fa94-04c1-424b-9868-57a2d4851a1d" relativeResultsDirectory="7c4dc3fa-61ac-4eae-bda2-b4c9ad81d796" />
    <UnitTestResult executionId="1e250e96-1483-46f6-89dd-f4178969859a" testId="c7bb3828-da15-3d4b-456c-e6b3839a021e" testName="Engine.Context.Tests.Stop.ToRedisListTests.ShouldTestHaveDocIdAttribute" computerName="host00" duration="00:00:00.0013283" startTime="2023-01-07T14:17:32.0240272+01:00" endTime="2023-01-07T14:17:32.0240273+01:00" testType="13cdc9d9-ddb5-4fa4-a97d-d965ccfc6d4b" outcome="Passed" testListId="8c84fa94-04c1-424b-9868-57a2d4851a1d" relativeResultsDirectory="1e250e96-1483-46f6-89dd-f4178969859a" />
    <UnitTestResult executionId="0dd8993e-1d42-4240-9945-53b76b80eb15" testId="b58bd9d9-086e-2bc0-e32a-8d32494b7c82" testName="Engine.Context.Tests.Stop.ToEventStoreTestsT.ShouldResolveExchange" computerName="host00" duration="00:00:00.0029067" startTime="2023-01-07T14:17:32.1293363+01:00" endTime="2023-01-07T14:17:32.1293364+01:00" testType="13cdc9d9-ddb5-4fa4-a97d-d965ccfc6d4b" outcome="Passed" testListId="8c84fa94-04c1-424b-9868-57a2d4851a1d" relativeResultsDirectory="0dd8993e-1d42-4240-9945-53b76b80eb15" />
    <UnitTestResult executionId="5f92b66d-0f7a-4b71-b3cc-ed17258128b3" testId="35fb6f97-f30f-094b-73d9-416cb78581d8" testName="Engine.Context.Tests.ChangeDetails.ToEventStoreTestsT.ShouldResolveExchange" computerName="host00" duration="00:00:00.0026635" startTime="2023-01-07T14:17:32.1291120+01:00" endTime="2023-01-07T14:17:32.1291122+01:00" testType="13cdc9d9-ddb5-4fa4-a97d-d965ccfc6d4b" outcome="Passed" testListId="8c84fa94-04c1-424b-9868-57a2d4851a1d" relativeResultsDirectory="5f92b66d-0f7a-4b71-b3cc-ed17258128b3" />
    <UnitTestResult executionId="ddcec27d-9066-4159-bdb8-3bf3bfdcfb8a" testId="39767ef4-5f2f-4255-4a83-146d526f1710" testName="Engine.Context.Tests.ChangeRpm.ToRedisListTests.ShouldResolveEvt2State" computerName="host00" duration="00:00:00.0008136" startTime="2023-01-07T14:17:32.4071311+01:00" endTime="2023-01-07T14:17:32.4071311+01:00" testType="13cdc9d9-ddb5-4fa4-a97d-d965ccfc6d4b" outcome="Passed" testListId="8c84fa94-04c1-424b-9868-57a2d4851a1d" relativeResultsDirectory="ddcec27d-9066-4159-bdb8-3bf3bfdcfb8a" />
    <UnitTestResult executionId="4153bf7d-99b3-40af-8c3f-b988b8098b64" testId="3112aada-2d53-ecaa-5107-66cf4b05a794" testName="Engine.Context.Tests.ChangeRpm.CmdHandlerTests.ShouldResolvePayloadCtor" computerName="host00" duration="00:00:00.0013316" startTime="2023-01-07T14:17:32.4771742+01:00" endTime="2023-01-07T14:17:32.4771744+01:00" testType="13cdc9d9-ddb5-4fa4-a97d-d965ccfc6d4b" outcome="Passed" testListId="8c84fa94-04c1-424b-9868-57a2d4851a1d" relativeResultsDirectory="4153bf7d-99b3-40af-8c3f-b988b8098b64" />
    <UnitTestResult executionId="cde279b0-c89e-44f6-a60f-e2f53cb9fdcb" testId="1a433a79-50a2-31b2-4336-526e3cface78" testName="Engine.Context.Tests.Stop.FromNATSTests.ShouldResolveEmitter" computerName="host00" duration="00:00:00.3204711" startTime="2023-01-07T14:17:32.3294446+01:00" endTime="2023-01-07T14:17:32.3294446+01:00" testType="13cdc9d9-ddb5-4fa4-a97d-d965ccfc6d4b" outcome="Passed" testListId="8c84fa94-04c1-424b-9868-57a2d4851a1d" relativeResultsDirectory="cde279b0-c89e-44f6-a60f-e2f53cb9fdcb" />
    <UnitTestResult executionId="57b0d29b-3d37-4617-a1f8-315bb4e37744" testId="4a9f0db3-e916-5edb-cb61-3229174953a5" testName="Engine.Context.Tests.Start.ToRedisListTests.ShouldSpokeHaveNameAttribute" computerName="host00" duration="00:00:00.0007540" startTime="2023-01-07T14:17:32.1936835+01:00" endTime="2023-01-07T14:17:32.1936835+01:00" testType="13cdc9d9-ddb5-4fa4-a97d-d965ccfc6d4b" outcome="Passed" testListId="8c84fa94-04c1-424b-9868-57a2d4851a1d" relativeResultsDirectory="57b0d29b-3d37-4617-a1f8-315bb4e37744" />
    <UnitTestResult executionId="fd8d524f-2cfe-49b3-8cb5-602042ea423b" testId="5002eadf-0756-c0bb-ae55-5d7b7b75259d" testName="Engine.Context.Tests.Start.ToRedisListTests.ShouldResolveEvt2State" computerName="host00" duration="00:00:00.0019519" startTime="2023-01-07T14:17:32.2972529+01:00" endTime="2023-01-07T14:17:32.2972529+01:00" testType="13cdc9d9-ddb5-4fa4-a97d-d965ccfc6d4b" outcome="Passed" testListId="8c84fa94-04c1-424b-9868-57a2d4851a1d" relativeResultsDirectory="fd8d524f-2cfe-49b3-8cb5-602042ea423b" />
    <UnitTestResult executionId="ddd90493-79b0-4c82-9426-fbcef05fef29" testId="8b6e7e73-f0ba-1943-e4b4-6047d001a9e3" testName="Engine.Context.Tests.ChangeDetails.HopePipeBuilderTests.ShouldContainSteps" computerName="host00" duration="00:00:00.0060339" startTime="2023-01-07T14:17:32.2764466+01:00" endTime="2023-01-07T14:17:32.2764467+01:00" testType="13cdc9d9-ddb5-4fa4-a97d-d965ccfc6d4b" outcome="Passed" testListId="8c84fa94-04c1-424b-9868-57a2d4851a1d" relativeResultsDirectory="ddd90493-79b0-4c82-9426-fbcef05fef29" />
    <UnitTestResult executionId="692bdcfe-5230-46b0-b802-6c334828be5f" testId="ea11e43f-988a-ece8-a2e9-ecfa1070a55f" testName="Engine.Context.Tests.Stop.ToRedisListTests.ShouldResolveReadModelStore" computerName="host00" duration="00:00:00.0074283" startTime="2023-01-07T14:17:32.4417856+01:00" endTime="2023-01-07T14:17:32.4417857+01:00" testType="13cdc9d9-ddb5-4fa4-a97d-d965ccfc6d4b" outcome="Passed" testListId="8c84fa94-04c1-424b-9868-57a2d4851a1d" relativeResultsDirectory="692bdcfe-5230-46b0-b802-6c334828be5f" />
    <UnitTestResult executionId="8675c37d-6858-428f-af95-6a32d5d937ee" testId="4a037381-acdc-37aa-ac95-634f762a128e" testName="Engine.Context.Tests.ChangeDetails.CmdHandlerTests.ShouldResolveStateCtor" computerName="host00" duration="00:00:00.0018014" startTime="2023-01-07T14:17:32.1338327+01:00" endTime="2023-01-07T14:17:32.1338328+01:00" testType="13cdc9d9-ddb5-4fa4-a97d-d965ccfc6d4b" outcome="Passed" testListId="8c84fa94-04c1-424b-9868-57a2d4851a1d" relativeResultsDirectory="8675c37d-6858-428f-af95-6a32d5d937ee" />
    <UnitTestResult executionId="2021e461-0a6d-48fe-8565-5c8786e50b03" testId="801b0eb4-19ed-3670-05eb-af81f32e8c51" testName="Engine.Context.Tests.Stop.CmdHandlerTests.ShouldHandleCmd" computerName="host00" duration="00:00:00.1667485" startTime="2023-01-07T14:17:32.3152565+01:00" endTime="2023-01-07T14:17:32.3152566+01:00" testType="13cdc9d9-ddb5-4fa4-a97d-d965ccfc6d4b" outcome="Passed" testListId="8c84fa94-04c1-424b-9868-57a2d4851a1d" relativeResultsDirectory="2021e461-0a6d-48fe-8565-5c8786e50b03" />
    <UnitTestResult executionId="7e4c16fa-df0f-40de-aa43-fd5f4851219f" testId="13986632-2cbb-6b11-d404-7cd4ade58037" testName="Engine.Context.Tests.Start.CmdHandlerTests.ShouldResolveStateCtor" computerName="host00" duration="00:00:00.0012955" startTime="2023-01-07T14:17:32.3263767+01:00" endTime="2023-01-07T14:17:32.3263767+01:00" testType="13cdc9d9-ddb5-4fa4-a97d-d965ccfc6d4b" outcome="Passed" testListId="8c84fa94-04c1-424b-9868-57a2d4851a1d" relativeResultsDirectory="7e4c16fa-df0f-40de-aa43-fd5f4851219f" />
    <UnitTestResult executionId="297abb71-98a3-4511-94cd-80884071edab" testId="b223b24b-8688-059f-627c-c770990b18c5" testName="Engine.Context.Tests.ChangeDetails.FromNATSTests.ShouldResolveOptionsAction" computerName="host00" duration="00:00:00.0006138" startTime="2023-01-07T14:17:35.3849981+01:00" endTime="2023-01-07T14:17:35.3849982+01:00" testType="13cdc9d9-ddb5-4fa4-a97d-d965ccfc6d4b" outcome="Passed" testListId="8c84fa94-04c1-424b-9868-57a2d4851a1d" relativeResultsDirectory="297abb71-98a3-4511-94cd-80884071edab" />
    <UnitTestResult executionId="82ef5333-1b1f-48d9-9f5a-fc79a9f203fa" testId="a78a8139-bfab-cf61-4100-0ded0c92ac00" testName="Engine.Context.Tests.Stop.CmdHandlerTests.ShouldResolveCmdCtor" computerName="host00" duration="00:00:00.0017562" startTime="2023-01-07T14:17:32.3290579+01:00" endTime="2023-01-07T14:17:32.3290580+01:00" testType="13cdc9d9-ddb5-4fa4-a97d-d965ccfc6d4b" outcome="Passed" testListId="8c84fa94-04c1-424b-9868-57a2d4851a1d" relativeResultsDirectory="82ef5333-1b1f-48d9-9f5a-fc79a9f203fa" />
    <UnitTestResult executionId="8c29c543-8d20-4d28-8779-d58c919ca9a9" testId="142885be-0c70-b5b8-bf2a-a70dad82aa8f" testName="Engine.Context.Tests.Start.ToEventStoreTestsT.ShouldResolveAggregateStore" computerName="host00" duration="00:00:00.0022467" startTime="2023-01-07T14:17:32.1347621+01:00" endTime="2023-01-07T14:17:32.1347622+01:00" testType="13cdc9d9-ddb5-4fa4-a97d-d965ccfc6d4b" outcome="Passed" testListId="8c84fa94-04c1-424b-9868-57a2d4851a1d" relativeResultsDirectory="8c29c543-8d20-4d28-8779-d58c919ca9a9" />
    <UnitTestResult executionId="36d0a68b-5be6-4953-a6c4-a4b3ca95a3b9" testId="12d67061-3d57-2db0-0e23-ab29b989c553" testName="Engine.Context.Tests.Initialize.HopePipeBuilderTests.ShouldHaveName" computerName="host00" duration="00:00:00.0065522" startTime="2023-01-07T14:17:32.2765071+01:00" endTime="2023-01-07T14:17:32.2765071+01:00" testType="13cdc9d9-ddb5-4fa4-a97d-d965ccfc6d4b" outcome="Passed" testListId="8c84fa94-04c1-424b-9868-57a2d4851a1d" relativeResultsDirectory="36d0a68b-5be6-4953-a6c4-a4b3ca95a3b9" />
    <UnitTestResult executionId="6a75b615-27f8-4a00-9d9e-35060b2b2bfa" testId="1f64ac65-5965-65c3-7b32-24f84275c311" testName="Engine.Context.Tests.Initialize.ToRedisDocTests.ShouldResolveReadModelStore" computerName="host00" duration="00:00:00.1642077" startTime="2023-01-07T14:17:32.1772886+01:00" endTime="2023-01-07T14:17:32.1772886+01:00" testType="13cdc9d9-ddb5-4fa4-a97d-d965ccfc6d4b" outcome="Passed" testListId="8c84fa94-04c1-424b-9868-57a2d4851a1d" relativeResultsDirectory="6a75b615-27f8-4a00-9d9e-35060b2b2bfa" />
    <UnitTestResult executionId="e12a6da7-56a0-40e7-b6f2-97b21b366480" testId="accd923c-3508-adae-fdac-f825a4807842" testName="Engine.Context.Tests.Start.ToEventStoreTestsT.ShouldResolveAggregateBuilder" computerName="host00" duration="00:00:00.0030282" startTime="2023-01-07T14:17:32.1298401+01:00" endTime="2023-01-07T14:17:32.1298402+01:00" testType="13cdc9d9-ddb5-4fa4-a97d-d965ccfc6d4b" outcome="Passed" testListId="8c84fa94-04c1-424b-9868-57a2d4851a1d" relativeResultsDirectory="e12a6da7-56a0-40e7-b6f2-97b21b366480" />
    <UnitTestResult executionId="730cef47-b024-4ccd-a2c0-12c63d221bae" testId="7054ee7c-fcf1-73f3-61bd-4d44aedcc23c" testName="Engine.Context.Tests.Start.SpokeTests.ShouldBuildSpoke" computerName="host00" duration="00:00:00.2355276" startTime="2023-01-07T14:17:32.1939032+01:00" endTime="2023-01-07T14:17:32.1939033+01:00" testType="13cdc9d9-ddb5-4fa4-a97d-d965ccfc6d4b" outcome="Passed" testListId="8c84fa94-04c1-424b-9868-57a2d4851a1d" relativeResultsDirectory="730cef47-b024-4ccd-a2c0-12c63d221bae" />
    <UnitTestResult executionId="55b24fd5-3b39-4723-9378-c868ee181cde" testId="e0a65915-d17e-8039-8dbc-3396a95f5c76" testName="Engine.Context.Tests.ChangeDetails.ToEventStoreTestsT.ShouldResolveReadModelStore" computerName="host00" duration="00:00:00.0363412" startTime="2023-01-07T14:17:32.1772654+01:00" endTime="2023-01-07T14:17:32.1772654+01:00" testType="13cdc9d9-ddb5-4fa4-a97d-d965ccfc6d4b" outcome="Passed" testListId="8c84fa94-04c1-424b-9868-57a2d4851a1d" relativeResultsDirectory="55b24fd5-3b39-4723-9378-c868ee181cde" />
    <UnitTestResult executionId="e9b6074e-4875-434c-a6ad-8cc5600511c1" testId="4fc7550e-bfe1-23a6-8370-59e2a7fb46ca" testName="Engine.Context.Tests.Stop.CmdHandlerTests.ShouldResolveCmdHandler" computerName="host00" duration="00:00:00.1769863" startTime="2023-01-07T14:17:32.1353084+01:00" endTime="2023-01-07T14:17:32.1353084+01:00" testType="13cdc9d9-ddb5-4fa4-a97d-d965ccfc6d4b" outcome="Passed" testListId="8c84fa94-04c1-424b-9868-57a2d4851a1d" relativeResultsDirectory="e9b6074e-4875-434c-a6ad-8cc5600511c1" />
    <UnitTestResult executionId="585b20f5-e004-4fcd-9ea8-2d755899e347" testId="20b79c91-a0fc-1355-3c99-fd7ebcf8dafd" testName="Engine.Context.Tests.ChangeRpm.ToRedisListTests.ShouldHaveNameAttribute" computerName="host00" duration="00:00:00.0010430" startTime="2023-01-07T14:17:32.4064351+01:00" endTime="2023-01-07T14:17:32.4064352+01:00" testType="13cdc9d9-ddb5-4fa4-a97d-d965ccfc6d4b" outcome="Passed" testListId="8c84fa94-04c1-424b-9868-57a2d4851a1d" relativeResultsDirectory="585b20f5-e004-4fcd-9ea8-2d755899e347" />
    <UnitTestResult executionId="d6623b13-47fb-488e-9116-38b2c4d33693" testId="1ebe030f-5693-6fc4-c47e-e50fc157d3b2" testName="Engine.Context.Tests.ChangeDetails.ToEventStoreTestsT.ShouldResolveCmdHandler" computerName="host00" duration="00:00:00.0036442" startTime="2023-01-07T14:17:32.1328170+01:00" endTime="2023-01-07T14:17:32.1328171+01:00" testType="13cdc9d9-ddb5-4fa4-a97d-d965ccfc6d4b" outcome="Passed" testListId="8c84fa94-04c1-424b-9868-57a2d4851a1d" relativeResultsDirectory="d6623b13-47fb-488e-9116-38b2c4d33693" />
    <UnitTestResult executionId="fbca7ac2-429c-48d0-9f8b-83d0df4e4450" testId="6c9d9e35-d14d-d63b-53de-2f8b001b9d04" testName="Engine.Context.Tests.Start.ToRedisListTests.ShouldPayloadHaveFactTopic" computerName="host00" duration="00:00:00.0180623" startTime="2023-01-07T14:17:32.2930601+01:00" endTime="2023-01-07T14:17:32.2930602+01:00" testType="13cdc9d9-ddb5-4fa4-a97d-d965ccfc6d4b" outcome="Passed" testListId="8c84fa94-04c1-424b-9868-57a2d4851a1d" relativeResultsDirectory="fbca7ac2-429c-48d0-9f8b-83d0df4e4450" />
    <UnitTestResult executionId="2c3a64de-c7d1-4888-9a9d-ebf1fbc621aa" testId="efcbcd4b-dee6-0690-ce98-f3d63c948498" testName="Engine.Context.Tests.ChangeRpm.FromNATSTests.ShouldActivateActor" computerName="host00" duration="00:00:00.4241421" startTime="2023-01-07T14:17:32.4356697+01:00" endTime="2023-01-07T14:17:32.4356697+01:00" testType="13cdc9d9-ddb5-4fa4-a97d-d965ccfc6d4b" outcome="Passed" testListId="8c84fa94-04c1-424b-9868-57a2d4851a1d" relativeResultsDirectory="2c3a64de-c7d1-4888-9a9d-ebf1fbc621aa" />
  </Results>
  <TestDefinitions>
    <UnitTest name="Engine.Context.Tests.ChangeDetails.ToRedisListTests.ShouldResolveProjection" storage="/home/rl/work/github.com/discomco/dot-cart/examples/car/engine.context.tests/bin/debug/net7.0/engine.context.tests.dll" id="eff5c6c2-c6e7-41f8-2d1e-18d9f3c6d897">
      <Execution id="cb46ea6a-6dca-478c-af1a-c872f039736c" />
      <TestMethod codeBase="/home/rl/work/github.com/discomco/dot-cart/examples/car/Engine.Context.Tests/bin/Debug/net7.0/Engine.Context.Tests.dll" adapterTypeName="executor://xunit/VsTestRunner2/netcoreapp" className="Engine.Context.Tests.ChangeDetails.ToRedisListTests" name="ShouldResolveProjection" />
    </UnitTest>
    <UnitTest name="Engine.Context.Tests.Initialize.ToRabbitMqTests.ShouldResolveEvt2Fact" storage="/home/rl/work/github.com/discomco/dot-cart/examples/car/engine.context.tests/bin/debug/net7.0/engine.context.tests.dll" id="7632dc85-2a59-e18a-c87f-0001e3d6bb89">
      <Execution id="90079aac-72dc-4d72-8c9b-093b61934ef3" />
      <TestMethod codeBase="/home/rl/work/github.com/discomco/dot-cart/examples/car/Engine.Context.Tests/bin/Debug/net7.0/Engine.Context.Tests.dll" adapterTypeName="executor://xunit/VsTestRunner2/netcoreapp" className="Engine.Context.Tests.Initialize.ToRabbitMqTests" name="ShouldResolveEvt2Fact" />
    </UnitTest>
    <UnitTest name="Engine.Context.Tests.ChangeDetails.ToEventStoreTestsT.ShouldResolveExchange" storage="/home/rl/work/github.com/discomco/dot-cart/examples/car/engine.context.tests/bin/debug/net7.0/engine.context.tests.dll" id="35fb6f97-f30f-094b-73d9-416cb78581d8">
      <Execution id="5f92b66d-0f7a-4b71-b3cc-ed17258128b3" />
      <TestMethod codeBase="/home/rl/work/github.com/discomco/dot-cart/examples/car/Engine.Context.Tests/bin/Debug/net7.0/Engine.Context.Tests.dll" adapterTypeName="executor://xunit/VsTestRunner2/netcoreapp" className="Engine.Context.Tests.ChangeDetails.ToEventStoreTestsT" name="ShouldResolveExchange" />
    </UnitTest>
    <UnitTest name="Engine.Context.Tests.Stop.FromNATSTests.ShouldResolveConnectionFactory" storage="/home/rl/work/github.com/discomco/dot-cart/examples/car/engine.context.tests/bin/debug/net7.0/engine.context.tests.dll" id="29994c42-903c-90f3-e7bf-6ba15e7a0b05">
      <Execution id="d7b2f950-75f5-44a7-bfbe-a7a1bab28631" />
      <TestMethod codeBase="/home/rl/work/github.com/discomco/dot-cart/examples/car/Engine.Context.Tests/bin/Debug/net7.0/Engine.Context.Tests.dll" adapterTypeName="executor://xunit/VsTestRunner2/netcoreapp" className="Engine.Context.Tests.Stop.FromNATSTests" name="ShouldResolveConnectionFactory" />
    </UnitTest>
    <UnitTest name="Engine.Context.Tests.ChangeDetails.FromNATSTests.ShouldActivateActor" storage="/home/rl/work/github.com/discomco/dot-cart/examples/car/engine.context.tests/bin/debug/net7.0/engine.context.tests.dll" id="afe69264-3a87-645e-d4f4-695168d0a29d">
      <Execution id="af626610-8515-4573-ab49-de96708b6554" />
      <TestMethod codeBase="/home/rl/work/github.com/discomco/dot-cart/examples/car/Engine.Context.Tests/bin/Debug/net7.0/Engine.Context.Tests.dll" adapterTypeName="executor://xunit/VsTestRunner2/netcoreapp" className="Engine.Context.Tests.ChangeDetails.FromNATSTests" name="ShouldActivateActor" />
    </UnitTest>
    <UnitTest name="Engine.Context.Tests.Start.HopePipeBuilderTests.ShouldResolvePipeBuilder" storage="/home/rl/work/github.com/discomco/dot-cart/examples/car/engine.context.tests/bin/debug/net7.0/engine.context.tests.dll" id="112fc655-e8b1-44ca-9d9a-5ebd271650aa">
      <Execution id="24841117-bf39-420a-b248-c9cb29c395d9" />
      <TestMethod codeBase="/home/rl/work/github.com/discomco/dot-cart/examples/car/Engine.Context.Tests/bin/Debug/net7.0/Engine.Context.Tests.dll" adapterTypeName="executor://xunit/VsTestRunner2/netcoreapp" className="Engine.Context.Tests.Start.HopePipeBuilderTests" name="ShouldResolvePipeBuilder" />
    </UnitTest>
    <UnitTest name="Engine.Context.Tests.Initialize.ToRedisDocTests.ShouldResolveExchange" storage="/home/rl/work/github.com/discomco/dot-cart/examples/car/engine.context.tests/bin/debug/net7.0/engine.context.tests.dll" id="fabf01f3-7a22-985f-5d45-14c362005357">
      <Execution id="8a674ce2-060a-4ba7-8c95-18c0705122c7" />
      <TestMethod codeBase="/home/rl/work/github.com/discomco/dot-cart/examples/car/Engine.Context.Tests/bin/Debug/net7.0/Engine.Context.Tests.dll" adapterTypeName="executor://xunit/VsTestRunner2/netcoreapp" className="Engine.Context.Tests.Initialize.ToRedisDocTests" name="ShouldResolveExchange" />
    </UnitTest>
    <UnitTest name="Engine.Context.Tests.Initialize.FromNATSTests.ShouldResolveConnectionFactory" storage="/home/rl/work/github.com/discomco/dot-cart/examples/car/engine.context.tests/bin/debug/net7.0/engine.context.tests.dll" id="2ea0f57b-bb26-9030-3ba6-5d7b98bf81f9">
      <Execution id="17a20628-92b2-49d9-94ab-a868ece0822e" />
      <TestMethod codeBase="/home/rl/work/github.com/discomco/dot-cart/examples/car/Engine.Context.Tests/bin/Debug/net7.0/Engine.Context.Tests.dll" adapterTypeName="executor://xunit/VsTestRunner2/netcoreapp" className="Engine.Context.Tests.Initialize.FromNATSTests" name="ShouldResolveConnectionFactory" />
    </UnitTest>
    <UnitTest name="Engine.Context.Tests.ChangeDetails.SpokeTests.ShouldBuildSpoke" storage="/home/rl/work/github.com/discomco/dot-cart/examples/car/engine.context.tests/bin/debug/net7.0/engine.context.tests.dll" id="475e7bbb-19bf-0f90-0b13-3cc107a349c0">
      <Execution id="e244ad7e-ffef-4fa8-8f64-f5eafd479de7" />
      <TestMethod codeBase="/home/rl/work/github.com/discomco/dot-cart/examples/car/Engine.Context.Tests/bin/Debug/net7.0/Engine.Context.Tests.dll" adapterTypeName="executor://xunit/VsTestRunner2/netcoreapp" className="Engine.Context.Tests.ChangeDetails.SpokeTests" name="ShouldBuildSpoke" />
    </UnitTest>
    <UnitTest name="Engine.Context.Tests.Stop.CmdHandlerTests.ShouldResolvePayloadCtor" storage="/home/rl/work/github.com/discomco/dot-cart/examples/car/engine.context.tests/bin/debug/net7.0/engine.context.tests.dll" id="b269429e-4c6a-d7a7-6081-170c145d50c9">
      <Execution id="790e0ef5-1e76-4e28-b301-3c707c999895" />
      <TestMethod codeBase="/home/rl/work/github.com/discomco/dot-cart/examples/car/Engine.Context.Tests/bin/Debug/net7.0/Engine.Context.Tests.dll" adapterTypeName="executor://xunit/VsTestRunner2/netcoreapp" className="Engine.Context.Tests.Stop.CmdHandlerTests" name="ShouldResolvePayloadCtor" />
    </UnitTest>
    <UnitTest name="Engine.Context.Tests.ChangeDetails.FromRabbitMqRetroTests.ShouldResolveExchange" storage="/home/rl/work/github.com/discomco/dot-cart/examples/car/engine.context.tests/bin/debug/net7.0/engine.context.tests.dll" id="e7bcad19-9cce-b870-65d5-bfc301974e02">
      <Execution id="803bcda1-953d-49e8-8e26-ea0e274ee26b" />
      <TestMethod codeBase="/home/rl/work/github.com/discomco/dot-cart/examples/car/Engine.Context.Tests/bin/Debug/net7.0/Engine.Context.Tests.dll" adapterTypeName="executor://xunit/VsTestRunner2/netcoreapp" className="Engine.Context.Tests.ChangeDetails.FromRabbitMqRetroTests" name="ShouldResolveExchange" />
    </UnitTest>
    <UnitTest name="Engine.Context.Tests.ChangeDetails.CmdHandlerTests.ShouldResolveAggregateStore" storage="/home/rl/work/github.com/discomco/dot-cart/examples/car/engine.context.tests/bin/debug/net7.0/engine.context.tests.dll" id="088fbfdb-5866-07c4-ee27-743a7913cb5d">
      <Execution id="ae6db348-d7c5-476a-937f-78727c518512" />
      <TestMethod codeBase="/home/rl/work/github.com/discomco/dot-cart/examples/car/Engine.Context.Tests/bin/Debug/net7.0/Engine.Context.Tests.dll" adapterTypeName="executor://xunit/VsTestRunner2/netcoreapp" className="Engine.Context.Tests.ChangeDetails.CmdHandlerTests" name="ShouldResolveAggregateStore" />
    </UnitTest>
    <UnitTest name="Engine.Context.Tests.Start.FromNATSTests.ShouldResolveExchange" storage="/home/rl/work/github.com/discomco/dot-cart/examples/car/engine.context.tests/bin/debug/net7.0/engine.context.tests.dll" id="0e79f296-896b-ab0f-756d-cfe74655d615">
      <Execution id="a55743dc-c047-4cd6-bfde-34fa4c5a0619" />
      <TestMethod codeBase="/home/rl/work/github.com/discomco/dot-cart/examples/car/Engine.Context.Tests/bin/Debug/net7.0/Engine.Context.Tests.dll" adapterTypeName="executor://xunit/VsTestRunner2/netcoreapp" className="Engine.Context.Tests.Start.FromNATSTests" name="ShouldResolveExchange" />
    </UnitTest>
    <UnitTest name="Engine.Context.Tests.Stop.CmdHandlerTests.ShouldResolveAggregateStore" storage="/home/rl/work/github.com/discomco/dot-cart/examples/car/engine.context.tests/bin/debug/net7.0/engine.context.tests.dll" id="9da22bbb-61d8-2181-5a7a-c65b38dbc1c3">
      <Execution id="5a7ec361-a5c8-4821-97c6-34f08ce9757c" />
      <TestMethod codeBase="/home/rl/work/github.com/discomco/dot-cart/examples/car/Engine.Context.Tests/bin/Debug/net7.0/Engine.Context.Tests.dll" adapterTypeName="executor://xunit/VsTestRunner2/netcoreapp" className="Engine.Context.Tests.Stop.CmdHandlerTests" name="ShouldResolveAggregateStore" />
    </UnitTest>
    <UnitTest name="Engine.Context.Tests.Start.CmdHandlerTests.ShouldCreateCmd" storage="/home/rl/work/github.com/discomco/dot-cart/examples/car/engine.context.tests/bin/debug/net7.0/engine.context.tests.dll" id="59d47135-7d57-3089-32d0-ad2856093235">
      <Execution id="3e051a19-a86e-4572-9982-e6e30b2bda96" />
      <TestMethod codeBase="/home/rl/work/github.com/discomco/dot-cart/examples/car/Engine.Context.Tests/bin/Debug/net7.0/Engine.Context.Tests.dll" adapterTypeName="executor://xunit/VsTestRunner2/netcoreapp" className="Engine.Context.Tests.Start.CmdHandlerTests" name="ShouldCreateCmd" />
    </UnitTest>
    <UnitTest name="Engine.Context.Tests.Stop.ToRedisDocTests.ShouldSpokeHaveNameAttribute" storage="/home/rl/work/github.com/discomco/dot-cart/examples/car/engine.context.tests/bin/debug/net7.0/engine.context.tests.dll" id="fcf549a6-dda1-8e36-df5d-298750214e59">
      <Execution id="dbb0607c-25b1-4dc6-b505-7b017460dd65" />
      <TestMethod codeBase="/home/rl/work/github.com/discomco/dot-cart/examples/car/Engine.Context.Tests/bin/Debug/net7.0/Engine.Context.Tests.dll" adapterTypeName="executor://xunit/VsTestRunner2/netcoreapp" className="Engine.Context.Tests.Stop.ToRedisDocTests" name="ShouldSpokeHaveNameAttribute" />
    </UnitTest>
    <UnitTest name="Engine.Context.Tests.Start.ToRedisDocTests.ShouldResolveProjection" storage="/home/rl/work/github.com/discomco/dot-cart/examples/car/engine.context.tests/bin/debug/net7.0/engine.context.tests.dll" id="7ceae394-4809-a8d4-cf4d-48bfa4acb8dd">
      <Execution id="1be730b6-be24-4d92-955a-d31520bef7e9" />
      <TestMethod codeBase="/home/rl/work/github.com/discomco/dot-cart/examples/car/Engine.Context.Tests/bin/Debug/net7.0/Engine.Context.Tests.dll" adapterTypeName="executor://xunit/VsTestRunner2/netcoreapp" className="Engine.Context.Tests.Start.ToRedisDocTests" name="ShouldResolveProjection" />
    </UnitTest>
    <UnitTest name="Engine.Context.Tests.ChangeRpm.ToRedisListTests.ShouldPayloadHaveFactTopic" storage="/home/rl/work/github.com/discomco/dot-cart/examples/car/engine.context.tests/bin/debug/net7.0/engine.context.tests.dll" id="9a55d661-7180-7c4b-adcc-e6b436e0100b">
      <Execution id="3d75273b-d3f2-4889-aac4-52dfe3477218" />
      <TestMethod codeBase="/home/rl/work/github.com/discomco/dot-cart/examples/car/Engine.Context.Tests/bin/Debug/net7.0/Engine.Context.Tests.dll" adapterTypeName="executor://xunit/VsTestRunner2/netcoreapp" className="Engine.Context.Tests.ChangeRpm.ToRedisListTests" name="ShouldPayloadHaveFactTopic" />
    </UnitTest>
    <UnitTest name="Engine.Context.Tests.Stop.ToEventStoreTestsT.ShouldResolveReadModelStore" storage="/home/rl/work/github.com/discomco/dot-cart/examples/car/engine.context.tests/bin/debug/net7.0/engine.context.tests.dll" id="5f575007-cf2a-0c73-b103-2585a6250d1e">
      <Execution id="4c60dc65-3f31-43b3-ae2a-683aad829a4b" />
      <TestMethod codeBase="/home/rl/work/github.com/discomco/dot-cart/examples/car/Engine.Context.Tests/bin/Debug/net7.0/Engine.Context.Tests.dll" adapterTypeName="executor://xunit/VsTestRunner2/netcoreapp" className="Engine.Context.Tests.Stop.ToEventStoreTestsT" name="ShouldResolveReadModelStore" />
    </UnitTest>
    <UnitTest name="Engine.Context.Tests.ChangeDetails.CmdHandlerTests.ShouldResolveCmdHandler" storage="/home/rl/work/github.com/discomco/dot-cart/examples/car/engine.context.tests/bin/debug/net7.0/engine.context.tests.dll" id="45b20bfe-d70a-f156-fe4d-f64df8b1ad0f">
      <Execution id="6a4805f5-628b-4f1b-b81f-c39bf3f2d545" />
      <TestMethod codeBase="/home/rl/work/github.com/discomco/dot-cart/examples/car/Engine.Context.Tests/bin/Debug/net7.0/Engine.Context.Tests.dll" adapterTypeName="executor://xunit/VsTestRunner2/netcoreapp" className="Engine.Context.Tests.ChangeDetails.CmdHandlerTests" name="ShouldResolveCmdHandler" />
    </UnitTest>
    <UnitTest name="Engine.Context.Tests.ChangeDetails.ToEventStoreTestsT.ShouldResolveCmdHandler" storage="/home/rl/work/github.com/discomco/dot-cart/examples/car/engine.context.tests/bin/debug/net7.0/engine.context.tests.dll" id="1ebe030f-5693-6fc4-c47e-e50fc157d3b2">
      <Execution id="d6623b13-47fb-488e-9116-38b2c4d33693" />
      <TestMethod codeBase="/home/rl/work/github.com/discomco/dot-cart/examples/car/Engine.Context.Tests/bin/Debug/net7.0/Engine.Context.Tests.dll" adapterTypeName="executor://xunit/VsTestRunner2/netcoreapp" className="Engine.Context.Tests.ChangeDetails.ToEventStoreTestsT" name="ShouldResolveCmdHandler" />
    </UnitTest>
    <UnitTest name="Engine.Context.Tests.Stop.ToEventStoreTestsT.ShouldResolveAggregateBuilder" storage="/home/rl/work/github.com/discomco/dot-cart/examples/car/engine.context.tests/bin/debug/net7.0/engine.context.tests.dll" id="b19745c3-ad6c-9ab2-8293-c37ae459274d">
      <Execution id="d8a4fb14-24c2-4f1e-8351-515964418c3a" />
      <TestMethod codeBase="/home/rl/work/github.com/discomco/dot-cart/examples/car/Engine.Context.Tests/bin/Debug/net7.0/Engine.Context.Tests.dll" adapterTypeName="executor://xunit/VsTestRunner2/netcoreapp" className="Engine.Context.Tests.Stop.ToEventStoreTestsT" name="ShouldResolveAggregateBuilder" />
    </UnitTest>
    <UnitTest name="Engine.Context.Tests.Initialize.FromNATSTests.ShouldBeNamedActor" storage="/home/rl/work/github.com/discomco/dot-cart/examples/car/engine.context.tests/bin/debug/net7.0/engine.context.tests.dll" id="03104d30-85ab-eae6-d496-7814ed0ac733">
      <Execution id="9fb8502e-0fe1-4312-858b-3c3db1a5f0c0" />
      <TestMethod codeBase="/home/rl/work/github.com/discomco/dot-cart/examples/car/Engine.Context.Tests/bin/Debug/net7.0/Engine.Context.Tests.dll" adapterTypeName="executor://xunit/VsTestRunner2/netcoreapp" className="Engine.Context.Tests.Initialize.FromNATSTests" name="ShouldBeNamedActor" />
    </UnitTest>
    <UnitTest name="Engine.Context.Tests.ChangeDetails.CmdHandlerTests.ShouldHandleCmd" storage="/home/rl/work/github.com/discomco/dot-cart/examples/car/engine.context.tests/bin/debug/net7.0/engine.context.tests.dll" id="0648d684-3bcd-f505-1223-be426e9a0ec7">
      <Execution id="30bca64c-bce5-4879-bb58-f1bbba8ccfc3" />
      <TestMethod codeBase="/home/rl/work/github.com/discomco/dot-cart/examples/car/Engine.Context.Tests/bin/Debug/net7.0/Engine.Context.Tests.dll" adapterTypeName="executor://xunit/VsTestRunner2/netcoreapp" className="Engine.Context.Tests.ChangeDetails.CmdHandlerTests" name="ShouldHandleCmd" />
    </UnitTest>
    <UnitTest name="Engine.Context.Tests.Stop.ToRedisListTests.ShouldTestAndTProjectionHaveSameAttribute" storage="/home/rl/work/github.com/discomco/dot-cart/examples/car/engine.context.tests/bin/debug/net7.0/engine.context.tests.dll" id="0e4fc8bc-f59b-0155-3083-a55e399cc4cd">
      <Execution id="b9a22636-db2b-442f-932c-68ef94d56998" />
      <TestMethod codeBase="/home/rl/work/github.com/discomco/dot-cart/examples/car/Engine.Context.Tests/bin/Debug/net7.0/Engine.Context.Tests.dll" adapterTypeName="executor://xunit/VsTestRunner2/netcoreapp" className="Engine.Context.Tests.Stop.ToRedisListTests" name="ShouldTestAndTProjectionHaveSameAttribute" />
    </UnitTest>
    <UnitTest name="Engine.Context.Tests.Initialize.CmdHandlerTests.ShouldResolvePayloadCtor" storage="/home/rl/work/github.com/discomco/dot-cart/examples/car/engine.context.tests/bin/debug/net7.0/engine.context.tests.dll" id="2b96e3cd-9f7a-6662-021a-6ec74cb2343d">
      <Execution id="7dd7a742-5ae7-4ec1-9a52-80c1b52dca68" />
      <TestMethod codeBase="/home/rl/work/github.com/discomco/dot-cart/examples/car/Engine.Context.Tests/bin/Debug/net7.0/Engine.Context.Tests.dll" adapterTypeName="executor://xunit/VsTestRunner2/netcoreapp" className="Engine.Context.Tests.Initialize.CmdHandlerTests" name="ShouldResolvePayloadCtor" />
    </UnitTest>
    <UnitTest name="Engine.Context.Tests.ChangeRpm.ToRedisDocTests.ShouldPayloadHaveFactTopic" storage="/home/rl/work/github.com/discomco/dot-cart/examples/car/engine.context.tests/bin/debug/net7.0/engine.context.tests.dll" id="328b76eb-6fb2-21a3-7dff-d944fbefc822">
      <Execution id="af64f109-505c-4874-8c09-801728764eef" />
      <TestMethod codeBase="/home/rl/work/github.com/discomco/dot-cart/examples/car/Engine.Context.Tests/bin/Debug/net7.0/Engine.Context.Tests.dll" adapterTypeName="executor://xunit/VsTestRunner2/netcoreapp" className="Engine.Context.Tests.ChangeRpm.ToRedisDocTests" name="ShouldPayloadHaveFactTopic" />
    </UnitTest>
    <UnitTest name="Engine.Context.Tests.ChangeDetails.CmdHandlerTests.ShouldResolveDifferentHandlers" storage="/home/rl/work/github.com/discomco/dot-cart/examples/car/engine.context.tests/bin/debug/net7.0/engine.context.tests.dll" id="c6dd0c7b-0d59-c4f3-3563-d5ea8bc6b090">
      <Execution id="baaf870e-0ab4-44ed-8bcf-da3a2ad108d4" />
      <TestMethod codeBase="/home/rl/work/github.com/discomco/dot-cart/examples/car/Engine.Context.Tests/bin/Debug/net7.0/Engine.Context.Tests.dll" adapterTypeName="executor://xunit/VsTestRunner2/netcoreapp" className="Engine.Context.Tests.ChangeDetails.CmdHandlerTests" name="ShouldResolveDifferentHandlers" />
    </UnitTest>
    <UnitTest name="Engine.Context.Tests.Start.SpokeTests.ShouldResolveActors" storage="/home/rl/work/github.com/discomco/dot-cart/examples/car/engine.context.tests/bin/debug/net7.0/engine.context.tests.dll" id="1ff5eeb3-62b5-f4d9-3106-87cba5491204">
      <Execution id="53e7943a-7e72-4c5d-9032-c8e3ea661d14" />
      <TestMethod codeBase="/home/rl/work/github.com/discomco/dot-cart/examples/car/Engine.Context.Tests/bin/Debug/net7.0/Engine.Context.Tests.dll" adapterTypeName="executor://xunit/VsTestRunner2/netcoreapp" className="Engine.Context.Tests.Start.SpokeTests" name="ShouldResolveActors" />
    </UnitTest>
    <UnitTest name="Engine.Context.Tests.ChangeDetails.ToRedisListTests.ShouldHaveDbNameAttribute" storage="/home/rl/work/github.com/discomco/dot-cart/examples/car/engine.context.tests/bin/debug/net7.0/engine.context.tests.dll" id="299cab4f-110a-4d99-1662-000f01a51482">
      <Execution id="f16ac6ae-0329-4094-aced-b02f90f0cbb6" />
      <TestMethod codeBase="/home/rl/work/github.com/discomco/dot-cart/examples/car/Engine.Context.Tests/bin/Debug/net7.0/Engine.Context.Tests.dll" adapterTypeName="executor://xunit/VsTestRunner2/netcoreapp" className="Engine.Context.Tests.ChangeDetails.ToRedisListTests" name="ShouldHaveDbNameAttribute" />
    </UnitTest>
    <UnitTest name="Engine.Context.Tests.Start.CmdHandlerTests.ShouldResolvePayloadCtor" storage="/home/rl/work/github.com/discomco/dot-cart/examples/car/engine.context.tests/bin/debug/net7.0/engine.context.tests.dll" id="c146419c-4427-ecf1-bfcb-f169af8de728">
      <Execution id="bcad3d62-06d3-4685-b29f-1b01c089a31e" />
      <TestMethod codeBase="/home/rl/work/github.com/discomco/dot-cart/examples/car/Engine.Context.Tests/bin/Debug/net7.0/Engine.Context.Tests.dll" adapterTypeName="executor://xunit/VsTestRunner2/netcoreapp" className="Engine.Context.Tests.Start.CmdHandlerTests" name="ShouldResolvePayloadCtor" />
    </UnitTest>
    <UnitTest name="Engine.Context.Tests.ChangeRpm.HopePipeBuilderTests.ShouldContainSteps" storage="/home/rl/work/github.com/discomco/dot-cart/examples/car/engine.context.tests/bin/debug/net7.0/engine.context.tests.dll" id="89fc671c-39f2-70df-7a50-fa40836a78c1">
      <Execution id="dd3a257a-2d6b-4378-9819-411eff4d2ddf" />
      <TestMethod codeBase="/home/rl/work/github.com/discomco/dot-cart/examples/car/Engine.Context.Tests/bin/Debug/net7.0/Engine.Context.Tests.dll" adapterTypeName="executor://xunit/VsTestRunner2/netcoreapp" className="Engine.Context.Tests.ChangeRpm.HopePipeBuilderTests" name="ShouldContainSteps" />
    </UnitTest>
    <UnitTest name="Engine.Context.Tests.Initialize.FromRabbitMqRetroTests.ShouldResolveExchange" storage="/home/rl/work/github.com/discomco/dot-cart/examples/car/engine.context.tests/bin/debug/net7.0/engine.context.tests.dll" id="ca4fd46b-3539-ce6a-f074-c11d48c219f4">
      <Execution id="eb1ed36c-048e-4e95-91e0-1b217c93d371" />
      <TestMethod codeBase="/home/rl/work/github.com/discomco/dot-cart/examples/car/Engine.Context.Tests/bin/Debug/net7.0/Engine.Context.Tests.dll" adapterTypeName="executor://xunit/VsTestRunner2/netcoreapp" className="Engine.Context.Tests.Initialize.FromRabbitMqRetroTests" name="ShouldResolveExchange" />
    </UnitTest>
    <UnitTest name="Engine.Context.Tests.EngineProjectionInfoTests.ShouldHaveGroupName" storage="/home/rl/work/github.com/discomco/dot-cart/examples/car/engine.context.tests/bin/debug/net7.0/engine.context.tests.dll" id="0fa34a11-13b7-2818-76b4-f9e899b6c0ae">
      <Execution id="7afb7d53-6218-4d79-9346-3209e02b245d" />
      <TestMethod codeBase="/home/rl/work/github.com/discomco/dot-cart/examples/car/Engine.Context.Tests/bin/Debug/net7.0/Engine.Context.Tests.dll" adapterTypeName="executor://xunit/VsTestRunner2/netcoreapp" className="Engine.Context.Tests.EngineProjectionInfoTests" name="ShouldHaveGroupName" />
    </UnitTest>
    <UnitTest name="Engine.Context.Tests.Initialize.ToRabbitMqTests.ShouldActivateActor" storage="/home/rl/work/github.com/discomco/dot-cart/examples/car/engine.context.tests/bin/debug/net7.0/engine.context.tests.dll" id="d4ae2549-d55c-1855-236c-015f96c3f78e">
      <Execution id="8ae69ad7-d79c-4da2-b066-7299f947a029" />
      <TestMethod codeBase="/home/rl/work/github.com/discomco/dot-cart/examples/car/Engine.Context.Tests/bin/Debug/net7.0/Engine.Context.Tests.dll" adapterTypeName="executor://xunit/VsTestRunner2/netcoreapp" className="Engine.Context.Tests.Initialize.ToRabbitMqTests" name="ShouldActivateActor" />
    </UnitTest>
    <UnitTest name="Engine.Context.Tests.ChangeRpm.ToRedisListTests.ShouldSpokeHaveNameAttribute" storage="/home/rl/work/github.com/discomco/dot-cart/examples/car/engine.context.tests/bin/debug/net7.0/engine.context.tests.dll" id="cd65ab30-822d-a48d-93da-3cbcfa248477">
      <Execution id="0dcaed16-a227-4dfd-8c7f-968ba31da8d2" />
      <TestMethod codeBase="/home/rl/work/github.com/discomco/dot-cart/examples/car/Engine.Context.Tests/bin/Debug/net7.0/Engine.Context.Tests.dll" adapterTypeName="executor://xunit/VsTestRunner2/netcoreapp" className="Engine.Context.Tests.ChangeRpm.ToRedisListTests" name="ShouldSpokeHaveNameAttribute" />
    </UnitTest>
    <UnitTest name="Engine.Context.Tests.Stop.ToRabbitMqTests.ShouldResolveEmitter" storage="/home/rl/work/github.com/discomco/dot-cart/examples/car/engine.context.tests/bin/debug/net7.0/engine.context.tests.dll" id="b1cf15f7-edd1-52ad-c29e-d93dde1a8d85">
      <Execution id="4ad9db93-363b-4ef8-8be5-70ae649004da" />
      <TestMethod codeBase="/home/rl/work/github.com/discomco/dot-cart/examples/car/Engine.Context.Tests/bin/Debug/net7.0/Engine.Context.Tests.dll" adapterTypeName="executor://xunit/VsTestRunner2/netcoreapp" className="Engine.Context.Tests.Stop.ToRabbitMqTests" name="ShouldResolveEmitter" />
    </UnitTest>
    <UnitTest name="Engine.Context.Tests.ChangeRpm.ToRedisListTests.ShouldResolveReadModelStore" storage="/home/rl/work/github.com/discomco/dot-cart/examples/car/engine.context.tests/bin/debug/net7.0/engine.context.tests.dll" id="67a6993e-3328-b639-591e-d5f66f8d36fd">
      <Execution id="7af58dc6-85d5-4201-acf7-cd6468a6cdab" />
      <TestMethod codeBase="/home/rl/work/github.com/discomco/dot-cart/examples/car/Engine.Context.Tests/bin/Debug/net7.0/Engine.Context.Tests.dll" adapterTypeName="executor://xunit/VsTestRunner2/netcoreapp" className="Engine.Context.Tests.ChangeRpm.ToRedisListTests" name="ShouldResolveReadModelStore" />
    </UnitTest>
    <UnitTest name="Engine.Context.Tests.Initialize.SpokeTests.ShouldResolveActors" storage="/home/rl/work/github.com/discomco/dot-cart/examples/car/engine.context.tests/bin/debug/net7.0/engine.context.tests.dll" id="a0e101bd-5d10-1527-faf2-5c090a023add">
      <Execution id="e27d40f2-800a-4cb1-b506-753224afc5eb" />
      <TestMethod codeBase="/home/rl/work/github.com/discomco/dot-cart/examples/car/Engine.Context.Tests/bin/Debug/net7.0/Engine.Context.Tests.dll" adapterTypeName="executor://xunit/VsTestRunner2/netcoreapp" className="Engine.Context.Tests.Initialize.SpokeTests" name="ShouldResolveActors" />
    </UnitTest>
    <UnitTest name="Engine.Context.Tests.Stop.CmdHandlerTests.ShouldHandleCmd" storage="/home/rl/work/github.com/discomco/dot-cart/examples/car/engine.context.tests/bin/debug/net7.0/engine.context.tests.dll" id="801b0eb4-19ed-3670-05eb-af81f32e8c51">
      <Execution id="2021e461-0a6d-48fe-8565-5c8786e50b03" />
      <TestMethod codeBase="/home/rl/work/github.com/discomco/dot-cart/examples/car/Engine.Context.Tests/bin/Debug/net7.0/Engine.Context.Tests.dll" adapterTypeName="executor://xunit/VsTestRunner2/netcoreapp" className="Engine.Context.Tests.Stop.CmdHandlerTests" name="ShouldHandleCmd" />
    </UnitTest>
    <UnitTest name="Engine.Context.Tests.ChangeRpm.SpokeTests.ShouldResolveActors" storage="/home/rl/work/github.com/discomco/dot-cart/examples/car/engine.context.tests/bin/debug/net7.0/engine.context.tests.dll" id="caba5fe1-b62e-dc09-16dc-3d186691a80b">
      <Execution id="e7d5913c-1f7b-4906-bd6b-bcb7751bb6e0" />
      <TestMethod codeBase="/home/rl/work/github.com/discomco/dot-cart/examples/car/Engine.Context.Tests/bin/Debug/net7.0/Engine.Context.Tests.dll" adapterTypeName="executor://xunit/VsTestRunner2/netcoreapp" className="Engine.Context.Tests.ChangeRpm.SpokeTests" name="ShouldResolveActors" />
    </UnitTest>
    <UnitTest name="Engine.Context.Tests.Start.CmdHandlerTests.ShouldResolveCmdCtor" storage="/home/rl/work/github.com/discomco/dot-cart/examples/car/engine.context.tests/bin/debug/net7.0/engine.context.tests.dll" id="b9df1211-5a4a-2eb8-c730-c6e2b98f7b19">
      <Execution id="3c9bad7f-6e07-4bbd-aead-f917d0fd7ad0" />
      <TestMethod codeBase="/home/rl/work/github.com/discomco/dot-cart/examples/car/Engine.Context.Tests/bin/Debug/net7.0/Engine.Context.Tests.dll" adapterTypeName="executor://xunit/VsTestRunner2/netcoreapp" className="Engine.Context.Tests.Start.CmdHandlerTests" name="ShouldResolveCmdCtor" />
    </UnitTest>
    <UnitTest name="Engine.Context.Tests.Start.ToRedisListTests.ShouldResolveProjection" storage="/home/rl/work/github.com/discomco/dot-cart/examples/car/engine.context.tests/bin/debug/net7.0/engine.context.tests.dll" id="e4f80f72-f84f-c392-4a46-6a33d1fa2e6a">
      <Execution id="1e37d8a5-37c5-4535-952e-1f38a960d8da" />
      <TestMethod codeBase="/home/rl/work/github.com/discomco/dot-cart/examples/car/Engine.Context.Tests/bin/Debug/net7.0/Engine.Context.Tests.dll" adapterTypeName="executor://xunit/VsTestRunner2/netcoreapp" className="Engine.Context.Tests.Start.ToRedisListTests" name="ShouldResolveProjection" />
    </UnitTest>
    <UnitTest name="Engine.Context.Tests.ChangeDetails.ToRedisDocTests.ShouldResolveExchange" storage="/home/rl/work/github.com/discomco/dot-cart/examples/car/engine.context.tests/bin/debug/net7.0/engine.context.tests.dll" id="9214cac0-2397-dbb1-e3b2-3d999e412f67">
      <Execution id="a1c962cc-ab97-472d-92f3-1edba9ee7dfc" />
      <TestMethod codeBase="/home/rl/work/github.com/discomco/dot-cart/examples/car/Engine.Context.Tests/bin/Debug/net7.0/Engine.Context.Tests.dll" adapterTypeName="executor://xunit/VsTestRunner2/netcoreapp" className="Engine.Context.Tests.ChangeDetails.ToRedisDocTests" name="ShouldResolveExchange" />
    </UnitTest>
    <UnitTest name="Engine.Context.Tests.ChangeRpm.CmdHandlerTests.ShouldResolveCmdHandler" storage="/home/rl/work/github.com/discomco/dot-cart/examples/car/engine.context.tests/bin/debug/net7.0/engine.context.tests.dll" id="0fa52bd2-8308-43d0-8504-b9802e55ec34">
      <Execution id="67d26478-0825-4e3d-9115-9832a3a0e758" />
      <TestMethod codeBase="/home/rl/work/github.com/discomco/dot-cart/examples/car/Engine.Context.Tests/bin/Debug/net7.0/Engine.Context.Tests.dll" adapterTypeName="executor://xunit/VsTestRunner2/netcoreapp" className="Engine.Context.Tests.ChangeRpm.CmdHandlerTests" name="ShouldResolveCmdHandler" />
    </UnitTest>
    <UnitTest name="Engine.Context.Tests.ChangeDetails.ToRedisListTests.ShouldPayloadHaveFactTopic" storage="/home/rl/work/github.com/discomco/dot-cart/examples/car/engine.context.tests/bin/debug/net7.0/engine.context.tests.dll" id="708fa9dc-9f40-1754-4336-22d1c45d9b83">
      <Execution id="16d3459a-502d-47b3-94bb-c410cb4d16e6" />
      <TestMethod codeBase="/home/rl/work/github.com/discomco/dot-cart/examples/car/Engine.Context.Tests/bin/Debug/net7.0/Engine.Context.Tests.dll" adapterTypeName="executor://xunit/VsTestRunner2/netcoreapp" className="Engine.Context.Tests.ChangeDetails.ToRedisListTests" name="ShouldPayloadHaveFactTopic" />
    </UnitTest>
    <UnitTest name="Engine.Context.Tests.ChangeRpm.FromNATSTests.ShouldActivateActor" storage="/home/rl/work/github.com/discomco/dot-cart/examples/car/engine.context.tests/bin/debug/net7.0/engine.context.tests.dll" id="efcbcd4b-dee6-0690-ce98-f3d63c948498">
      <Execution id="2c3a64de-c7d1-4888-9a9d-ebf1fbc621aa" />
      <TestMethod codeBase="/home/rl/work/github.com/discomco/dot-cart/examples/car/Engine.Context.Tests/bin/Debug/net7.0/Engine.Context.Tests.dll" adapterTypeName="executor://xunit/VsTestRunner2/netcoreapp" className="Engine.Context.Tests.ChangeRpm.FromNATSTests" name="ShouldActivateActor" />
    </UnitTest>
    <UnitTest name="Engine.Context.Tests.Initialize.ToRedisListTests.ShouldResolveExchange" storage="/home/rl/work/github.com/discomco/dot-cart/examples/car/engine.context.tests/bin/debug/net7.0/engine.context.tests.dll" id="cd50a611-7def-9b1a-80a1-911ca45a3873">
      <Execution id="e2327f6a-8300-48bd-851a-e38dae155441" />
      <TestMethod codeBase="/home/rl/work/github.com/discomco/dot-cart/examples/car/Engine.Context.Tests/bin/Debug/net7.0/Engine.Context.Tests.dll" adapterTypeName="executor://xunit/VsTestRunner2/netcoreapp" className="Engine.Context.Tests.Initialize.ToRedisListTests" name="ShouldResolveExchange" />
    </UnitTest>
    <UnitTest name="Engine.Context.Tests.ChangeRpm.SpokeTests.ShouldResolveSpokeBuilder" storage="/home/rl/work/github.com/discomco/dot-cart/examples/car/engine.context.tests/bin/debug/net7.0/engine.context.tests.dll" id="b1263708-386a-f315-46a8-3d99346f5193">
      <Execution id="8f60f1ef-a1c0-4b58-9eae-a90b79172db3" />
      <TestMethod codeBase="/home/rl/work/github.com/discomco/dot-cart/examples/car/Engine.Context.Tests/bin/Debug/net7.0/Engine.Context.Tests.dll" adapterTypeName="executor://xunit/VsTestRunner2/netcoreapp" className="Engine.Context.Tests.ChangeRpm.SpokeTests" name="ShouldResolveSpokeBuilder" />
    </UnitTest>
    <UnitTest name="Engine.Context.Tests.ChangeDetails.SpokeTests.ShouldResolveEmptySpoke" storage="/home/rl/work/github.com/discomco/dot-cart/examples/car/engine.context.tests/bin/debug/net7.0/engine.context.tests.dll" id="60101fd9-4ad7-8de9-c527-c091b9fcc1bd">
      <Execution id="e6377291-344b-4934-876b-fb437da6fd81" />
      <TestMethod codeBase="/home/rl/work/github.com/discomco/dot-cart/examples/car/Engine.Context.Tests/bin/Debug/net7.0/Engine.Context.Tests.dll" adapterTypeName="executor://xunit/VsTestRunner2/netcoreapp" className="Engine.Context.Tests.ChangeDetails.SpokeTests" name="ShouldResolveEmptySpoke" />
    </UnitTest>
    <UnitTest name="Engine.Context.Tests.Stop.CmdHandlerTests.ShouldResolveStateCtor" storage="/home/rl/work/github.com/discomco/dot-cart/examples/car/engine.context.tests/bin/debug/net7.0/engine.context.tests.dll" id="34d3bf8d-beb6-f0f3-ce54-3bb09a82f53b">
      <Execution id="27c52d9d-9f9b-45b5-98f7-83a38f5b4c4f" />
      <TestMethod codeBase="/home/rl/work/github.com/discomco/dot-cart/examples/car/Engine.Context.Tests/bin/Debug/net7.0/Engine.Context.Tests.dll" adapterTypeName="executor://xunit/VsTestRunner2/netcoreapp" className="Engine.Context.Tests.Stop.CmdHandlerTests" name="ShouldResolveStateCtor" />
    </UnitTest>
    <UnitTest name="Engine.Context.Tests.Stop.FromNATSTests.ShouldResolveHope2Cmd" storage="/home/rl/work/github.com/discomco/dot-cart/examples/car/engine.context.tests/bin/debug/net7.0/engine.context.tests.dll" id="879fae1b-a472-bde4-db52-af276490b53f">
      <Execution id="dd1267ac-bc50-4aba-ad32-926c28760557" />
      <TestMethod codeBase="/home/rl/work/github.com/discomco/dot-cart/examples/car/Engine.Context.Tests/bin/Debug/net7.0/Engine.Context.Tests.dll" adapterTypeName="executor://xunit/VsTestRunner2/netcoreapp" className="Engine.Context.Tests.Stop.FromNATSTests" name="ShouldResolveHope2Cmd" />
    </UnitTest>
    <UnitTest name="Engine.Context.Tests.Initialize.CmdHandlerTests.ShouldHandleCmd" storage="/home/rl/work/github.com/discomco/dot-cart/examples/car/engine.context.tests/bin/debug/net7.0/engine.context.tests.dll" id="19951ce4-6d3d-6345-ae52-a15dc5194ed6">
      <Execution id="32cb0b64-3e66-4cc6-aa11-d3959d98fd99" />
      <TestMethod codeBase="/home/rl/work/github.com/discomco/dot-cart/examples/car/Engine.Context.Tests/bin/Debug/net7.0/Engine.Context.Tests.dll" adapterTypeName="executor://xunit/VsTestRunner2/netcoreapp" className="Engine.Context.Tests.Initialize.CmdHandlerTests" name="ShouldHandleCmd" />
    </UnitTest>
    <UnitTest name="Engine.Context.Tests.Initialize.CmdHandlerTests.ShouldResolveDifferentHandlers" storage="/home/rl/work/github.com/discomco/dot-cart/examples/car/engine.context.tests/bin/debug/net7.0/engine.context.tests.dll" id="e80bcae7-ae3a-a50f-b561-d413d4ddb329">
      <Execution id="bfa45386-d8d5-42b0-9ec1-70f2c773f0da" />
      <TestMethod codeBase="/home/rl/work/github.com/discomco/dot-cart/examples/car/Engine.Context.Tests/bin/Debug/net7.0/Engine.Context.Tests.dll" adapterTypeName="executor://xunit/VsTestRunner2/netcoreapp" className="Engine.Context.Tests.Initialize.CmdHandlerTests" name="ShouldResolveDifferentHandlers" />
    </UnitTest>
    <UnitTest name="Engine.Context.Tests.Initialize.ToRedisListTests.ShouldTestAndTProjectionHaveSameAttribute" storage="/home/rl/work/github.com/discomco/dot-cart/examples/car/engine.context.tests/bin/debug/net7.0/engine.context.tests.dll" id="ce20fd5e-8f69-c3ae-59d3-2cbf4cbd4740">
      <Execution id="618bcf0e-e97f-4df7-b57c-7f8a7930cb11" />
      <TestMethod codeBase="/home/rl/work/github.com/discomco/dot-cart/examples/car/Engine.Context.Tests/bin/Debug/net7.0/Engine.Context.Tests.dll" adapterTypeName="executor://xunit/VsTestRunner2/netcoreapp" className="Engine.Context.Tests.Initialize.ToRedisListTests" name="ShouldTestAndTProjectionHaveSameAttribute" />
    </UnitTest>
    <UnitTest name="Engine.Context.Tests.Initialize.HopePipeBuilderTests.ShouldContainSteps" storage="/home/rl/work/github.com/discomco/dot-cart/examples/car/engine.context.tests/bin/debug/net7.0/engine.context.tests.dll" id="0c257a8f-b96f-1fcd-aba7-c3f4cc3fb30d">
      <Execution id="b182dc4c-8cca-47d4-a1c9-d719bf4d8dca" />
      <TestMethod codeBase="/home/rl/work/github.com/discomco/dot-cart/examples/car/Engine.Context.Tests/bin/Debug/net7.0/Engine.Context.Tests.dll" adapterTypeName="executor://xunit/VsTestRunner2/netcoreapp" className="Engine.Context.Tests.Initialize.HopePipeBuilderTests" name="ShouldContainSteps" />
    </UnitTest>
    <UnitTest name="Engine.Context.Tests.Initialize.ToRedisListTests.ShouldTestHaveDocIdAttribute" storage="/home/rl/work/github.com/discomco/dot-cart/examples/car/engine.context.tests/bin/debug/net7.0/engine.context.tests.dll" id="984447af-6e8d-8b3b-593c-b5dc7908d3ca">
      <Execution id="1e78c03d-65a8-42d7-9467-f5fe646759b8" />
      <TestMethod codeBase="/home/rl/work/github.com/discomco/dot-cart/examples/car/Engine.Context.Tests/bin/Debug/net7.0/Engine.Context.Tests.dll" adapterTypeName="executor://xunit/VsTestRunner2/netcoreapp" className="Engine.Context.Tests.Initialize.ToRedisListTests" name="ShouldTestHaveDocIdAttribute" />
    </UnitTest>
    <UnitTest name="Engine.Context.Tests.ChangeDetails.ToRedisDocTests.ShouldHaveDbNameAttribute" storage="/home/rl/work/github.com/discomco/dot-cart/examples/car/engine.context.tests/bin/debug/net7.0/engine.context.tests.dll" id="bd9be6f9-deaa-d363-9bc7-ef6e233a9791">
      <Execution id="34744e2d-f896-40ce-b198-2db65f9e5706" />
      <TestMethod codeBase="/home/rl/work/github.com/discomco/dot-cart/examples/car/Engine.Context.Tests/bin/Debug/net7.0/Engine.Context.Tests.dll" adapterTypeName="executor://xunit/VsTestRunner2/netcoreapp" className="Engine.Context.Tests.ChangeDetails.ToRedisDocTests" name="ShouldHaveDbNameAttribute" />
    </UnitTest>
    <UnitTest name="Engine.Context.Tests.ChangeRpm.ToEventStoreTestsT.ShouldResolveAggregateStore" storage="/home/rl/work/github.com/discomco/dot-cart/examples/car/engine.context.tests/bin/debug/net7.0/engine.context.tests.dll" id="b71802e4-77bc-90b2-5c1a-94bb7a201354">
      <Execution id="4376108d-e3f7-46b7-8310-f8533f83b3c9" />
      <TestMethod codeBase="/home/rl/work/github.com/discomco/dot-cart/examples/car/Engine.Context.Tests/bin/Debug/net7.0/Engine.Context.Tests.dll" adapterTypeName="executor://xunit/VsTestRunner2/netcoreapp" className="Engine.Context.Tests.ChangeRpm.ToEventStoreTestsT" name="ShouldResolveAggregateStore" />
    </UnitTest>
    <UnitTest name="Engine.Context.Tests.ChangeDetails.CmdHandlerTests.ShouldResolveIDCtor" storage="/home/rl/work/github.com/discomco/dot-cart/examples/car/engine.context.tests/bin/debug/net7.0/engine.context.tests.dll" id="f9a0c327-c7ba-2349-fe58-962bd2c90d30">
      <Execution id="fb176213-140e-46e4-a623-ff401289d5df" />
      <TestMethod codeBase="/home/rl/work/github.com/discomco/dot-cart/examples/car/Engine.Context.Tests/bin/Debug/net7.0/Engine.Context.Tests.dll" adapterTypeName="executor://xunit/VsTestRunner2/netcoreapp" className="Engine.Context.Tests.ChangeDetails.CmdHandlerTests" name="ShouldResolveIDCtor" />
    </UnitTest>
    <UnitTest name="Engine.Context.Tests.Start.ToRedisListTests.ShouldTProjectionHaveDocIdAttribute" storage="/home/rl/work/github.com/discomco/dot-cart/examples/car/engine.context.tests/bin/debug/net7.0/engine.context.tests.dll" id="0a530d2a-bdd6-afb3-3da6-34acf6d1e00c">
      <Execution id="3ed1631c-e248-4ea7-ae6e-3a52385aac38" />
      <TestMethod codeBase="/home/rl/work/github.com/discomco/dot-cart/examples/car/Engine.Context.Tests/bin/Debug/net7.0/Engine.Context.Tests.dll" adapterTypeName="executor://xunit/VsTestRunner2/netcoreapp" className="Engine.Context.Tests.Start.ToRedisListTests" name="ShouldTProjectionHaveDocIdAttribute" />
    </UnitTest>
    <UnitTest name="Engine.Context.Tests.Start.ToRedisListTests.ShouldResolveEvt2State" storage="/home/rl/work/github.com/discomco/dot-cart/examples/car/engine.context.tests/bin/debug/net7.0/engine.context.tests.dll" id="5002eadf-0756-c0bb-ae55-5d7b7b75259d">
      <Execution id="fd8d524f-2cfe-49b3-8cb5-602042ea423b" />
      <TestMethod codeBase="/home/rl/work/github.com/discomco/dot-cart/examples/car/Engine.Context.Tests/bin/Debug/net7.0/Engine.Context.Tests.dll" adapterTypeName="executor://xunit/VsTestRunner2/netcoreapp" className="Engine.Context.Tests.Start.ToRedisListTests" name="ShouldResolveEvt2State" />
    </UnitTest>
    <UnitTest name="Engine.Context.Tests.ChangeDetails.FromRabbitMqRetroTests.ShouldBeNamedActor" storage="/home/rl/work/github.com/discomco/dot-cart/examples/car/engine.context.tests/bin/debug/net7.0/engine.context.tests.dll" id="dad22510-0df0-727c-616e-9d3aef9edc74">
      <Execution id="813846f7-a416-4cf2-ae48-26ce6936adbb" />
      <TestMethod codeBase="/home/rl/work/github.com/discomco/dot-cart/examples/car/Engine.Context.Tests/bin/Debug/net7.0/Engine.Context.Tests.dll" adapterTypeName="executor://xunit/VsTestRunner2/netcoreapp" className="Engine.Context.Tests.ChangeDetails.FromRabbitMqRetroTests" name="ShouldBeNamedActor" />
    </UnitTest>
    <UnitTest name="Engine.Context.Tests.Stop.ToRedisDocTests.ShouldResolveProjection" storage="/home/rl/work/github.com/discomco/dot-cart/examples/car/engine.context.tests/bin/debug/net7.0/engine.context.tests.dll" id="9dc67e0f-42c4-252d-004a-f29324939363">
      <Execution id="36b886c2-7fd0-4ee5-b28f-084e26d6bdae" />
      <TestMethod codeBase="/home/rl/work/github.com/discomco/dot-cart/examples/car/Engine.Context.Tests/bin/Debug/net7.0/Engine.Context.Tests.dll" adapterTypeName="executor://xunit/VsTestRunner2/netcoreapp" className="Engine.Context.Tests.Stop.ToRedisDocTests" name="ShouldResolveProjection" />
    </UnitTest>
    <UnitTest name="Engine.Context.Tests.Initialize.HopePipeBuilderTests.ShouldExecuteAsync" storage="/home/rl/work/github.com/discomco/dot-cart/examples/car/engine.context.tests/bin/debug/net7.0/engine.context.tests.dll" id="3b1b2e74-a78f-9783-e991-ad977af479b2">
      <Execution id="aaa7d0f5-e933-4ef5-b998-95fa179529fd" />
      <TestMethod codeBase="/home/rl/work/github.com/discomco/dot-cart/examples/car/Engine.Context.Tests/bin/Debug/net7.0/Engine.Context.Tests.dll" adapterTypeName="executor://xunit/VsTestRunner2/netcoreapp" className="Engine.Context.Tests.Initialize.HopePipeBuilderTests" name="ShouldExecuteAsync" />
    </UnitTest>
    <UnitTest name="Engine.Context.Tests.ChangeDetails.ToEventStoreTestsT.ShouldResolveAggregateStore" storage="/home/rl/work/github.com/discomco/dot-cart/examples/car/engine.context.tests/bin/debug/net7.0/engine.context.tests.dll" id="b3486112-aba8-5c16-71c9-75e25fc7bbe0">
      <Execution id="ff8c9b91-edea-4ee9-85fd-8e61ed21ef1e" />
      <TestMethod codeBase="/home/rl/work/github.com/discomco/dot-cart/examples/car/Engine.Context.Tests/bin/Debug/net7.0/Engine.Context.Tests.dll" adapterTypeName="executor://xunit/VsTestRunner2/netcoreapp" className="Engine.Context.Tests.ChangeDetails.ToEventStoreTestsT" name="ShouldResolveAggregateStore" />
    </UnitTest>
    <UnitTest name="Engine.Context.Tests.Initialize.ToRedisListTests.ShouldHaveDbNameAttribute" storage="/home/rl/work/github.com/discomco/dot-cart/examples/car/engine.context.tests/bin/debug/net7.0/engine.context.tests.dll" id="c15eeed6-6922-147d-d961-c73282b5c1e2">
      <Execution id="a8254837-2fc4-4217-85e8-f34a37b97e9a" />
      <TestMethod codeBase="/home/rl/work/github.com/discomco/dot-cart/examples/car/Engine.Context.Tests/bin/Debug/net7.0/Engine.Context.Tests.dll" adapterTypeName="executor://xunit/VsTestRunner2/netcoreapp" className="Engine.Context.Tests.Initialize.ToRedisListTests" name="ShouldHaveDbNameAttribute" />
    </UnitTest>
    <UnitTest name="Engine.Context.Tests.ChangeDetails.ToEventStoreTestsT.ShouldResolveEvt2Fact" storage="/home/rl/work/github.com/discomco/dot-cart/examples/car/engine.context.tests/bin/debug/net7.0/engine.context.tests.dll" id="1fdf3b15-f46b-a7fb-bf04-a2f980903b4b">
      <Execution id="377e802a-88b6-4058-8149-fa2ad1f8dd99" />
      <TestMethod codeBase="/home/rl/work/github.com/discomco/dot-cart/examples/car/Engine.Context.Tests/bin/Debug/net7.0/Engine.Context.Tests.dll" adapterTypeName="executor://xunit/VsTestRunner2/netcoreapp" className="Engine.Context.Tests.ChangeDetails.ToEventStoreTestsT" name="ShouldResolveEvt2Fact" />
    </UnitTest>
    <UnitTest name="Engine.Context.Tests.EngineProjectionInfoTests.ShouldHaveIDPrefix" storage="/home/rl/work/github.com/discomco/dot-cart/examples/car/engine.context.tests/bin/debug/net7.0/engine.context.tests.dll" id="50352127-2243-683a-93ec-980bf5ed14de">
      <Execution id="b9f60a60-7f9f-4718-829f-c88a625f5700" />
      <TestMethod codeBase="/home/rl/work/github.com/discomco/dot-cart/examples/car/Engine.Context.Tests/bin/Debug/net7.0/Engine.Context.Tests.dll" adapterTypeName="executor://xunit/VsTestRunner2/netcoreapp" className="Engine.Context.Tests.EngineProjectionInfoTests" name="ShouldHaveIDPrefix" />
    </UnitTest>
    <UnitTest name="Engine.Context.Tests.ChangeDetails.ToEventStoreTestsT.ShouldResolveAggregateBuilder" storage="/home/rl/work/github.com/discomco/dot-cart/examples/car/engine.context.tests/bin/debug/net7.0/engine.context.tests.dll" id="c6879c3e-1dd4-8d9c-b7b1-1ddb5dd6521d">
      <Execution id="144c3e1a-3f8b-4160-9b87-0de0499a9d74" />
      <TestMethod codeBase="/home/rl/work/github.com/discomco/dot-cart/examples/car/Engine.Context.Tests/bin/Debug/net7.0/Engine.Context.Tests.dll" adapterTypeName="executor://xunit/VsTestRunner2/netcoreapp" className="Engine.Context.Tests.ChangeDetails.ToEventStoreTestsT" name="ShouldResolveAggregateBuilder" />
    </UnitTest>
    <UnitTest name="Engine.Context.Tests.Start.ToRabbitMqTests.ShouldResolveExchange" storage="/home/rl/work/github.com/discomco/dot-cart/examples/car/engine.context.tests/bin/debug/net7.0/engine.context.tests.dll" id="4bd08abe-a741-6352-619e-353c95f1dd42">
      <Execution id="f1621ada-e405-4975-b3af-22640de52601" />
      <TestMethod codeBase="/home/rl/work/github.com/discomco/dot-cart/examples/car/Engine.Context.Tests/bin/Debug/net7.0/Engine.Context.Tests.dll" adapterTypeName="executor://xunit/VsTestRunner2/netcoreapp" className="Engine.Context.Tests.Start.ToRabbitMqTests" name="ShouldResolveExchange" />
    </UnitTest>
    <UnitTest name="Engine.Context.Tests.Start.ToRedisListTests.ShouldHaveNameAttribute" storage="/home/rl/work/github.com/discomco/dot-cart/examples/car/engine.context.tests/bin/debug/net7.0/engine.context.tests.dll" id="86178e4f-769d-f794-a89f-acf21032fe6a">
      <Execution id="ce999f1c-1b20-4d79-bdd9-58996ea54fcd" />
      <TestMethod codeBase="/home/rl/work/github.com/discomco/dot-cart/examples/car/Engine.Context.Tests/bin/Debug/net7.0/Engine.Context.Tests.dll" adapterTypeName="executor://xunit/VsTestRunner2/netcoreapp" className="Engine.Context.Tests.Start.ToRedisListTests" name="ShouldHaveNameAttribute" />
    </UnitTest>
    <UnitTest name="Engine.Context.Tests.Initialize.HopePipeBuilderTests.ShouldHaveName" storage="/home/rl/work/github.com/discomco/dot-cart/examples/car/engine.context.tests/bin/debug/net7.0/engine.context.tests.dll" id="12d67061-3d57-2db0-0e23-ab29b989c553">
      <Execution id="36d0a68b-5be6-4953-a6c4-a4b3ca95a3b9" />
      <TestMethod codeBase="/home/rl/work/github.com/discomco/dot-cart/examples/car/Engine.Context.Tests/bin/Debug/net7.0/Engine.Context.Tests.dll" adapterTypeName="executor://xunit/VsTestRunner2/netcoreapp" className="Engine.Context.Tests.Initialize.HopePipeBuilderTests" name="ShouldHaveName" />
    </UnitTest>
    <UnitTest name="Engine.Context.Tests.ChangeDetails.HopePipeBuilderTests.ShouldContainSteps" storage="/home/rl/work/github.com/discomco/dot-cart/examples/car/engine.context.tests/bin/debug/net7.0/engine.context.tests.dll" id="8b6e7e73-f0ba-1943-e4b4-6047d001a9e3">
      <Execution id="ddd90493-79b0-4c82-9426-fbcef05fef29" />
      <TestMethod codeBase="/home/rl/work/github.com/discomco/dot-cart/examples/car/Engine.Context.Tests/bin/Debug/net7.0/Engine.Context.Tests.dll" adapterTypeName="executor://xunit/VsTestRunner2/netcoreapp" className="Engine.Context.Tests.ChangeDetails.HopePipeBuilderTests" name="ShouldContainSteps" />
    </UnitTest>
    <UnitTest name="Engine.Context.Tests.Stop.ToRabbitMqTests.ShouldActivateActor" storage="/home/rl/work/github.com/discomco/dot-cart/examples/car/engine.context.tests/bin/debug/net7.0/engine.context.tests.dll" id="df721678-683a-f542-eea7-7787eb89e634">
      <Execution id="24b0080c-6bf4-4f9c-abf4-9596c2fd6cd0" />
      <TestMethod codeBase="/home/rl/work/github.com/discomco/dot-cart/examples/car/Engine.Context.Tests/bin/Debug/net7.0/Engine.Context.Tests.dll" adapterTypeName="executor://xunit/VsTestRunner2/netcoreapp" className="Engine.Context.Tests.Stop.ToRabbitMqTests" name="ShouldActivateActor" />
    </UnitTest>
    <UnitTest name="Engine.Context.Tests.Stop.ToRedisListTests.ShouldResolveReadModelStore" storage="/home/rl/work/github.com/discomco/dot-cart/examples/car/engine.context.tests/bin/debug/net7.0/engine.context.tests.dll" id="ea11e43f-988a-ece8-a2e9-ecfa1070a55f">
      <Execution id="692bdcfe-5230-46b0-b802-6c334828be5f" />
      <TestMethod codeBase="/home/rl/work/github.com/discomco/dot-cart/examples/car/Engine.Context.Tests/bin/Debug/net7.0/Engine.Context.Tests.dll" adapterTypeName="executor://xunit/VsTestRunner2/netcoreapp" className="Engine.Context.Tests.Stop.ToRedisListTests" name="ShouldResolveReadModelStore" />
    </UnitTest>
    <UnitTest name="Engine.Context.Tests.Stop.ToRedisDocTests.ShouldPayloadHaveFactTopic" storage="/home/rl/work/github.com/discomco/dot-cart/examples/car/engine.context.tests/bin/debug/net7.0/engine.context.tests.dll" id="37eb0347-6fae-fcaf-e83e-92828477490f">
      <Execution id="0791c689-e5c4-4b40-88b2-76684ec0f51f" />
      <TestMethod codeBase="/home/rl/work/github.com/discomco/dot-cart/examples/car/Engine.Context.Tests/bin/Debug/net7.0/Engine.Context.Tests.dll" adapterTypeName="executor://xunit/VsTestRunner2/netcoreapp" className="Engine.Context.Tests.Stop.ToRedisDocTests" name="ShouldPayloadHaveFactTopic" />
    </UnitTest>
    <UnitTest name="Engine.Context.Tests.ChangeRpm.ToRedisListTests.ShouldResolveExchange" storage="/home/rl/work/github.com/discomco/dot-cart/examples/car/engine.context.tests/bin/debug/net7.0/engine.context.tests.dll" id="f19ca677-fcc1-8d4f-b581-effb3e106d0e">
      <Execution id="9dc6e675-73d2-4b5f-af3b-0f5cb1f4dfb7" />
      <TestMethod codeBase="/home/rl/work/github.com/discomco/dot-cart/examples/car/Engine.Context.Tests/bin/Debug/net7.0/Engine.Context.Tests.dll" adapterTypeName="executor://xunit/VsTestRunner2/netcoreapp" className="Engine.Context.Tests.ChangeRpm.ToRedisListTests" name="ShouldResolveExchange" />
    </UnitTest>
    <UnitTest name="Engine.Context.Tests.ChangeDetails.CmdHandlerTests.ShouldCreateCmd" storage="/home/rl/work/github.com/discomco/dot-cart/examples/car/engine.context.tests/bin/debug/net7.0/engine.context.tests.dll" id="50f633eb-39d6-ff54-80f4-6fe5668baa21">
      <Execution id="f7d96947-ca1b-41f7-b43e-6d70233108ca" />
      <TestMethod codeBase="/home/rl/work/github.com/discomco/dot-cart/examples/car/Engine.Context.Tests/bin/Debug/net7.0/Engine.Context.Tests.dll" adapterTypeName="executor://xunit/VsTestRunner2/netcoreapp" className="Engine.Context.Tests.ChangeDetails.CmdHandlerTests" name="ShouldCreateCmd" />
    </UnitTest>
    <UnitTest name="Engine.Context.Tests.ChangeDetails.HopePipeBuilderTests.ShouldOnlyContainDistinctSteps" storage="/home/rl/work/github.com/discomco/dot-cart/examples/car/engine.context.tests/bin/debug/net7.0/engine.context.tests.dll" id="f5781f56-64df-af44-17cf-cacd914f0baa">
      <Execution id="067b4b63-9650-4e3c-b52c-732bb4771cad" />
      <TestMethod codeBase="/home/rl/work/github.com/discomco/dot-cart/examples/car/Engine.Context.Tests/bin/Debug/net7.0/Engine.Context.Tests.dll" adapterTypeName="executor://xunit/VsTestRunner2/netcoreapp" className="Engine.Context.Tests.ChangeDetails.HopePipeBuilderTests" name="ShouldOnlyContainDistinctSteps" />
    </UnitTest>
    <UnitTest name="Engine.Context.Tests.ChangeDetails.FromNATSTests.ShouldResolveExchange" storage="/home/rl/work/github.com/discomco/dot-cart/examples/car/engine.context.tests/bin/debug/net7.0/engine.context.tests.dll" id="12edbe7a-f544-91b7-b85e-b0677a88da47">
      <Execution id="5931c974-a0a4-48b1-a39d-7c9717f85b36" />
      <TestMethod codeBase="/home/rl/work/github.com/discomco/dot-cart/examples/car/Engine.Context.Tests/bin/Debug/net7.0/Engine.Context.Tests.dll" adapterTypeName="executor://xunit/VsTestRunner2/netcoreapp" className="Engine.Context.Tests.ChangeDetails.FromNATSTests" name="ShouldResolveExchange" />
    </UnitTest>
    <UnitTest name="Engine.Context.Tests.Stop.FromRabbitMqRetroTests.ShouldActivateActor" storage="/home/rl/work/github.com/discomco/dot-cart/examples/car/engine.context.tests/bin/debug/net7.0/engine.context.tests.dll" id="ab164e58-836b-596b-9111-239f40283ab6">
      <Execution id="a0291654-cb55-49d0-96b2-3e2b21ee257c" />
      <TestMethod codeBase="/home/rl/work/github.com/discomco/dot-cart/examples/car/Engine.Context.Tests/bin/Debug/net7.0/Engine.Context.Tests.dll" adapterTypeName="executor://xunit/VsTestRunner2/netcoreapp" className="Engine.Context.Tests.Stop.FromRabbitMqRetroTests" name="ShouldActivateActor" />
    </UnitTest>
    <UnitTest name="Engine.Context.Tests.ChangeDetails.CmdHandlerTests.ShouldResolvePayloadCtor" storage="/home/rl/work/github.com/discomco/dot-cart/examples/car/engine.context.tests/bin/debug/net7.0/engine.context.tests.dll" id="46d74258-747b-201d-0e4a-64dd8d446be5">
      <Execution id="229c2869-c728-4dda-b6b2-bb89f1b29286" />
      <TestMethod codeBase="/home/rl/work/github.com/discomco/dot-cart/examples/car/Engine.Context.Tests/bin/Debug/net7.0/Engine.Context.Tests.dll" adapterTypeName="executor://xunit/VsTestRunner2/netcoreapp" className="Engine.Context.Tests.ChangeDetails.CmdHandlerTests" name="ShouldResolvePayloadCtor" />
    </UnitTest>
    <UnitTest name="Engine.Context.Tests.Start.CmdHandlerTests.ShouldHandleCmd" storage="/home/rl/work/github.com/discomco/dot-cart/examples/car/engine.context.tests/bin/debug/net7.0/engine.context.tests.dll" id="9ab6fb1a-80ad-900d-7d06-c4c33c42522a">
      <Execution id="abbad3af-a586-4b0f-b8f4-0336a3e8c3b1" />
      <TestMethod codeBase="/home/rl/work/github.com/discomco/dot-cart/examples/car/Engine.Context.Tests/bin/Debug/net7.0/Engine.Context.Tests.dll" adapterTypeName="executor://xunit/VsTestRunner2/netcoreapp" className="Engine.Context.Tests.Start.CmdHandlerTests" name="ShouldHandleCmd" />
    </UnitTest>
    <UnitTest name="Engine.Context.Tests.Initialize.FromNATSTests.ShouldActivateActor" storage="/home/rl/work/github.com/discomco/dot-cart/examples/car/engine.context.tests/bin/debug/net7.0/engine.context.tests.dll" id="5198ab0f-743c-2a58-99c8-104c4678ad86">
      <Execution id="e1ad5645-d015-4622-8e6b-4b24789d81f9" />
      <TestMethod codeBase="/home/rl/work/github.com/discomco/dot-cart/examples/car/Engine.Context.Tests/bin/Debug/net7.0/Engine.Context.Tests.dll" adapterTypeName="executor://xunit/VsTestRunner2/netcoreapp" className="Engine.Context.Tests.Initialize.FromNATSTests" name="ShouldActivateActor" />
    </UnitTest>
    <UnitTest name="Engine.Context.Tests.Start.CmdHandlerTests.ShouldResolveDifferentHandlers" storage="/home/rl/work/github.com/discomco/dot-cart/examples/car/engine.context.tests/bin/debug/net7.0/engine.context.tests.dll" id="10fc6b57-d051-f80a-c369-d84de83c3eec">
      <Execution id="30de12c7-c8d6-4ab0-ad9f-673f2ae1284f" />
      <TestMethod codeBase="/home/rl/work/github.com/discomco/dot-cart/examples/car/Engine.Context.Tests/bin/Debug/net7.0/Engine.Context.Tests.dll" adapterTypeName="executor://xunit/VsTestRunner2/netcoreapp" className="Engine.Context.Tests.Start.CmdHandlerTests" name="ShouldResolveDifferentHandlers" />
    </UnitTest>
    <UnitTest name="Engine.Context.Tests.ChangeRpm.HopePipeBuilderTests.ShouldBuildPipe" storage="/home/rl/work/github.com/discomco/dot-cart/examples/car/engine.context.tests/bin/debug/net7.0/engine.context.tests.dll" id="f2815857-3b89-0b1a-465f-96b1c811a49c">
      <Execution id="05ceaa2a-1b52-4928-97b5-20db7ce35be2" />
      <TestMethod codeBase="/home/rl/work/github.com/discomco/dot-cart/examples/car/Engine.Context.Tests/bin/Debug/net7.0/Engine.Context.Tests.dll" adapterTypeName="executor://xunit/VsTestRunner2/netcoreapp" className="Engine.Context.Tests.ChangeRpm.HopePipeBuilderTests" name="ShouldBuildPipe" />
    </UnitTest>
    <UnitTest name="Engine.Context.Tests.ChangeDetails.FromNATSTests.ShouldBeNamedActor" storage="/home/rl/work/github.com/discomco/dot-cart/examples/car/engine.context.tests/bin/debug/net7.0/engine.context.tests.dll" id="e7525e59-03e9-f004-ae3a-01666a88c723">
      <Execution id="dfea7cfb-f336-42a2-a219-86626d5ba25a" />
      <TestMethod codeBase="/home/rl/work/github.com/discomco/dot-cart/examples/car/Engine.Context.Tests/bin/Debug/net7.0/Engine.Context.Tests.dll" adapterTypeName="executor://xunit/VsTestRunner2/netcoreapp" className="Engine.Context.Tests.ChangeDetails.FromNATSTests" name="ShouldBeNamedActor" />
    </UnitTest>
    <UnitTest name="Engine.Context.Tests.ChangeDetails.FromNATSTests.ShouldResolveConnectionFactory" storage="/home/rl/work/github.com/discomco/dot-cart/examples/car/engine.context.tests/bin/debug/net7.0/engine.context.tests.dll" id="c57ed40e-dcb3-dc42-fafc-847e825e3cd4">
      <Execution id="2642d3c0-c3f6-4ce4-8ded-02bfd1ef1ec8" />
      <TestMethod codeBase="/home/rl/work/github.com/discomco/dot-cart/examples/car/Engine.Context.Tests/bin/Debug/net7.0/Engine.Context.Tests.dll" adapterTypeName="executor://xunit/VsTestRunner2/netcoreapp" className="Engine.Context.Tests.ChangeDetails.FromNATSTests" name="ShouldResolveConnectionFactory" />
    </UnitTest>
    <UnitTest name="Engine.Context.Tests.Stop.FromNATSTests.ShouldActivateActor" storage="/home/rl/work/github.com/discomco/dot-cart/examples/car/engine.context.tests/bin/debug/net7.0/engine.context.tests.dll" id="7b41ae6a-c201-b258-85bf-c45208285d16">
      <Execution id="b4ca60cc-46d4-4eea-b97f-074459f96897" />
      <TestMethod codeBase="/home/rl/work/github.com/discomco/dot-cart/examples/car/Engine.Context.Tests/bin/Debug/net7.0/Engine.Context.Tests.dll" adapterTypeName="executor://xunit/VsTestRunner2/netcoreapp" className="Engine.Context.Tests.Stop.FromNATSTests" name="ShouldActivateActor" />
    </UnitTest>
    <UnitTest name="Engine.Context.Tests.ChangeRpm.FromNATSTests.ShouldResolveConnectionFactory" storage="/home/rl/work/github.com/discomco/dot-cart/examples/car/engine.context.tests/bin/debug/net7.0/engine.context.tests.dll" id="8f82a482-b9b4-6263-6053-6285fadb8256">
      <Execution id="04a0f382-df9e-4a4c-b847-ab26b314ce22" />
      <TestMethod codeBase="/home/rl/work/github.com/discomco/dot-cart/examples/car/Engine.Context.Tests/bin/Debug/net7.0/Engine.Context.Tests.dll" adapterTypeName="executor://xunit/VsTestRunner2/netcoreapp" className="Engine.Context.Tests.ChangeRpm.FromNATSTests" name="ShouldResolveConnectionFactory" />
    </UnitTest>
    <UnitTest name="Engine.Context.Tests.Start.ToRedisDocTests.ShouldHaveDbNameAttribute" storage="/home/rl/work/github.com/discomco/dot-cart/examples/car/engine.context.tests/bin/debug/net7.0/engine.context.tests.dll" id="2e311b09-eaf1-8954-9082-f6036055d588">
      <Execution id="dd7a2f04-309f-43d4-926a-910c39cc8781" />
      <TestMethod codeBase="/home/rl/work/github.com/discomco/dot-cart/examples/car/Engine.Context.Tests/bin/Debug/net7.0/Engine.Context.Tests.dll" adapterTypeName="executor://xunit/VsTestRunner2/netcoreapp" className="Engine.Context.Tests.Start.ToRedisDocTests" name="ShouldHaveDbNameAttribute" />
    </UnitTest>
    <UnitTest name="Engine.Context.Tests.ChangeDetails.ToRedisListTests.ShouldResolveExchange" storage="/home/rl/work/github.com/discomco/dot-cart/examples/car/engine.context.tests/bin/debug/net7.0/engine.context.tests.dll" id="7156a6c6-f622-c1e6-b8e1-37da731b7915">
      <Execution id="f4e04385-a93e-42b4-85a6-698ffa63d545" />
      <TestMethod codeBase="/home/rl/work/github.com/discomco/dot-cart/examples/car/Engine.Context.Tests/bin/Debug/net7.0/Engine.Context.Tests.dll" adapterTypeName="executor://xunit/VsTestRunner2/netcoreapp" className="Engine.Context.Tests.ChangeDetails.ToRedisListTests" name="ShouldResolveExchange" />
    </UnitTest>
    <UnitTest name="Engine.Context.Tests.Initialize.FromRabbitMqRetroTests.ShouldBeNamedActor" storage="/home/rl/work/github.com/discomco/dot-cart/examples/car/engine.context.tests/bin/debug/net7.0/engine.context.tests.dll" id="a4c0c8e1-c000-32c5-3330-82d7f32e14a8">
      <Execution id="00be1ca7-168b-418c-ae6a-f32e6f44d22c" />
      <TestMethod codeBase="/home/rl/work/github.com/discomco/dot-cart/examples/car/Engine.Context.Tests/bin/Debug/net7.0/Engine.Context.Tests.dll" adapterTypeName="executor://xunit/VsTestRunner2/netcoreapp" className="Engine.Context.Tests.Initialize.FromRabbitMqRetroTests" name="ShouldBeNamedActor" />
    </UnitTest>
    <UnitTest name="Engine.Context.Tests.Initialize.ToRedisDocTests.ShouldResolveReadModelStore" storage="/home/rl/work/github.com/discomco/dot-cart/examples/car/engine.context.tests/bin/debug/net7.0/engine.context.tests.dll" id="1f64ac65-5965-65c3-7b32-24f84275c311">
      <Execution id="6a75b615-27f8-4a00-9d9e-35060b2b2bfa" />
      <TestMethod codeBase="/home/rl/work/github.com/discomco/dot-cart/examples/car/Engine.Context.Tests/bin/Debug/net7.0/Engine.Context.Tests.dll" adapterTypeName="executor://xunit/VsTestRunner2/netcoreapp" className="Engine.Context.Tests.Initialize.ToRedisDocTests" name="ShouldResolveReadModelStore" />
    </UnitTest>
    <UnitTest name="Engine.Context.Tests.ChangeDetails.HopePipeBuilderTests.ShouldBuildPipe" storage="/home/rl/work/github.com/discomco/dot-cart/examples/car/engine.context.tests/bin/debug/net7.0/engine.context.tests.dll" id="15217a5e-bfa6-7556-5140-79aa1cdecfca">
      <Execution id="adaaedbd-c495-483b-867b-372113955625" />
      <TestMethod codeBase="/home/rl/work/github.com/discomco/dot-cart/examples/car/Engine.Context.Tests/bin/Debug/net7.0/Engine.Context.Tests.dll" adapterTypeName="executor://xunit/VsTestRunner2/netcoreapp" className="Engine.Context.Tests.ChangeDetails.HopePipeBuilderTests" name="ShouldBuildPipe" />
    </UnitTest>
    <UnitTest name="Engine.Context.Tests.Initialize.ToRabbitMqTests.ShouldBeNamedActor" storage="/home/rl/work/github.com/discomco/dot-cart/examples/car/engine.context.tests/bin/debug/net7.0/engine.context.tests.dll" id="176624f8-6b41-4344-e6ce-5b51bc0864de">
      <Execution id="cb050a5d-f173-4043-93ff-eff80c535415" />
      <TestMethod codeBase="/home/rl/work/github.com/discomco/dot-cart/examples/car/Engine.Context.Tests/bin/Debug/net7.0/Engine.Context.Tests.dll" adapterTypeName="executor://xunit/VsTestRunner2/netcoreapp" className="Engine.Context.Tests.Initialize.ToRabbitMqTests" name="ShouldBeNamedActor" />
    </UnitTest>
    <UnitTest name="Engine.Context.Tests.ChangeRpm.FromNATSTests.ShouldResolveHope2Cmd" storage="/home/rl/work/github.com/discomco/dot-cart/examples/car/engine.context.tests/bin/debug/net7.0/engine.context.tests.dll" id="e7102b75-cc76-ba9d-a6a8-f09ce2c9891a">
      <Execution id="9e1d0d0e-facf-492d-863f-a37bc4e47884" />
      <TestMethod codeBase="/home/rl/work/github.com/discomco/dot-cart/examples/car/Engine.Context.Tests/bin/Debug/net7.0/Engine.Context.Tests.dll" adapterTypeName="executor://xunit/VsTestRunner2/netcoreapp" className="Engine.Context.Tests.ChangeRpm.FromNATSTests" name="ShouldResolveHope2Cmd" />
    </UnitTest>
    <UnitTest name="Engine.Context.Tests.Start.ToRedisDocTests.ShouldPayloadHaveFactTopic" storage="/home/rl/work/github.com/discomco/dot-cart/examples/car/engine.context.tests/bin/debug/net7.0/engine.context.tests.dll" id="01f19127-55f2-9b1c-d4a7-03df67ef8437">
      <Execution id="239271f3-f98b-40e7-97cd-2d6c69ab41eb" />
      <TestMethod codeBase="/home/rl/work/github.com/discomco/dot-cart/examples/car/Engine.Context.Tests/bin/Debug/net7.0/Engine.Context.Tests.dll" adapterTypeName="executor://xunit/VsTestRunner2/netcoreapp" className="Engine.Context.Tests.Start.ToRedisDocTests" name="ShouldPayloadHaveFactTopic" />
    </UnitTest>
    <UnitTest name="Engine.Context.Tests.ChangeDetails.ToRabbitMqTests.ShouldResolveExchange" storage="/home/rl/work/github.com/discomco/dot-cart/examples/car/engine.context.tests/bin/debug/net7.0/engine.context.tests.dll" id="3ea29434-976c-b1f9-5a68-4e42e5dce7e7">
      <Execution id="ce4d5977-b5e9-49cd-b1e1-f81bea6370b6" />
      <TestMethod codeBase="/home/rl/work/github.com/discomco/dot-cart/examples/car/Engine.Context.Tests/bin/Debug/net7.0/Engine.Context.Tests.dll" adapterTypeName="executor://xunit/VsTestRunner2/netcoreapp" className="Engine.Context.Tests.ChangeDetails.ToRabbitMqTests" name="ShouldResolveExchange" />
    </UnitTest>
    <UnitTest name="Engine.Context.Tests.Start.SpokeTests.ShouldResolveEmptySpoke" storage="/home/rl/work/github.com/discomco/dot-cart/examples/car/engine.context.tests/bin/debug/net7.0/engine.context.tests.dll" id="6a56e350-edb8-57b6-f476-c7c2dea48a96">
      <Execution id="03804a1d-3265-4a54-bb9d-e9b772187911" />
      <TestMethod codeBase="/home/rl/work/github.com/discomco/dot-cart/examples/car/Engine.Context.Tests/bin/Debug/net7.0/Engine.Context.Tests.dll" adapterTypeName="executor://xunit/VsTestRunner2/netcoreapp" className="Engine.Context.Tests.Start.SpokeTests" name="ShouldResolveEmptySpoke" />
    </UnitTest>
    <UnitTest name="Engine.Context.Tests.Initialize.CmdHandlerTests.ShouldResolveMetaCtor" storage="/home/rl/work/github.com/discomco/dot-cart/examples/car/engine.context.tests/bin/debug/net7.0/engine.context.tests.dll" id="f0d812c6-d18e-fd92-d15a-632d7d9c674b">
      <Execution id="d11d926c-fc6f-4b3e-bcf7-766f00bf7ce3" />
      <TestMethod codeBase="/home/rl/work/github.com/discomco/dot-cart/examples/car/Engine.Context.Tests/bin/Debug/net7.0/Engine.Context.Tests.dll" adapterTypeName="executor://xunit/VsTestRunner2/netcoreapp" className="Engine.Context.Tests.Initialize.CmdHandlerTests" name="ShouldResolveMetaCtor" />
    </UnitTest>
    <UnitTest name="Engine.Context.Tests.ChangeDetails.SpokeTests.ShouldResolveActors" storage="/home/rl/work/github.com/discomco/dot-cart/examples/car/engine.context.tests/bin/debug/net7.0/engine.context.tests.dll" id="91097077-0ce4-e342-d7c3-c25c44bcfa9b">
      <Execution id="bf96502e-e556-4bf4-9167-3283dd8e2e94" />
      <TestMethod codeBase="/home/rl/work/github.com/discomco/dot-cart/examples/car/Engine.Context.Tests/bin/Debug/net7.0/Engine.Context.Tests.dll" adapterTypeName="executor://xunit/VsTestRunner2/netcoreapp" className="Engine.Context.Tests.ChangeDetails.SpokeTests" name="ShouldResolveActors" />
    </UnitTest>
    <UnitTest name="Engine.Context.Tests.ChangeRpm.ToRedisListTests.ShouldTestHaveDocIdAttribute" storage="/home/rl/work/github.com/discomco/dot-cart/examples/car/engine.context.tests/bin/debug/net7.0/engine.context.tests.dll" id="c5f6b46a-d07f-dc51-592a-7591d8f18f28">
      <Execution id="2f5a4aaa-ac86-41b0-8edb-3d6e629796b8" />
      <TestMethod codeBase="/home/rl/work/github.com/discomco/dot-cart/examples/car/Engine.Context.Tests/bin/Debug/net7.0/Engine.Context.Tests.dll" adapterTypeName="executor://xunit/VsTestRunner2/netcoreapp" className="Engine.Context.Tests.ChangeRpm.ToRedisListTests" name="ShouldTestHaveDocIdAttribute" />
    </UnitTest>
    <UnitTest name="Engine.Context.Tests.ChangeDetails.ToRedisDocTests.ShouldResolveReadModelStore" storage="/home/rl/work/github.com/discomco/dot-cart/examples/car/engine.context.tests/bin/debug/net7.0/engine.context.tests.dll" id="2b6d4776-cbe5-9cb2-9f9a-0d38e5ea0574">
      <Execution id="30a49d67-f191-49db-af3e-477d0eab14d5" />
      <TestMethod codeBase="/home/rl/work/github.com/discomco/dot-cart/examples/car/Engine.Context.Tests/bin/Debug/net7.0/Engine.Context.Tests.dll" adapterTypeName="executor://xunit/VsTestRunner2/netcoreapp" className="Engine.Context.Tests.ChangeDetails.ToRedisDocTests" name="ShouldResolveReadModelStore" />
    </UnitTest>
    <UnitTest name="Engine.Context.Tests.Start.FromNATSTests.ShouldBeNamedActor" storage="/home/rl/work/github.com/discomco/dot-cart/examples/car/engine.context.tests/bin/debug/net7.0/engine.context.tests.dll" id="6277052f-bcec-558c-a20e-39926431a6b3">
      <Execution id="9501c9f9-6bbc-40e9-82aa-7b561a14a9e7" />
      <TestMethod codeBase="/home/rl/work/github.com/discomco/dot-cart/examples/car/Engine.Context.Tests/bin/Debug/net7.0/Engine.Context.Tests.dll" adapterTypeName="executor://xunit/VsTestRunner2/netcoreapp" className="Engine.Context.Tests.Start.FromNATSTests" name="ShouldBeNamedActor" />
    </UnitTest>
    <UnitTest name="Engine.Context.Tests.ChangeDetails.ToRedisListTests.ShouldSpokeHaveNameAttribute" storage="/home/rl/work/github.com/discomco/dot-cart/examples/car/engine.context.tests/bin/debug/net7.0/engine.context.tests.dll" id="5c81f082-93c5-d836-3f5f-28254bbbbe27">
      <Execution id="a306bca2-b666-45f4-8f99-b9f016235e8b" />
      <TestMethod codeBase="/home/rl/work/github.com/discomco/dot-cart/examples/car/Engine.Context.Tests/bin/Debug/net7.0/Engine.Context.Tests.dll" adapterTypeName="executor://xunit/VsTestRunner2/netcoreapp" className="Engine.Context.Tests.ChangeDetails.ToRedisListTests" name="ShouldSpokeHaveNameAttribute" />
    </UnitTest>
    <UnitTest name="Engine.Context.Tests.Start.ToRedisDocTests.ShouldSpokeHaveNameAttribute" storage="/home/rl/work/github.com/discomco/dot-cart/examples/car/engine.context.tests/bin/debug/net7.0/engine.context.tests.dll" id="d664e8b3-00ef-84d6-2fea-63d9eac9b86e">
      <Execution id="4381e7fb-7f14-44f9-83b3-a50f18d06bad" />
      <TestMethod codeBase="/home/rl/work/github.com/discomco/dot-cart/examples/car/Engine.Context.Tests/bin/Debug/net7.0/Engine.Context.Tests.dll" adapterTypeName="executor://xunit/VsTestRunner2/netcoreapp" className="Engine.Context.Tests.Start.ToRedisDocTests" name="ShouldSpokeHaveNameAttribute" />
    </UnitTest>
    <UnitTest name="Engine.Context.Tests.Stop.ToRabbitMqTests.ShouldResolveEvt2Fact" storage="/home/rl/work/github.com/discomco/dot-cart/examples/car/engine.context.tests/bin/debug/net7.0/engine.context.tests.dll" id="a8e38782-33f7-d120-c2b5-9b5a7c4fba38">
      <Execution id="45c4eaf0-212f-4b3e-a58f-983032eb20fd" />
      <TestMethod codeBase="/home/rl/work/github.com/discomco/dot-cart/examples/car/Engine.Context.Tests/bin/Debug/net7.0/Engine.Context.Tests.dll" adapterTypeName="executor://xunit/VsTestRunner2/netcoreapp" className="Engine.Context.Tests.Stop.ToRabbitMqTests" name="ShouldResolveEvt2Fact" />
    </UnitTest>
    <UnitTest name="Engine.Context.Tests.Stop.ToRabbitMqTests.ShouldResolveExchange" storage="/home/rl/work/github.com/discomco/dot-cart/examples/car/engine.context.tests/bin/debug/net7.0/engine.context.tests.dll" id="dc91629d-30a8-5f34-f751-d9c60f508995">
      <Execution id="46f977a1-ed1c-4874-bec5-26635cd1134a" />
      <TestMethod codeBase="/home/rl/work/github.com/discomco/dot-cart/examples/car/Engine.Context.Tests/bin/Debug/net7.0/Engine.Context.Tests.dll" adapterTypeName="executor://xunit/VsTestRunner2/netcoreapp" className="Engine.Context.Tests.Stop.ToRabbitMqTests" name="ShouldResolveExchange" />
    </UnitTest>
    <UnitTest name="Engine.Context.Tests.Stop.HopePipeBuilderTests.ShouldHaveName" storage="/home/rl/work/github.com/discomco/dot-cart/examples/car/engine.context.tests/bin/debug/net7.0/engine.context.tests.dll" id="f7b4d270-e7f8-95cc-3298-fda70b9affe8">
      <Execution id="5b9ff57b-e598-4d52-a64b-3f66a32c5962" />
      <TestMethod codeBase="/home/rl/work/github.com/discomco/dot-cart/examples/car/Engine.Context.Tests/bin/Debug/net7.0/Engine.Context.Tests.dll" adapterTypeName="executor://xunit/VsTestRunner2/netcoreapp" className="Engine.Context.Tests.Stop.HopePipeBuilderTests" name="ShouldHaveName" />
    </UnitTest>
    <UnitTest name="Engine.Context.Tests.Start.SpokeTests.ShouldBuildSpoke" storage="/home/rl/work/github.com/discomco/dot-cart/examples/car/engine.context.tests/bin/debug/net7.0/engine.context.tests.dll" id="7054ee7c-fcf1-73f3-61bd-4d44aedcc23c">
      <Execution id="730cef47-b024-4ccd-a2c0-12c63d221bae" />
      <TestMethod codeBase="/home/rl/work/github.com/discomco/dot-cart/examples/car/Engine.Context.Tests/bin/Debug/net7.0/Engine.Context.Tests.dll" adapterTypeName="executor://xunit/VsTestRunner2/netcoreapp" className="Engine.Context.Tests.Start.SpokeTests" name="ShouldBuildSpoke" />
    </UnitTest>
    <UnitTest name="Engine.Context.Tests.ChangeRpm.SpokeTests.ShouldResolveEmptySpoke" storage="/home/rl/work/github.com/discomco/dot-cart/examples/car/engine.context.tests/bin/debug/net7.0/engine.context.tests.dll" id="a564e6f9-7f14-cfc9-e5d6-3a90e223a530">
      <Execution id="f00a3925-5bfb-4941-8b61-6296bd5dddf9" />
      <TestMethod codeBase="/home/rl/work/github.com/discomco/dot-cart/examples/car/Engine.Context.Tests/bin/Debug/net7.0/Engine.Context.Tests.dll" adapterTypeName="executor://xunit/VsTestRunner2/netcoreapp" className="Engine.Context.Tests.ChangeRpm.SpokeTests" name="ShouldResolveEmptySpoke" />
    </UnitTest>
    <UnitTest name="Engine.Context.Tests.ChangeRpm.ToRedisDocTests.ShouldResolveReadModelStore" storage="/home/rl/work/github.com/discomco/dot-cart/examples/car/engine.context.tests/bin/debug/net7.0/engine.context.tests.dll" id="1e9b99ea-7ba7-05ac-1b17-77b9e9654314">
      <Execution id="4fc7fc3b-f926-4458-95b3-1aadd896a8e4" />
      <TestMethod codeBase="/home/rl/work/github.com/discomco/dot-cart/examples/car/Engine.Context.Tests/bin/Debug/net7.0/Engine.Context.Tests.dll" adapterTypeName="executor://xunit/VsTestRunner2/netcoreapp" className="Engine.Context.Tests.ChangeRpm.ToRedisDocTests" name="ShouldResolveReadModelStore" />
    </UnitTest>
    <UnitTest name="Engine.Context.Tests.ChangeDetails.ToRedisDocTests.ShouldSpokeHaveNameAttribute" storage="/home/rl/work/github.com/discomco/dot-cart/examples/car/engine.context.tests/bin/debug/net7.0/engine.context.tests.dll" id="c8e7e04a-e5ef-a4bd-7be4-f02cc820b2c8">
      <Execution id="a1dd1ac0-cff3-4484-a79f-79e75a897739" />
      <TestMethod codeBase="/home/rl/work/github.com/discomco/dot-cart/examples/car/Engine.Context.Tests/bin/Debug/net7.0/Engine.Context.Tests.dll" adapterTypeName="executor://xunit/VsTestRunner2/netcoreapp" className="Engine.Context.Tests.ChangeDetails.ToRedisDocTests" name="ShouldSpokeHaveNameAttribute" />
    </UnitTest>
    <UnitTest name="Engine.Context.Tests.Initialize.ToEventStoreTestsT.ShouldResolveExchange" storage="/home/rl/work/github.com/discomco/dot-cart/examples/car/engine.context.tests/bin/debug/net7.0/engine.context.tests.dll" id="f20f18b6-94d4-da31-66a5-9e44dc0e0c3b">
      <Execution id="9c83777b-a480-4690-a5d0-1dad4f97d13b" />
      <TestMethod codeBase="/home/rl/work/github.com/discomco/dot-cart/examples/car/Engine.Context.Tests/bin/Debug/net7.0/Engine.Context.Tests.dll" adapterTypeName="executor://xunit/VsTestRunner2/netcoreapp" className="Engine.Context.Tests.Initialize.ToEventStoreTestsT" name="ShouldResolveExchange" />
    </UnitTest>
    <UnitTest name="Engine.Context.Tests.Stop.ToRedisListTests.ShouldResolveEvt2State" storage="/home/rl/work/github.com/discomco/dot-cart/examples/car/engine.context.tests/bin/debug/net7.0/engine.context.tests.dll" id="fb591f86-3b99-dee9-180b-32f615b66a61">
      <Execution id="fcfdfeec-6aa6-4a6e-bdd1-9cc59170ec02" />
      <TestMethod codeBase="/home/rl/work/github.com/discomco/dot-cart/examples/car/Engine.Context.Tests/bin/Debug/net7.0/Engine.Context.Tests.dll" adapterTypeName="executor://xunit/VsTestRunner2/netcoreapp" className="Engine.Context.Tests.Stop.ToRedisListTests" name="ShouldResolveEvt2State" />
    </UnitTest>
    <UnitTest name="Engine.Context.Tests.Stop.CmdHandlerTests.ShouldResolveDifferentHandlers" storage="/home/rl/work/github.com/discomco/dot-cart/examples/car/engine.context.tests/bin/debug/net7.0/engine.context.tests.dll" id="0c70d6c8-aefd-fed9-fdb8-b879597c3c82">
      <Execution id="5c76f321-216d-4053-81be-260f1d1994a3" />
      <TestMethod codeBase="/home/rl/work/github.com/discomco/dot-cart/examples/car/Engine.Context.Tests/bin/Debug/net7.0/Engine.Context.Tests.dll" adapterTypeName="executor://xunit/VsTestRunner2/netcoreapp" className="Engine.Context.Tests.Stop.CmdHandlerTests" name="ShouldResolveDifferentHandlers" />
    </UnitTest>
    <UnitTest name="Engine.Context.Tests.Initialize.CmdHandlerTests.ShouldCreateCmd" storage="/home/rl/work/github.com/discomco/dot-cart/examples/car/engine.context.tests/bin/debug/net7.0/engine.context.tests.dll" id="13c59adf-e49f-0d81-ef24-88a98252761e">
      <Execution id="616390ed-1374-49b4-a55b-9d310306a526" />
      <TestMethod codeBase="/home/rl/work/github.com/discomco/dot-cart/examples/car/Engine.Context.Tests/bin/Debug/net7.0/Engine.Context.Tests.dll" adapterTypeName="executor://xunit/VsTestRunner2/netcoreapp" className="Engine.Context.Tests.Initialize.CmdHandlerTests" name="ShouldCreateCmd" />
    </UnitTest>
    <UnitTest name="Engine.Context.Tests.Start.ToRedisListTests.ShouldResolveReadModelStore" storage="/home/rl/work/github.com/discomco/dot-cart/examples/car/engine.context.tests/bin/debug/net7.0/engine.context.tests.dll" id="fac3d51a-0a4f-772b-7f22-488709457cba">
      <Execution id="3c9504c1-a24b-487e-9d64-721ad0ad0888" />
      <TestMethod codeBase="/home/rl/work/github.com/discomco/dot-cart/examples/car/Engine.Context.Tests/bin/Debug/net7.0/Engine.Context.Tests.dll" adapterTypeName="executor://xunit/VsTestRunner2/netcoreapp" className="Engine.Context.Tests.Start.ToRedisListTests" name="ShouldResolveReadModelStore" />
    </UnitTest>
    <UnitTest name="Engine.Context.Tests.ChangeDetails.ToRedisDocTests.ShouldResolveProjection" storage="/home/rl/work/github.com/discomco/dot-cart/examples/car/engine.context.tests/bin/debug/net7.0/engine.context.tests.dll" id="f14c9a8b-ca99-e632-4406-d1384b62445f">
      <Execution id="8f4e6266-223d-451e-b27a-51ac301ddd36" />
      <TestMethod codeBase="/home/rl/work/github.com/discomco/dot-cart/examples/car/Engine.Context.Tests/bin/Debug/net7.0/Engine.Context.Tests.dll" adapterTypeName="executor://xunit/VsTestRunner2/netcoreapp" className="Engine.Context.Tests.ChangeDetails.ToRedisDocTests" name="ShouldResolveProjection" />
    </UnitTest>
    <UnitTest name="Engine.Context.Tests.Stop.ToRedisDocTests.ShouldHaveNameAttribute" storage="/home/rl/work/github.com/discomco/dot-cart/examples/car/engine.context.tests/bin/debug/net7.0/engine.context.tests.dll" id="85abec8b-6e34-c363-5b5b-eb58251908c7">
      <Execution id="c99aa38e-4dcb-45de-95e9-024555188ec1" />
      <TestMethod codeBase="/home/rl/work/github.com/discomco/dot-cart/examples/car/Engine.Context.Tests/bin/Debug/net7.0/Engine.Context.Tests.dll" adapterTypeName="executor://xunit/VsTestRunner2/netcoreapp" className="Engine.Context.Tests.Stop.ToRedisDocTests" name="ShouldHaveNameAttribute" />
    </UnitTest>
    <UnitTest name="Engine.Context.Tests.Stop.ToRedisDocTests.ShouldResolveExchange" storage="/home/rl/work/github.com/discomco/dot-cart/examples/car/engine.context.tests/bin/debug/net7.0/engine.context.tests.dll" id="b6653d7e-c29e-0d7f-287f-68fda39be134">
      <Execution id="085989d8-b8f8-40d0-90d7-d79ef2bf6449" />
      <TestMethod codeBase="/home/rl/work/github.com/discomco/dot-cart/examples/car/Engine.Context.Tests/bin/Debug/net7.0/Engine.Context.Tests.dll" adapterTypeName="executor://xunit/VsTestRunner2/netcoreapp" className="Engine.Context.Tests.Stop.ToRedisDocTests" name="ShouldResolveExchange" />
    </UnitTest>
    <UnitTest name="Engine.Context.Tests.Initialize.ToEventStoreTestsT.ShouldResolveCmdHandler" storage="/home/rl/work/github.com/discomco/dot-cart/examples/car/engine.context.tests/bin/debug/net7.0/engine.context.tests.dll" id="7172b692-b1be-f8e1-da9a-754962660edf">
      <Execution id="037f3dfc-f03b-45af-8b99-d270b6e7315c" />
      <TestMethod codeBase="/home/rl/work/github.com/discomco/dot-cart/examples/car/Engine.Context.Tests/bin/Debug/net7.0/Engine.Context.Tests.dll" adapterTypeName="executor://xunit/VsTestRunner2/netcoreapp" className="Engine.Context.Tests.Initialize.ToEventStoreTestsT" name="ShouldResolveCmdHandler" />
    </UnitTest>
    <UnitTest name="Engine.Context.Tests.Stop.FromRabbitMqRetroTests.ShouldBeNamedActor" storage="/home/rl/work/github.com/discomco/dot-cart/examples/car/engine.context.tests/bin/debug/net7.0/engine.context.tests.dll" id="26388f83-f2be-af01-5e37-dfe8ff72fe84">
      <Execution id="c68f97e5-f26e-44d5-a958-457aa2ea7d2c" />
      <TestMethod codeBase="/home/rl/work/github.com/discomco/dot-cart/examples/car/Engine.Context.Tests/bin/Debug/net7.0/Engine.Context.Tests.dll" adapterTypeName="executor://xunit/VsTestRunner2/netcoreapp" className="Engine.Context.Tests.Stop.FromRabbitMqRetroTests" name="ShouldBeNamedActor" />
    </UnitTest>
    <UnitTest name="Engine.Context.Tests.Initialize.FromNATSTests.ShouldResolveEmitter" storage="/home/rl/work/github.com/discomco/dot-cart/examples/car/engine.context.tests/bin/debug/net7.0/engine.context.tests.dll" id="f39eca30-459d-2456-552c-de272bf46519">
      <Execution id="52c81392-3427-4eb8-85e1-376c21f30b3f" />
      <TestMethod codeBase="/home/rl/work/github.com/discomco/dot-cart/examples/car/Engine.Context.Tests/bin/Debug/net7.0/Engine.Context.Tests.dll" adapterTypeName="executor://xunit/VsTestRunner2/netcoreapp" className="Engine.Context.Tests.Initialize.FromNATSTests" name="ShouldResolveEmitter" />
    </UnitTest>
    <UnitTest name="Engine.Context.Tests.Start.ToRedisListTests.ShouldResolveExchange" storage="/home/rl/work/github.com/discomco/dot-cart/examples/car/engine.context.tests/bin/debug/net7.0/engine.context.tests.dll" id="7c680bd8-36a7-9668-f98a-83565669d81a">
      <Execution id="9bf9d8ca-7c40-475a-8304-2f9955ee22b7" />
      <TestMethod codeBase="/home/rl/work/github.com/discomco/dot-cart/examples/car/Engine.Context.Tests/bin/Debug/net7.0/Engine.Context.Tests.dll" adapterTypeName="executor://xunit/VsTestRunner2/netcoreapp" className="Engine.Context.Tests.Start.ToRedisListTests" name="ShouldResolveExchange" />
    </UnitTest>
    <UnitTest name="Engine.Context.Tests.ChangeDetails.ToRabbitMqTests.ShouldResolveEvt2Fact" storage="/home/rl/work/github.com/discomco/dot-cart/examples/car/engine.context.tests/bin/debug/net7.0/engine.context.tests.dll" id="e577d89c-6771-547e-cabd-f6c1264d7ac1">
      <Execution id="77d8b400-7394-4615-ac72-1bce40e263a4" />
      <TestMethod codeBase="/home/rl/work/github.com/discomco/dot-cart/examples/car/Engine.Context.Tests/bin/Debug/net7.0/Engine.Context.Tests.dll" adapterTypeName="executor://xunit/VsTestRunner2/netcoreapp" className="Engine.Context.Tests.ChangeDetails.ToRabbitMqTests" name="ShouldResolveEvt2Fact" />
    </UnitTest>
    <UnitTest name="Engine.Context.Tests.Stop.FromNATSTests.ShouldBeNamedActor" storage="/home/rl/work/github.com/discomco/dot-cart/examples/car/engine.context.tests/bin/debug/net7.0/engine.context.tests.dll" id="4e2408fb-2000-2bc2-5c06-d556c3ce8c3d">
      <Execution id="5e0e69ab-71c7-42a6-9933-befa2f0732da" />
      <TestMethod codeBase="/home/rl/work/github.com/discomco/dot-cart/examples/car/Engine.Context.Tests/bin/Debug/net7.0/Engine.Context.Tests.dll" adapterTypeName="executor://xunit/VsTestRunner2/netcoreapp" className="Engine.Context.Tests.Stop.FromNATSTests" name="ShouldBeNamedActor" />
    </UnitTest>
    <UnitTest name="Engine.Context.Tests.Initialize.HopePipeBuilderTests.ShouldResolvePipeBuilder" storage="/home/rl/work/github.com/discomco/dot-cart/examples/car/engine.context.tests/bin/debug/net7.0/engine.context.tests.dll" id="bed8d30b-a301-9d6a-7ad1-8603c39e725b">
      <Execution id="2c1185e3-ed12-49ff-a945-e14f4566e95c" />
      <TestMethod codeBase="/home/rl/work/github.com/discomco/dot-cart/examples/car/Engine.Context.Tests/bin/Debug/net7.0/Engine.Context.Tests.dll" adapterTypeName="executor://xunit/VsTestRunner2/netcoreapp" className="Engine.Context.Tests.Initialize.HopePipeBuilderTests" name="ShouldResolvePipeBuilder" />
    </UnitTest>
    <UnitTest name="Engine.Context.Tests.ChangeDetails.FromNATSTests.ShouldResolveHope2Cmd" storage="/home/rl/work/github.com/discomco/dot-cart/examples/car/engine.context.tests/bin/debug/net7.0/engine.context.tests.dll" id="e2b57c9c-a84a-8c57-7204-7248d45afb6a">
      <Execution id="70724e5c-f890-42c8-8ca9-955c498ca90a" />
      <TestMethod codeBase="/home/rl/work/github.com/discomco/dot-cart/examples/car/Engine.Context.Tests/bin/Debug/net7.0/Engine.Context.Tests.dll" adapterTypeName="executor://xunit/VsTestRunner2/netcoreapp" className="Engine.Context.Tests.ChangeDetails.FromNATSTests" name="ShouldResolveHope2Cmd" />
    </UnitTest>
    <UnitTest name="Engine.Context.Tests.Stop.SpokeTests.ShouldResolveActors" storage="/home/rl/work/github.com/discomco/dot-cart/examples/car/engine.context.tests/bin/debug/net7.0/engine.context.tests.dll" id="3e51f213-6e42-eb31-9cff-f5dc508bd7c2">
      <Execution id="21fbd9c5-35e3-4769-8d20-b39ee287328d" />
      <TestMethod codeBase="/home/rl/work/github.com/discomco/dot-cart/examples/car/Engine.Context.Tests/bin/Debug/net7.0/Engine.Context.Tests.dll" adapterTypeName="executor://xunit/VsTestRunner2/netcoreapp" className="Engine.Context.Tests.Stop.SpokeTests" name="ShouldResolveActors" />
    </UnitTest>
    <UnitTest name="Engine.Context.Tests.Start.ToRabbitMqTests.ShouldBeNamedActor" storage="/home/rl/work/github.com/discomco/dot-cart/examples/car/engine.context.tests/bin/debug/net7.0/engine.context.tests.dll" id="278e55f7-0044-4cc7-d2c0-f06c4c666354">
      <Execution id="036da9ef-2672-462d-8757-96ab66449d37" />
      <TestMethod codeBase="/home/rl/work/github.com/discomco/dot-cart/examples/car/Engine.Context.Tests/bin/Debug/net7.0/Engine.Context.Tests.dll" adapterTypeName="executor://xunit/VsTestRunner2/netcoreapp" className="Engine.Context.Tests.Start.ToRabbitMqTests" name="ShouldBeNamedActor" />
    </UnitTest>
    <UnitTest name="Engine.Context.Tests.Stop.ToRabbitMqTests.ShouldBeNamedActor" storage="/home/rl/work/github.com/discomco/dot-cart/examples/car/engine.context.tests/bin/debug/net7.0/engine.context.tests.dll" id="0047968c-c942-60ae-8fc4-0a094f7da5fc">
      <Execution id="ab38e6b6-1bdf-43cb-b3a9-c5b33423c0b2" />
      <TestMethod codeBase="/home/rl/work/github.com/discomco/dot-cart/examples/car/Engine.Context.Tests/bin/Debug/net7.0/Engine.Context.Tests.dll" adapterTypeName="executor://xunit/VsTestRunner2/netcoreapp" className="Engine.Context.Tests.Stop.ToRabbitMqTests" name="ShouldBeNamedActor" />
    </UnitTest>
    <UnitTest name="Engine.Context.Tests.ChangeDetails.ToRabbitMqTests.ShouldBeNamedActor" storage="/home/rl/work/github.com/discomco/dot-cart/examples/car/engine.context.tests/bin/debug/net7.0/engine.context.tests.dll" id="b43f619f-f736-f9d4-8ec8-ddd37a195739">
      <Execution id="9961d321-9ffc-4d99-b8a6-b14ae01ee0b5" />
      <TestMethod codeBase="/home/rl/work/github.com/discomco/dot-cart/examples/car/Engine.Context.Tests/bin/Debug/net7.0/Engine.Context.Tests.dll" adapterTypeName="executor://xunit/VsTestRunner2/netcoreapp" className="Engine.Context.Tests.ChangeDetails.ToRabbitMqTests" name="ShouldBeNamedActor" />
    </UnitTest>
    <UnitTest name="Engine.Context.Tests.ChangeRpm.HopePipeBuilderTests.ShouldOnlyContainDistinctSteps" storage="/home/rl/work/github.com/discomco/dot-cart/examples/car/engine.context.tests/bin/debug/net7.0/engine.context.tests.dll" id="52ec1a69-f6ad-44b1-07cd-f16a0fcb0317">
      <Execution id="93d297fa-9e6a-4b8f-a888-1094163fe240" />
      <TestMethod codeBase="/home/rl/work/github.com/discomco/dot-cart/examples/car/Engine.Context.Tests/bin/Debug/net7.0/Engine.Context.Tests.dll" adapterTypeName="executor://xunit/VsTestRunner2/netcoreapp" className="Engine.Context.Tests.ChangeRpm.HopePipeBuilderTests" name="ShouldOnlyContainDistinctSteps" />
    </UnitTest>
    <UnitTest name="Engine.Context.Tests.ChangeRpm.HopePipeBuilderTests.ShouldExecuteAsync" storage="/home/rl/work/github.com/discomco/dot-cart/examples/car/engine.context.tests/bin/debug/net7.0/engine.context.tests.dll" id="3df8be7f-fd07-08bc-34e3-d87b9987f8a8">
      <Execution id="63b5c16f-e406-41b3-9faa-f23e2086b78f" />
      <TestMethod codeBase="/home/rl/work/github.com/discomco/dot-cart/examples/car/Engine.Context.Tests/bin/Debug/net7.0/Engine.Context.Tests.dll" adapterTypeName="executor://xunit/VsTestRunner2/netcoreapp" className="Engine.Context.Tests.ChangeRpm.HopePipeBuilderTests" name="ShouldExecuteAsync" />
    </UnitTest>
    <UnitTest name="Engine.Context.Tests.Initialize.FromRabbitMqRetroTests.ShouldResolveEmitter" storage="/home/rl/work/github.com/discomco/dot-cart/examples/car/engine.context.tests/bin/debug/net7.0/engine.context.tests.dll" id="03bc085a-34ad-bb21-e8f8-ee6b1467f06b">
      <Execution id="a6ad29cd-6c32-4798-a7ad-ff24edf3e644" />
      <TestMethod codeBase="/home/rl/work/github.com/discomco/dot-cart/examples/car/Engine.Context.Tests/bin/Debug/net7.0/Engine.Context.Tests.dll" adapterTypeName="executor://xunit/VsTestRunner2/netcoreapp" className="Engine.Context.Tests.Initialize.FromRabbitMqRetroTests" name="ShouldResolveEmitter" />
    </UnitTest>
    <UnitTest name="Engine.Context.Tests.Start.ToRedisListTests.ShouldPayloadHaveFactTopic" storage="/home/rl/work/github.com/discomco/dot-cart/examples/car/engine.context.tests/bin/debug/net7.0/engine.context.tests.dll" id="6c9d9e35-d14d-d63b-53de-2f8b001b9d04">
      <Execution id="fbca7ac2-429c-48d0-9f8b-83d0df4e4450" />
      <TestMethod codeBase="/home/rl/work/github.com/discomco/dot-cart/examples/car/Engine.Context.Tests/bin/Debug/net7.0/Engine.Context.Tests.dll" adapterTypeName="executor://xunit/VsTestRunner2/netcoreapp" className="Engine.Context.Tests.Start.ToRedisListTests" name="ShouldPayloadHaveFactTopic" />
    </UnitTest>
    <UnitTest name="Engine.Context.Tests.ChangeDetails.FromRabbitMqRetroTests.ShouldActivateActor" storage="/home/rl/work/github.com/discomco/dot-cart/examples/car/engine.context.tests/bin/debug/net7.0/engine.context.tests.dll" id="06edc978-4c15-6e1d-17ef-d2e4422271e1">
      <Execution id="e71dcd41-ac27-48ec-9901-e624331aa5dd" />
      <TestMethod codeBase="/home/rl/work/github.com/discomco/dot-cart/examples/car/Engine.Context.Tests/bin/Debug/net7.0/Engine.Context.Tests.dll" adapterTypeName="executor://xunit/VsTestRunner2/netcoreapp" className="Engine.Context.Tests.ChangeDetails.FromRabbitMqRetroTests" name="ShouldActivateActor" />
    </UnitTest>
    <UnitTest name="Engine.Context.Tests.ChangeRpm.ToRedisDocTests.ShouldResolveEvt2State" storage="/home/rl/work/github.com/discomco/dot-cart/examples/car/engine.context.tests/bin/debug/net7.0/engine.context.tests.dll" id="89fb85cb-78b8-5abc-22bd-e06c0a58f75d">
      <Execution id="c9de4df4-5a9b-4958-941d-957b521cd8ac" />
      <TestMethod codeBase="/home/rl/work/github.com/discomco/dot-cart/examples/car/Engine.Context.Tests/bin/Debug/net7.0/Engine.Context.Tests.dll" adapterTypeName="executor://xunit/VsTestRunner2/netcoreapp" className="Engine.Context.Tests.ChangeRpm.ToRedisDocTests" name="ShouldResolveEvt2State" />
    </UnitTest>
    <UnitTest name="Engine.Context.Tests.ChangeDetails.ToRabbitMqTests.ShouldActivateActor" storage="/home/rl/work/github.com/discomco/dot-cart/examples/car/engine.context.tests/bin/debug/net7.0/engine.context.tests.dll" id="0d69ebf0-ec19-0d45-431d-12da4c2d9882">
      <Execution id="0f82f027-21a4-4db3-81cb-cecc7223109f" />
      <TestMethod codeBase="/home/rl/work/github.com/discomco/dot-cart/examples/car/Engine.Context.Tests/bin/Debug/net7.0/Engine.Context.Tests.dll" adapterTypeName="executor://xunit/VsTestRunner2/netcoreapp" className="Engine.Context.Tests.ChangeDetails.ToRabbitMqTests" name="ShouldActivateActor" />
    </UnitTest>
    <UnitTest name="Engine.Context.Tests.ChangeDetails.FromNATSTests.ShouldResolveOptionsAction" storage="/home/rl/work/github.com/discomco/dot-cart/examples/car/engine.context.tests/bin/debug/net7.0/engine.context.tests.dll" id="b223b24b-8688-059f-627c-c770990b18c5">
      <Execution id="297abb71-98a3-4511-94cd-80884071edab" />
      <TestMethod codeBase="/home/rl/work/github.com/discomco/dot-cart/examples/car/Engine.Context.Tests/bin/Debug/net7.0/Engine.Context.Tests.dll" adapterTypeName="executor://xunit/VsTestRunner2/netcoreapp" className="Engine.Context.Tests.ChangeDetails.FromNATSTests" name="ShouldResolveOptionsAction" />
    </UnitTest>
    <UnitTest name="Engine.Context.Tests.Stop.HopePipeBuilderTests.ShouldOnlyContainDistinctSteps" storage="/home/rl/work/github.com/discomco/dot-cart/examples/car/engine.context.tests/bin/debug/net7.0/engine.context.tests.dll" id="45eb65e9-6d29-beba-67b0-939f0f4871f3">
      <Execution id="912a9669-593c-42b3-ab2f-20dc2d9563f0" />
      <TestMethod codeBase="/home/rl/work/github.com/discomco/dot-cart/examples/car/Engine.Context.Tests/bin/Debug/net7.0/Engine.Context.Tests.dll" adapterTypeName="executor://xunit/VsTestRunner2/netcoreapp" className="Engine.Context.Tests.Stop.HopePipeBuilderTests" name="ShouldOnlyContainDistinctSteps" />
    </UnitTest>
    <UnitTest name="Engine.Context.Tests.Initialize.CmdHandlerTests.ShouldResolveIDCtor" storage="/home/rl/work/github.com/discomco/dot-cart/examples/car/engine.context.tests/bin/debug/net7.0/engine.context.tests.dll" id="3c172c7e-65d9-f8c0-e1ce-b14352da4127">
      <Execution id="5dcd1305-4b3d-4760-b9e5-fef01f771025" />
      <TestMethod codeBase="/home/rl/work/github.com/discomco/dot-cart/examples/car/Engine.Context.Tests/bin/Debug/net7.0/Engine.Context.Tests.dll" adapterTypeName="executor://xunit/VsTestRunner2/netcoreapp" className="Engine.Context.Tests.Initialize.CmdHandlerTests" name="ShouldResolveIDCtor" />
    </UnitTest>
    <UnitTest name="Engine.Context.Tests.Stop.SpokeTests.ShouldBuildSpoke" storage="/home/rl/work/github.com/discomco/dot-cart/examples/car/engine.context.tests/bin/debug/net7.0/engine.context.tests.dll" id="dc82245d-f82d-ac94-63cf-8c8a142b3e83">
      <Execution id="7ef9b5f5-8c4c-432e-a5d9-c2895e924242" />
      <TestMethod codeBase="/home/rl/work/github.com/discomco/dot-cart/examples/car/Engine.Context.Tests/bin/Debug/net7.0/Engine.Context.Tests.dll" adapterTypeName="executor://xunit/VsTestRunner2/netcoreapp" className="Engine.Context.Tests.Stop.SpokeTests" name="ShouldBuildSpoke" />
    </UnitTest>
    <UnitTest name="Engine.Context.Tests.ChangeRpm.CmdHandlerTests.ShouldResolveCmdCtor" storage="/home/rl/work/github.com/discomco/dot-cart/examples/car/engine.context.tests/bin/debug/net7.0/engine.context.tests.dll" id="9450f56e-4dd4-d3c4-c199-01c772de2544">
      <Execution id="f4eb4fb5-ee89-4ef6-a715-3494c41746c4" />
      <TestMethod codeBase="/home/rl/work/github.com/discomco/dot-cart/examples/car/Engine.Context.Tests/bin/Debug/net7.0/Engine.Context.Tests.dll" adapterTypeName="executor://xunit/VsTestRunner2/netcoreapp" className="Engine.Context.Tests.ChangeRpm.CmdHandlerTests" name="ShouldResolveCmdCtor" />
    </UnitTest>
    <UnitTest name="Engine.Context.Tests.Start.HopePipeBuilderTests.ShouldBuildPipe" storage="/home/rl/work/github.com/discomco/dot-cart/examples/car/engine.context.tests/bin/debug/net7.0/engine.context.tests.dll" id="4910ea6b-4e81-3295-703b-f5eab09c9af7">
      <Execution id="4f18a05f-9d8f-4bf4-a64f-863969b10da4" />
      <TestMethod codeBase="/home/rl/work/github.com/discomco/dot-cart/examples/car/Engine.Context.Tests/bin/Debug/net7.0/Engine.Context.Tests.dll" adapterTypeName="executor://xunit/VsTestRunner2/netcoreapp" className="Engine.Context.Tests.Start.HopePipeBuilderTests" name="ShouldBuildPipe" />
    </UnitTest>
    <UnitTest name="Engine.Context.Tests.Start.ToRabbitMqTests.ShouldActivateActor" storage="/home/rl/work/github.com/discomco/dot-cart/examples/car/engine.context.tests/bin/debug/net7.0/engine.context.tests.dll" id="debf0053-3988-495b-2614-6c60e19bf0d8">
      <Execution id="dcc55ec7-04ca-42cd-82c4-7ca8677a44d5" />
      <TestMethod codeBase="/home/rl/work/github.com/discomco/dot-cart/examples/car/Engine.Context.Tests/bin/Debug/net7.0/Engine.Context.Tests.dll" adapterTypeName="executor://xunit/VsTestRunner2/netcoreapp" className="Engine.Context.Tests.Start.ToRabbitMqTests" name="ShouldActivateActor" />
    </UnitTest>
    <UnitTest name="Engine.Context.Tests.Start.FromNATSTests.ShouldResolveEmitter" storage="/home/rl/work/github.com/discomco/dot-cart/examples/car/engine.context.tests/bin/debug/net7.0/engine.context.tests.dll" id="b4371690-2ced-409b-e5e9-5577cf8bdde6">
      <Execution id="067d46dc-21c7-4bfc-9bc1-14428876070b" />
      <TestMethod codeBase="/home/rl/work/github.com/discomco/dot-cart/examples/car/Engine.Context.Tests/bin/Debug/net7.0/Engine.Context.Tests.dll" adapterTypeName="executor://xunit/VsTestRunner2/netcoreapp" className="Engine.Context.Tests.Start.FromNATSTests" name="ShouldResolveEmitter" />
    </UnitTest>
    <UnitTest name="Engine.Context.Tests.Initialize.ToRedisListTests.ShouldResolveReadModelStore" storage="/home/rl/work/github.com/discomco/dot-cart/examples/car/engine.context.tests/bin/debug/net7.0/engine.context.tests.dll" id="c8f7b2fa-ecdb-7788-9221-cf544217672b">
      <Execution id="7e2eda06-8ce5-4bd3-98de-f6e7e20b5441" />
      <TestMethod codeBase="/home/rl/work/github.com/discomco/dot-cart/examples/car/Engine.Context.Tests/bin/Debug/net7.0/Engine.Context.Tests.dll" adapterTypeName="executor://xunit/VsTestRunner2/netcoreapp" className="Engine.Context.Tests.Initialize.ToRedisListTests" name="ShouldResolveReadModelStore" />
    </UnitTest>
    <UnitTest name="Engine.Context.Tests.Start.CmdHandlerTests.ShouldResolveIDCtor" storage="/home/rl/work/github.com/discomco/dot-cart/examples/car/engine.context.tests/bin/debug/net7.0/engine.context.tests.dll" id="144da0cc-bde1-23cf-330d-ce2925027906">
      <Execution id="330d7f93-9839-4b90-b694-26a1c2a033c3" />
      <TestMethod codeBase="/home/rl/work/github.com/discomco/dot-cart/examples/car/Engine.Context.Tests/bin/Debug/net7.0/Engine.Context.Tests.dll" adapterTypeName="executor://xunit/VsTestRunner2/netcoreapp" className="Engine.Context.Tests.Start.CmdHandlerTests" name="ShouldResolveIDCtor" />
    </UnitTest>
    <UnitTest name="Engine.Context.Tests.Stop.CmdHandlerTests.ShouldResolveIDCtor" storage="/home/rl/work/github.com/discomco/dot-cart/examples/car/engine.context.tests/bin/debug/net7.0/engine.context.tests.dll" id="688dc95c-94fc-3505-1973-f824aeacd1e2">
      <Execution id="96d7e7a6-9772-4e6e-968e-7ebee568004e" />
      <TestMethod codeBase="/home/rl/work/github.com/discomco/dot-cart/examples/car/Engine.Context.Tests/bin/Debug/net7.0/Engine.Context.Tests.dll" adapterTypeName="executor://xunit/VsTestRunner2/netcoreapp" className="Engine.Context.Tests.Stop.CmdHandlerTests" name="ShouldResolveIDCtor" />
    </UnitTest>
    <UnitTest name="Engine.Context.Tests.Start.ToEventStoreTestsT.ShouldResolveAggregateBuilder" storage="/home/rl/work/github.com/discomco/dot-cart/examples/car/engine.context.tests/bin/debug/net7.0/engine.context.tests.dll" id="accd923c-3508-adae-fdac-f825a4807842">
      <Execution id="e12a6da7-56a0-40e7-b6f2-97b21b366480" />
      <TestMethod codeBase="/home/rl/work/github.com/discomco/dot-cart/examples/car/Engine.Context.Tests/bin/Debug/net7.0/Engine.Context.Tests.dll" adapterTypeName="executor://xunit/VsTestRunner2/netcoreapp" className="Engine.Context.Tests.Start.ToEventStoreTestsT" name="ShouldResolveAggregateBuilder" />
    </UnitTest>
    <UnitTest name="Engine.Context.Tests.ChangeRpm.SpokeTests.ShouldBuildSpoke" storage="/home/rl/work/github.com/discomco/dot-cart/examples/car/engine.context.tests/bin/debug/net7.0/engine.context.tests.dll" id="d22ad5fc-995a-046d-31b5-a9b03926b36d">
      <Execution id="6a70ff13-8fe5-422c-b413-0b59422198d3" />
      <TestMethod codeBase="/home/rl/work/github.com/discomco/dot-cart/examples/car/Engine.Context.Tests/bin/Debug/net7.0/Engine.Context.Tests.dll" adapterTypeName="executor://xunit/VsTestRunner2/netcoreapp" className="Engine.Context.Tests.ChangeRpm.SpokeTests" name="ShouldBuildSpoke" />
    </UnitTest>
    <UnitTest name="Engine.Context.Tests.Initialize.FromNATSTests.ShouldResolveOptionsAction" storage="/home/rl/work/github.com/discomco/dot-cart/examples/car/engine.context.tests/bin/debug/net7.0/engine.context.tests.dll" id="ab00c3ca-8711-1a92-f0b8-d77deb996c9b">
      <Execution id="838edc2c-9888-4c24-a083-330d904b2811" />
      <TestMethod codeBase="/home/rl/work/github.com/discomco/dot-cart/examples/car/Engine.Context.Tests/bin/Debug/net7.0/Engine.Context.Tests.dll" adapterTypeName="executor://xunit/VsTestRunner2/netcoreapp" className="Engine.Context.Tests.Initialize.FromNATSTests" name="ShouldResolveOptionsAction" />
    </UnitTest>
    <UnitTest name="Engine.Context.Tests.Stop.ToEventStoreTestsT.ShouldResolveEvt2Fact" storage="/home/rl/work/github.com/discomco/dot-cart/examples/car/engine.context.tests/bin/debug/net7.0/engine.context.tests.dll" id="b3485ed4-7786-c415-a4f8-0fc1339c9208">
      <Execution id="704c59d2-b68f-4e29-948b-71d07df4def3" />
      <TestMethod codeBase="/home/rl/work/github.com/discomco/dot-cart/examples/car/Engine.Context.Tests/bin/Debug/net7.0/Engine.Context.Tests.dll" adapterTypeName="executor://xunit/VsTestRunner2/netcoreapp" className="Engine.Context.Tests.Stop.ToEventStoreTestsT" name="ShouldResolveEvt2Fact" />
    </UnitTest>
    <UnitTest name="Engine.Context.Tests.Initialize.HopePipeBuilderTests.ShouldOnlyContainDistinctSteps" storage="/home/rl/work/github.com/discomco/dot-cart/examples/car/engine.context.tests/bin/debug/net7.0/engine.context.tests.dll" id="ecf8ee44-68d6-c442-1d80-42d68c09932a">
      <Execution id="a5dfff63-c5ff-4d5f-a740-1ad17fdacdf5" />
      <TestMethod codeBase="/home/rl/work/github.com/discomco/dot-cart/examples/car/Engine.Context.Tests/bin/Debug/net7.0/Engine.Context.Tests.dll" adapterTypeName="executor://xunit/VsTestRunner2/netcoreapp" className="Engine.Context.Tests.Initialize.HopePipeBuilderTests" name="ShouldOnlyContainDistinctSteps" />
    </UnitTest>
    <UnitTest name="Engine.Context.Tests.Initialize.ToRedisDocTests.ShouldResolveEvt2State" storage="/home/rl/work/github.com/discomco/dot-cart/examples/car/engine.context.tests/bin/debug/net7.0/engine.context.tests.dll" id="2ac37704-a2f2-30d4-c576-5cb47daf6ebf">
      <Execution id="f0efe7fd-85aa-4069-9c63-e362948d2973" />
      <TestMethod codeBase="/home/rl/work/github.com/discomco/dot-cart/examples/car/Engine.Context.Tests/bin/Debug/net7.0/Engine.Context.Tests.dll" adapterTypeName="executor://xunit/VsTestRunner2/netcoreapp" className="Engine.Context.Tests.Initialize.ToRedisDocTests" name="ShouldResolveEvt2State" />
    </UnitTest>
    <UnitTest name="Engine.Context.Tests.ChangeRpm.CmdHandlerTests.ShouldResolveIDCtor" storage="/home/rl/work/github.com/discomco/dot-cart/examples/car/engine.context.tests/bin/debug/net7.0/engine.context.tests.dll" id="feaaed1e-cd6a-4b75-fac6-be73f3b28bfa">
      <Execution id="d738323d-c8dc-4a93-8529-62b6deb2a4e0" />
      <TestMethod codeBase="/home/rl/work/github.com/discomco/dot-cart/examples/car/Engine.Context.Tests/bin/Debug/net7.0/Engine.Context.Tests.dll" adapterTypeName="executor://xunit/VsTestRunner2/netcoreapp" className="Engine.Context.Tests.ChangeRpm.CmdHandlerTests" name="ShouldResolveIDCtor" />
    </UnitTest>
    <UnitTest name="Engine.Context.Tests.Stop.ToRedisListTests.ShouldPayloadHaveFactTopic" storage="/home/rl/work/github.com/discomco/dot-cart/examples/car/engine.context.tests/bin/debug/net7.0/engine.context.tests.dll" id="5e52344f-3b3c-2778-39d1-d1cab86eda85">
      <Execution id="e2f6552a-3e5e-48ce-9176-77e7894e0903" />
      <TestMethod codeBase="/home/rl/work/github.com/discomco/dot-cart/examples/car/Engine.Context.Tests/bin/Debug/net7.0/Engine.Context.Tests.dll" adapterTypeName="executor://xunit/VsTestRunner2/netcoreapp" className="Engine.Context.Tests.Stop.ToRedisListTests" name="ShouldPayloadHaveFactTopic" />
    </UnitTest>
    <UnitTest name="Engine.Context.Tests.ChangeRpm.FromNATSTests.ShouldResolveExchange" storage="/home/rl/work/github.com/discomco/dot-cart/examples/car/engine.context.tests/bin/debug/net7.0/engine.context.tests.dll" id="657449ba-d1b5-4e5b-9d78-fe523c0e13d9">
      <Execution id="a3d4a53f-11d6-42c3-b78b-882ec8e5432f" />
      <TestMethod codeBase="/home/rl/work/github.com/discomco/dot-cart/examples/car/Engine.Context.Tests/bin/Debug/net7.0/Engine.Context.Tests.dll" adapterTypeName="executor://xunit/VsTestRunner2/netcoreapp" className="Engine.Context.Tests.ChangeRpm.FromNATSTests" name="ShouldResolveExchange" />
    </UnitTest>
    <UnitTest name="Engine.Context.Tests.ChangeDetails.ToRedisListTests.ShouldHaveNameAttribute" storage="/home/rl/work/github.com/discomco/dot-cart/examples/car/engine.context.tests/bin/debug/net7.0/engine.context.tests.dll" id="fa0d2769-d018-49a3-2f22-20a3b8e69eef">
      <Execution id="c770dbde-cd4f-4599-a51b-82c7f9e622fa" />
      <TestMethod codeBase="/home/rl/work/github.com/discomco/dot-cart/examples/car/Engine.Context.Tests/bin/Debug/net7.0/Engine.Context.Tests.dll" adapterTypeName="executor://xunit/VsTestRunner2/netcoreapp" className="Engine.Context.Tests.ChangeDetails.ToRedisListTests" name="ShouldHaveNameAttribute" />
    </UnitTest>
    <UnitTest name="Engine.Context.Tests.Stop.ToRedisListTests.ShouldResolveExchange" storage="/home/rl/work/github.com/discomco/dot-cart/examples/car/engine.context.tests/bin/debug/net7.0/engine.context.tests.dll" id="83e6dcb4-2b5b-8c32-e4b9-92970e9409d1">
      <Execution id="cd8a7e4b-551c-47e2-aa40-157bc11b3bac" />
      <TestMethod codeBase="/home/rl/work/github.com/discomco/dot-cart/examples/car/Engine.Context.Tests/bin/Debug/net7.0/Engine.Context.Tests.dll" adapterTypeName="executor://xunit/VsTestRunner2/netcoreapp" className="Engine.Context.Tests.Stop.ToRedisListTests" name="ShouldResolveExchange" />
    </UnitTest>
    <UnitTest name="Engine.Context.Tests.Start.FromRabbitMqRetroTests.ShouldActivateActor" storage="/home/rl/work/github.com/discomco/dot-cart/examples/car/engine.context.tests/bin/debug/net7.0/engine.context.tests.dll" id="da0e569f-19ca-c6e7-a26f-a0be61295f61">
      <Execution id="3228a0a9-de36-4e44-88c1-618f8bd816af" />
      <TestMethod codeBase="/home/rl/work/github.com/discomco/dot-cart/examples/car/Engine.Context.Tests/bin/Debug/net7.0/Engine.Context.Tests.dll" adapterTypeName="executor://xunit/VsTestRunner2/netcoreapp" className="Engine.Context.Tests.Start.FromRabbitMqRetroTests" name="ShouldActivateActor" />
    </UnitTest>
    <UnitTest name="Engine.Context.Tests.ChangeRpm.ToRedisListTests.ShouldTProjectionHaveDocIdAttribute" storage="/home/rl/work/github.com/discomco/dot-cart/examples/car/engine.context.tests/bin/debug/net7.0/engine.context.tests.dll" id="cceeaf1f-6f80-ba0f-99d7-ee4fd3dafcb2">
      <Execution id="e64888f3-70b1-49ab-827e-8ea4b7907108" />
      <TestMethod codeBase="/home/rl/work/github.com/discomco/dot-cart/examples/car/Engine.Context.Tests/bin/Debug/net7.0/Engine.Context.Tests.dll" adapterTypeName="executor://xunit/VsTestRunner2/netcoreapp" className="Engine.Context.Tests.ChangeRpm.ToRedisListTests" name="ShouldTProjectionHaveDocIdAttribute" />
    </UnitTest>
    <UnitTest name="Engine.Context.Tests.ChangeRpm.HopePipeBuilderTests.ShouldResolvePipeBuilder" storage="/home/rl/work/github.com/discomco/dot-cart/examples/car/engine.context.tests/bin/debug/net7.0/engine.context.tests.dll" id="5fc3a638-e3e6-2f30-fe2e-2876385f9ef9">
      <Execution id="98dc6760-9ca7-4398-9acd-bbc4aa683b5c" />
      <TestMethod codeBase="/home/rl/work/github.com/discomco/dot-cart/examples/car/Engine.Context.Tests/bin/Debug/net7.0/Engine.Context.Tests.dll" adapterTypeName="executor://xunit/VsTestRunner2/netcoreapp" className="Engine.Context.Tests.ChangeRpm.HopePipeBuilderTests" name="ShouldResolvePipeBuilder" />
    </UnitTest>
    <UnitTest name="Engine.Context.Tests.Stop.ToEventStoreTestsT.ShouldResolveExchange" storage="/home/rl/work/github.com/discomco/dot-cart/examples/car/engine.context.tests/bin/debug/net7.0/engine.context.tests.dll" id="b58bd9d9-086e-2bc0-e32a-8d32494b7c82">
      <Execution id="0dd8993e-1d42-4240-9945-53b76b80eb15" />
      <TestMethod codeBase="/home/rl/work/github.com/discomco/dot-cart/examples/car/Engine.Context.Tests/bin/Debug/net7.0/Engine.Context.Tests.dll" adapterTypeName="executor://xunit/VsTestRunner2/netcoreapp" className="Engine.Context.Tests.Stop.ToEventStoreTestsT" name="ShouldResolveExchange" />
    </UnitTest>
    <UnitTest name="Engine.Context.Tests.Stop.ToRedisListTests.ShouldTestHaveDocIdAttribute" storage="/home/rl/work/github.com/discomco/dot-cart/examples/car/engine.context.tests/bin/debug/net7.0/engine.context.tests.dll" id="c7bb3828-da15-3d4b-456c-e6b3839a021e">
      <Execution id="1e250e96-1483-46f6-89dd-f4178969859a" />
      <TestMethod codeBase="/home/rl/work/github.com/discomco/dot-cart/examples/car/Engine.Context.Tests/bin/Debug/net7.0/Engine.Context.Tests.dll" adapterTypeName="executor://xunit/VsTestRunner2/netcoreapp" className="Engine.Context.Tests.Stop.ToRedisListTests" name="ShouldTestHaveDocIdAttribute" />
    </UnitTest>
    <UnitTest name="Engine.Context.Tests.ChangeRpm.ToRedisDocTests.ShouldHaveNameAttribute" storage="/home/rl/work/github.com/discomco/dot-cart/examples/car/engine.context.tests/bin/debug/net7.0/engine.context.tests.dll" id="4bea5d46-363b-47a9-e48e-5250c7e302d8">
      <Execution id="d93f92f6-cd1e-4728-a14a-4e54043f1c48" />
      <TestMethod codeBase="/home/rl/work/github.com/discomco/dot-cart/examples/car/Engine.Context.Tests/bin/Debug/net7.0/Engine.Context.Tests.dll" adapterTypeName="executor://xunit/VsTestRunner2/netcoreapp" className="Engine.Context.Tests.ChangeRpm.ToRedisDocTests" name="ShouldHaveNameAttribute" />
    </UnitTest>
    <UnitTest name="Engine.Context.Tests.Initialize.ToRedisDocTests.ShouldHaveDbNameAttribute" storage="/home/rl/work/github.com/discomco/dot-cart/examples/car/engine.context.tests/bin/debug/net7.0/engine.context.tests.dll" id="74dcb450-bcfd-80cf-fa5e-ad25c4e45abf">
      <Execution id="5ef7916d-c5dc-4369-b282-dc7ed6cf4f05" />
      <TestMethod codeBase="/home/rl/work/github.com/discomco/dot-cart/examples/car/Engine.Context.Tests/bin/Debug/net7.0/Engine.Context.Tests.dll" adapterTypeName="executor://xunit/VsTestRunner2/netcoreapp" className="Engine.Context.Tests.Initialize.ToRedisDocTests" name="ShouldHaveDbNameAttribute" />
    </UnitTest>
    <UnitTest name="Engine.Context.Tests.Initialize.ToRedisDocTests.ShouldSpokeHaveNameAttribute" storage="/home/rl/work/github.com/discomco/dot-cart/examples/car/engine.context.tests/bin/debug/net7.0/engine.context.tests.dll" id="4c075fc4-5092-e793-fef9-9dc4c5ec0fc1">
      <Execution id="e3a7cb9f-57dc-49ee-9ecc-d5d58c85efb9" />
      <TestMethod codeBase="/home/rl/work/github.com/discomco/dot-cart/examples/car/Engine.Context.Tests/bin/Debug/net7.0/Engine.Context.Tests.dll" adapterTypeName="executor://xunit/VsTestRunner2/netcoreapp" className="Engine.Context.Tests.Initialize.ToRedisDocTests" name="ShouldSpokeHaveNameAttribute" />
    </UnitTest>
    <UnitTest name="Engine.Context.Tests.Initialize.ToRedisDocTests.ShouldResolveProjection" storage="/home/rl/work/github.com/discomco/dot-cart/examples/car/engine.context.tests/bin/debug/net7.0/engine.context.tests.dll" id="51a261c0-1335-774a-4dce-f825291fb7a1">
      <Execution id="c3d07160-d9f5-4dd2-874d-2e02b7ad8084" />
      <TestMethod codeBase="/home/rl/work/github.com/discomco/dot-cart/examples/car/Engine.Context.Tests/bin/Debug/net7.0/Engine.Context.Tests.dll" adapterTypeName="executor://xunit/VsTestRunner2/netcoreapp" className="Engine.Context.Tests.Initialize.ToRedisDocTests" name="ShouldResolveProjection" />
    </UnitTest>
    <UnitTest name="Engine.Context.Tests.ChangeRpm.CmdHandlerTests.ShouldResolvePayloadCtor" storage="/home/rl/work/github.com/discomco/dot-cart/examples/car/engine.context.tests/bin/debug/net7.0/engine.context.tests.dll" id="3112aada-2d53-ecaa-5107-66cf4b05a794">
      <Execution id="4153bf7d-99b3-40af-8c3f-b988b8098b64" />
      <TestMethod codeBase="/home/rl/work/github.com/discomco/dot-cart/examples/car/Engine.Context.Tests/bin/Debug/net7.0/Engine.Context.Tests.dll" adapterTypeName="executor://xunit/VsTestRunner2/netcoreapp" className="Engine.Context.Tests.ChangeRpm.CmdHandlerTests" name="ShouldResolvePayloadCtor" />
    </UnitTest>
    <UnitTest name="Engine.Context.Tests.Start.ToRedisListTests.ShouldTestHaveDocIdAttribute" storage="/home/rl/work/github.com/discomco/dot-cart/examples/car/engine.context.tests/bin/debug/net7.0/engine.context.tests.dll" id="9525a67c-4fec-4bd8-b68b-afcafa0545e5">
      <Execution id="6bfaa11d-0ac7-4660-a4f4-a4e5e909cb49" />
      <TestMethod codeBase="/home/rl/work/github.com/discomco/dot-cart/examples/car/Engine.Context.Tests/bin/Debug/net7.0/Engine.Context.Tests.dll" adapterTypeName="executor://xunit/VsTestRunner2/netcoreapp" className="Engine.Context.Tests.Start.ToRedisListTests" name="ShouldTestHaveDocIdAttribute" />
    </UnitTest>
    <UnitTest name="Engine.Context.Tests.Stop.ToEventStoreTestsT.ShouldResolveCmdHandler" storage="/home/rl/work/github.com/discomco/dot-cart/examples/car/engine.context.tests/bin/debug/net7.0/engine.context.tests.dll" id="f59ae158-02ed-7b1a-21b7-9efc9725d6fc">
      <Execution id="345b6514-9307-44c2-ae78-d5f0454dd065" />
      <TestMethod codeBase="/home/rl/work/github.com/discomco/dot-cart/examples/car/Engine.Context.Tests/bin/Debug/net7.0/Engine.Context.Tests.dll" adapterTypeName="executor://xunit/VsTestRunner2/netcoreapp" className="Engine.Context.Tests.Stop.ToEventStoreTestsT" name="ShouldResolveCmdHandler" />
    </UnitTest>
    <UnitTest name="Engine.Context.Tests.ChangeDetails.SpokeTests.ShouldResolveSpokeBuilder" storage="/home/rl/work/github.com/discomco/dot-cart/examples/car/engine.context.tests/bin/debug/net7.0/engine.context.tests.dll" id="b86249aa-12ef-70c4-ef66-c9c635e998da">
      <Execution id="b3c8e4cf-5450-43f3-be3a-72a64b72803a" />
      <TestMethod codeBase="/home/rl/work/github.com/discomco/dot-cart/examples/car/Engine.Context.Tests/bin/Debug/net7.0/Engine.Context.Tests.dll" adapterTypeName="executor://xunit/VsTestRunner2/netcoreapp" className="Engine.Context.Tests.ChangeDetails.SpokeTests" name="ShouldResolveSpokeBuilder" />
    </UnitTest>
    <UnitTest name="Engine.Context.Tests.Stop.SpokeTests.ShouldResolveEmptySpoke" storage="/home/rl/work/github.com/discomco/dot-cart/examples/car/engine.context.tests/bin/debug/net7.0/engine.context.tests.dll" id="49493b27-e959-18c0-3f85-d598e26897d4">
      <Execution id="1c71dc41-8ef4-43c1-b294-aad9c2af5013" />
      <TestMethod codeBase="/home/rl/work/github.com/discomco/dot-cart/examples/car/Engine.Context.Tests/bin/Debug/net7.0/Engine.Context.Tests.dll" adapterTypeName="executor://xunit/VsTestRunner2/netcoreapp" className="Engine.Context.Tests.Stop.SpokeTests" name="ShouldResolveEmptySpoke" />
    </UnitTest>
    <UnitTest name="Engine.Context.Tests.Initialize.ToRedisDocTests.ShouldPayloadHaveFactTopic" storage="/home/rl/work/github.com/discomco/dot-cart/examples/car/engine.context.tests/bin/debug/net7.0/engine.context.tests.dll" id="aa361610-68c0-12da-653c-74dd2c0009ce">
      <Execution id="6b2e4caa-b596-4a04-9a84-c310152cd911" />
      <TestMethod codeBase="/home/rl/work/github.com/discomco/dot-cart/examples/car/Engine.Context.Tests/bin/Debug/net7.0/Engine.Context.Tests.dll" adapterTypeName="executor://xunit/VsTestRunner2/netcoreapp" className="Engine.Context.Tests.Initialize.ToRedisDocTests" name="ShouldPayloadHaveFactTopic" />
    </UnitTest>
    <UnitTest name="Engine.Context.Tests.Stop.ToEventStoreTestsT.ShouldResolveAggregateStore" storage="/home/rl/work/github.com/discomco/dot-cart/examples/car/engine.context.tests/bin/debug/net7.0/engine.context.tests.dll" id="3a02d345-8b45-d982-1619-2aabedcd007d">
      <Execution id="97e849e5-7085-411e-bfca-df6c9c3850a5" />
      <TestMethod codeBase="/home/rl/work/github.com/discomco/dot-cart/examples/car/Engine.Context.Tests/bin/Debug/net7.0/Engine.Context.Tests.dll" adapterTypeName="executor://xunit/VsTestRunner2/netcoreapp" className="Engine.Context.Tests.Stop.ToEventStoreTestsT" name="ShouldResolveAggregateStore" />
    </UnitTest>
    <UnitTest name="Engine.Context.Tests.Stop.FromNATSTests.ShouldResolveEmitter" storage="/home/rl/work/github.com/discomco/dot-cart/examples/car/engine.context.tests/bin/debug/net7.0/engine.context.tests.dll" id="1a433a79-50a2-31b2-4336-526e3cface78">
      <Execution id="cde279b0-c89e-44f6-a60f-e2f53cb9fdcb" />
      <TestMethod codeBase="/home/rl/work/github.com/discomco/dot-cart/examples/car/Engine.Context.Tests/bin/Debug/net7.0/Engine.Context.Tests.dll" adapterTypeName="executor://xunit/VsTestRunner2/netcoreapp" className="Engine.Context.Tests.Stop.FromNATSTests" name="ShouldResolveEmitter" />
    </UnitTest>
    <UnitTest name="Engine.Context.Tests.ChangeDetails.ToRedisListTests.ShouldTProjectionHaveDocIdAttribute" storage="/home/rl/work/github.com/discomco/dot-cart/examples/car/engine.context.tests/bin/debug/net7.0/engine.context.tests.dll" id="ed2bc11e-6852-7bd4-f5bc-616a2b1cad41">
      <Execution id="95dcfb55-a4e6-4a45-99a9-c70f413596b8" />
      <TestMethod codeBase="/home/rl/work/github.com/discomco/dot-cart/examples/car/Engine.Context.Tests/bin/Debug/net7.0/Engine.Context.Tests.dll" adapterTypeName="executor://xunit/VsTestRunner2/netcoreapp" className="Engine.Context.Tests.ChangeDetails.ToRedisListTests" name="ShouldTProjectionHaveDocIdAttribute" />
    </UnitTest>
    <UnitTest name="Engine.Context.Tests.Initialize.ToRabbitMqTests.ShouldResolveEmitter" storage="/home/rl/work/github.com/discomco/dot-cart/examples/car/engine.context.tests/bin/debug/net7.0/engine.context.tests.dll" id="eeab4c98-7b6c-a033-a443-0be1cb080cc5">
      <Execution id="d0727148-9c26-4cd1-b096-df85ee35dc86" />
      <TestMethod codeBase="/home/rl/work/github.com/discomco/dot-cart/examples/car/Engine.Context.Tests/bin/Debug/net7.0/Engine.Context.Tests.dll" adapterTypeName="executor://xunit/VsTestRunner2/netcoreapp" className="Engine.Context.Tests.Initialize.ToRabbitMqTests" name="ShouldResolveEmitter" />
    </UnitTest>
    <UnitTest name="Engine.Context.Tests.ChangeRpm.ToEventStoreTestsT.ShouldResolveAggregateBuilder" storage="/home/rl/work/github.com/discomco/dot-cart/examples/car/engine.context.tests/bin/debug/net7.0/engine.context.tests.dll" id="8db64502-715a-6061-3f9b-c50ee2edf2b8">
      <Execution id="ff33cacc-01ed-40ba-b92b-fc1be89aa84b" />
      <TestMethod codeBase="/home/rl/work/github.com/discomco/dot-cart/examples/car/Engine.Context.Tests/bin/Debug/net7.0/Engine.Context.Tests.dll" adapterTypeName="executor://xunit/VsTestRunner2/netcoreapp" className="Engine.Context.Tests.ChangeRpm.ToEventStoreTestsT" name="ShouldResolveAggregateBuilder" />
    </UnitTest>
    <UnitTest name="Engine.Context.Tests.ChangeDetails.CmdHandlerTests.ShouldResolveStateCtor" storage="/home/rl/work/github.com/discomco/dot-cart/examples/car/engine.context.tests/bin/debug/net7.0/engine.context.tests.dll" id="4a037381-acdc-37aa-ac95-634f762a128e">
      <Execution id="8675c37d-6858-428f-af95-6a32d5d937ee" />
      <TestMethod codeBase="/home/rl/work/github.com/discomco/dot-cart/examples/car/Engine.Context.Tests/bin/Debug/net7.0/Engine.Context.Tests.dll" adapterTypeName="executor://xunit/VsTestRunner2/netcoreapp" className="Engine.Context.Tests.ChangeDetails.CmdHandlerTests" name="ShouldResolveStateCtor" />
    </UnitTest>
    <UnitTest name="Engine.Context.Tests.Start.FromNATSTests.ShouldResolveConnectionFactory" storage="/home/rl/work/github.com/discomco/dot-cart/examples/car/engine.context.tests/bin/debug/net7.0/engine.context.tests.dll" id="17e94612-3097-ae6d-8dd8-3a8187bf4b0c">
      <Execution id="1750bf5e-2382-4442-bb7e-554e3e7a33ac" />
      <TestMethod codeBase="/home/rl/work/github.com/discomco/dot-cart/examples/car/Engine.Context.Tests/bin/Debug/net7.0/Engine.Context.Tests.dll" adapterTypeName="executor://xunit/VsTestRunner2/netcoreapp" className="Engine.Context.Tests.Start.FromNATSTests" name="ShouldResolveConnectionFactory" />
    </UnitTest>
    <UnitTest name="Engine.Context.Tests.Initialize.SpokeTests.ShouldResolveEmptySpoke" storage="/home/rl/work/github.com/discomco/dot-cart/examples/car/engine.context.tests/bin/debug/net7.0/engine.context.tests.dll" id="8d5841ed-3972-1bbb-7e36-2cd2e7869b0b">
      <Execution id="24d238bf-ea4a-4349-9364-e9267d5ed880" />
      <TestMethod codeBase="/home/rl/work/github.com/discomco/dot-cart/examples/car/Engine.Context.Tests/bin/Debug/net7.0/Engine.Context.Tests.dll" adapterTypeName="executor://xunit/VsTestRunner2/netcoreapp" className="Engine.Context.Tests.Initialize.SpokeTests" name="ShouldResolveEmptySpoke" />
    </UnitTest>
    <UnitTest name="Engine.Context.Tests.Start.HopePipeBuilderTests.ShouldHaveName" storage="/home/rl/work/github.com/discomco/dot-cart/examples/car/engine.context.tests/bin/debug/net7.0/engine.context.tests.dll" id="cd0a3930-368b-d3b3-0f74-3043145bf336">
      <Execution id="9de313f8-e4fe-45fb-ae99-8f9d9128963f" />
      <TestMethod codeBase="/home/rl/work/github.com/discomco/dot-cart/examples/car/Engine.Context.Tests/bin/Debug/net7.0/Engine.Context.Tests.dll" adapterTypeName="executor://xunit/VsTestRunner2/netcoreapp" className="Engine.Context.Tests.Start.HopePipeBuilderTests" name="ShouldHaveName" />
    </UnitTest>
    <UnitTest name="Engine.Context.Tests.Stop.ToRedisDocTests.ShouldHaveDbNameAttribute" storage="/home/rl/work/github.com/discomco/dot-cart/examples/car/engine.context.tests/bin/debug/net7.0/engine.context.tests.dll" id="ac8ccb13-80d6-a6e6-2c36-70f5e4be4a19">
      <Execution id="e3d2e696-8347-491b-b635-67aa694a9152" />
      <TestMethod codeBase="/home/rl/work/github.com/discomco/dot-cart/examples/car/Engine.Context.Tests/bin/Debug/net7.0/Engine.Context.Tests.dll" adapterTypeName="executor://xunit/VsTestRunner2/netcoreapp" className="Engine.Context.Tests.Stop.ToRedisDocTests" name="ShouldHaveDbNameAttribute" />
    </UnitTest>
    <UnitTest name="Engine.Context.Tests.ChangeRpm.ToRedisListTests.ShouldHaveDbNameAttribute" storage="/home/rl/work/github.com/discomco/dot-cart/examples/car/engine.context.tests/bin/debug/net7.0/engine.context.tests.dll" id="6e73d234-782b-c330-8f2e-a052acd0f507">
      <Execution id="31a58764-12fb-4a9e-9dfe-a2628e664801" />
      <TestMethod codeBase="/home/rl/work/github.com/discomco/dot-cart/examples/car/Engine.Context.Tests/bin/Debug/net7.0/Engine.Context.Tests.dll" adapterTypeName="executor://xunit/VsTestRunner2/netcoreapp" className="Engine.Context.Tests.ChangeRpm.ToRedisListTests" name="ShouldHaveDbNameAttribute" />
    </UnitTest>
    <UnitTest name="Engine.Context.Tests.Start.ToEventStoreTestsT.ShouldResolveAggregateStore" storage="/home/rl/work/github.com/discomco/dot-cart/examples/car/engine.context.tests/bin/debug/net7.0/engine.context.tests.dll" id="142885be-0c70-b5b8-bf2a-a70dad82aa8f">
      <Execution id="8c29c543-8d20-4d28-8779-d58c919ca9a9" />
      <TestMethod codeBase="/home/rl/work/github.com/discomco/dot-cart/examples/car/Engine.Context.Tests/bin/Debug/net7.0/Engine.Context.Tests.dll" adapterTypeName="executor://xunit/VsTestRunner2/netcoreapp" className="Engine.Context.Tests.Start.ToEventStoreTestsT" name="ShouldResolveAggregateStore" />
    </UnitTest>
    <UnitTest name="Engine.Context.Tests.ChangeRpm.ToRedisListTests.ShouldResolveProjection" storage="/home/rl/work/github.com/discomco/dot-cart/examples/car/engine.context.tests/bin/debug/net7.0/engine.context.tests.dll" id="d6adfdaa-85fc-45ec-28d1-45babb581751">
      <Execution id="890e1ac3-afe0-405f-bb3b-e08d0ce4e86f" />
      <TestMethod codeBase="/home/rl/work/github.com/discomco/dot-cart/examples/car/Engine.Context.Tests/bin/Debug/net7.0/Engine.Context.Tests.dll" adapterTypeName="executor://xunit/VsTestRunner2/netcoreapp" className="Engine.Context.Tests.ChangeRpm.ToRedisListTests" name="ShouldResolveProjection" />
    </UnitTest>
    <UnitTest name="Engine.Context.Tests.Start.FromNATSTests.ShouldResolveHope2Cmd" storage="/home/rl/work/github.com/discomco/dot-cart/examples/car/engine.context.tests/bin/debug/net7.0/engine.context.tests.dll" id="fe9c912c-3852-5433-b2e0-2cc24913c6d5">
      <Execution id="09819b42-6478-4dee-b677-4a1d54bb2e27" />
      <TestMethod codeBase="/home/rl/work/github.com/discomco/dot-cart/examples/car/Engine.Context.Tests/bin/Debug/net7.0/Engine.Context.Tests.dll" adapterTypeName="executor://xunit/VsTestRunner2/netcoreapp" className="Engine.Context.Tests.Start.FromNATSTests" name="ShouldResolveHope2Cmd" />
    </UnitTest>
    <UnitTest name="Engine.Context.Tests.Start.CmdHandlerTests.ShouldResolveCmdHandler" storage="/home/rl/work/github.com/discomco/dot-cart/examples/car/engine.context.tests/bin/debug/net7.0/engine.context.tests.dll" id="f5f16d52-aa92-663c-9ddf-aba82f232204">
      <Execution id="822f921f-0378-47d0-8b1b-de4f24c40085" />
      <TestMethod codeBase="/home/rl/work/github.com/discomco/dot-cart/examples/car/Engine.Context.Tests/bin/Debug/net7.0/Engine.Context.Tests.dll" adapterTypeName="executor://xunit/VsTestRunner2/netcoreapp" className="Engine.Context.Tests.Start.CmdHandlerTests" name="ShouldResolveCmdHandler" />
    </UnitTest>
    <UnitTest name="Engine.Context.Tests.ChangeDetails.ToRedisListTests.ShouldTestAndTProjectionHaveSameAttribute" storage="/home/rl/work/github.com/discomco/dot-cart/examples/car/engine.context.tests/bin/debug/net7.0/engine.context.tests.dll" id="6e12dd7c-a946-4866-a15a-8045e7860abd">
      <Execution id="925e6290-c5eb-43d0-90e0-395fdbfc244a" />
      <TestMethod codeBase="/home/rl/work/github.com/discomco/dot-cart/examples/car/Engine.Context.Tests/bin/Debug/net7.0/Engine.Context.Tests.dll" adapterTypeName="executor://xunit/VsTestRunner2/netcoreapp" className="Engine.Context.Tests.ChangeDetails.ToRedisListTests" name="ShouldTestAndTProjectionHaveSameAttribute" />
    </UnitTest>
    <UnitTest name="Engine.Context.Tests.Start.FromRabbitMqRetroTests.ShouldResolveEmitter" storage="/home/rl/work/github.com/discomco/dot-cart/examples/car/engine.context.tests/bin/debug/net7.0/engine.context.tests.dll" id="70452647-0dc5-6201-00ed-cacbfe6d8143">
      <Execution id="fe94ef60-6a6e-4ec4-8d6e-606838145b83" />
      <TestMethod codeBase="/home/rl/work/github.com/discomco/dot-cart/examples/car/Engine.Context.Tests/bin/Debug/net7.0/Engine.Context.Tests.dll" adapterTypeName="executor://xunit/VsTestRunner2/netcoreapp" className="Engine.Context.Tests.Start.FromRabbitMqRetroTests" name="ShouldResolveEmitter" />
    </UnitTest>
    <UnitTest name="Engine.Context.Tests.ChangeDetails.FromRabbitMqRetroTests.ShouldResolveEmitter" storage="/home/rl/work/github.com/discomco/dot-cart/examples/car/engine.context.tests/bin/debug/net7.0/engine.context.tests.dll" id="6fad6000-ce5f-f977-da38-8913fd0d865b">
      <Execution id="cfa8a9d7-0202-4dc0-8080-a98e64786ef5" />
      <TestMethod codeBase="/home/rl/work/github.com/discomco/dot-cart/examples/car/Engine.Context.Tests/bin/Debug/net7.0/Engine.Context.Tests.dll" adapterTypeName="executor://xunit/VsTestRunner2/netcoreapp" className="Engine.Context.Tests.ChangeDetails.FromRabbitMqRetroTests" name="ShouldResolveEmitter" />
    </UnitTest>
    <UnitTest name="Engine.Context.Tests.Start.FromRabbitMqRetroTests.ShouldBeNamedActor" storage="/home/rl/work/github.com/discomco/dot-cart/examples/car/engine.context.tests/bin/debug/net7.0/engine.context.tests.dll" id="090257f1-3168-c524-a553-2ba271162158">
      <Execution id="4f8d8b37-b04b-44b9-865e-c4f480582acc" />
      <TestMethod codeBase="/home/rl/work/github.com/discomco/dot-cart/examples/car/Engine.Context.Tests/bin/Debug/net7.0/Engine.Context.Tests.dll" adapterTypeName="executor://xunit/VsTestRunner2/netcoreapp" className="Engine.Context.Tests.Start.FromRabbitMqRetroTests" name="ShouldBeNamedActor" />
    </UnitTest>
    <UnitTest name="Engine.Context.Tests.Stop.ToRedisListTests.ShouldHaveDbNameAttribute" storage="/home/rl/work/github.com/discomco/dot-cart/examples/car/engine.context.tests/bin/debug/net7.0/engine.context.tests.dll" id="ab400200-fd41-b2b5-f50c-14754ccd8a07">
      <Execution id="89d016a1-d21c-413d-b37b-54036e43a6c1" />
      <TestMethod codeBase="/home/rl/work/github.com/discomco/dot-cart/examples/car/Engine.Context.Tests/bin/Debug/net7.0/Engine.Context.Tests.dll" adapterTypeName="executor://xunit/VsTestRunner2/netcoreapp" className="Engine.Context.Tests.Stop.ToRedisListTests" name="ShouldHaveDbNameAttribute" />
    </UnitTest>
    <UnitTest name="Engine.Context.Tests.Initialize.ToEventStoreTestsT.ShouldResolveAggregateStore" storage="/home/rl/work/github.com/discomco/dot-cart/examples/car/engine.context.tests/bin/debug/net7.0/engine.context.tests.dll" id="118cb53f-d808-8a92-8ba6-3b1d8dc59fa6">
      <Execution id="fbfff4c2-af1d-4c3f-a0f8-c3d956f59ccc" />
      <TestMethod codeBase="/home/rl/work/github.com/discomco/dot-cart/examples/car/Engine.Context.Tests/bin/Debug/net7.0/Engine.Context.Tests.dll" adapterTypeName="executor://xunit/VsTestRunner2/netcoreapp" className="Engine.Context.Tests.Initialize.ToEventStoreTestsT" name="ShouldResolveAggregateStore" />
    </UnitTest>
    <UnitTest name="Engine.Context.Tests.Initialize.FromNATSTests.ShouldResolveHope2Cmd" storage="/home/rl/work/github.com/discomco/dot-cart/examples/car/engine.context.tests/bin/debug/net7.0/engine.context.tests.dll" id="3445b052-8acc-52ca-ae78-5c7f264f7176">
      <Execution id="ec021c48-f777-4abf-a4fe-46ab0b7dd1fa" />
      <TestMethod codeBase="/home/rl/work/github.com/discomco/dot-cart/examples/car/Engine.Context.Tests/bin/Debug/net7.0/Engine.Context.Tests.dll" adapterTypeName="executor://xunit/VsTestRunner2/netcoreapp" className="Engine.Context.Tests.Initialize.FromNATSTests" name="ShouldResolveHope2Cmd" />
    </UnitTest>
    <UnitTest name="Engine.Context.Tests.ChangeDetails.ToRedisDocTests.ShouldResolveEvt2State" storage="/home/rl/work/github.com/discomco/dot-cart/examples/car/engine.context.tests/bin/debug/net7.0/engine.context.tests.dll" id="1cfafcae-fd7e-0bd2-83bf-960ff9abf161">
      <Execution id="b7289d05-abb1-45cf-a259-f17a827b003c" />
      <TestMethod codeBase="/home/rl/work/github.com/discomco/dot-cart/examples/car/Engine.Context.Tests/bin/Debug/net7.0/Engine.Context.Tests.dll" adapterTypeName="executor://xunit/VsTestRunner2/netcoreapp" className="Engine.Context.Tests.ChangeDetails.ToRedisDocTests" name="ShouldResolveEvt2State" />
    </UnitTest>
    <UnitTest name="Engine.Context.Tests.ChangeRpm.ToRedisDocTests.ShouldResolveExchange" storage="/home/rl/work/github.com/discomco/dot-cart/examples/car/engine.context.tests/bin/debug/net7.0/engine.context.tests.dll" id="67b0882a-654b-a1e2-fcf9-ed47a5b13793">
      <Execution id="391bcc08-ecd7-45b8-98b5-89223f0d506d" />
      <TestMethod codeBase="/home/rl/work/github.com/discomco/dot-cart/examples/car/Engine.Context.Tests/bin/Debug/net7.0/Engine.Context.Tests.dll" adapterTypeName="executor://xunit/VsTestRunner2/netcoreapp" className="Engine.Context.Tests.ChangeRpm.ToRedisDocTests" name="ShouldResolveExchange" />
    </UnitTest>
    <UnitTest name="Engine.Context.Tests.Stop.FromNATSTests.ShouldResolveExchange" storage="/home/rl/work/github.com/discomco/dot-cart/examples/car/engine.context.tests/bin/debug/net7.0/engine.context.tests.dll" id="9b98ab10-74d1-e109-e8b5-5be9b9566d80">
      <Execution id="807d092d-6c4c-4340-bb59-0ed033e2f562" />
      <TestMethod codeBase="/home/rl/work/github.com/discomco/dot-cart/examples/car/Engine.Context.Tests/bin/Debug/net7.0/Engine.Context.Tests.dll" adapterTypeName="executor://xunit/VsTestRunner2/netcoreapp" className="Engine.Context.Tests.Stop.FromNATSTests" name="ShouldResolveExchange" />
    </UnitTest>
    <UnitTest name="Engine.Context.Tests.ChangeRpm.ToRedisListTests.ShouldResolveEvt2State" storage="/home/rl/work/github.com/discomco/dot-cart/examples/car/engine.context.tests/bin/debug/net7.0/engine.context.tests.dll" id="39767ef4-5f2f-4255-4a83-146d526f1710">
      <Execution id="ddcec27d-9066-4159-bdb8-3bf3bfdcfb8a" />
      <TestMethod codeBase="/home/rl/work/github.com/discomco/dot-cart/examples/car/Engine.Context.Tests/bin/Debug/net7.0/Engine.Context.Tests.dll" adapterTypeName="executor://xunit/VsTestRunner2/netcoreapp" className="Engine.Context.Tests.ChangeRpm.ToRedisListTests" name="ShouldResolveEvt2State" />
    </UnitTest>
    <UnitTest name="Engine.Context.Tests.ChangeDetails.CmdHandlerTests.ShouldResolveMetaCtor" storage="/home/rl/work/github.com/discomco/dot-cart/examples/car/engine.context.tests/bin/debug/net7.0/engine.context.tests.dll" id="b81bada1-4d1f-3504-88bb-bfe4958139b9">
      <Execution id="56d1537e-8ba6-49b1-b0ee-44927b7913e5" />
      <TestMethod codeBase="/home/rl/work/github.com/discomco/dot-cart/examples/car/Engine.Context.Tests/bin/Debug/net7.0/Engine.Context.Tests.dll" adapterTypeName="executor://xunit/VsTestRunner2/netcoreapp" className="Engine.Context.Tests.ChangeDetails.CmdHandlerTests" name="ShouldResolveMetaCtor" />
    </UnitTest>
    <UnitTest name="Engine.Context.Tests.Stop.HopePipeBuilderTests.ShouldResolvePipeBuilder" storage="/home/rl/work/github.com/discomco/dot-cart/examples/car/engine.context.tests/bin/debug/net7.0/engine.context.tests.dll" id="ab2d93a3-6a1d-2f97-1472-52ef14c9eb3d">
      <Execution id="4be9f7bf-4ace-43ee-8059-757820a46dde" />
      <TestMethod codeBase="/home/rl/work/github.com/discomco/dot-cart/examples/car/Engine.Context.Tests/bin/Debug/net7.0/Engine.Context.Tests.dll" adapterTypeName="executor://xunit/VsTestRunner2/netcoreapp" className="Engine.Context.Tests.Stop.HopePipeBuilderTests" name="ShouldResolvePipeBuilder" />
    </UnitTest>
    <UnitTest name="Engine.Context.Tests.ChangeRpm.SpokeTests.ShouldHaveNameAttribute" storage="/home/rl/work/github.com/discomco/dot-cart/examples/car/engine.context.tests/bin/debug/net7.0/engine.context.tests.dll" id="e284e442-0937-d37d-124d-4f5085d007f1">
      <Execution id="7327fbd5-3cc5-4238-9a2d-7ea93a8f2ce1" />
      <TestMethod codeBase="/home/rl/work/github.com/discomco/dot-cart/examples/car/Engine.Context.Tests/bin/Debug/net7.0/Engine.Context.Tests.dll" adapterTypeName="executor://xunit/VsTestRunner2/netcoreapp" className="Engine.Context.Tests.ChangeRpm.SpokeTests" name="ShouldHaveNameAttribute" />
    </UnitTest>
    <UnitTest name="Engine.Context.Tests.Stop.ToRedisListTests.ShouldSpokeHaveNameAttribute" storage="/home/rl/work/github.com/discomco/dot-cart/examples/car/engine.context.tests/bin/debug/net7.0/engine.context.tests.dll" id="55d8d566-b04d-10b0-7fff-49a3c7feedef">
      <Execution id="95c51d0c-6fe9-4418-a550-ecfc9215a3ed" />
      <TestMethod codeBase="/home/rl/work/github.com/discomco/dot-cart/examples/car/Engine.Context.Tests/bin/Debug/net7.0/Engine.Context.Tests.dll" adapterTypeName="executor://xunit/VsTestRunner2/netcoreapp" className="Engine.Context.Tests.Stop.ToRedisListTests" name="ShouldSpokeHaveNameAttribute" />
    </UnitTest>
    <UnitTest name="Engine.Context.Tests.ChangeRpm.CmdHandlerTests.ShouldResolveStateCtor" storage="/home/rl/work/github.com/discomco/dot-cart/examples/car/engine.context.tests/bin/debug/net7.0/engine.context.tests.dll" id="1b2c266c-95fb-d591-e679-6489f35327cf">
      <Execution id="79e52291-7f37-4976-902b-f5bf03276edb" />
      <TestMethod codeBase="/home/rl/work/github.com/discomco/dot-cart/examples/car/Engine.Context.Tests/bin/Debug/net7.0/Engine.Context.Tests.dll" adapterTypeName="executor://xunit/VsTestRunner2/netcoreapp" className="Engine.Context.Tests.ChangeRpm.CmdHandlerTests" name="ShouldResolveStateCtor" />
    </UnitTest>
    <UnitTest name="Engine.Context.Tests.ChangeRpm.ToEventStoreTestsT.ShouldResolveExchange" storage="/home/rl/work/github.com/discomco/dot-cart/examples/car/engine.context.tests/bin/debug/net7.0/engine.context.tests.dll" id="85b6964e-8a94-eff8-1ad5-2410127755f6">
      <Execution id="2cbd2bba-4e88-4e53-bf74-a5dbb1591db8" />
      <TestMethod codeBase="/home/rl/work/github.com/discomco/dot-cart/examples/car/Engine.Context.Tests/bin/Debug/net7.0/Engine.Context.Tests.dll" adapterTypeName="executor://xunit/VsTestRunner2/netcoreapp" className="Engine.Context.Tests.ChangeRpm.ToEventStoreTestsT" name="ShouldResolveExchange" />
    </UnitTest>
    <UnitTest name="Engine.Context.Tests.ChangeRpm.FromNATSTests.ShouldResolveEmitter" storage="/home/rl/work/github.com/discomco/dot-cart/examples/car/engine.context.tests/bin/debug/net7.0/engine.context.tests.dll" id="78a5e8f1-a966-6799-07a7-9a9569a2ee1f">
      <Execution id="20e0ccb5-f9c2-48a0-8d01-80fb4b129903" />
      <TestMethod codeBase="/home/rl/work/github.com/discomco/dot-cart/examples/car/Engine.Context.Tests/bin/Debug/net7.0/Engine.Context.Tests.dll" adapterTypeName="executor://xunit/VsTestRunner2/netcoreapp" className="Engine.Context.Tests.ChangeRpm.FromNATSTests" name="ShouldResolveEmitter" />
    </UnitTest>
    <UnitTest name="Engine.Context.Tests.Start.ToRedisListTests.ShouldTestAndTProjectionHaveSameAttribute" storage="/home/rl/work/github.com/discomco/dot-cart/examples/car/engine.context.tests/bin/debug/net7.0/engine.context.tests.dll" id="44c8c3ae-5adf-7983-9de1-1e9abece7147">
      <Execution id="8f39b12c-16ef-4f2a-b71b-3cfb9230280e" />
      <TestMethod codeBase="/home/rl/work/github.com/discomco/dot-cart/examples/car/Engine.Context.Tests/bin/Debug/net7.0/Engine.Context.Tests.dll" adapterTypeName="executor://xunit/VsTestRunner2/netcoreapp" className="Engine.Context.Tests.Start.ToRedisListTests" name="ShouldTestAndTProjectionHaveSameAttribute" />
    </UnitTest>
    <UnitTest name="Engine.Context.Tests.ChangeRpm.CmdHandlerTests.ShouldResolveAggregateStore" storage="/home/rl/work/github.com/discomco/dot-cart/examples/car/engine.context.tests/bin/debug/net7.0/engine.context.tests.dll" id="f9257348-5f20-cdc6-da4e-fda0c967049d">
      <Execution id="a31bfa08-6443-43d6-b653-bbc844211c8e" />
      <TestMethod codeBase="/home/rl/work/github.com/discomco/dot-cart/examples/car/Engine.Context.Tests/bin/Debug/net7.0/Engine.Context.Tests.dll" adapterTypeName="executor://xunit/VsTestRunner2/netcoreapp" className="Engine.Context.Tests.ChangeRpm.CmdHandlerTests" name="ShouldResolveAggregateStore" />
    </UnitTest>
    <UnitTest name="Engine.Context.Tests.ChangeDetails.ToRedisListTests.ShouldResolveReadModelStore" storage="/home/rl/work/github.com/discomco/dot-cart/examples/car/engine.context.tests/bin/debug/net7.0/engine.context.tests.dll" id="f106b48e-98cf-e7bb-8ee5-f7f86d6d2a66">
      <Execution id="12205339-53d5-4a66-aba0-6b80fcecb0bb" />
      <TestMethod codeBase="/home/rl/work/github.com/discomco/dot-cart/examples/car/Engine.Context.Tests/bin/Debug/net7.0/Engine.Context.Tests.dll" adapterTypeName="executor://xunit/VsTestRunner2/netcoreapp" className="Engine.Context.Tests.ChangeDetails.ToRedisListTests" name="ShouldResolveReadModelStore" />
    </UnitTest>
    <UnitTest name="Engine.Context.Tests.Initialize.ToEventStoreTestsT.ShouldResolveReadModelStore" storage="/home/rl/work/github.com/discomco/dot-cart/examples/car/engine.context.tests/bin/debug/net7.0/engine.context.tests.dll" id="e469a353-5641-6456-0dcb-2680792993a6">
      <Execution id="1e086ca5-57ed-41d0-adf7-3525d732b11b" />
      <TestMethod codeBase="/home/rl/work/github.com/discomco/dot-cart/examples/car/Engine.Context.Tests/bin/Debug/net7.0/Engine.Context.Tests.dll" adapterTypeName="executor://xunit/VsTestRunner2/netcoreapp" className="Engine.Context.Tests.Initialize.ToEventStoreTestsT" name="ShouldResolveReadModelStore" />
    </UnitTest>
    <UnitTest name="Engine.Context.Tests.Initialize.CmdHandlerTests.ShouldResolveAggregateStore" storage="/home/rl/work/github.com/discomco/dot-cart/examples/car/engine.context.tests/bin/debug/net7.0/engine.context.tests.dll" id="514da512-0b10-039f-850d-3541638b28a9">
      <Execution id="e0f26fe7-dd73-420a-8c29-05db81eb72ca" />
      <TestMethod codeBase="/home/rl/work/github.com/discomco/dot-cart/examples/car/Engine.Context.Tests/bin/Debug/net7.0/Engine.Context.Tests.dll" adapterTypeName="executor://xunit/VsTestRunner2/netcoreapp" className="Engine.Context.Tests.Initialize.CmdHandlerTests" name="ShouldResolveAggregateStore" />
    </UnitTest>
    <UnitTest name="Engine.Context.Tests.Start.CmdHandlerTests.ShouldResolveStateCtor" storage="/home/rl/work/github.com/discomco/dot-cart/examples/car/engine.context.tests/bin/debug/net7.0/engine.context.tests.dll" id="13986632-2cbb-6b11-d404-7cd4ade58037">
      <Execution id="7e4c16fa-df0f-40de-aa43-fd5f4851219f" />
      <TestMethod codeBase="/home/rl/work/github.com/discomco/dot-cart/examples/car/Engine.Context.Tests/bin/Debug/net7.0/Engine.Context.Tests.dll" adapterTypeName="executor://xunit/VsTestRunner2/netcoreapp" className="Engine.Context.Tests.Start.CmdHandlerTests" name="ShouldResolveStateCtor" />
    </UnitTest>
    <UnitTest name="Engine.Context.Tests.ChangeDetails.ToRedisListTests.ShouldResolveEvt2State" storage="/home/rl/work/github.com/discomco/dot-cart/examples/car/engine.context.tests/bin/debug/net7.0/engine.context.tests.dll" id="2a805820-ce64-703d-c1fd-567ac98c7f3f">
      <Execution id="75f5d6ec-d648-4c30-a841-fbb0ac7ca79d" />
      <TestMethod codeBase="/home/rl/work/github.com/discomco/dot-cart/examples/car/Engine.Context.Tests/bin/Debug/net7.0/Engine.Context.Tests.dll" adapterTypeName="executor://xunit/VsTestRunner2/netcoreapp" className="Engine.Context.Tests.ChangeDetails.ToRedisListTests" name="ShouldResolveEvt2State" />
    </UnitTest>
    <UnitTest name="Engine.Context.Tests.Stop.SpokeTests.ShouldHaveNameAttribute" storage="/home/rl/work/github.com/discomco/dot-cart/examples/car/engine.context.tests/bin/debug/net7.0/engine.context.tests.dll" id="3b79c1e3-36bd-77d1-bc2b-fa516b60c670">
      <Execution id="b827803a-2450-4cca-b4e3-efba549257c2" />
      <TestMethod codeBase="/home/rl/work/github.com/discomco/dot-cart/examples/car/Engine.Context.Tests/bin/Debug/net7.0/Engine.Context.Tests.dll" adapterTypeName="executor://xunit/VsTestRunner2/netcoreapp" className="Engine.Context.Tests.Stop.SpokeTests" name="ShouldHaveNameAttribute" />
    </UnitTest>
    <UnitTest name="Engine.Context.Tests.Stop.CmdHandlerTests.ShouldCreateCmd" storage="/home/rl/work/github.com/discomco/dot-cart/examples/car/engine.context.tests/bin/debug/net7.0/engine.context.tests.dll" id="19bb9864-64ab-f3ce-2660-ec92f3302d2e">
      <Execution id="ec8e6205-3496-4e9a-87d0-829e216e5f40" />
      <TestMethod codeBase="/home/rl/work/github.com/discomco/dot-cart/examples/car/Engine.Context.Tests/bin/Debug/net7.0/Engine.Context.Tests.dll" adapterTypeName="executor://xunit/VsTestRunner2/netcoreapp" className="Engine.Context.Tests.Stop.CmdHandlerTests" name="ShouldCreateCmd" />
    </UnitTest>
    <UnitTest name="Engine.Context.Tests.ChangeRpm.CmdHandlerTests.ShouldHandleCmd" storage="/home/rl/work/github.com/discomco/dot-cart/examples/car/engine.context.tests/bin/debug/net7.0/engine.context.tests.dll" id="89b3de84-1e15-8c25-7acf-e9952880f06e">
      <Execution id="16d6fadb-cfce-4537-b5b9-5d8445a25bb7" />
      <TestMethod codeBase="/home/rl/work/github.com/discomco/dot-cart/examples/car/Engine.Context.Tests/bin/Debug/net7.0/Engine.Context.Tests.dll" adapterTypeName="executor://xunit/VsTestRunner2/netcoreapp" className="Engine.Context.Tests.ChangeRpm.CmdHandlerTests" name="ShouldHandleCmd" />
    </UnitTest>
    <UnitTest name="Engine.Context.Tests.ChangeDetails.ToRabbitMqTests.ShouldResolveEmitter" storage="/home/rl/work/github.com/discomco/dot-cart/examples/car/engine.context.tests/bin/debug/net7.0/engine.context.tests.dll" id="dbd52af2-960c-5ab3-ffc5-5e7ec1c2e24c">
      <Execution id="63eed2d5-3256-4f36-aae5-2bce16452d31" />
      <TestMethod codeBase="/home/rl/work/github.com/discomco/dot-cart/examples/car/Engine.Context.Tests/bin/Debug/net7.0/Engine.Context.Tests.dll" adapterTypeName="executor://xunit/VsTestRunner2/netcoreapp" className="Engine.Context.Tests.ChangeDetails.ToRabbitMqTests" name="ShouldResolveEmitter" />
    </UnitTest>
    <UnitTest name="Engine.Context.Tests.Initialize.ToRedisListTests.ShouldHaveNameAttribute" storage="/home/rl/work/github.com/discomco/dot-cart/examples/car/engine.context.tests/bin/debug/net7.0/engine.context.tests.dll" id="3ac3983d-2b58-91c3-42c6-0cc31fdfa2f9">
      <Execution id="ecbc1d8e-f298-4c75-a959-4f626217a70b" />
      <TestMethod codeBase="/home/rl/work/github.com/discomco/dot-cart/examples/car/Engine.Context.Tests/bin/Debug/net7.0/Engine.Context.Tests.dll" adapterTypeName="executor://xunit/VsTestRunner2/netcoreapp" className="Engine.Context.Tests.Initialize.ToRedisListTests" name="ShouldHaveNameAttribute" />
    </UnitTest>
    <UnitTest name="Engine.Context.Tests.Start.ToRedisDocTests.ShouldHaveNameAttribute" storage="/home/rl/work/github.com/discomco/dot-cart/examples/car/engine.context.tests/bin/debug/net7.0/engine.context.tests.dll" id="79f0a284-ddf2-69f1-5419-998ef671f87c">
      <Execution id="676deb67-fd01-4240-9c36-0c6c8ee05398" />
      <TestMethod codeBase="/home/rl/work/github.com/discomco/dot-cart/examples/car/Engine.Context.Tests/bin/Debug/net7.0/Engine.Context.Tests.dll" adapterTypeName="executor://xunit/VsTestRunner2/netcoreapp" className="Engine.Context.Tests.Start.ToRedisDocTests" name="ShouldHaveNameAttribute" />
    </UnitTest>
    <UnitTest name="Engine.Context.Tests.Initialize.ToRedisDocTests.ShouldHaveNameAttribute" storage="/home/rl/work/github.com/discomco/dot-cart/examples/car/engine.context.tests/bin/debug/net7.0/engine.context.tests.dll" id="eb2f2749-5fda-b871-a11f-e69e88b46678">
      <Execution id="a99c0de0-2b9b-4f3c-9674-706a4e2d92a9" />
      <TestMethod codeBase="/home/rl/work/github.com/discomco/dot-cart/examples/car/Engine.Context.Tests/bin/Debug/net7.0/Engine.Context.Tests.dll" adapterTypeName="executor://xunit/VsTestRunner2/netcoreapp" className="Engine.Context.Tests.Initialize.ToRedisDocTests" name="ShouldHaveNameAttribute" />
    </UnitTest>
    <UnitTest name="Engine.Context.Tests.Initialize.SpokeTests.ShouldBuildSpoke" storage="/home/rl/work/github.com/discomco/dot-cart/examples/car/engine.context.tests/bin/debug/net7.0/engine.context.tests.dll" id="c7b30f09-5a6f-af18-2461-0d7b38c2556e">
      <Execution id="fc959fc0-a3b9-4780-a19d-7f3037cd79c1" />
      <TestMethod codeBase="/home/rl/work/github.com/discomco/dot-cart/examples/car/Engine.Context.Tests/bin/Debug/net7.0/Engine.Context.Tests.dll" adapterTypeName="executor://xunit/VsTestRunner2/netcoreapp" className="Engine.Context.Tests.Initialize.SpokeTests" name="ShouldBuildSpoke" />
    </UnitTest>
    <UnitTest name="Engine.Context.Tests.ChangeRpm.ToRedisListTests.ShouldHaveNameAttribute" storage="/home/rl/work/github.com/discomco/dot-cart/examples/car/engine.context.tests/bin/debug/net7.0/engine.context.tests.dll" id="20b79c91-a0fc-1355-3c99-fd7ebcf8dafd">
      <Execution id="585b20f5-e004-4fcd-9ea8-2d755899e347" />
      <TestMethod codeBase="/home/rl/work/github.com/discomco/dot-cart/examples/car/Engine.Context.Tests/bin/Debug/net7.0/Engine.Context.Tests.dll" adapterTypeName="executor://xunit/VsTestRunner2/netcoreapp" className="Engine.Context.Tests.ChangeRpm.ToRedisListTests" name="ShouldHaveNameAttribute" />
    </UnitTest>
    <UnitTest name="Engine.Context.Tests.Stop.FromRabbitMqRetroTests.ShouldResolveExchange" storage="/home/rl/work/github.com/discomco/dot-cart/examples/car/engine.context.tests/bin/debug/net7.0/engine.context.tests.dll" id="f08d276b-3adc-c178-e3af-96e30cbf9fa2">
      <Execution id="b203b621-a080-4dec-a8b5-829910c0c01c" />
      <TestMethod codeBase="/home/rl/work/github.com/discomco/dot-cart/examples/car/Engine.Context.Tests/bin/Debug/net7.0/Engine.Context.Tests.dll" adapterTypeName="executor://xunit/VsTestRunner2/netcoreapp" className="Engine.Context.Tests.Stop.FromRabbitMqRetroTests" name="ShouldResolveExchange" />
    </UnitTest>
    <UnitTest name="Engine.Context.Tests.Start.SpokeTests.ShouldHaveNameAttribute" storage="/home/rl/work/github.com/discomco/dot-cart/examples/car/engine.context.tests/bin/debug/net7.0/engine.context.tests.dll" id="94332762-cb21-277b-f3d8-0b9dd35df1e0">
      <Execution id="7c4dc3fa-61ac-4eae-bda2-b4c9ad81d796" />
      <TestMethod codeBase="/home/rl/work/github.com/discomco/dot-cart/examples/car/Engine.Context.Tests/bin/Debug/net7.0/Engine.Context.Tests.dll" adapterTypeName="executor://xunit/VsTestRunner2/netcoreapp" className="Engine.Context.Tests.Start.SpokeTests" name="ShouldHaveNameAttribute" />
    </UnitTest>
    <UnitTest name="Engine.Context.Tests.ChangeRpm.ToRedisListTests.ShouldTestAndTProjectionHaveSameAttribute" storage="/home/rl/work/github.com/discomco/dot-cart/examples/car/engine.context.tests/bin/debug/net7.0/engine.context.tests.dll" id="53780acf-9a85-f23e-fb5f-b74c75571303">
      <Execution id="0439ed19-ae01-4214-b89d-340ecd62006f" />
      <TestMethod codeBase="/home/rl/work/github.com/discomco/dot-cart/examples/car/Engine.Context.Tests/bin/Debug/net7.0/Engine.Context.Tests.dll" adapterTypeName="executor://xunit/VsTestRunner2/netcoreapp" className="Engine.Context.Tests.ChangeRpm.ToRedisListTests" name="ShouldTestAndTProjectionHaveSameAttribute" />
    </UnitTest>
    <UnitTest name="Engine.Context.Tests.Stop.ToRedisListTests.ShouldResolveProjection" storage="/home/rl/work/github.com/discomco/dot-cart/examples/car/engine.context.tests/bin/debug/net7.0/engine.context.tests.dll" id="f1b373af-db2e-2220-a03f-add33da9d033">
      <Execution id="90c5328d-26fb-4d00-a5aa-467229f3e962" />
      <TestMethod codeBase="/home/rl/work/github.com/discomco/dot-cart/examples/car/Engine.Context.Tests/bin/Debug/net7.0/Engine.Context.Tests.dll" adapterTypeName="executor://xunit/VsTestRunner2/netcoreapp" className="Engine.Context.Tests.Stop.ToRedisListTests" name="ShouldResolveProjection" />
    </UnitTest>
    <UnitTest name="Engine.Context.Tests.ChangeRpm.ToRedisDocTests.ShouldHaveDbNameAttribute" storage="/home/rl/work/github.com/discomco/dot-cart/examples/car/engine.context.tests/bin/debug/net7.0/engine.context.tests.dll" id="f22beda7-b6d7-23ba-decb-dd2af2e4f1a6">
      <Execution id="757e0a08-0367-4bc8-898e-8a842a5834eb" />
      <TestMethod codeBase="/home/rl/work/github.com/discomco/dot-cart/examples/car/Engine.Context.Tests/bin/Debug/net7.0/Engine.Context.Tests.dll" adapterTypeName="executor://xunit/VsTestRunner2/netcoreapp" className="Engine.Context.Tests.ChangeRpm.ToRedisDocTests" name="ShouldHaveDbNameAttribute" />
    </UnitTest>
    <UnitTest name="Engine.Context.Tests.Start.ToEventStoreTestsT.ShouldResolveEvt2Fact" storage="/home/rl/work/github.com/discomco/dot-cart/examples/car/engine.context.tests/bin/debug/net7.0/engine.context.tests.dll" id="c2c48be4-a16b-5cd9-8348-6a2ee1c7e043">
      <Execution id="e2433ab1-8aca-4bac-8adf-99fb0081b40b" />
      <TestMethod codeBase="/home/rl/work/github.com/discomco/dot-cart/examples/car/Engine.Context.Tests/bin/Debug/net7.0/Engine.Context.Tests.dll" adapterTypeName="executor://xunit/VsTestRunner2/netcoreapp" className="Engine.Context.Tests.Start.ToEventStoreTestsT" name="ShouldResolveEvt2Fact" />
    </UnitTest>
    <UnitTest name="Engine.Context.Tests.Initialize.CmdHandlerTests.ShouldResolveCmdHandler" storage="/home/rl/work/github.com/discomco/dot-cart/examples/car/engine.context.tests/bin/debug/net7.0/engine.context.tests.dll" id="b0c2e93d-4434-c7fe-ad75-3304a3cb6e8c">
      <Execution id="02c3487a-acbc-4ac3-8b67-3e4079652729" />
      <TestMethod codeBase="/home/rl/work/github.com/discomco/dot-cart/examples/car/Engine.Context.Tests/bin/Debug/net7.0/Engine.Context.Tests.dll" adapterTypeName="executor://xunit/VsTestRunner2/netcoreapp" className="Engine.Context.Tests.Initialize.CmdHandlerTests" name="ShouldResolveCmdHandler" />
    </UnitTest>
    <UnitTest name="Engine.Context.Tests.Start.FromRabbitMqRetroTests.ShouldResolveExchange" storage="/home/rl/work/github.com/discomco/dot-cart/examples/car/engine.context.tests/bin/debug/net7.0/engine.context.tests.dll" id="b7abf4e0-343c-1fa4-2d3a-c78bf0cb65ca">
      <Execution id="98f2df3b-93b4-4158-b649-8e4742f8869b" />
      <TestMethod codeBase="/home/rl/work/github.com/discomco/dot-cart/examples/car/Engine.Context.Tests/bin/Debug/net7.0/Engine.Context.Tests.dll" adapterTypeName="executor://xunit/VsTestRunner2/netcoreapp" className="Engine.Context.Tests.Start.FromRabbitMqRetroTests" name="ShouldResolveExchange" />
    </UnitTest>
    <UnitTest name="Engine.Context.Tests.ChangeRpm.ToRedisDocTests.ShouldResolveProjection" storage="/home/rl/work/github.com/discomco/dot-cart/examples/car/engine.context.tests/bin/debug/net7.0/engine.context.tests.dll" id="f719cbfb-5973-7080-2a29-974d10e342b8">
      <Execution id="813534ba-0af4-4e70-ae01-464b34d60095" />
      <TestMethod codeBase="/home/rl/work/github.com/discomco/dot-cart/examples/car/Engine.Context.Tests/bin/Debug/net7.0/Engine.Context.Tests.dll" adapterTypeName="executor://xunit/VsTestRunner2/netcoreapp" className="Engine.Context.Tests.ChangeRpm.ToRedisDocTests" name="ShouldResolveProjection" />
    </UnitTest>
    <UnitTest name="Engine.Context.Tests.Start.HopePipeBuilderTests.ShouldExecuteAsync" storage="/home/rl/work/github.com/discomco/dot-cart/examples/car/engine.context.tests/bin/debug/net7.0/engine.context.tests.dll" id="57d85048-7711-6976-a00e-e27e34a7c42a">
      <Execution id="1a57e94c-e82b-47e3-b030-9820bf931f6d" />
      <TestMethod codeBase="/home/rl/work/github.com/discomco/dot-cart/examples/car/Engine.Context.Tests/bin/Debug/net7.0/Engine.Context.Tests.dll" adapterTypeName="executor://xunit/VsTestRunner2/netcoreapp" className="Engine.Context.Tests.Start.HopePipeBuilderTests" name="ShouldExecuteAsync" />
    </UnitTest>
    <UnitTest name="Engine.Context.Tests.Start.ToEventStoreTestsT.ShouldResolveCmdHandler" storage="/home/rl/work/github.com/discomco/dot-cart/examples/car/engine.context.tests/bin/debug/net7.0/engine.context.tests.dll" id="f5d1a932-39d9-353e-04b3-c14aba70ef15">
      <Execution id="9bad29ed-7fb3-4f62-9317-85470cc2448c" />
      <TestMethod codeBase="/home/rl/work/github.com/discomco/dot-cart/examples/car/Engine.Context.Tests/bin/Debug/net7.0/Engine.Context.Tests.dll" adapterTypeName="executor://xunit/VsTestRunner2/netcoreapp" className="Engine.Context.Tests.Start.ToEventStoreTestsT" name="ShouldResolveCmdHandler" />
    </UnitTest>
    <UnitTest name="Engine.Context.Tests.ChangeRpm.ToRedisDocTests.ShouldSpokeHaveNameAttribute" storage="/home/rl/work/github.com/discomco/dot-cart/examples/car/engine.context.tests/bin/debug/net7.0/engine.context.tests.dll" id="70e282e2-1eb3-64db-c0a7-ab680f8752e4">
      <Execution id="b86babab-c775-42de-98ca-8f4c4938d817" />
      <TestMethod codeBase="/home/rl/work/github.com/discomco/dot-cart/examples/car/Engine.Context.Tests/bin/Debug/net7.0/Engine.Context.Tests.dll" adapterTypeName="executor://xunit/VsTestRunner2/netcoreapp" className="Engine.Context.Tests.ChangeRpm.ToRedisDocTests" name="ShouldSpokeHaveNameAttribute" />
    </UnitTest>
    <UnitTest name="Engine.Context.Tests.Start.ToRedisDocTests.ShouldResolveExchange" storage="/home/rl/work/github.com/discomco/dot-cart/examples/car/engine.context.tests/bin/debug/net7.0/engine.context.tests.dll" id="6e94339b-28a1-3d0c-6ee4-77fcb0f3c7b8">
      <Execution id="df21a92d-98c9-4c41-a805-f9ca012cb53e" />
      <TestMethod codeBase="/home/rl/work/github.com/discomco/dot-cart/examples/car/Engine.Context.Tests/bin/Debug/net7.0/Engine.Context.Tests.dll" adapterTypeName="executor://xunit/VsTestRunner2/netcoreapp" className="Engine.Context.Tests.Start.ToRedisDocTests" name="ShouldResolveExchange" />
    </UnitTest>
    <UnitTest name="Engine.Context.Tests.Start.CmdHandlerTests.ShouldResolveMetaCtor" storage="/home/rl/work/github.com/discomco/dot-cart/examples/car/engine.context.tests/bin/debug/net7.0/engine.context.tests.dll" id="b9bd85e0-98be-4692-47b7-e56cbfd5e6f1">
      <Execution id="2a2bc7d4-f7f2-4430-93b5-a4e9c2786bf7" />
      <TestMethod codeBase="/home/rl/work/github.com/discomco/dot-cart/examples/car/Engine.Context.Tests/bin/Debug/net7.0/Engine.Context.Tests.dll" adapterTypeName="executor://xunit/VsTestRunner2/netcoreapp" className="Engine.Context.Tests.Start.CmdHandlerTests" name="ShouldResolveMetaCtor" />
    </UnitTest>
    <UnitTest name="Engine.Context.Tests.Initialize.CmdHandlerTests.ShouldResolveStateCtor" storage="/home/rl/work/github.com/discomco/dot-cart/examples/car/engine.context.tests/bin/debug/net7.0/engine.context.tests.dll" id="32c19d52-6368-a750-93ea-e5847d300e75">
      <Execution id="f82f5fdd-e2fe-45d9-9c29-fc7f35efea7a" />
      <TestMethod codeBase="/home/rl/work/github.com/discomco/dot-cart/examples/car/Engine.Context.Tests/bin/Debug/net7.0/Engine.Context.Tests.dll" adapterTypeName="executor://xunit/VsTestRunner2/netcoreapp" className="Engine.Context.Tests.Initialize.CmdHandlerTests" name="ShouldResolveStateCtor" />
    </UnitTest>
    <UnitTest name="Engine.Context.Tests.Start.ToRabbitMqTests.ShouldResolveEvt2Fact" storage="/home/rl/work/github.com/discomco/dot-cart/examples/car/engine.context.tests/bin/debug/net7.0/engine.context.tests.dll" id="1dcb796d-bb09-f3bb-66c6-8217d15f25db">
      <Execution id="24ceda39-8198-4877-89ed-9c4bc8d2fc96" />
      <TestMethod codeBase="/home/rl/work/github.com/discomco/dot-cart/examples/car/Engine.Context.Tests/bin/Debug/net7.0/Engine.Context.Tests.dll" adapterTypeName="executor://xunit/VsTestRunner2/netcoreapp" className="Engine.Context.Tests.Start.ToRabbitMqTests" name="ShouldResolveEvt2Fact" />
    </UnitTest>
    <UnitTest name="Engine.Context.Tests.Initialize.ToEventStoreTestsT.ShouldResolveEvt2Fact" storage="/home/rl/work/github.com/discomco/dot-cart/examples/car/engine.context.tests/bin/debug/net7.0/engine.context.tests.dll" id="0f939992-ccea-4ffc-53fe-594131106a91">
      <Execution id="63800187-c6d4-4eec-a978-95b9e0e0676d" />
      <TestMethod codeBase="/home/rl/work/github.com/discomco/dot-cart/examples/car/Engine.Context.Tests/bin/Debug/net7.0/Engine.Context.Tests.dll" adapterTypeName="executor://xunit/VsTestRunner2/netcoreapp" className="Engine.Context.Tests.Initialize.ToEventStoreTestsT" name="ShouldResolveEvt2Fact" />
    </UnitTest>
    <UnitTest name="Engine.Context.Tests.ChangeRpm.FromNATSTests.ShouldResolveOptionsAction" storage="/home/rl/work/github.com/discomco/dot-cart/examples/car/engine.context.tests/bin/debug/net7.0/engine.context.tests.dll" id="53e91daf-d2e8-052c-c175-a3ce8ea2f101">
      <Execution id="631204a7-b852-4cd3-92c8-f1f80d91991e" />
      <TestMethod codeBase="/home/rl/work/github.com/discomco/dot-cart/examples/car/Engine.Context.Tests/bin/Debug/net7.0/Engine.Context.Tests.dll" adapterTypeName="executor://xunit/VsTestRunner2/netcoreapp" className="Engine.Context.Tests.ChangeRpm.FromNATSTests" name="ShouldResolveOptionsAction" />
    </UnitTest>
    <UnitTest name="Engine.Context.Tests.Initialize.ToRedisListTests.ShouldPayloadHaveFactTopic" storage="/home/rl/work/github.com/discomco/dot-cart/examples/car/engine.context.tests/bin/debug/net7.0/engine.context.tests.dll" id="91deb1ff-fc9e-15e1-9bbc-80324320613c">
      <Execution id="8760c992-d514-4577-8390-fbfa1fecfdc8" />
      <TestMethod codeBase="/home/rl/work/github.com/discomco/dot-cart/examples/car/Engine.Context.Tests/bin/Debug/net7.0/Engine.Context.Tests.dll" adapterTypeName="executor://xunit/VsTestRunner2/netcoreapp" className="Engine.Context.Tests.Initialize.ToRedisListTests" name="ShouldPayloadHaveFactTopic" />
    </UnitTest>
    <UnitTest name="Engine.Context.Tests.Start.ToEventStoreTestsT.ShouldResolveReadModelStore" storage="/home/rl/work/github.com/discomco/dot-cart/examples/car/engine.context.tests/bin/debug/net7.0/engine.context.tests.dll" id="bc7b21b9-c58c-450a-d61a-95da424505e4">
      <Execution id="8fc4f311-902a-49b8-82ac-c98cf12fd35b" />
      <TestMethod codeBase="/home/rl/work/github.com/discomco/dot-cart/examples/car/Engine.Context.Tests/bin/Debug/net7.0/Engine.Context.Tests.dll" adapterTypeName="executor://xunit/VsTestRunner2/netcoreapp" className="Engine.Context.Tests.Start.ToEventStoreTestsT" name="ShouldResolveReadModelStore" />
    </UnitTest>
    <UnitTest name="Engine.Context.Tests.Start.ToRedisDocTests.ShouldResolveEvt2State" storage="/home/rl/work/github.com/discomco/dot-cart/examples/car/engine.context.tests/bin/debug/net7.0/engine.context.tests.dll" id="f13b09a6-7a98-4e52-2ff5-a8e5f8702cef">
      <Execution id="a3d10d3c-5be9-49e4-91ea-13368c27957d" />
      <TestMethod codeBase="/home/rl/work/github.com/discomco/dot-cart/examples/car/Engine.Context.Tests/bin/Debug/net7.0/Engine.Context.Tests.dll" adapterTypeName="executor://xunit/VsTestRunner2/netcoreapp" className="Engine.Context.Tests.Start.ToRedisDocTests" name="ShouldResolveEvt2State" />
    </UnitTest>
    <UnitTest name="Engine.Context.Tests.ChangeRpm.HopePipeBuilderTests.ShouldHaveName" storage="/home/rl/work/github.com/discomco/dot-cart/examples/car/engine.context.tests/bin/debug/net7.0/engine.context.tests.dll" id="a591aef4-df42-ca09-34fd-402ee19d436d">
      <Execution id="77b55454-c9ea-4567-b770-2481f0a39fa4" />
      <TestMethod codeBase="/home/rl/work/github.com/discomco/dot-cart/examples/car/Engine.Context.Tests/bin/Debug/net7.0/Engine.Context.Tests.dll" adapterTypeName="executor://xunit/VsTestRunner2/netcoreapp" className="Engine.Context.Tests.ChangeRpm.HopePipeBuilderTests" name="ShouldHaveName" />
    </UnitTest>
    <UnitTest name="Engine.Context.Tests.Stop.ToRedisDocTests.ShouldResolveReadModelStore" storage="/home/rl/work/github.com/discomco/dot-cart/examples/car/engine.context.tests/bin/debug/net7.0/engine.context.tests.dll" id="50a46ffd-8320-0950-4918-3187717c2ff1">
      <Execution id="63311969-9f3a-49d9-af19-b0ac4a6d7408" />
      <TestMethod codeBase="/home/rl/work/github.com/discomco/dot-cart/examples/car/Engine.Context.Tests/bin/Debug/net7.0/Engine.Context.Tests.dll" adapterTypeName="executor://xunit/VsTestRunner2/netcoreapp" className="Engine.Context.Tests.Stop.ToRedisDocTests" name="ShouldResolveReadModelStore" />
    </UnitTest>
    <UnitTest name="Engine.Context.Tests.Initialize.ToRedisListTests.ShouldSpokeHaveNameAttribute" storage="/home/rl/work/github.com/discomco/dot-cart/examples/car/engine.context.tests/bin/debug/net7.0/engine.context.tests.dll" id="6b0c58c4-0f7f-f5d7-82f6-21f81d549a0a">
      <Execution id="ad94dfdd-fc34-49aa-8c2c-710618c5a473" />
      <TestMethod codeBase="/home/rl/work/github.com/discomco/dot-cart/examples/car/Engine.Context.Tests/bin/Debug/net7.0/Engine.Context.Tests.dll" adapterTypeName="executor://xunit/VsTestRunner2/netcoreapp" className="Engine.Context.Tests.Initialize.ToRedisListTests" name="ShouldSpokeHaveNameAttribute" />
    </UnitTest>
    <UnitTest name="Engine.Context.Tests.Start.ToRabbitMqTests.ShouldResolveEmitter" storage="/home/rl/work/github.com/discomco/dot-cart/examples/car/engine.context.tests/bin/debug/net7.0/engine.context.tests.dll" id="fe36d563-1306-d20f-fa12-df288b3c2f7b">
      <Execution id="6a2d0e74-ce8b-463f-924d-803ee496d3b7" />
      <TestMethod codeBase="/home/rl/work/github.com/discomco/dot-cart/examples/car/Engine.Context.Tests/bin/Debug/net7.0/Engine.Context.Tests.dll" adapterTypeName="executor://xunit/VsTestRunner2/netcoreapp" className="Engine.Context.Tests.Start.ToRabbitMqTests" name="ShouldResolveEmitter" />
    </UnitTest>
    <UnitTest name="Engine.Context.Tests.Initialize.CmdHandlerTests.ShouldResolveCmdCtor" storage="/home/rl/work/github.com/discomco/dot-cart/examples/car/engine.context.tests/bin/debug/net7.0/engine.context.tests.dll" id="af69a69d-4371-bf7d-9806-e8866d9c0d0d">
      <Execution id="b900a7e1-2e9b-4278-b0cc-bf504258f678" />
      <TestMethod codeBase="/home/rl/work/github.com/discomco/dot-cart/examples/car/Engine.Context.Tests/bin/Debug/net7.0/Engine.Context.Tests.dll" adapterTypeName="executor://xunit/VsTestRunner2/netcoreapp" className="Engine.Context.Tests.Initialize.CmdHandlerTests" name="ShouldResolveCmdCtor" />
    </UnitTest>
    <UnitTest name="Engine.Context.Tests.Stop.CmdHandlerTests.ShouldResolveMetaCtor" storage="/home/rl/work/github.com/discomco/dot-cart/examples/car/engine.context.tests/bin/debug/net7.0/engine.context.tests.dll" id="0e7efcaf-7ba6-94f2-deb9-e8a051376029">
      <Execution id="edf75562-5b77-4ba5-91f7-b8af3e133e8f" />
      <TestMethod codeBase="/home/rl/work/github.com/discomco/dot-cart/examples/car/Engine.Context.Tests/bin/Debug/net7.0/Engine.Context.Tests.dll" adapterTypeName="executor://xunit/VsTestRunner2/netcoreapp" className="Engine.Context.Tests.Stop.CmdHandlerTests" name="ShouldResolveMetaCtor" />
    </UnitTest>
    <UnitTest name="Engine.Context.Tests.ChangeDetails.FromNATSTests.ShouldResolveEmitter" storage="/home/rl/work/github.com/discomco/dot-cart/examples/car/engine.context.tests/bin/debug/net7.0/engine.context.tests.dll" id="dffea405-5ad9-4e27-f044-bda926c11178">
      <Execution id="921f5cde-50c4-412c-8222-5d6b4f4d550c" />
      <TestMethod codeBase="/home/rl/work/github.com/discomco/dot-cart/examples/car/Engine.Context.Tests/bin/Debug/net7.0/Engine.Context.Tests.dll" adapterTypeName="executor://xunit/VsTestRunner2/netcoreapp" className="Engine.Context.Tests.ChangeDetails.FromNATSTests" name="ShouldResolveEmitter" />
    </UnitTest>
    <UnitTest name="Engine.Context.Tests.ChangeDetails.SpokeTests.ShouldHaveNameAttribute" storage="/home/rl/work/github.com/discomco/dot-cart/examples/car/engine.context.tests/bin/debug/net7.0/engine.context.tests.dll" id="ea99018a-3ed3-371d-e9c4-01bb88889d3f">
      <Execution id="fab88095-53b3-4aef-8d96-323cb1f4a667" />
      <TestMethod codeBase="/home/rl/work/github.com/discomco/dot-cart/examples/car/Engine.Context.Tests/bin/Debug/net7.0/Engine.Context.Tests.dll" adapterTypeName="executor://xunit/VsTestRunner2/netcoreapp" className="Engine.Context.Tests.ChangeDetails.SpokeTests" name="ShouldHaveNameAttribute" />
    </UnitTest>
    <UnitTest name="Engine.Context.Tests.Start.ToEventStoreTestsT.ShouldResolveExchange" storage="/home/rl/work/github.com/discomco/dot-cart/examples/car/engine.context.tests/bin/debug/net7.0/engine.context.tests.dll" id="8818c662-f23c-fc50-c132-d594c4b7794c">
      <Execution id="e28371b0-474a-4c79-8636-c3f97ee3c062" />
      <TestMethod codeBase="/home/rl/work/github.com/discomco/dot-cart/examples/car/Engine.Context.Tests/bin/Debug/net7.0/Engine.Context.Tests.dll" adapterTypeName="executor://xunit/VsTestRunner2/netcoreapp" className="Engine.Context.Tests.Start.ToEventStoreTestsT" name="ShouldResolveExchange" />
    </UnitTest>
    <UnitTest name="Engine.Context.Tests.Initialize.ToRabbitMqTests.ShouldResolveExchange" storage="/home/rl/work/github.com/discomco/dot-cart/examples/car/engine.context.tests/bin/debug/net7.0/engine.context.tests.dll" id="3681d5de-c2b0-cc3c-3dac-4a03e06a03d5">
      <Execution id="ba99092a-7283-419d-963e-8c3f35a91c38" />
      <TestMethod codeBase="/home/rl/work/github.com/discomco/dot-cart/examples/car/Engine.Context.Tests/bin/Debug/net7.0/Engine.Context.Tests.dll" adapterTypeName="executor://xunit/VsTestRunner2/netcoreapp" className="Engine.Context.Tests.Initialize.ToRabbitMqTests" name="ShouldResolveExchange" />
    </UnitTest>
    <UnitTest name="Engine.Context.Tests.Start.SpokeTests.ShouldResolveSpokeBuilder" storage="/home/rl/work/github.com/discomco/dot-cart/examples/car/engine.context.tests/bin/debug/net7.0/engine.context.tests.dll" id="a5c34873-e3ce-a732-89a8-6ac0591fb09c">
      <Execution id="2c89508a-e804-454a-b94f-9ae8dfd43fed" />
      <TestMethod codeBase="/home/rl/work/github.com/discomco/dot-cart/examples/car/Engine.Context.Tests/bin/Debug/net7.0/Engine.Context.Tests.dll" adapterTypeName="executor://xunit/VsTestRunner2/netcoreapp" className="Engine.Context.Tests.Start.SpokeTests" name="ShouldResolveSpokeBuilder" />
    </UnitTest>
    <UnitTest name="Engine.Context.Tests.ChangeDetails.ToEventStoreTestsT.ShouldResolveReadModelStore" storage="/home/rl/work/github.com/discomco/dot-cart/examples/car/engine.context.tests/bin/debug/net7.0/engine.context.tests.dll" id="e0a65915-d17e-8039-8dbc-3396a95f5c76">
      <Execution id="55b24fd5-3b39-4723-9378-c868ee181cde" />
      <TestMethod codeBase="/home/rl/work/github.com/discomco/dot-cart/examples/car/Engine.Context.Tests/bin/Debug/net7.0/Engine.Context.Tests.dll" adapterTypeName="executor://xunit/VsTestRunner2/netcoreapp" className="Engine.Context.Tests.ChangeDetails.ToEventStoreTestsT" name="ShouldResolveReadModelStore" />
    </UnitTest>
    <UnitTest name="Engine.Context.Tests.Initialize.ToRedisListTests.ShouldTProjectionHaveDocIdAttribute" storage="/home/rl/work/github.com/discomco/dot-cart/examples/car/engine.context.tests/bin/debug/net7.0/engine.context.tests.dll" id="6e586882-81eb-81cb-7f63-81bb1f1cd0fd">
      <Execution id="32e6b247-4921-42fa-a214-631fcb84c3cf" />
      <TestMethod codeBase="/home/rl/work/github.com/discomco/dot-cart/examples/car/Engine.Context.Tests/bin/Debug/net7.0/Engine.Context.Tests.dll" adapterTypeName="executor://xunit/VsTestRunner2/netcoreapp" className="Engine.Context.Tests.Initialize.ToRedisListTests" name="ShouldTProjectionHaveDocIdAttribute" />
    </UnitTest>
    <UnitTest name="Engine.Context.Tests.ChangeDetails.ToRedisDocTests.ShouldHaveNameAttribute" storage="/home/rl/work/github.com/discomco/dot-cart/examples/car/engine.context.tests/bin/debug/net7.0/engine.context.tests.dll" id="012f4b76-dc4b-bdc9-6e82-659c9bf5717c">
      <Execution id="d3fb6448-3081-4612-a66f-50b834777e9d" />
      <TestMethod codeBase="/home/rl/work/github.com/discomco/dot-cart/examples/car/Engine.Context.Tests/bin/Debug/net7.0/Engine.Context.Tests.dll" adapterTypeName="executor://xunit/VsTestRunner2/netcoreapp" className="Engine.Context.Tests.ChangeDetails.ToRedisDocTests" name="ShouldHaveNameAttribute" />
    </UnitTest>
    <UnitTest name="Engine.Context.Tests.Stop.FromRabbitMqRetroTests.ShouldResolveEmitter" storage="/home/rl/work/github.com/discomco/dot-cart/examples/car/engine.context.tests/bin/debug/net7.0/engine.context.tests.dll" id="c838dfe8-3dba-4d02-d731-eb9438b9eaf6">
      <Execution id="8753a6e2-3868-4f12-8634-0ed04f72236c" />
      <TestMethod codeBase="/home/rl/work/github.com/discomco/dot-cart/examples/car/Engine.Context.Tests/bin/Debug/net7.0/Engine.Context.Tests.dll" adapterTypeName="executor://xunit/VsTestRunner2/netcoreapp" className="Engine.Context.Tests.Stop.FromRabbitMqRetroTests" name="ShouldResolveEmitter" />
    </UnitTest>
    <UnitTest name="Engine.Context.Tests.Initialize.HopePipeBuilderTests.ShouldBuildPipe" storage="/home/rl/work/github.com/discomco/dot-cart/examples/car/engine.context.tests/bin/debug/net7.0/engine.context.tests.dll" id="1700fd5b-bad2-4c83-a542-62db2343bdae">
      <Execution id="cc8bf237-e0a4-471d-901a-4813726cf558" />
      <TestMethod codeBase="/home/rl/work/github.com/discomco/dot-cart/examples/car/Engine.Context.Tests/bin/Debug/net7.0/Engine.Context.Tests.dll" adapterTypeName="executor://xunit/VsTestRunner2/netcoreapp" className="Engine.Context.Tests.Initialize.HopePipeBuilderTests" name="ShouldBuildPipe" />
    </UnitTest>
    <UnitTest name="Engine.Context.Tests.Stop.CmdHandlerTests.ShouldResolveCmdHandler" storage="/home/rl/work/github.com/discomco/dot-cart/examples/car/engine.context.tests/bin/debug/net7.0/engine.context.tests.dll" id="4fc7550e-bfe1-23a6-8370-59e2a7fb46ca">
      <Execution id="e9b6074e-4875-434c-a6ad-8cc5600511c1" />
      <TestMethod codeBase="/home/rl/work/github.com/discomco/dot-cart/examples/car/Engine.Context.Tests/bin/Debug/net7.0/Engine.Context.Tests.dll" adapterTypeName="executor://xunit/VsTestRunner2/netcoreapp" className="Engine.Context.Tests.Stop.CmdHandlerTests" name="ShouldResolveCmdHandler" />
    </UnitTest>
    <UnitTest name="Engine.Context.Tests.Stop.HopePipeBuilderTests.ShouldBuildPipe" storage="/home/rl/work/github.com/discomco/dot-cart/examples/car/engine.context.tests/bin/debug/net7.0/engine.context.tests.dll" id="a76a33b1-55cb-5726-0c35-901ff7b8bc92">
      <Execution id="798eeb52-e34e-4caf-9af2-f68a3584f1be" />
      <TestMethod codeBase="/home/rl/work/github.com/discomco/dot-cart/examples/car/Engine.Context.Tests/bin/Debug/net7.0/Engine.Context.Tests.dll" adapterTypeName="executor://xunit/VsTestRunner2/netcoreapp" className="Engine.Context.Tests.Stop.HopePipeBuilderTests" name="ShouldBuildPipe" />
    </UnitTest>
    <UnitTest name="Engine.Context.Tests.Initialize.ToEventStoreTestsT.ShouldResolveAggregateBuilder" storage="/home/rl/work/github.com/discomco/dot-cart/examples/car/engine.context.tests/bin/debug/net7.0/engine.context.tests.dll" id="fff83153-ec9d-aecb-ec1f-f79cc6f28254">
      <Execution id="0e446c48-0bfa-40b0-b454-e40a1a0b487d" />
      <TestMethod codeBase="/home/rl/work/github.com/discomco/dot-cart/examples/car/Engine.Context.Tests/bin/Debug/net7.0/Engine.Context.Tests.dll" adapterTypeName="executor://xunit/VsTestRunner2/netcoreapp" className="Engine.Context.Tests.Initialize.ToEventStoreTestsT" name="ShouldResolveAggregateBuilder" />
    </UnitTest>
    <UnitTest name="Engine.Context.Tests.Initialize.SpokeTests.ShouldResolveSpokeBuilder" storage="/home/rl/work/github.com/discomco/dot-cart/examples/car/engine.context.tests/bin/debug/net7.0/engine.context.tests.dll" id="635d9362-617e-c7bc-1a3b-5888c828c202">
      <Execution id="a6be4989-f38a-4af3-a826-266e3dc5578b" />
      <TestMethod codeBase="/home/rl/work/github.com/discomco/dot-cart/examples/car/Engine.Context.Tests/bin/Debug/net7.0/Engine.Context.Tests.dll" adapterTypeName="executor://xunit/VsTestRunner2/netcoreapp" className="Engine.Context.Tests.Initialize.SpokeTests" name="ShouldResolveSpokeBuilder" />
    </UnitTest>
    <UnitTest name="Engine.Context.Tests.Initialize.ToRedisListTests.ShouldResolveProjection" storage="/home/rl/work/github.com/discomco/dot-cart/examples/car/engine.context.tests/bin/debug/net7.0/engine.context.tests.dll" id="8043598a-ed6d-bca9-a6e6-d69af3f707b0">
      <Execution id="4ec24f1f-3b40-4b13-b378-62250682993d" />
      <TestMethod codeBase="/home/rl/work/github.com/discomco/dot-cart/examples/car/Engine.Context.Tests/bin/Debug/net7.0/Engine.Context.Tests.dll" adapterTypeName="executor://xunit/VsTestRunner2/netcoreapp" className="Engine.Context.Tests.Initialize.ToRedisListTests" name="ShouldResolveProjection" />
    </UnitTest>
    <UnitTest name="Engine.Context.Tests.ChangeDetails.HopePipeBuilderTests.ShouldHaveName" storage="/home/rl/work/github.com/discomco/dot-cart/examples/car/engine.context.tests/bin/debug/net7.0/engine.context.tests.dll" id="1cf117a0-f5e7-f580-8971-833c75d618f3">
      <Execution id="fbf4317f-03ca-4a00-8ceb-d66a179c2808" />
      <TestMethod codeBase="/home/rl/work/github.com/discomco/dot-cart/examples/car/Engine.Context.Tests/bin/Debug/net7.0/Engine.Context.Tests.dll" adapterTypeName="executor://xunit/VsTestRunner2/netcoreapp" className="Engine.Context.Tests.ChangeDetails.HopePipeBuilderTests" name="ShouldHaveName" />
    </UnitTest>
    <UnitTest name="Engine.Context.Tests.Stop.ToRedisDocTests.ShouldResolveEvt2State" storage="/home/rl/work/github.com/discomco/dot-cart/examples/car/engine.context.tests/bin/debug/net7.0/engine.context.tests.dll" id="d86305a0-f8d1-035f-cf9b-054123dfb5d5">
      <Execution id="28875744-48eb-4d70-937d-8535c97f1e92" />
      <TestMethod codeBase="/home/rl/work/github.com/discomco/dot-cart/examples/car/Engine.Context.Tests/bin/Debug/net7.0/Engine.Context.Tests.dll" adapterTypeName="executor://xunit/VsTestRunner2/netcoreapp" className="Engine.Context.Tests.Stop.ToRedisDocTests" name="ShouldResolveEvt2State" />
    </UnitTest>
    <UnitTest name="Engine.Context.Tests.Stop.SpokeTests.ShouldResolveSpokeBuilder" storage="/home/rl/work/github.com/discomco/dot-cart/examples/car/engine.context.tests/bin/debug/net7.0/engine.context.tests.dll" id="a00e8832-57f3-a2d8-c74b-dabf7bb9b53c">
      <Execution id="4e88f425-a754-4158-b9c6-54364b340b83" />
      <TestMethod codeBase="/home/rl/work/github.com/discomco/dot-cart/examples/car/Engine.Context.Tests/bin/Debug/net7.0/Engine.Context.Tests.dll" adapterTypeName="executor://xunit/VsTestRunner2/netcoreapp" className="Engine.Context.Tests.Stop.SpokeTests" name="ShouldResolveSpokeBuilder" />
    </UnitTest>
    <UnitTest name="Engine.Context.Tests.Stop.FromNATSTests.ShouldResolveOptionsAction" storage="/home/rl/work/github.com/discomco/dot-cart/examples/car/engine.context.tests/bin/debug/net7.0/engine.context.tests.dll" id="86d97186-a6b5-18b0-12dd-f0cf6c55e6f9">
      <Execution id="d908ac53-e717-44b8-93d9-f53ed4937607" />
      <TestMethod codeBase="/home/rl/work/github.com/discomco/dot-cart/examples/car/Engine.Context.Tests/bin/Debug/net7.0/Engine.Context.Tests.dll" adapterTypeName="executor://xunit/VsTestRunner2/netcoreapp" className="Engine.Context.Tests.Stop.FromNATSTests" name="ShouldResolveOptionsAction" />
    </UnitTest>
    <UnitTest name="Engine.Context.Tests.Initialize.ToRedisListTests.ShouldResolveEvt2State" storage="/home/rl/work/github.com/discomco/dot-cart/examples/car/engine.context.tests/bin/debug/net7.0/engine.context.tests.dll" id="c141e87f-2df5-2c2f-2bdd-a327c12a7ef2">
      <Execution id="540dc580-32ce-4fba-a50a-0e1b24999c1a" />
      <TestMethod codeBase="/home/rl/work/github.com/discomco/dot-cart/examples/car/Engine.Context.Tests/bin/Debug/net7.0/Engine.Context.Tests.dll" adapterTypeName="executor://xunit/VsTestRunner2/netcoreapp" className="Engine.Context.Tests.Initialize.ToRedisListTests" name="ShouldResolveEvt2State" />
    </UnitTest>
    <UnitTest name="Engine.Context.Tests.Start.FromNATSTests.ShouldActivateActor" storage="/home/rl/work/github.com/discomco/dot-cart/examples/car/engine.context.tests/bin/debug/net7.0/engine.context.tests.dll" id="4b08330c-569b-b10f-abd8-b82447d73176">
      <Execution id="ba7e9793-e2fe-4af9-9ce7-0afaefe005c8" />
      <TestMethod codeBase="/home/rl/work/github.com/discomco/dot-cart/examples/car/Engine.Context.Tests/bin/Debug/net7.0/Engine.Context.Tests.dll" adapterTypeName="executor://xunit/VsTestRunner2/netcoreapp" className="Engine.Context.Tests.Start.FromNATSTests" name="ShouldActivateActor" />
    </UnitTest>
    <UnitTest name="Engine.Context.Tests.ChangeDetails.ToRedisDocTests.ShouldPayloadHaveFactTopic" storage="/home/rl/work/github.com/discomco/dot-cart/examples/car/engine.context.tests/bin/debug/net7.0/engine.context.tests.dll" id="7e152e2e-034f-f179-ab80-ba0ea683cf8d">
      <Execution id="2533ecf3-9b31-49af-99cf-a685623b9466" />
      <TestMethod codeBase="/home/rl/work/github.com/discomco/dot-cart/examples/car/Engine.Context.Tests/bin/Debug/net7.0/Engine.Context.Tests.dll" adapterTypeName="executor://xunit/VsTestRunner2/netcoreapp" className="Engine.Context.Tests.ChangeDetails.ToRedisDocTests" name="ShouldPayloadHaveFactTopic" />
    </UnitTest>
    <UnitTest name="Engine.Context.Tests.Start.HopePipeBuilderTests.ShouldContainSteps" storage="/home/rl/work/github.com/discomco/dot-cart/examples/car/engine.context.tests/bin/debug/net7.0/engine.context.tests.dll" id="7ccd6e40-55ed-9bc7-b62a-cbf103390840">
      <Execution id="20f717ae-0770-44ab-b7d2-93b879758f6c" />
      <TestMethod codeBase="/home/rl/work/github.com/discomco/dot-cart/examples/car/Engine.Context.Tests/bin/Debug/net7.0/Engine.Context.Tests.dll" adapterTypeName="executor://xunit/VsTestRunner2/netcoreapp" className="Engine.Context.Tests.Start.HopePipeBuilderTests" name="ShouldContainSteps" />
    </UnitTest>
    <UnitTest name="Engine.Context.Tests.Initialize.FromNATSTests.ShouldResolveExchange" storage="/home/rl/work/github.com/discomco/dot-cart/examples/car/engine.context.tests/bin/debug/net7.0/engine.context.tests.dll" id="0329f2b2-690f-f31b-9ae5-05d7e60a3b75">
      <Execution id="18b67917-4028-4ecc-8587-f100b8624f84" />
      <TestMethod codeBase="/home/rl/work/github.com/discomco/dot-cart/examples/car/Engine.Context.Tests/bin/Debug/net7.0/Engine.Context.Tests.dll" adapterTypeName="executor://xunit/VsTestRunner2/netcoreapp" className="Engine.Context.Tests.Initialize.FromNATSTests" name="ShouldResolveExchange" />
    </UnitTest>
    <UnitTest name="Engine.Context.Tests.ChangeRpm.FromNATSTests.ShouldBeNamedActor" storage="/home/rl/work/github.com/discomco/dot-cart/examples/car/engine.context.tests/bin/debug/net7.0/engine.context.tests.dll" id="91d73a00-73dd-bbef-a623-2755d63e34de">
      <Execution id="9d6c0726-5ad9-4e4e-9ce3-5581bf1c7014" />
      <TestMethod codeBase="/home/rl/work/github.com/discomco/dot-cart/examples/car/Engine.Context.Tests/bin/Debug/net7.0/Engine.Context.Tests.dll" adapterTypeName="executor://xunit/VsTestRunner2/netcoreapp" className="Engine.Context.Tests.ChangeRpm.FromNATSTests" name="ShouldBeNamedActor" />
    </UnitTest>
    <UnitTest name="Engine.Context.Tests.ChangeRpm.ToEventStoreTestsT.ShouldResolveCmdHandler" storage="/home/rl/work/github.com/discomco/dot-cart/examples/car/engine.context.tests/bin/debug/net7.0/engine.context.tests.dll" id="3673813c-2d49-9d78-7d8c-93ae3f91feec">
      <Execution id="2e9115a5-ddc8-419b-81c8-217130c31818" />
      <TestMethod codeBase="/home/rl/work/github.com/discomco/dot-cart/examples/car/Engine.Context.Tests/bin/Debug/net7.0/Engine.Context.Tests.dll" adapterTypeName="executor://xunit/VsTestRunner2/netcoreapp" className="Engine.Context.Tests.ChangeRpm.ToEventStoreTestsT" name="ShouldResolveCmdHandler" />
    </UnitTest>
    <UnitTest name="Engine.Context.Tests.Stop.ToRedisListTests.ShouldHaveNameAttribute" storage="/home/rl/work/github.com/discomco/dot-cart/examples/car/engine.context.tests/bin/debug/net7.0/engine.context.tests.dll" id="6a2ae879-edb3-ec65-c5d9-4d283daf4190">
      <Execution id="7152711b-fb85-4cfa-9c98-f60ae6b56c6b" />
      <TestMethod codeBase="/home/rl/work/github.com/discomco/dot-cart/examples/car/Engine.Context.Tests/bin/Debug/net7.0/Engine.Context.Tests.dll" adapterTypeName="executor://xunit/VsTestRunner2/netcoreapp" className="Engine.Context.Tests.Stop.ToRedisListTests" name="ShouldHaveNameAttribute" />
    </UnitTest>
    <UnitTest name="Engine.Context.Tests.Initialize.FromRabbitMqRetroTests.ShouldActivateActor" storage="/home/rl/work/github.com/discomco/dot-cart/examples/car/engine.context.tests/bin/debug/net7.0/engine.context.tests.dll" id="9f5e5af0-f4d7-d04b-40e3-ac607acbb786">
      <Execution id="95aaa709-ea4e-486e-bcca-cf9e561e0c02" />
      <TestMethod codeBase="/home/rl/work/github.com/discomco/dot-cart/examples/car/Engine.Context.Tests/bin/Debug/net7.0/Engine.Context.Tests.dll" adapterTypeName="executor://xunit/VsTestRunner2/netcoreapp" className="Engine.Context.Tests.Initialize.FromRabbitMqRetroTests" name="ShouldActivateActor" />
    </UnitTest>
    <UnitTest name="Engine.Context.Tests.Start.FromNATSTests.ShouldResolveOptionsAction" storage="/home/rl/work/github.com/discomco/dot-cart/examples/car/engine.context.tests/bin/debug/net7.0/engine.context.tests.dll" id="408b2385-038f-388c-9595-ddc6a5821a18">
      <Execution id="70d9350b-3ce3-493c-8fc3-55233338ef86" />
      <TestMethod codeBase="/home/rl/work/github.com/discomco/dot-cart/examples/car/Engine.Context.Tests/bin/Debug/net7.0/Engine.Context.Tests.dll" adapterTypeName="executor://xunit/VsTestRunner2/netcoreapp" className="Engine.Context.Tests.Start.FromNATSTests" name="ShouldResolveOptionsAction" />
    </UnitTest>
    <UnitTest name="Engine.Context.Tests.Stop.ToRedisListTests.ShouldTProjectionHaveDocIdAttribute" storage="/home/rl/work/github.com/discomco/dot-cart/examples/car/engine.context.tests/bin/debug/net7.0/engine.context.tests.dll" id="d0d2b286-3d59-7865-760c-e17ffecf1b88">
      <Execution id="03ae119f-555f-4750-b46d-22b9e07d33d7" />
      <TestMethod codeBase="/home/rl/work/github.com/discomco/dot-cart/examples/car/Engine.Context.Tests/bin/Debug/net7.0/Engine.Context.Tests.dll" adapterTypeName="executor://xunit/VsTestRunner2/netcoreapp" className="Engine.Context.Tests.Stop.ToRedisListTests" name="ShouldTProjectionHaveDocIdAttribute" />
    </UnitTest>
    <UnitTest name="Engine.Context.Tests.ChangeRpm.CmdHandlerTests.ShouldResolveMetaCtor" storage="/home/rl/work/github.com/discomco/dot-cart/examples/car/engine.context.tests/bin/debug/net7.0/engine.context.tests.dll" id="d7042085-ffba-4cd3-7408-a1d7372a8f81">
      <Execution id="1ae45ba0-1080-4c44-8fe6-fea337731b5c" />
      <TestMethod codeBase="/home/rl/work/github.com/discomco/dot-cart/examples/car/Engine.Context.Tests/bin/Debug/net7.0/Engine.Context.Tests.dll" adapterTypeName="executor://xunit/VsTestRunner2/netcoreapp" className="Engine.Context.Tests.ChangeRpm.CmdHandlerTests" name="ShouldResolveMetaCtor" />
    </UnitTest>
    <UnitTest name="Engine.Context.Tests.Start.HopePipeBuilderTests.ShouldOnlyContainDistinctSteps" storage="/home/rl/work/github.com/discomco/dot-cart/examples/car/engine.context.tests/bin/debug/net7.0/engine.context.tests.dll" id="404d9ec8-9cab-47df-0a6b-7e41ed8fa0f9">
      <Execution id="4ffb11f7-d514-4447-bc46-5ce500a98eed" />
      <TestMethod codeBase="/home/rl/work/github.com/discomco/dot-cart/examples/car/Engine.Context.Tests/bin/Debug/net7.0/Engine.Context.Tests.dll" adapterTypeName="executor://xunit/VsTestRunner2/netcoreapp" className="Engine.Context.Tests.Start.HopePipeBuilderTests" name="ShouldOnlyContainDistinctSteps" />
    </UnitTest>
    <UnitTest name="Engine.Context.Tests.ChangeRpm.CmdHandlerTests.ShouldCreateCmd" storage="/home/rl/work/github.com/discomco/dot-cart/examples/car/engine.context.tests/bin/debug/net7.0/engine.context.tests.dll" id="0d587065-73d8-507f-359c-b84942312cdd">
      <Execution id="345a8cfd-1322-4d65-a393-cee4d476728e" />
      <TestMethod codeBase="/home/rl/work/github.com/discomco/dot-cart/examples/car/Engine.Context.Tests/bin/Debug/net7.0/Engine.Context.Tests.dll" adapterTypeName="executor://xunit/VsTestRunner2/netcoreapp" className="Engine.Context.Tests.ChangeRpm.CmdHandlerTests" name="ShouldCreateCmd" />
    </UnitTest>
    <UnitTest name="Engine.Context.Tests.Start.ToRedisListTests.ShouldSpokeHaveNameAttribute" storage="/home/rl/work/github.com/discomco/dot-cart/examples/car/engine.context.tests/bin/debug/net7.0/engine.context.tests.dll" id="4a9f0db3-e916-5edb-cb61-3229174953a5">
      <Execution id="57b0d29b-3d37-4617-a1f8-315bb4e37744" />
      <TestMethod codeBase="/home/rl/work/github.com/discomco/dot-cart/examples/car/Engine.Context.Tests/bin/Debug/net7.0/Engine.Context.Tests.dll" adapterTypeName="executor://xunit/VsTestRunner2/netcoreapp" className="Engine.Context.Tests.Start.ToRedisListTests" name="ShouldSpokeHaveNameAttribute" />
    </UnitTest>
    <UnitTest name="Engine.Context.Tests.ChangeRpm.CmdHandlerTests.ShouldResolveDifferentHandlers" storage="/home/rl/work/github.com/discomco/dot-cart/examples/car/engine.context.tests/bin/debug/net7.0/engine.context.tests.dll" id="0ce16b1c-4452-c91a-9eb1-1db4d0ec0dd6">
      <Execution id="3bb8463e-5e2d-43b5-a966-dcfd9100cb0c" />
      <TestMethod codeBase="/home/rl/work/github.com/discomco/dot-cart/examples/car/Engine.Context.Tests/bin/Debug/net7.0/Engine.Context.Tests.dll" adapterTypeName="executor://xunit/VsTestRunner2/netcoreapp" className="Engine.Context.Tests.ChangeRpm.CmdHandlerTests" name="ShouldResolveDifferentHandlers" />
    </UnitTest>
    <UnitTest name="Engine.Context.Tests.ChangeDetails.CmdHandlerTests.ShouldResolveCmdCtor" storage="/home/rl/work/github.com/discomco/dot-cart/examples/car/engine.context.tests/bin/debug/net7.0/engine.context.tests.dll" id="76a755d5-a9c5-d5d4-0f84-37a560f7705c">
      <Execution id="e1272115-3ff6-473a-a5a2-429065368028" />
      <TestMethod codeBase="/home/rl/work/github.com/discomco/dot-cart/examples/car/Engine.Context.Tests/bin/Debug/net7.0/Engine.Context.Tests.dll" adapterTypeName="executor://xunit/VsTestRunner2/netcoreapp" className="Engine.Context.Tests.ChangeDetails.CmdHandlerTests" name="ShouldResolveCmdCtor" />
    </UnitTest>
    <UnitTest name="Engine.Context.Tests.ChangeRpm.ToEventStoreTestsT.ShouldResolveReadModelStore" storage="/home/rl/work/github.com/discomco/dot-cart/examples/car/engine.context.tests/bin/debug/net7.0/engine.context.tests.dll" id="21d9e3b0-c271-c24b-e75e-d9b7aeb01d13">
      <Execution id="d5db1049-a4f1-4570-b2ad-f0281eef8e73" />
      <TestMethod codeBase="/home/rl/work/github.com/discomco/dot-cart/examples/car/Engine.Context.Tests/bin/Debug/net7.0/Engine.Context.Tests.dll" adapterTypeName="executor://xunit/VsTestRunner2/netcoreapp" className="Engine.Context.Tests.ChangeRpm.ToEventStoreTestsT" name="ShouldResolveReadModelStore" />
    </UnitTest>
    <UnitTest name="Engine.Context.Tests.ChangeDetails.ToRedisListTests.ShouldTestHaveDocIdAttribute" storage="/home/rl/work/github.com/discomco/dot-cart/examples/car/engine.context.tests/bin/debug/net7.0/engine.context.tests.dll" id="fdbf55be-b370-b07c-1011-ccf12d6a3f3e">
      <Execution id="99ca11e6-e51b-451e-88b8-f2305c8bc0dd" />
      <TestMethod codeBase="/home/rl/work/github.com/discomco/dot-cart/examples/car/Engine.Context.Tests/bin/Debug/net7.0/Engine.Context.Tests.dll" adapterTypeName="executor://xunit/VsTestRunner2/netcoreapp" className="Engine.Context.Tests.ChangeDetails.ToRedisListTests" name="ShouldTestHaveDocIdAttribute" />
    </UnitTest>
    <UnitTest name="Engine.Context.Tests.ChangeDetails.HopePipeBuilderTests.ShouldResolvePipeBuilder" storage="/home/rl/work/github.com/discomco/dot-cart/examples/car/engine.context.tests/bin/debug/net7.0/engine.context.tests.dll" id="fc9a1466-a4b8-2d4b-1834-2e9a99ab6d83">
      <Execution id="51215eaf-13d7-4065-98c8-c79bcd045e2d" />
      <TestMethod codeBase="/home/rl/work/github.com/discomco/dot-cart/examples/car/Engine.Context.Tests/bin/Debug/net7.0/Engine.Context.Tests.dll" adapterTypeName="executor://xunit/VsTestRunner2/netcoreapp" className="Engine.Context.Tests.ChangeDetails.HopePipeBuilderTests" name="ShouldResolvePipeBuilder" />
    </UnitTest>
    <UnitTest name="Engine.Context.Tests.ChangeDetails.HopePipeBuilderTests.ShouldExecuteAsync" storage="/home/rl/work/github.com/discomco/dot-cart/examples/car/engine.context.tests/bin/debug/net7.0/engine.context.tests.dll" id="ca7397a3-6e52-094e-5c2e-bbd4f34765e1">
      <Execution id="1c7dd16a-f193-4ddd-8e80-2e0bc343b601" />
      <TestMethod codeBase="/home/rl/work/github.com/discomco/dot-cart/examples/car/Engine.Context.Tests/bin/Debug/net7.0/Engine.Context.Tests.dll" adapterTypeName="executor://xunit/VsTestRunner2/netcoreapp" className="Engine.Context.Tests.ChangeDetails.HopePipeBuilderTests" name="ShouldExecuteAsync" />
    </UnitTest>
    <UnitTest name="Engine.Context.Tests.Stop.HopePipeBuilderTests.ShouldExecuteAsync" storage="/home/rl/work/github.com/discomco/dot-cart/examples/car/engine.context.tests/bin/debug/net7.0/engine.context.tests.dll" id="e79fc493-6970-31cc-6c5c-ae66fc1b3737">
      <Execution id="e495041a-baca-46c5-ae3a-1cb58e64321f" />
      <TestMethod codeBase="/home/rl/work/github.com/discomco/dot-cart/examples/car/Engine.Context.Tests/bin/Debug/net7.0/Engine.Context.Tests.dll" adapterTypeName="executor://xunit/VsTestRunner2/netcoreapp" className="Engine.Context.Tests.Stop.HopePipeBuilderTests" name="ShouldExecuteAsync" />
    </UnitTest>
    <UnitTest name="Engine.Context.Tests.Start.CmdHandlerTests.ShouldResolveAggregateStore" storage="/home/rl/work/github.com/discomco/dot-cart/examples/car/engine.context.tests/bin/debug/net7.0/engine.context.tests.dll" id="f063ecc4-a685-5d09-f7cb-cdc037cd3319">
      <Execution id="b39008f3-12e2-4beb-9ce7-d5edc377931b" />
      <TestMethod codeBase="/home/rl/work/github.com/discomco/dot-cart/examples/car/Engine.Context.Tests/bin/Debug/net7.0/Engine.Context.Tests.dll" adapterTypeName="executor://xunit/VsTestRunner2/netcoreapp" className="Engine.Context.Tests.Start.CmdHandlerTests" name="ShouldResolveAggregateStore" />
    </UnitTest>
    <UnitTest name="Engine.Context.Tests.Stop.HopePipeBuilderTests.ShouldContainSteps" storage="/home/rl/work/github.com/discomco/dot-cart/examples/car/engine.context.tests/bin/debug/net7.0/engine.context.tests.dll" id="81e40d50-4a12-2ce6-ee57-b826a5d087ec">
      <Execution id="ccf06a14-610c-4c48-a713-5899d1c686a7" />
      <TestMethod codeBase="/home/rl/work/github.com/discomco/dot-cart/examples/car/Engine.Context.Tests/bin/Debug/net7.0/Engine.Context.Tests.dll" adapterTypeName="executor://xunit/VsTestRunner2/netcoreapp" className="Engine.Context.Tests.Stop.HopePipeBuilderTests" name="ShouldContainSteps" />
    </UnitTest>
    <UnitTest name="Engine.Context.Tests.Initialize.SpokeTests.ShouldHaveNameAttribute" storage="/home/rl/work/github.com/discomco/dot-cart/examples/car/engine.context.tests/bin/debug/net7.0/engine.context.tests.dll" id="7881ada8-99d7-d15a-90d5-2c60049d59d6">
      <Execution id="141daa4d-2a61-48c6-9441-9ab0dbc78b5c" />
      <TestMethod codeBase="/home/rl/work/github.com/discomco/dot-cart/examples/car/Engine.Context.Tests/bin/Debug/net7.0/Engine.Context.Tests.dll" adapterTypeName="executor://xunit/VsTestRunner2/netcoreapp" className="Engine.Context.Tests.Initialize.SpokeTests" name="ShouldHaveNameAttribute" />
    </UnitTest>
    <UnitTest name="Engine.Context.Tests.Stop.CmdHandlerTests.ShouldResolveCmdCtor" storage="/home/rl/work/github.com/discomco/dot-cart/examples/car/engine.context.tests/bin/debug/net7.0/engine.context.tests.dll" id="a78a8139-bfab-cf61-4100-0ded0c92ac00">
      <Execution id="82ef5333-1b1f-48d9-9f5a-fc79a9f203fa" />
      <TestMethod codeBase="/home/rl/work/github.com/discomco/dot-cart/examples/car/Engine.Context.Tests/bin/Debug/net7.0/Engine.Context.Tests.dll" adapterTypeName="executor://xunit/VsTestRunner2/netcoreapp" className="Engine.Context.Tests.Stop.CmdHandlerTests" name="ShouldResolveCmdCtor" />
    </UnitTest>
    <UnitTest name="Engine.Context.Tests.ChangeRpm.ToEventStoreTestsT.ShouldResolveEvt2Fact" storage="/home/rl/work/github.com/discomco/dot-cart/examples/car/engine.context.tests/bin/debug/net7.0/engine.context.tests.dll" id="4ed955b6-8b6e-18ce-9c1b-f8b1a13d53c8">
      <Execution id="535a8fb1-2795-4c66-a8c5-5abeff035118" />
      <TestMethod codeBase="/home/rl/work/github.com/discomco/dot-cart/examples/car/Engine.Context.Tests/bin/Debug/net7.0/Engine.Context.Tests.dll" adapterTypeName="executor://xunit/VsTestRunner2/netcoreapp" className="Engine.Context.Tests.ChangeRpm.ToEventStoreTestsT" name="ShouldResolveEvt2Fact" />
    </UnitTest>
    <UnitTest name="Engine.Context.Tests.Start.ToRedisDocTests.ShouldResolveReadModelStore" storage="/home/rl/work/github.com/discomco/dot-cart/examples/car/engine.context.tests/bin/debug/net7.0/engine.context.tests.dll" id="ad3893c8-255f-3576-5eeb-d643756a023f">
      <Execution id="64efc4c0-ac63-417e-b365-0d7f98027092" />
      <TestMethod codeBase="/home/rl/work/github.com/discomco/dot-cart/examples/car/Engine.Context.Tests/bin/Debug/net7.0/Engine.Context.Tests.dll" adapterTypeName="executor://xunit/VsTestRunner2/netcoreapp" className="Engine.Context.Tests.Start.ToRedisDocTests" name="ShouldResolveReadModelStore" />
    </UnitTest>
    <UnitTest name="Engine.Context.Tests.Start.ToRedisListTests.ShouldHaveDbNameAttribute" storage="/home/rl/work/github.com/discomco/dot-cart/examples/car/engine.context.tests/bin/debug/net7.0/engine.context.tests.dll" id="9e370f66-3d40-b3b9-a96c-217f59910af8">
      <Execution id="45229cd5-d1df-4e9c-be0b-c0fee60175f7" />
      <TestMethod codeBase="/home/rl/work/github.com/discomco/dot-cart/examples/car/Engine.Context.Tests/bin/Debug/net7.0/Engine.Context.Tests.dll" adapterTypeName="executor://xunit/VsTestRunner2/netcoreapp" className="Engine.Context.Tests.Start.ToRedisListTests" name="ShouldHaveDbNameAttribute" />
    </UnitTest>
  </TestDefinitions>
  <TestEntries>
    <TestEntry testId="1b2c266c-95fb-d591-e679-6489f35327cf" executionId="79e52291-7f37-4976-902b-f5bf03276edb" testListId="8c84fa94-04c1-424b-9868-57a2d4851a1d" />
    <TestEntry testId="a564e6f9-7f14-cfc9-e5d6-3a90e223a530" executionId="f00a3925-5bfb-4941-8b61-6296bd5dddf9" testListId="8c84fa94-04c1-424b-9868-57a2d4851a1d" />
    <TestEntry testId="53780acf-9a85-f23e-fb5f-b74c75571303" executionId="0439ed19-ae01-4214-b89d-340ecd62006f" testListId="8c84fa94-04c1-424b-9868-57a2d4851a1d" />
    <TestEntry testId="34d3bf8d-beb6-f0f3-ce54-3bb09a82f53b" executionId="27c52d9d-9f9b-45b5-98f7-83a38f5b4c4f" testListId="8c84fa94-04c1-424b-9868-57a2d4851a1d" />
    <TestEntry testId="1cfafcae-fd7e-0bd2-83bf-960ff9abf161" executionId="b7289d05-abb1-45cf-a259-f17a827b003c" testListId="8c84fa94-04c1-424b-9868-57a2d4851a1d" />
    <TestEntry testId="c838dfe8-3dba-4d02-d731-eb9438b9eaf6" executionId="8753a6e2-3868-4f12-8634-0ed04f72236c" testListId="8c84fa94-04c1-424b-9868-57a2d4851a1d" />
    <TestEntry testId="0648d684-3bcd-f505-1223-be426e9a0ec7" executionId="30bca64c-bce5-4879-bb58-f1bbba8ccfc3" testListId="8c84fa94-04c1-424b-9868-57a2d4851a1d" />
    <TestEntry testId="2b6d4776-cbe5-9cb2-9f9a-0d38e5ea0574" executionId="30a49d67-f191-49db-af3e-477d0eab14d5" testListId="8c84fa94-04c1-424b-9868-57a2d4851a1d" />
    <TestEntry testId="e469a353-5641-6456-0dcb-2680792993a6" executionId="1e086ca5-57ed-41d0-adf7-3525d732b11b" testListId="8c84fa94-04c1-424b-9868-57a2d4851a1d" />
    <TestEntry testId="fb591f86-3b99-dee9-180b-32f615b66a61" executionId="fcfdfeec-6aa6-4a6e-bdd1-9cc59170ec02" testListId="8c84fa94-04c1-424b-9868-57a2d4851a1d" />
    <TestEntry testId="8818c662-f23c-fc50-c132-d594c4b7794c" executionId="e28371b0-474a-4c79-8636-c3f97ee3c062" testListId="8c84fa94-04c1-424b-9868-57a2d4851a1d" />
    <TestEntry testId="0047968c-c942-60ae-8fc4-0a094f7da5fc" executionId="ab38e6b6-1bdf-43cb-b3a9-c5b33423c0b2" testListId="8c84fa94-04c1-424b-9868-57a2d4851a1d" />
    <TestEntry testId="0fa52bd2-8308-43d0-8504-b9802e55ec34" executionId="67d26478-0825-4e3d-9115-9832a3a0e758" testListId="8c84fa94-04c1-424b-9868-57a2d4851a1d" />
    <TestEntry testId="3445b052-8acc-52ca-ae78-5c7f264f7176" executionId="ec021c48-f777-4abf-a4fe-46ab0b7dd1fa" testListId="8c84fa94-04c1-424b-9868-57a2d4851a1d" />
    <TestEntry testId="f5781f56-64df-af44-17cf-cacd914f0baa" executionId="067b4b63-9650-4e3c-b52c-732bb4771cad" testListId="8c84fa94-04c1-424b-9868-57a2d4851a1d" />
    <TestEntry testId="dffea405-5ad9-4e27-f044-bda926c11178" executionId="921f5cde-50c4-412c-8222-5d6b4f4d550c" testListId="8c84fa94-04c1-424b-9868-57a2d4851a1d" />
    <TestEntry testId="46d74258-747b-201d-0e4a-64dd8d446be5" executionId="229c2869-c728-4dda-b6b2-bb89f1b29286" testListId="8c84fa94-04c1-424b-9868-57a2d4851a1d" />
    <TestEntry testId="176624f8-6b41-4344-e6ce-5b51bc0864de" executionId="cb050a5d-f173-4043-93ff-eff80c535415" testListId="8c84fa94-04c1-424b-9868-57a2d4851a1d" />
    <TestEntry testId="e79fc493-6970-31cc-6c5c-ae66fc1b3737" executionId="e495041a-baca-46c5-ae3a-1cb58e64321f" testListId="8c84fa94-04c1-424b-9868-57a2d4851a1d" />
    <TestEntry testId="91097077-0ce4-e342-d7c3-c25c44bcfa9b" executionId="bf96502e-e556-4bf4-9167-3283dd8e2e94" testListId="8c84fa94-04c1-424b-9868-57a2d4851a1d" />
    <TestEntry testId="fc9a1466-a4b8-2d4b-1834-2e9a99ab6d83" executionId="51215eaf-13d7-4065-98c8-c79bcd045e2d" testListId="8c84fa94-04c1-424b-9868-57a2d4851a1d" />
    <TestEntry testId="408b2385-038f-388c-9595-ddc6a5821a18" executionId="70d9350b-3ce3-493c-8fc3-55233338ef86" testListId="8c84fa94-04c1-424b-9868-57a2d4851a1d" />
    <TestEntry testId="03104d30-85ab-eae6-d496-7814ed0ac733" executionId="9fb8502e-0fe1-4312-858b-3c3db1a5f0c0" testListId="8c84fa94-04c1-424b-9868-57a2d4851a1d" />
    <TestEntry testId="879fae1b-a472-bde4-db52-af276490b53f" executionId="dd1267ac-bc50-4aba-ad32-926c28760557" testListId="8c84fa94-04c1-424b-9868-57a2d4851a1d" />
    <TestEntry testId="76a755d5-a9c5-d5d4-0f84-37a560f7705c" executionId="e1272115-3ff6-473a-a5a2-429065368028" testListId="8c84fa94-04c1-424b-9868-57a2d4851a1d" />
    <TestEntry testId="1cf117a0-f5e7-f580-8971-833c75d618f3" executionId="fbf4317f-03ca-4a00-8ceb-d66a179c2808" testListId="8c84fa94-04c1-424b-9868-57a2d4851a1d" />
    <TestEntry testId="e284e442-0937-d37d-124d-4f5085d007f1" executionId="7327fbd5-3cc5-4238-9a2d-7ea93a8f2ce1" testListId="8c84fa94-04c1-424b-9868-57a2d4851a1d" />
    <TestEntry testId="0f939992-ccea-4ffc-53fe-594131106a91" executionId="63800187-c6d4-4eec-a978-95b9e0e0676d" testListId="8c84fa94-04c1-424b-9868-57a2d4851a1d" />
    <TestEntry testId="e577d89c-6771-547e-cabd-f6c1264d7ac1" executionId="77d8b400-7394-4615-ac72-1bce40e263a4" testListId="8c84fa94-04c1-424b-9868-57a2d4851a1d" />
    <TestEntry testId="ca7397a3-6e52-094e-5c2e-bbd4f34765e1" executionId="1c7dd16a-f193-4ddd-8e80-2e0bc343b601" testListId="8c84fa94-04c1-424b-9868-57a2d4851a1d" />
    <TestEntry testId="6e12dd7c-a946-4866-a15a-8045e7860abd" executionId="925e6290-c5eb-43d0-90e0-395fdbfc244a" testListId="8c84fa94-04c1-424b-9868-57a2d4851a1d" />
    <TestEntry testId="52ec1a69-f6ad-44b1-07cd-f16a0fcb0317" executionId="93d297fa-9e6a-4b8f-a888-1094163fe240" testListId="8c84fa94-04c1-424b-9868-57a2d4851a1d" />
    <TestEntry testId="af69a69d-4371-bf7d-9806-e8866d9c0d0d" executionId="b900a7e1-2e9b-4278-b0cc-bf504258f678" testListId="8c84fa94-04c1-424b-9868-57a2d4851a1d" />
    <TestEntry testId="d6adfdaa-85fc-45ec-28d1-45babb581751" executionId="890e1ac3-afe0-405f-bb3b-e08d0ce4e86f" testListId="8c84fa94-04c1-424b-9868-57a2d4851a1d" />
    <TestEntry testId="f7b4d270-e7f8-95cc-3298-fda70b9affe8" executionId="5b9ff57b-e598-4d52-a64b-3f66a32c5962" testListId="8c84fa94-04c1-424b-9868-57a2d4851a1d" />
    <TestEntry testId="49493b27-e959-18c0-3f85-d598e26897d4" executionId="1c71dc41-8ef4-43c1-b294-aad9c2af5013" testListId="8c84fa94-04c1-424b-9868-57a2d4851a1d" />
    <TestEntry testId="8043598a-ed6d-bca9-a6e6-d69af3f707b0" executionId="4ec24f1f-3b40-4b13-b378-62250682993d" testListId="8c84fa94-04c1-424b-9868-57a2d4851a1d" />
    <TestEntry testId="f08d276b-3adc-c178-e3af-96e30cbf9fa2" executionId="b203b621-a080-4dec-a8b5-829910c0c01c" testListId="8c84fa94-04c1-424b-9868-57a2d4851a1d" />
    <TestEntry testId="f063ecc4-a685-5d09-f7cb-cdc037cd3319" executionId="b39008f3-12e2-4beb-9ce7-d5edc377931b" testListId="8c84fa94-04c1-424b-9868-57a2d4851a1d" />
    <TestEntry testId="67b0882a-654b-a1e2-fcf9-ed47a5b13793" executionId="391bcc08-ecd7-45b8-98b5-89223f0d506d" testListId="8c84fa94-04c1-424b-9868-57a2d4851a1d" />
    <TestEntry testId="688dc95c-94fc-3505-1973-f824aeacd1e2" executionId="96d7e7a6-9772-4e6e-968e-7ebee568004e" testListId="8c84fa94-04c1-424b-9868-57a2d4851a1d" />
    <TestEntry testId="299cab4f-110a-4d99-1662-000f01a51482" executionId="f16ac6ae-0329-4094-aced-b02f90f0cbb6" testListId="8c84fa94-04c1-424b-9868-57a2d4851a1d" />
    <TestEntry testId="37eb0347-6fae-fcaf-e83e-92828477490f" executionId="0791c689-e5c4-4b40-88b2-76684ec0f51f" testListId="8c84fa94-04c1-424b-9868-57a2d4851a1d" />
    <TestEntry testId="9525a67c-4fec-4bd8-b68b-afcafa0545e5" executionId="6bfaa11d-0ac7-4660-a4f4-a4e5e909cb49" testListId="8c84fa94-04c1-424b-9868-57a2d4851a1d" />
    <TestEntry testId="b81bada1-4d1f-3504-88bb-bfe4958139b9" executionId="56d1537e-8ba6-49b1-b0ee-44927b7913e5" testListId="8c84fa94-04c1-424b-9868-57a2d4851a1d" />
    <TestEntry testId="2ac37704-a2f2-30d4-c576-5cb47daf6ebf" executionId="f0efe7fd-85aa-4069-9c63-e362948d2973" testListId="8c84fa94-04c1-424b-9868-57a2d4851a1d" />
    <TestEntry testId="89fc671c-39f2-70df-7a50-fa40836a78c1" executionId="dd3a257a-2d6b-4378-9819-411eff4d2ddf" testListId="8c84fa94-04c1-424b-9868-57a2d4851a1d" />
    <TestEntry testId="32c19d52-6368-a750-93ea-e5847d300e75" executionId="f82f5fdd-e2fe-45d9-9c29-fc7f35efea7a" testListId="8c84fa94-04c1-424b-9868-57a2d4851a1d" />
    <TestEntry testId="9e370f66-3d40-b3b9-a96c-217f59910af8" executionId="45229cd5-d1df-4e9c-be0b-c0fee60175f7" testListId="8c84fa94-04c1-424b-9868-57a2d4851a1d" />
    <TestEntry testId="8db64502-715a-6061-3f9b-c50ee2edf2b8" executionId="ff33cacc-01ed-40ba-b92b-fc1be89aa84b" testListId="8c84fa94-04c1-424b-9868-57a2d4851a1d" />
    <TestEntry testId="090257f1-3168-c524-a553-2ba271162158" executionId="4f8d8b37-b04b-44b9-865e-c4f480582acc" testListId="8c84fa94-04c1-424b-9868-57a2d4851a1d" />
    <TestEntry testId="f2815857-3b89-0b1a-465f-96b1c811a49c" executionId="05ceaa2a-1b52-4928-97b5-20db7ce35be2" testListId="8c84fa94-04c1-424b-9868-57a2d4851a1d" />
    <TestEntry testId="da0e569f-19ca-c6e7-a26f-a0be61295f61" executionId="3228a0a9-de36-4e44-88c1-618f8bd816af" testListId="8c84fa94-04c1-424b-9868-57a2d4851a1d" />
    <TestEntry testId="d0d2b286-3d59-7865-760c-e17ffecf1b88" executionId="03ae119f-555f-4750-b46d-22b9e07d33d7" testListId="8c84fa94-04c1-424b-9868-57a2d4851a1d" />
    <TestEntry testId="afe69264-3a87-645e-d4f4-695168d0a29d" executionId="af626610-8515-4573-ab49-de96708b6554" testListId="8c84fa94-04c1-424b-9868-57a2d4851a1d" />
    <TestEntry testId="eeab4c98-7b6c-a033-a443-0be1cb080cc5" executionId="d0727148-9c26-4cd1-b096-df85ee35dc86" testListId="8c84fa94-04c1-424b-9868-57a2d4851a1d" />
    <TestEntry testId="404d9ec8-9cab-47df-0a6b-7e41ed8fa0f9" executionId="4ffb11f7-d514-4447-bc46-5ce500a98eed" testListId="8c84fa94-04c1-424b-9868-57a2d4851a1d" />
    <TestEntry testId="4e2408fb-2000-2bc2-5c06-d556c3ce8c3d" executionId="5e0e69ab-71c7-42a6-9933-befa2f0732da" testListId="8c84fa94-04c1-424b-9868-57a2d4851a1d" />
    <TestEntry testId="3a02d345-8b45-d982-1619-2aabedcd007d" executionId="97e849e5-7085-411e-bfca-df6c9c3850a5" testListId="8c84fa94-04c1-424b-9868-57a2d4851a1d" />
    <TestEntry testId="0c257a8f-b96f-1fcd-aba7-c3f4cc3fb30d" executionId="b182dc4c-8cca-47d4-a1c9-d719bf4d8dca" testListId="8c84fa94-04c1-424b-9868-57a2d4851a1d" />
    <TestEntry testId="fe9c912c-3852-5433-b2e0-2cc24913c6d5" executionId="09819b42-6478-4dee-b677-4a1d54bb2e27" testListId="8c84fa94-04c1-424b-9868-57a2d4851a1d" />
    <TestEntry testId="bd9be6f9-deaa-d363-9bc7-ef6e233a9791" executionId="34744e2d-f896-40ce-b198-2db65f9e5706" testListId="8c84fa94-04c1-424b-9868-57a2d4851a1d" />
    <TestEntry testId="c141e87f-2df5-2c2f-2bdd-a327c12a7ef2" executionId="540dc580-32ce-4fba-a50a-0e1b24999c1a" testListId="8c84fa94-04c1-424b-9868-57a2d4851a1d" />
    <TestEntry testId="1ff5eeb3-62b5-f4d9-3106-87cba5491204" executionId="53e7943a-7e72-4c5d-9032-c8e3ea661d14" testListId="8c84fa94-04c1-424b-9868-57a2d4851a1d" />
    <TestEntry testId="088fbfdb-5866-07c4-ee27-743a7913cb5d" executionId="ae6db348-d7c5-476a-937f-78727c518512" testListId="8c84fa94-04c1-424b-9868-57a2d4851a1d" />
    <TestEntry testId="4bd08abe-a741-6352-619e-353c95f1dd42" executionId="f1621ada-e405-4975-b3af-22640de52601" testListId="8c84fa94-04c1-424b-9868-57a2d4851a1d" />
    <TestEntry testId="fabf01f3-7a22-985f-5d45-14c362005357" executionId="8a674ce2-060a-4ba7-8c95-18c0705122c7" testListId="8c84fa94-04c1-424b-9868-57a2d4851a1d" />
    <TestEntry testId="b6653d7e-c29e-0d7f-287f-68fda39be134" executionId="085989d8-b8f8-40d0-90d7-d79ef2bf6449" testListId="8c84fa94-04c1-424b-9868-57a2d4851a1d" />
    <TestEntry testId="ecf8ee44-68d6-c442-1d80-42d68c09932a" executionId="a5dfff63-c5ff-4d5f-a740-1ad17fdacdf5" testListId="8c84fa94-04c1-424b-9868-57a2d4851a1d" />
    <TestEntry testId="ea99018a-3ed3-371d-e9c4-01bb88889d3f" executionId="fab88095-53b3-4aef-8d96-323cb1f4a667" testListId="8c84fa94-04c1-424b-9868-57a2d4851a1d" />
    <TestEntry testId="a591aef4-df42-ca09-34fd-402ee19d436d" executionId="77b55454-c9ea-4567-b770-2481f0a39fa4" testListId="8c84fa94-04c1-424b-9868-57a2d4851a1d" />
    <TestEntry testId="67a6993e-3328-b639-591e-d5f66f8d36fd" executionId="7af58dc6-85d5-4201-acf7-cd6468a6cdab" testListId="8c84fa94-04c1-424b-9868-57a2d4851a1d" />
    <TestEntry testId="ac8ccb13-80d6-a6e6-2c36-70f5e4be4a19" executionId="e3d2e696-8347-491b-b635-67aa694a9152" testListId="8c84fa94-04c1-424b-9868-57a2d4851a1d" />
    <TestEntry testId="0d69ebf0-ec19-0d45-431d-12da4c2d9882" executionId="0f82f027-21a4-4db3-81cb-cecc7223109f" testListId="8c84fa94-04c1-424b-9868-57a2d4851a1d" />
    <TestEntry testId="f9a0c327-c7ba-2349-fe58-962bd2c90d30" executionId="fb176213-140e-46e4-a623-ff401289d5df" testListId="8c84fa94-04c1-424b-9868-57a2d4851a1d" />
    <TestEntry testId="a00e8832-57f3-a2d8-c74b-dabf7bb9b53c" executionId="4e88f425-a754-4158-b9c6-54364b340b83" testListId="8c84fa94-04c1-424b-9868-57a2d4851a1d" />
    <TestEntry testId="144da0cc-bde1-23cf-330d-ce2925027906" executionId="330d7f93-9839-4b90-b694-26a1c2a033c3" testListId="8c84fa94-04c1-424b-9868-57a2d4851a1d" />
    <TestEntry testId="7172b692-b1be-f8e1-da9a-754962660edf" executionId="037f3dfc-f03b-45af-8b99-d270b6e7315c" testListId="8c84fa94-04c1-424b-9868-57a2d4851a1d" />
    <TestEntry testId="7881ada8-99d7-d15a-90d5-2c60049d59d6" executionId="141daa4d-2a61-48c6-9441-9ab0dbc78b5c" testListId="8c84fa94-04c1-424b-9868-57a2d4851a1d" />
    <TestEntry testId="ce20fd5e-8f69-c3ae-59d3-2cbf4cbd4740" executionId="618bcf0e-e97f-4df7-b57c-7f8a7930cb11" testListId="8c84fa94-04c1-424b-9868-57a2d4851a1d" />
    <TestEntry testId="b19745c3-ad6c-9ab2-8293-c37ae459274d" executionId="d8a4fb14-24c2-4f1e-8351-515964418c3a" testListId="8c84fa94-04c1-424b-9868-57a2d4851a1d" />
    <TestEntry testId="fff83153-ec9d-aecb-ec1f-f79cc6f28254" executionId="0e446c48-0bfa-40b0-b454-e40a1a0b487d" testListId="8c84fa94-04c1-424b-9868-57a2d4851a1d" />
    <TestEntry testId="9da22bbb-61d8-2181-5a7a-c65b38dbc1c3" executionId="5a7ec361-a5c8-4821-97c6-34f08ce9757c" testListId="8c84fa94-04c1-424b-9868-57a2d4851a1d" />
    <TestEntry testId="13c59adf-e49f-0d81-ef24-88a98252761e" executionId="616390ed-1374-49b4-a55b-9d310306a526" testListId="8c84fa94-04c1-424b-9868-57a2d4851a1d" />
    <TestEntry testId="f19ca677-fcc1-8d4f-b581-effb3e106d0e" executionId="9dc6e675-73d2-4b5f-af3b-0f5cb1f4dfb7" testListId="8c84fa94-04c1-424b-9868-57a2d4851a1d" />
    <TestEntry testId="51a261c0-1335-774a-4dce-f825291fb7a1" executionId="c3d07160-d9f5-4dd2-874d-2e02b7ad8084" testListId="8c84fa94-04c1-424b-9868-57a2d4851a1d" />
    <TestEntry testId="79f0a284-ddf2-69f1-5419-998ef671f87c" executionId="676deb67-fd01-4240-9c36-0c6c8ee05398" testListId="8c84fa94-04c1-424b-9868-57a2d4851a1d" />
    <TestEntry testId="9a55d661-7180-7c4b-adcc-e6b436e0100b" executionId="3d75273b-d3f2-4889-aac4-52dfe3477218" testListId="8c84fa94-04c1-424b-9868-57a2d4851a1d" />
    <TestEntry testId="55d8d566-b04d-10b0-7fff-49a3c7feedef" executionId="95c51d0c-6fe9-4418-a550-ecfc9215a3ed" testListId="8c84fa94-04c1-424b-9868-57a2d4851a1d" />
    <TestEntry testId="b86249aa-12ef-70c4-ef66-c9c635e998da" executionId="b3c8e4cf-5450-43f3-be3a-72a64b72803a" testListId="8c84fa94-04c1-424b-9868-57a2d4851a1d" />
    <TestEntry testId="f5d1a932-39d9-353e-04b3-c14aba70ef15" executionId="9bad29ed-7fb3-4f62-9317-85470cc2448c" testListId="8c84fa94-04c1-424b-9868-57a2d4851a1d" />
    <TestEntry testId="f1b373af-db2e-2220-a03f-add33da9d033" executionId="90c5328d-26fb-4d00-a5aa-467229f3e962" testListId="8c84fa94-04c1-424b-9868-57a2d4851a1d" />
    <TestEntry testId="2e311b09-eaf1-8954-9082-f6036055d588" executionId="dd7a2f04-309f-43d4-926a-910c39cc8781" testListId="8c84fa94-04c1-424b-9868-57a2d4851a1d" />
    <TestEntry testId="3df8be7f-fd07-08bc-34e3-d87b9987f8a8" executionId="63b5c16f-e406-41b3-9faa-f23e2086b78f" testListId="8c84fa94-04c1-424b-9868-57a2d4851a1d" />
    <TestEntry testId="ad3893c8-255f-3576-5eeb-d643756a023f" executionId="64efc4c0-ac63-417e-b365-0d7f98027092" testListId="8c84fa94-04c1-424b-9868-57a2d4851a1d" />
    <TestEntry testId="d22ad5fc-995a-046d-31b5-a9b03926b36d" executionId="6a70ff13-8fe5-422c-b413-0b59422198d3" testListId="8c84fa94-04c1-424b-9868-57a2d4851a1d" />
    <TestEntry testId="17e94612-3097-ae6d-8dd8-3a8187bf4b0c" executionId="1750bf5e-2382-4442-bb7e-554e3e7a33ac" testListId="8c84fa94-04c1-424b-9868-57a2d4851a1d" />
    <TestEntry testId="10fc6b57-d051-f80a-c369-d84de83c3eec" executionId="30de12c7-c8d6-4ab0-ad9f-673f2ae1284f" testListId="8c84fa94-04c1-424b-9868-57a2d4851a1d" />
    <TestEntry testId="e80bcae7-ae3a-a50f-b561-d413d4ddb329" executionId="bfa45386-d8d5-42b0-9ec1-70f2c773f0da" testListId="8c84fa94-04c1-424b-9868-57a2d4851a1d" />
    <TestEntry testId="a4c0c8e1-c000-32c5-3330-82d7f32e14a8" executionId="00be1ca7-168b-418c-ae6a-f32e6f44d22c" testListId="8c84fa94-04c1-424b-9868-57a2d4851a1d" />
    <TestEntry testId="6a2ae879-edb3-ec65-c5d9-4d283daf4190" executionId="7152711b-fb85-4cfa-9c98-f60ae6b56c6b" testListId="8c84fa94-04c1-424b-9868-57a2d4851a1d" />
    <TestEntry testId="4c075fc4-5092-e793-fef9-9dc4c5ec0fc1" executionId="e3a7cb9f-57dc-49ee-9ecc-d5d58c85efb9" testListId="8c84fa94-04c1-424b-9868-57a2d4851a1d" />
    <TestEntry testId="dbd52af2-960c-5ab3-ffc5-5e7ec1c2e24c" executionId="63eed2d5-3256-4f36-aae5-2bce16452d31" testListId="8c84fa94-04c1-424b-9868-57a2d4851a1d" />
    <TestEntry testId="e4f80f72-f84f-c392-4a46-6a33d1fa2e6a" executionId="1e37d8a5-37c5-4535-952e-1f38a960d8da" testListId="8c84fa94-04c1-424b-9868-57a2d4851a1d" />
    <TestEntry testId="0fa34a11-13b7-2818-76b4-f9e899b6c0ae" executionId="7afb7d53-6218-4d79-9346-3209e02b245d" testListId="8c84fa94-04c1-424b-9868-57a2d4851a1d" />
    <TestEntry testId="fa0d2769-d018-49a3-2f22-20a3b8e69eef" executionId="c770dbde-cd4f-4599-a51b-82c7f9e622fa" testListId="8c84fa94-04c1-424b-9868-57a2d4851a1d" />
    <TestEntry testId="012f4b76-dc4b-bdc9-6e82-659c9bf5717c" executionId="d3fb6448-3081-4612-a66f-50b834777e9d" testListId="8c84fa94-04c1-424b-9868-57a2d4851a1d" />
    <TestEntry testId="328b76eb-6fb2-21a3-7dff-d944fbefc822" executionId="af64f109-505c-4874-8c09-801728764eef" testListId="8c84fa94-04c1-424b-9868-57a2d4851a1d" />
    <TestEntry testId="b9df1211-5a4a-2eb8-c730-c6e2b98f7b19" executionId="3c9bad7f-6e07-4bbd-aead-f917d0fd7ad0" testListId="8c84fa94-04c1-424b-9868-57a2d4851a1d" />
    <TestEntry testId="b7abf4e0-343c-1fa4-2d3a-c78bf0cb65ca" executionId="98f2df3b-93b4-4158-b649-8e4742f8869b" testListId="8c84fa94-04c1-424b-9868-57a2d4851a1d" />
    <TestEntry testId="1dcb796d-bb09-f3bb-66c6-8217d15f25db" executionId="24ceda39-8198-4877-89ed-9c4bc8d2fc96" testListId="8c84fa94-04c1-424b-9868-57a2d4851a1d" />
    <TestEntry testId="f20f18b6-94d4-da31-66a5-9e44dc0e0c3b" executionId="9c83777b-a480-4690-a5d0-1dad4f97d13b" testListId="8c84fa94-04c1-424b-9868-57a2d4851a1d" />
    <TestEntry testId="5e52344f-3b3c-2778-39d1-d1cab86eda85" executionId="e2f6552a-3e5e-48ce-9176-77e7894e0903" testListId="8c84fa94-04c1-424b-9868-57a2d4851a1d" />
    <TestEntry testId="3e51f213-6e42-eb31-9cff-f5dc508bd7c2" executionId="21fbd9c5-35e3-4769-8d20-b39ee287328d" testListId="8c84fa94-04c1-424b-9868-57a2d4851a1d" />
    <TestEntry testId="86178e4f-769d-f794-a89f-acf21032fe6a" executionId="ce999f1c-1b20-4d79-bdd9-58996ea54fcd" testListId="8c84fa94-04c1-424b-9868-57a2d4851a1d" />
    <TestEntry testId="b1cf15f7-edd1-52ad-c29e-d93dde1a8d85" executionId="4ad9db93-363b-4ef8-8be5-70ae649004da" testListId="8c84fa94-04c1-424b-9868-57a2d4851a1d" />
    <TestEntry testId="45b20bfe-d70a-f156-fe4d-f64df8b1ad0f" executionId="6a4805f5-628b-4f1b-b81f-c39bf3f2d545" testListId="8c84fa94-04c1-424b-9868-57a2d4851a1d" />
    <TestEntry testId="19bb9864-64ab-f3ce-2660-ec92f3302d2e" executionId="ec8e6205-3496-4e9a-87d0-829e216e5f40" testListId="8c84fa94-04c1-424b-9868-57a2d4851a1d" />
    <TestEntry testId="5f575007-cf2a-0c73-b103-2585a6250d1e" executionId="4c60dc65-3f31-43b3-ae2a-683aad829a4b" testListId="8c84fa94-04c1-424b-9868-57a2d4851a1d" />
    <TestEntry testId="9f5e5af0-f4d7-d04b-40e3-ac607acbb786" executionId="95aaa709-ea4e-486e-bcca-cf9e561e0c02" testListId="8c84fa94-04c1-424b-9868-57a2d4851a1d" />
    <TestEntry testId="86d97186-a6b5-18b0-12dd-f0cf6c55e6f9" executionId="d908ac53-e717-44b8-93d9-f53ed4937607" testListId="8c84fa94-04c1-424b-9868-57a2d4851a1d" />
    <TestEntry testId="6b0c58c4-0f7f-f5d7-82f6-21f81d549a0a" executionId="ad94dfdd-fc34-49aa-8c2c-710618c5a473" testListId="8c84fa94-04c1-424b-9868-57a2d4851a1d" />
    <TestEntry testId="118cb53f-d808-8a92-8ba6-3b1d8dc59fa6" executionId="fbfff4c2-af1d-4c3f-a0f8-c3d956f59ccc" testListId="8c84fa94-04c1-424b-9868-57a2d4851a1d" />
    <TestEntry testId="15217a5e-bfa6-7556-5140-79aa1cdecfca" executionId="adaaedbd-c495-483b-867b-372113955625" testListId="8c84fa94-04c1-424b-9868-57a2d4851a1d" />
    <TestEntry testId="70452647-0dc5-6201-00ed-cacbfe6d8143" executionId="fe94ef60-6a6e-4ec4-8d6e-606838145b83" testListId="8c84fa94-04c1-424b-9868-57a2d4851a1d" />
    <TestEntry testId="f9257348-5f20-cdc6-da4e-fda0c967049d" executionId="a31bfa08-6443-43d6-b653-bbc844211c8e" testListId="8c84fa94-04c1-424b-9868-57a2d4851a1d" />
    <TestEntry testId="4910ea6b-4e81-3295-703b-f5eab09c9af7" executionId="4f18a05f-9d8f-4bf4-a64f-863969b10da4" testListId="8c84fa94-04c1-424b-9868-57a2d4851a1d" />
    <TestEntry testId="7e152e2e-034f-f179-ab80-ba0ea683cf8d" executionId="2533ecf3-9b31-49af-99cf-a685623b9466" testListId="8c84fa94-04c1-424b-9868-57a2d4851a1d" />
    <TestEntry testId="ed2bc11e-6852-7bd4-f5bc-616a2b1cad41" executionId="95dcfb55-a4e6-4a45-99a9-c70f413596b8" testListId="8c84fa94-04c1-424b-9868-57a2d4851a1d" />
    <TestEntry testId="19951ce4-6d3d-6345-ae52-a15dc5194ed6" executionId="32cb0b64-3e66-4cc6-aa11-d3959d98fd99" testListId="8c84fa94-04c1-424b-9868-57a2d4851a1d" />
    <TestEntry testId="f13b09a6-7a98-4e52-2ff5-a8e5f8702cef" executionId="a3d10d3c-5be9-49e4-91ea-13368c27957d" testListId="8c84fa94-04c1-424b-9868-57a2d4851a1d" />
    <TestEntry testId="0e4fc8bc-f59b-0155-3083-a55e399cc4cd" executionId="b9a22636-db2b-442f-932c-68ef94d56998" testListId="8c84fa94-04c1-424b-9868-57a2d4851a1d" />
    <TestEntry testId="8d5841ed-3972-1bbb-7e36-2cd2e7869b0b" executionId="24d238bf-ea4a-4349-9364-e9267d5ed880" testListId="8c84fa94-04c1-424b-9868-57a2d4851a1d" />
    <TestEntry testId="c5f6b46a-d07f-dc51-592a-7591d8f18f28" executionId="2f5a4aaa-ac86-41b0-8edb-3d6e629796b8" testListId="8c84fa94-04c1-424b-9868-57a2d4851a1d" />
    <TestEntry testId="6e73d234-782b-c330-8f2e-a052acd0f507" executionId="31a58764-12fb-4a9e-9dfe-a2628e664801" testListId="8c84fa94-04c1-424b-9868-57a2d4851a1d" />
    <TestEntry testId="0d587065-73d8-507f-359c-b84942312cdd" executionId="345a8cfd-1322-4d65-a393-cee4d476728e" testListId="8c84fa94-04c1-424b-9868-57a2d4851a1d" />
    <TestEntry testId="c6879c3e-1dd4-8d9c-b7b1-1ddb5dd6521d" executionId="144c3e1a-3f8b-4160-9b87-0de0499a9d74" testListId="8c84fa94-04c1-424b-9868-57a2d4851a1d" />
    <TestEntry testId="5fc3a638-e3e6-2f30-fe2e-2876385f9ef9" executionId="98dc6760-9ca7-4398-9acd-bbc4aa683b5c" testListId="8c84fa94-04c1-424b-9868-57a2d4851a1d" />
    <TestEntry testId="4ed955b6-8b6e-18ce-9c1b-f8b1a13d53c8" executionId="535a8fb1-2795-4c66-a8c5-5abeff035118" testListId="8c84fa94-04c1-424b-9868-57a2d4851a1d" />
    <TestEntry testId="c15eeed6-6922-147d-d961-c73282b5c1e2" executionId="a8254837-2fc4-4217-85e8-f34a37b97e9a" testListId="8c84fa94-04c1-424b-9868-57a2d4851a1d" />
    <TestEntry testId="b269429e-4c6a-d7a7-6081-170c145d50c9" executionId="790e0ef5-1e76-4e28-b301-3c707c999895" testListId="8c84fa94-04c1-424b-9868-57a2d4851a1d" />
    <TestEntry testId="fe36d563-1306-d20f-fa12-df288b3c2f7b" executionId="6a2d0e74-ce8b-463f-924d-803ee496d3b7" testListId="8c84fa94-04c1-424b-9868-57a2d4851a1d" />
    <TestEntry testId="d7042085-ffba-4cd3-7408-a1d7372a8f81" executionId="1ae45ba0-1080-4c44-8fe6-fea337731b5c" testListId="8c84fa94-04c1-424b-9868-57a2d4851a1d" />
    <TestEntry testId="eb2f2749-5fda-b871-a11f-e69e88b46678" executionId="a99c0de0-2b9b-4f3c-9674-706a4e2d92a9" testListId="8c84fa94-04c1-424b-9868-57a2d4851a1d" />
    <TestEntry testId="44c8c3ae-5adf-7983-9de1-1e9abece7147" executionId="8f39b12c-16ef-4f2a-b71b-3cfb9230280e" testListId="8c84fa94-04c1-424b-9868-57a2d4851a1d" />
    <TestEntry testId="5c81f082-93c5-d836-3f5f-28254bbbbe27" executionId="a306bca2-b666-45f4-8f99-b9f016235e8b" testListId="8c84fa94-04c1-424b-9868-57a2d4851a1d" />
    <TestEntry testId="50f633eb-39d6-ff54-80f4-6fe5668baa21" executionId="f7d96947-ca1b-41f7-b43e-6d70233108ca" testListId="8c84fa94-04c1-424b-9868-57a2d4851a1d" />
    <TestEntry testId="c6dd0c7b-0d59-c4f3-3563-d5ea8bc6b090" executionId="baaf870e-0ab4-44ed-8bcf-da3a2ad108d4" testListId="8c84fa94-04c1-424b-9868-57a2d4851a1d" />
    <TestEntry testId="7156a6c6-f622-c1e6-b8e1-37da731b7915" executionId="f4e04385-a93e-42b4-85a6-698ffa63d545" testListId="8c84fa94-04c1-424b-9868-57a2d4851a1d" />
    <TestEntry testId="cd50a611-7def-9b1a-80a1-911ca45a3873" executionId="e2327f6a-8300-48bd-851a-e38dae155441" testListId="8c84fa94-04c1-424b-9868-57a2d4851a1d" />
    <TestEntry testId="cceeaf1f-6f80-ba0f-99d7-ee4fd3dafcb2" executionId="e64888f3-70b1-49ab-827e-8ea4b7907108" testListId="8c84fa94-04c1-424b-9868-57a2d4851a1d" />
    <TestEntry testId="f719cbfb-5973-7080-2a29-974d10e342b8" executionId="813534ba-0af4-4e70-ae01-464b34d60095" testListId="8c84fa94-04c1-424b-9868-57a2d4851a1d" />
    <TestEntry testId="50352127-2243-683a-93ec-980bf5ed14de" executionId="b9f60a60-7f9f-4718-829f-c88a625f5700" testListId="8c84fa94-04c1-424b-9868-57a2d4851a1d" />
    <TestEntry testId="b3486112-aba8-5c16-71c9-75e25fc7bbe0" executionId="ff8c9b91-edea-4ee9-85fd-8e61ed21ef1e" testListId="8c84fa94-04c1-424b-9868-57a2d4851a1d" />
    <TestEntry testId="aa361610-68c0-12da-653c-74dd2c0009ce" executionId="6b2e4caa-b596-4a04-9a84-c310152cd911" testListId="8c84fa94-04c1-424b-9868-57a2d4851a1d" />
    <TestEntry testId="ab2d93a3-6a1d-2f97-1472-52ef14c9eb3d" executionId="4be9f7bf-4ace-43ee-8059-757820a46dde" testListId="8c84fa94-04c1-424b-9868-57a2d4851a1d" />
    <TestEntry testId="984447af-6e8d-8b3b-593c-b5dc7908d3ca" executionId="1e78c03d-65a8-42d7-9467-f5fe646759b8" testListId="8c84fa94-04c1-424b-9868-57a2d4851a1d" />
    <TestEntry testId="21d9e3b0-c271-c24b-e75e-d9b7aeb01d13" executionId="d5db1049-a4f1-4570-b2ad-f0281eef8e73" testListId="8c84fa94-04c1-424b-9868-57a2d4851a1d" />
    <TestEntry testId="e7525e59-03e9-f004-ae3a-01666a88c723" executionId="dfea7cfb-f336-42a2-a219-86626d5ba25a" testListId="8c84fa94-04c1-424b-9868-57a2d4851a1d" />
    <TestEntry testId="78a5e8f1-a966-6799-07a7-9a9569a2ee1f" executionId="20e0ccb5-f9c2-48a0-8d01-80fb4b129903" testListId="8c84fa94-04c1-424b-9868-57a2d4851a1d" />
    <TestEntry testId="ca4fd46b-3539-ce6a-f074-c11d48c219f4" executionId="eb1ed36c-048e-4e95-91e0-1b217c93d371" testListId="8c84fa94-04c1-424b-9868-57a2d4851a1d" />
    <TestEntry testId="514da512-0b10-039f-850d-3541638b28a9" executionId="e0f26fe7-dd73-420a-8c29-05db81eb72ca" testListId="8c84fa94-04c1-424b-9868-57a2d4851a1d" />
    <TestEntry testId="c2c48be4-a16b-5cd9-8348-6a2ee1c7e043" executionId="e2433ab1-8aca-4bac-8adf-99fb0081b40b" testListId="8c84fa94-04c1-424b-9868-57a2d4851a1d" />
    <TestEntry testId="c57ed40e-dcb3-dc42-fafc-847e825e3cd4" executionId="2642d3c0-c3f6-4ce4-8ded-02bfd1ef1ec8" testListId="8c84fa94-04c1-424b-9868-57a2d4851a1d" />
    <TestEntry testId="c8f7b2fa-ecdb-7788-9221-cf544217672b" executionId="7e2eda06-8ce5-4bd3-98de-f6e7e20b5441" testListId="8c84fa94-04c1-424b-9868-57a2d4851a1d" />
    <TestEntry testId="81e40d50-4a12-2ce6-ee57-b826a5d087ec" executionId="ccf06a14-610c-4c48-a713-5899d1c686a7" testListId="8c84fa94-04c1-424b-9868-57a2d4851a1d" />
    <TestEntry testId="b0c2e93d-4434-c7fe-ad75-3304a3cb6e8c" executionId="02c3487a-acbc-4ac3-8b67-3e4079652729" testListId="8c84fa94-04c1-424b-9868-57a2d4851a1d" />
    <TestEntry testId="60101fd9-4ad7-8de9-c527-c091b9fcc1bd" executionId="e6377291-344b-4934-876b-fb437da6fd81" testListId="8c84fa94-04c1-424b-9868-57a2d4851a1d" />
    <TestEntry testId="91deb1ff-fc9e-15e1-9bbc-80324320613c" executionId="8760c992-d514-4577-8390-fbfa1fecfdc8" testListId="8c84fa94-04c1-424b-9868-57a2d4851a1d" />
    <TestEntry testId="fac3d51a-0a4f-772b-7f22-488709457cba" executionId="3c9504c1-a24b-487e-9d64-721ad0ad0888" testListId="8c84fa94-04c1-424b-9868-57a2d4851a1d" />
    <TestEntry testId="f39eca30-459d-2456-552c-de272bf46519" executionId="52c81392-3427-4eb8-85e1-376c21f30b3f" testListId="8c84fa94-04c1-424b-9868-57a2d4851a1d" />
    <TestEntry testId="12edbe7a-f544-91b7-b85e-b0677a88da47" executionId="5931c974-a0a4-48b1-a39d-7c9717f85b36" testListId="8c84fa94-04c1-424b-9868-57a2d4851a1d" />
    <TestEntry testId="b4371690-2ced-409b-e5e9-5577cf8bdde6" executionId="067d46dc-21c7-4bfc-9bc1-14428876070b" testListId="8c84fa94-04c1-424b-9868-57a2d4851a1d" />
    <TestEntry testId="7ceae394-4809-a8d4-cf4d-48bfa4acb8dd" executionId="1be730b6-be24-4d92-955a-d31520bef7e9" testListId="8c84fa94-04c1-424b-9868-57a2d4851a1d" />
    <TestEntry testId="7ccd6e40-55ed-9bc7-b62a-cbf103390840" executionId="20f717ae-0770-44ab-b7d2-93b879758f6c" testListId="8c84fa94-04c1-424b-9868-57a2d4851a1d" />
    <TestEntry testId="2ea0f57b-bb26-9030-3ba6-5d7b98bf81f9" executionId="17a20628-92b2-49d9-94ab-a868ece0822e" testListId="8c84fa94-04c1-424b-9868-57a2d4851a1d" />
    <TestEntry testId="278e55f7-0044-4cc7-d2c0-f06c4c666354" executionId="036da9ef-2672-462d-8757-96ab66449d37" testListId="8c84fa94-04c1-424b-9868-57a2d4851a1d" />
    <TestEntry testId="e7bcad19-9cce-b870-65d5-bfc301974e02" executionId="803bcda1-953d-49e8-8e26-ea0e274ee26b" testListId="8c84fa94-04c1-424b-9868-57a2d4851a1d" />
    <TestEntry testId="f59ae158-02ed-7b1a-21b7-9efc9725d6fc" executionId="345b6514-9307-44c2-ae78-d5f0454dd065" testListId="8c84fa94-04c1-424b-9868-57a2d4851a1d" />
    <TestEntry testId="fcf549a6-dda1-8e36-df5d-298750214e59" executionId="dbb0607c-25b1-4dc6-b505-7b017460dd65" testListId="8c84fa94-04c1-424b-9868-57a2d4851a1d" />
    <TestEntry testId="debf0053-3988-495b-2614-6c60e19bf0d8" executionId="dcc55ec7-04ca-42cd-82c4-7ca8677a44d5" testListId="8c84fa94-04c1-424b-9868-57a2d4851a1d" />
    <TestEntry testId="f14c9a8b-ca99-e632-4406-d1384b62445f" executionId="8f4e6266-223d-451e-b27a-51ac301ddd36" testListId="8c84fa94-04c1-424b-9868-57a2d4851a1d" />
    <TestEntry testId="0329f2b2-690f-f31b-9ae5-05d7e60a3b75" executionId="18b67917-4028-4ecc-8587-f100b8624f84" testListId="8c84fa94-04c1-424b-9868-57a2d4851a1d" />
    <TestEntry testId="df721678-683a-f542-eea7-7787eb89e634" executionId="24b0080c-6bf4-4f9c-abf4-9596c2fd6cd0" testListId="8c84fa94-04c1-424b-9868-57a2d4851a1d" />
    <TestEntry testId="b43f619f-f736-f9d4-8ec8-ddd37a195739" executionId="9961d321-9ffc-4d99-b8a6-b14ae01ee0b5" testListId="8c84fa94-04c1-424b-9868-57a2d4851a1d" />
    <TestEntry testId="b9bd85e0-98be-4692-47b7-e56cbfd5e6f1" executionId="2a2bc7d4-f7f2-4430-93b5-a4e9c2786bf7" testListId="8c84fa94-04c1-424b-9868-57a2d4851a1d" />
    <TestEntry testId="85b6964e-8a94-eff8-1ad5-2410127755f6" executionId="2cbd2bba-4e88-4e53-bf74-a5dbb1591db8" testListId="8c84fa94-04c1-424b-9868-57a2d4851a1d" />
    <TestEntry testId="a5c34873-e3ce-a732-89a8-6ac0591fb09c" executionId="2c89508a-e804-454a-b94f-9ae8dfd43fed" testListId="8c84fa94-04c1-424b-9868-57a2d4851a1d" />
    <TestEntry testId="dc82245d-f82d-ac94-63cf-8c8a142b3e83" executionId="7ef9b5f5-8c4c-432e-a5d9-c2895e924242" testListId="8c84fa94-04c1-424b-9868-57a2d4851a1d" />
    <TestEntry testId="0e79f296-896b-ab0f-756d-cfe74655d615" executionId="a55743dc-c047-4cd6-bfde-34fa4c5a0619" testListId="8c84fa94-04c1-424b-9868-57a2d4851a1d" />
    <TestEntry testId="7b41ae6a-c201-b258-85bf-c45208285d16" executionId="b4ca60cc-46d4-4eea-b97f-074459f96897" testListId="8c84fa94-04c1-424b-9868-57a2d4851a1d" />
    <TestEntry testId="70e282e2-1eb3-64db-c0a7-ab680f8752e4" executionId="b86babab-c775-42de-98ca-8f4c4938d817" testListId="8c84fa94-04c1-424b-9868-57a2d4851a1d" />
    <TestEntry testId="a76a33b1-55cb-5726-0c35-901ff7b8bc92" executionId="798eeb52-e34e-4caf-9af2-f68a3584f1be" testListId="8c84fa94-04c1-424b-9868-57a2d4851a1d" />
    <TestEntry testId="708fa9dc-9f40-1754-4336-22d1c45d9b83" executionId="16d3459a-502d-47b3-94bb-c410cb4d16e6" testListId="8c84fa94-04c1-424b-9868-57a2d4851a1d" />
    <TestEntry testId="89b3de84-1e15-8c25-7acf-e9952880f06e" executionId="16d6fadb-cfce-4537-b5b9-5d8445a25bb7" testListId="8c84fa94-04c1-424b-9868-57a2d4851a1d" />
    <TestEntry testId="59d47135-7d57-3089-32d0-ad2856093235" executionId="3e051a19-a86e-4572-9982-e6e30b2bda96" testListId="8c84fa94-04c1-424b-9868-57a2d4851a1d" />
    <TestEntry testId="2b96e3cd-9f7a-6662-021a-6ec74cb2343d" executionId="7dd7a742-5ae7-4ec1-9a52-80c1b52dca68" testListId="8c84fa94-04c1-424b-9868-57a2d4851a1d" />
    <TestEntry testId="1e9b99ea-7ba7-05ac-1b17-77b9e9654314" executionId="4fc7fc3b-f926-4458-95b3-1aadd896a8e4" testListId="8c84fa94-04c1-424b-9868-57a2d4851a1d" />
    <TestEntry testId="cd65ab30-822d-a48d-93da-3cbcfa248477" executionId="0dcaed16-a227-4dfd-8c7f-968ba31da8d2" testListId="8c84fa94-04c1-424b-9868-57a2d4851a1d" />
    <TestEntry testId="6e586882-81eb-81cb-7f63-81bb1f1cd0fd" executionId="32e6b247-4921-42fa-a214-631fcb84c3cf" testListId="8c84fa94-04c1-424b-9868-57a2d4851a1d" />
    <TestEntry testId="e7102b75-cc76-ba9d-a6a8-f09ce2c9891a" executionId="9e1d0d0e-facf-492d-863f-a37bc4e47884" testListId="8c84fa94-04c1-424b-9868-57a2d4851a1d" />
    <TestEntry testId="57d85048-7711-6976-a00e-e27e34a7c42a" executionId="1a57e94c-e82b-47e3-b030-9820bf931f6d" testListId="8c84fa94-04c1-424b-9868-57a2d4851a1d" />
    <TestEntry testId="1fdf3b15-f46b-a7fb-bf04-a2f980903b4b" executionId="377e802a-88b6-4058-8149-fa2ad1f8dd99" testListId="8c84fa94-04c1-424b-9868-57a2d4851a1d" />
    <TestEntry testId="0e7efcaf-7ba6-94f2-deb9-e8a051376029" executionId="edf75562-5b77-4ba5-91f7-b8af3e133e8f" testListId="8c84fa94-04c1-424b-9868-57a2d4851a1d" />
    <TestEntry testId="f22beda7-b6d7-23ba-decb-dd2af2e4f1a6" executionId="757e0a08-0367-4bc8-898e-8a842a5834eb" testListId="8c84fa94-04c1-424b-9868-57a2d4851a1d" />
    <TestEntry testId="c8e7e04a-e5ef-a4bd-7be4-f02cc820b2c8" executionId="a1dd1ac0-cff3-4484-a79f-79e75a897739" testListId="8c84fa94-04c1-424b-9868-57a2d4851a1d" />
    <TestEntry testId="c7b30f09-5a6f-af18-2461-0d7b38c2556e" executionId="fc959fc0-a3b9-4780-a19d-7f3037cd79c1" testListId="8c84fa94-04c1-424b-9868-57a2d4851a1d" />
    <TestEntry testId="ab164e58-836b-596b-9111-239f40283ab6" executionId="a0291654-cb55-49d0-96b2-3e2b21ee257c" testListId="8c84fa94-04c1-424b-9868-57a2d4851a1d" />
    <TestEntry testId="a0e101bd-5d10-1527-faf2-5c090a023add" executionId="e27d40f2-800a-4cb1-b506-753224afc5eb" testListId="8c84fa94-04c1-424b-9868-57a2d4851a1d" />
    <TestEntry testId="d4ae2549-d55c-1855-236c-015f96c3f78e" executionId="8ae69ad7-d79c-4da2-b066-7299f947a029" testListId="8c84fa94-04c1-424b-9868-57a2d4851a1d" />
    <TestEntry testId="89fb85cb-78b8-5abc-22bd-e06c0a58f75d" executionId="c9de4df4-5a9b-4958-941d-957b521cd8ac" testListId="8c84fa94-04c1-424b-9868-57a2d4851a1d" />
    <TestEntry testId="3ea29434-976c-b1f9-5a68-4e42e5dce7e7" executionId="ce4d5977-b5e9-49cd-b1e1-f81bea6370b6" testListId="8c84fa94-04c1-424b-9868-57a2d4851a1d" />
    <TestEntry testId="3b1b2e74-a78f-9783-e991-ad977af479b2" executionId="aaa7d0f5-e933-4ef5-b998-95fa179529fd" testListId="8c84fa94-04c1-424b-9868-57a2d4851a1d" />
    <TestEntry testId="feaaed1e-cd6a-4b75-fac6-be73f3b28bfa" executionId="d738323d-c8dc-4a93-8529-62b6deb2a4e0" testListId="8c84fa94-04c1-424b-9868-57a2d4851a1d" />
    <TestEntry testId="45eb65e9-6d29-beba-67b0-939f0f4871f3" executionId="912a9669-593c-42b3-ab2f-20dc2d9563f0" testListId="8c84fa94-04c1-424b-9868-57a2d4851a1d" />
    <TestEntry testId="b1263708-386a-f315-46a8-3d99346f5193" executionId="8f60f1ef-a1c0-4b58-9eae-a90b79172db3" testListId="8c84fa94-04c1-424b-9868-57a2d4851a1d" />
    <TestEntry testId="4b08330c-569b-b10f-abd8-b82447d73176" executionId="ba7e9793-e2fe-4af9-9ce7-0afaefe005c8" testListId="8c84fa94-04c1-424b-9868-57a2d4851a1d" />
    <TestEntry testId="fdbf55be-b370-b07c-1011-ccf12d6a3f3e" executionId="99ca11e6-e51b-451e-88b8-f2305c8bc0dd" testListId="8c84fa94-04c1-424b-9868-57a2d4851a1d" />
    <TestEntry testId="bc7b21b9-c58c-450a-d61a-95da424505e4" executionId="8fc4f311-902a-49b8-82ac-c98cf12fd35b" testListId="8c84fa94-04c1-424b-9868-57a2d4851a1d" />
    <TestEntry testId="f106b48e-98cf-e7bb-8ee5-f7f86d6d2a66" executionId="12205339-53d5-4a66-aba0-6b80fcecb0bb" testListId="8c84fa94-04c1-424b-9868-57a2d4851a1d" />
    <TestEntry testId="6e94339b-28a1-3d0c-6ee4-77fcb0f3c7b8" executionId="df21a92d-98c9-4c41-a805-f9ca012cb53e" testListId="8c84fa94-04c1-424b-9868-57a2d4851a1d" />
    <TestEntry testId="b3485ed4-7786-c415-a4f8-0fc1339c9208" executionId="704c59d2-b68f-4e29-948b-71d07df4def3" testListId="8c84fa94-04c1-424b-9868-57a2d4851a1d" />
    <TestEntry testId="29994c42-903c-90f3-e7bf-6ba15e7a0b05" executionId="d7b2f950-75f5-44a7-bfbe-a7a1bab28631" testListId="8c84fa94-04c1-424b-9868-57a2d4851a1d" />
    <TestEntry testId="0ce16b1c-4452-c91a-9eb1-1db4d0ec0dd6" executionId="3bb8463e-5e2d-43b5-a966-dcfd9100cb0c" testListId="8c84fa94-04c1-424b-9868-57a2d4851a1d" />
    <TestEntry testId="9ab6fb1a-80ad-900d-7d06-c4c33c42522a" executionId="abbad3af-a586-4b0f-b8f4-0336a3e8c3b1" testListId="8c84fa94-04c1-424b-9868-57a2d4851a1d" />
    <TestEntry testId="8f82a482-b9b4-6263-6053-6285fadb8256" executionId="04a0f382-df9e-4a4c-b847-ab26b314ce22" testListId="8c84fa94-04c1-424b-9868-57a2d4851a1d" />
    <TestEntry testId="ab00c3ca-8711-1a92-f0b8-d77deb996c9b" executionId="838edc2c-9888-4c24-a083-330d904b2811" testListId="8c84fa94-04c1-424b-9868-57a2d4851a1d" />
    <TestEntry testId="01f19127-55f2-9b1c-d4a7-03df67ef8437" executionId="239271f3-f98b-40e7-97cd-2d6c69ab41eb" testListId="8c84fa94-04c1-424b-9868-57a2d4851a1d" />
    <TestEntry testId="3c172c7e-65d9-f8c0-e1ce-b14352da4127" executionId="5dcd1305-4b3d-4760-b9e5-fef01f771025" testListId="8c84fa94-04c1-424b-9868-57a2d4851a1d" />
    <TestEntry testId="3673813c-2d49-9d78-7d8c-93ae3f91feec" executionId="2e9115a5-ddc8-419b-81c8-217130c31818" testListId="8c84fa94-04c1-424b-9868-57a2d4851a1d" />
    <TestEntry testId="d664e8b3-00ef-84d6-2fea-63d9eac9b86e" executionId="4381e7fb-7f14-44f9-83b3-a50f18d06bad" testListId="8c84fa94-04c1-424b-9868-57a2d4851a1d" />
    <TestEntry testId="dad22510-0df0-727c-616e-9d3aef9edc74" executionId="813846f7-a416-4cf2-ae48-26ce6936adbb" testListId="8c84fa94-04c1-424b-9868-57a2d4851a1d" />
    <TestEntry testId="6fad6000-ce5f-f977-da38-8913fd0d865b" executionId="cfa8a9d7-0202-4dc0-8080-a98e64786ef5" testListId="8c84fa94-04c1-424b-9868-57a2d4851a1d" />
    <TestEntry testId="657449ba-d1b5-4e5b-9d78-fe523c0e13d9" executionId="a3d4a53f-11d6-42c3-b78b-882ec8e5432f" testListId="8c84fa94-04c1-424b-9868-57a2d4851a1d" />
    <TestEntry testId="bed8d30b-a301-9d6a-7ad1-8603c39e725b" executionId="2c1185e3-ed12-49ff-a945-e14f4566e95c" testListId="8c84fa94-04c1-424b-9868-57a2d4851a1d" />
    <TestEntry testId="83e6dcb4-2b5b-8c32-e4b9-92970e9409d1" executionId="cd8a7e4b-551c-47e2-aa40-157bc11b3bac" testListId="8c84fa94-04c1-424b-9868-57a2d4851a1d" />
    <TestEntry testId="3ac3983d-2b58-91c3-42c6-0cc31fdfa2f9" executionId="ecbc1d8e-f298-4c75-a959-4f626217a70b" testListId="8c84fa94-04c1-424b-9868-57a2d4851a1d" />
    <TestEntry testId="4bea5d46-363b-47a9-e48e-5250c7e302d8" executionId="d93f92f6-cd1e-4728-a14a-4e54043f1c48" testListId="8c84fa94-04c1-424b-9868-57a2d4851a1d" />
    <TestEntry testId="50a46ffd-8320-0950-4918-3187717c2ff1" executionId="63311969-9f3a-49d9-af19-b0ac4a6d7408" testListId="8c84fa94-04c1-424b-9868-57a2d4851a1d" />
    <TestEntry testId="b71802e4-77bc-90b2-5c1a-94bb7a201354" executionId="4376108d-e3f7-46b7-8310-f8533f83b3c9" testListId="8c84fa94-04c1-424b-9868-57a2d4851a1d" />
    <TestEntry testId="26388f83-f2be-af01-5e37-dfe8ff72fe84" executionId="c68f97e5-f26e-44d5-a958-457aa2ea7d2c" testListId="8c84fa94-04c1-424b-9868-57a2d4851a1d" />
    <TestEntry testId="f0d812c6-d18e-fd92-d15a-632d7d9c674b" executionId="d11d926c-fc6f-4b3e-bcf7-766f00bf7ce3" testListId="8c84fa94-04c1-424b-9868-57a2d4851a1d" />
    <TestEntry testId="6277052f-bcec-558c-a20e-39926431a6b3" executionId="9501c9f9-6bbc-40e9-82aa-7b561a14a9e7" testListId="8c84fa94-04c1-424b-9868-57a2d4851a1d" />
    <TestEntry testId="ab400200-fd41-b2b5-f50c-14754ccd8a07" executionId="89d016a1-d21c-413d-b37b-54036e43a6c1" testListId="8c84fa94-04c1-424b-9868-57a2d4851a1d" />
    <TestEntry testId="d86305a0-f8d1-035f-cf9b-054123dfb5d5" executionId="28875744-48eb-4d70-937d-8535c97f1e92" testListId="8c84fa94-04c1-424b-9868-57a2d4851a1d" />
    <TestEntry testId="9214cac0-2397-dbb1-e3b2-3d999e412f67" executionId="a1c962cc-ab97-472d-92f3-1edba9ee7dfc" testListId="8c84fa94-04c1-424b-9868-57a2d4851a1d" />
    <TestEntry testId="7c680bd8-36a7-9668-f98a-83565669d81a" executionId="9bf9d8ca-7c40-475a-8304-2f9955ee22b7" testListId="8c84fa94-04c1-424b-9868-57a2d4851a1d" />
    <TestEntry testId="53e91daf-d2e8-052c-c175-a3ce8ea2f101" executionId="631204a7-b852-4cd3-92c8-f1f80d91991e" testListId="8c84fa94-04c1-424b-9868-57a2d4851a1d" />
    <TestEntry testId="91d73a00-73dd-bbef-a623-2755d63e34de" executionId="9d6c0726-5ad9-4e4e-9ce3-5581bf1c7014" testListId="8c84fa94-04c1-424b-9868-57a2d4851a1d" />
    <TestEntry testId="112fc655-e8b1-44ca-9d9a-5ebd271650aa" executionId="24841117-bf39-420a-b248-c9cb29c395d9" testListId="8c84fa94-04c1-424b-9868-57a2d4851a1d" />
    <TestEntry testId="9dc67e0f-42c4-252d-004a-f29324939363" executionId="36b886c2-7fd0-4ee5-b28f-084e26d6bdae" testListId="8c84fa94-04c1-424b-9868-57a2d4851a1d" />
    <TestEntry testId="caba5fe1-b62e-dc09-16dc-3d186691a80b" executionId="e7d5913c-1f7b-4906-bd6b-bcb7751bb6e0" testListId="8c84fa94-04c1-424b-9868-57a2d4851a1d" />
    <TestEntry testId="03bc085a-34ad-bb21-e8f8-ee6b1467f06b" executionId="a6ad29cd-6c32-4798-a7ad-ff24edf3e644" testListId="8c84fa94-04c1-424b-9868-57a2d4851a1d" />
    <TestEntry testId="eff5c6c2-c6e7-41f8-2d1e-18d9f3c6d897" executionId="cb46ea6a-6dca-478c-af1a-c872f039736c" testListId="8c84fa94-04c1-424b-9868-57a2d4851a1d" />
    <TestEntry testId="475e7bbb-19bf-0f90-0b13-3cc107a349c0" executionId="e244ad7e-ffef-4fa8-8f64-f5eafd479de7" testListId="8c84fa94-04c1-424b-9868-57a2d4851a1d" />
    <TestEntry testId="c146419c-4427-ecf1-bfcb-f169af8de728" executionId="bcad3d62-06d3-4685-b29f-1b01c089a31e" testListId="8c84fa94-04c1-424b-9868-57a2d4851a1d" />
    <TestEntry testId="6a56e350-edb8-57b6-f476-c7c2dea48a96" executionId="03804a1d-3265-4a54-bb9d-e9b772187911" testListId="8c84fa94-04c1-424b-9868-57a2d4851a1d" />
    <TestEntry testId="cd0a3930-368b-d3b3-0f74-3043145bf336" executionId="9de313f8-e4fe-45fb-ae99-8f9d9128963f" testListId="8c84fa94-04c1-424b-9868-57a2d4851a1d" />
    <TestEntry testId="e2b57c9c-a84a-8c57-7204-7248d45afb6a" executionId="70724e5c-f890-42c8-8ca9-955c498ca90a" testListId="8c84fa94-04c1-424b-9868-57a2d4851a1d" />
    <TestEntry testId="9b98ab10-74d1-e109-e8b5-5be9b9566d80" executionId="807d092d-6c4c-4340-bb59-0ed033e2f562" testListId="8c84fa94-04c1-424b-9868-57a2d4851a1d" />
    <TestEntry testId="5198ab0f-743c-2a58-99c8-104c4678ad86" executionId="e1ad5645-d015-4622-8e6b-4b24789d81f9" testListId="8c84fa94-04c1-424b-9868-57a2d4851a1d" />
    <TestEntry testId="3b79c1e3-36bd-77d1-bc2b-fa516b60c670" executionId="b827803a-2450-4cca-b4e3-efba549257c2" testListId="8c84fa94-04c1-424b-9868-57a2d4851a1d" />
    <TestEntry testId="7632dc85-2a59-e18a-c87f-0001e3d6bb89" executionId="90079aac-72dc-4d72-8c9b-093b61934ef3" testListId="8c84fa94-04c1-424b-9868-57a2d4851a1d" />
    <TestEntry testId="2a805820-ce64-703d-c1fd-567ac98c7f3f" executionId="75f5d6ec-d648-4c30-a841-fbb0ac7ca79d" testListId="8c84fa94-04c1-424b-9868-57a2d4851a1d" />
    <TestEntry testId="74dcb450-bcfd-80cf-fa5e-ad25c4e45abf" executionId="5ef7916d-c5dc-4369-b282-dc7ed6cf4f05" testListId="8c84fa94-04c1-424b-9868-57a2d4851a1d" />
    <TestEntry testId="1700fd5b-bad2-4c83-a542-62db2343bdae" executionId="cc8bf237-e0a4-471d-901a-4813726cf558" testListId="8c84fa94-04c1-424b-9868-57a2d4851a1d" />
    <TestEntry testId="a8e38782-33f7-d120-c2b5-9b5a7c4fba38" executionId="45c4eaf0-212f-4b3e-a58f-983032eb20fd" testListId="8c84fa94-04c1-424b-9868-57a2d4851a1d" />
    <TestEntry testId="85abec8b-6e34-c363-5b5b-eb58251908c7" executionId="c99aa38e-4dcb-45de-95e9-024555188ec1" testListId="8c84fa94-04c1-424b-9868-57a2d4851a1d" />
    <TestEntry testId="dc91629d-30a8-5f34-f751-d9c60f508995" executionId="46f977a1-ed1c-4874-bec5-26635cd1134a" testListId="8c84fa94-04c1-424b-9868-57a2d4851a1d" />
    <TestEntry testId="3681d5de-c2b0-cc3c-3dac-4a03e06a03d5" executionId="ba99092a-7283-419d-963e-8c3f35a91c38" testListId="8c84fa94-04c1-424b-9868-57a2d4851a1d" />
    <TestEntry testId="9450f56e-4dd4-d3c4-c199-01c772de2544" executionId="f4eb4fb5-ee89-4ef6-a715-3494c41746c4" testListId="8c84fa94-04c1-424b-9868-57a2d4851a1d" />
    <TestEntry testId="0a530d2a-bdd6-afb3-3da6-34acf6d1e00c" executionId="3ed1631c-e248-4ea7-ae6e-3a52385aac38" testListId="8c84fa94-04c1-424b-9868-57a2d4851a1d" />
    <TestEntry testId="06edc978-4c15-6e1d-17ef-d2e4422271e1" executionId="e71dcd41-ac27-48ec-9901-e624331aa5dd" testListId="8c84fa94-04c1-424b-9868-57a2d4851a1d" />
    <TestEntry testId="0c70d6c8-aefd-fed9-fdb8-b879597c3c82" executionId="5c76f321-216d-4053-81be-260f1d1994a3" testListId="8c84fa94-04c1-424b-9868-57a2d4851a1d" />
    <TestEntry testId="f5f16d52-aa92-663c-9ddf-aba82f232204" executionId="822f921f-0378-47d0-8b1b-de4f24c40085" testListId="8c84fa94-04c1-424b-9868-57a2d4851a1d" />
    <TestEntry testId="635d9362-617e-c7bc-1a3b-5888c828c202" executionId="a6be4989-f38a-4af3-a826-266e3dc5578b" testListId="8c84fa94-04c1-424b-9868-57a2d4851a1d" />
    <TestEntry testId="94332762-cb21-277b-f3d8-0b9dd35df1e0" executionId="7c4dc3fa-61ac-4eae-bda2-b4c9ad81d796" testListId="8c84fa94-04c1-424b-9868-57a2d4851a1d" />
    <TestEntry testId="c7bb3828-da15-3d4b-456c-e6b3839a021e" executionId="1e250e96-1483-46f6-89dd-f4178969859a" testListId="8c84fa94-04c1-424b-9868-57a2d4851a1d" />
    <TestEntry testId="b58bd9d9-086e-2bc0-e32a-8d32494b7c82" executionId="0dd8993e-1d42-4240-9945-53b76b80eb15" testListId="8c84fa94-04c1-424b-9868-57a2d4851a1d" />
    <TestEntry testId="35fb6f97-f30f-094b-73d9-416cb78581d8" executionId="5f92b66d-0f7a-4b71-b3cc-ed17258128b3" testListId="8c84fa94-04c1-424b-9868-57a2d4851a1d" />
    <TestEntry testId="39767ef4-5f2f-4255-4a83-146d526f1710" executionId="ddcec27d-9066-4159-bdb8-3bf3bfdcfb8a" testListId="8c84fa94-04c1-424b-9868-57a2d4851a1d" />
    <TestEntry testId="3112aada-2d53-ecaa-5107-66cf4b05a794" executionId="4153bf7d-99b3-40af-8c3f-b988b8098b64" testListId="8c84fa94-04c1-424b-9868-57a2d4851a1d" />
    <TestEntry testId="1a433a79-50a2-31b2-4336-526e3cface78" executionId="cde279b0-c89e-44f6-a60f-e2f53cb9fdcb" testListId="8c84fa94-04c1-424b-9868-57a2d4851a1d" />
    <TestEntry testId="4a9f0db3-e916-5edb-cb61-3229174953a5" executionId="57b0d29b-3d37-4617-a1f8-315bb4e37744" testListId="8c84fa94-04c1-424b-9868-57a2d4851a1d" />
    <TestEntry testId="5002eadf-0756-c0bb-ae55-5d7b7b75259d" executionId="fd8d524f-2cfe-49b3-8cb5-602042ea423b" testListId="8c84fa94-04c1-424b-9868-57a2d4851a1d" />
    <TestEntry testId="8b6e7e73-f0ba-1943-e4b4-6047d001a9e3" executionId="ddd90493-79b0-4c82-9426-fbcef05fef29" testListId="8c84fa94-04c1-424b-9868-57a2d4851a1d" />
    <TestEntry testId="ea11e43f-988a-ece8-a2e9-ecfa1070a55f" executionId="692bdcfe-5230-46b0-b802-6c334828be5f" testListId="8c84fa94-04c1-424b-9868-57a2d4851a1d" />
    <TestEntry testId="4a037381-acdc-37aa-ac95-634f762a128e" executionId="8675c37d-6858-428f-af95-6a32d5d937ee" testListId="8c84fa94-04c1-424b-9868-57a2d4851a1d" />
    <TestEntry testId="801b0eb4-19ed-3670-05eb-af81f32e8c51" executionId="2021e461-0a6d-48fe-8565-5c8786e50b03" testListId="8c84fa94-04c1-424b-9868-57a2d4851a1d" />
    <TestEntry testId="13986632-2cbb-6b11-d404-7cd4ade58037" executionId="7e4c16fa-df0f-40de-aa43-fd5f4851219f" testListId="8c84fa94-04c1-424b-9868-57a2d4851a1d" />
    <TestEntry testId="b223b24b-8688-059f-627c-c770990b18c5" executionId="297abb71-98a3-4511-94cd-80884071edab" testListId="8c84fa94-04c1-424b-9868-57a2d4851a1d" />
    <TestEntry testId="a78a8139-bfab-cf61-4100-0ded0c92ac00" executionId="82ef5333-1b1f-48d9-9f5a-fc79a9f203fa" testListId="8c84fa94-04c1-424b-9868-57a2d4851a1d" />
    <TestEntry testId="142885be-0c70-b5b8-bf2a-a70dad82aa8f" executionId="8c29c543-8d20-4d28-8779-d58c919ca9a9" testListId="8c84fa94-04c1-424b-9868-57a2d4851a1d" />
    <TestEntry testId="12d67061-3d57-2db0-0e23-ab29b989c553" executionId="36d0a68b-5be6-4953-a6c4-a4b3ca95a3b9" testListId="8c84fa94-04c1-424b-9868-57a2d4851a1d" />
    <TestEntry testId="1f64ac65-5965-65c3-7b32-24f84275c311" executionId="6a75b615-27f8-4a00-9d9e-35060b2b2bfa" testListId="8c84fa94-04c1-424b-9868-57a2d4851a1d" />
    <TestEntry testId="accd923c-3508-adae-fdac-f825a4807842" executionId="e12a6da7-56a0-40e7-b6f2-97b21b366480" testListId="8c84fa94-04c1-424b-9868-57a2d4851a1d" />
    <TestEntry testId="7054ee7c-fcf1-73f3-61bd-4d44aedcc23c" executionId="730cef47-b024-4ccd-a2c0-12c63d221bae" testListId="8c84fa94-04c1-424b-9868-57a2d4851a1d" />
    <TestEntry testId="e0a65915-d17e-8039-8dbc-3396a95f5c76" executionId="55b24fd5-3b39-4723-9378-c868ee181cde" testListId="8c84fa94-04c1-424b-9868-57a2d4851a1d" />
    <TestEntry testId="4fc7550e-bfe1-23a6-8370-59e2a7fb46ca" executionId="e9b6074e-4875-434c-a6ad-8cc5600511c1" testListId="8c84fa94-04c1-424b-9868-57a2d4851a1d" />
    <TestEntry testId="20b79c91-a0fc-1355-3c99-fd7ebcf8dafd" executionId="585b20f5-e004-4fcd-9ea8-2d755899e347" testListId="8c84fa94-04c1-424b-9868-57a2d4851a1d" />
    <TestEntry testId="1ebe030f-5693-6fc4-c47e-e50fc157d3b2" executionId="d6623b13-47fb-488e-9116-38b2c4d33693" testListId="8c84fa94-04c1-424b-9868-57a2d4851a1d" />
    <TestEntry testId="6c9d9e35-d14d-d63b-53de-2f8b001b9d04" executionId="fbca7ac2-429c-48d0-9f8b-83d0df4e4450" testListId="8c84fa94-04c1-424b-9868-57a2d4851a1d" />
    <TestEntry testId="efcbcd4b-dee6-0690-ce98-f3d63c948498" executionId="2c3a64de-c7d1-4888-9a9d-ebf1fbc621aa" testListId="8c84fa94-04c1-424b-9868-57a2d4851a1d" />
  </TestEntries>
  <TestLists>
    <TestList name="Results Not in a List" id="8c84fa94-04c1-424b-9868-57a2d4851a1d" />
    <TestList name="All Loaded Results" id="19431567-8539-422a-85d7-44ee4e166bda" />
  </TestLists>
  <ResultSummary outcome="Completed">
    <Counters total="303" executed="303" passed="303" failed="0" error="0" timeout="0" aborted="0" inconclusive="0" passedButRunAborted="0" notRunnable="0" notExecuted="0" disconnected="0" warning="0" completed="0" inProgress="0" pending="0" />
    <Output>
      <StdOut>[xUnit.net 00:00:00.00] xUnit.net VSTest Adapter v2.4.5+1caef2f33e (64-bit .NET 7.0.0)
[xUnit.net 00:00:00.75]   Discovering: Engine.Context.Tests
[xUnit.net 00:00:00.79]   Discovered:  Engine.Context.Tests
[xUnit.net 00:00:00.80]   Starting:    Engine.Context.Tests
[xUnit.net 00:00:04.29]   Finished:    Engine.Context.Tests
</StdOut>
    </Output>
  </ResultSummary>
</TestRun>