<?xml version="1.0" encoding="utf-8"?>
<TestRun id="d1c0f9fb-06d8-4d8d-bce8-747c242180a2" name="@host00 2023-01-07 14:17:27" xmlns="http://microsoft.com/schemas/VisualStudio/TeamTest/2010">
  <Times creation="2023-01-07T14:17:27.8971230+01:00" queuing="2023-01-07T14:17:27.8971231+01:00" start="2023-01-07T14:17:27.0841509+01:00" finish="2023-01-07T14:17:27.9041889+01:00" />
  <TestSettings name="default" id="a8b565e7-90d9-4e55-93dc-52b0228c5fdb">
    <Deployment runDeploymentRoot="_host00_2023-01-07_14_17_27" />
  </TestSettings>
  <Results>
    <UnitTestResult executionId="48c44d42-6e78-414a-8157-49da97c52cc2" testId="aa864f7f-1f6d-288d-e162-59bd957eb91f" testName="DotCart.Drivers.OTel.Tests.UnitTest1.Test1" computerName="host00" duration="00:00:00.0020669" startTime="2023-01-07T14:17:27.7941571+01:00" endTime="2023-01-07T14:17:27.7942175+01:00" testType="13cdc9d9-ddb5-4fa4-a97d-d965ccfc6d4b" outcome="Passed" testListId="8c84fa94-04c1-424b-9868-57a2d4851a1d" relativeResultsDirectory="48c44d42-6e78-414a-8157-49da97c52cc2" />
  </Results>
  <TestDefinitions>
    <UnitTest name="DotCart.Drivers.OTel.Tests.UnitTest1.Test1" storage="/home/rl/work/github.com/discomco/dot-cart/drivers/dotcart.drivers.otel.tests/bin/debug/net7.0/dotcart.drivers.otel.tests.dll" id="aa864f7f-1f6d-288d-e162-59bd957eb91f">
      <Execution id="48c44d42-6e78-414a-8157-49da97c52cc2" />
      <TestMethod codeBase="/home/rl/work/github.com/discomco/dot-cart/drivers/DotCart.Drivers.OTel.Tests/bin/Debug/net7.0/DotCart.Drivers.OTel.Tests.dll" adapterTypeName="executor://xunit/VsTestRunner2/netcoreapp" className="DotCart.Drivers.OTel.Tests.UnitTest1" name="Test1" />
    </UnitTest>
  </TestDefinitions>
  <TestEntries>
    <TestEntry testId="aa864f7f-1f6d-288d-e162-59bd957eb91f" executionId="48c44d42-6e78-414a-8157-49da97c52cc2" testListId="8c84fa94-04c1-424b-9868-57a2d4851a1d" />
  </TestEntries>
  <TestLists>
    <TestList name="Results Not in a List" id="8c84fa94-04c1-424b-9868-57a2d4851a1d" />
    <TestList name="All Loaded Results" id="19431567-8539-422a-85d7-44ee4e166bda" />
  </TestLists>
  <ResultSummary outcome="Completed">
    <Counters total="1" executed="1" passed="1" failed="0" error="0" timeout="0" aborted="0" inconclusive="0" passedButRunAborted="0" notRunnable="0" notExecuted="0" disconnected="0" warning="0" completed="0" inProgress="0" pending="0" />
    <Output>
      <StdOut>[xUnit.net 00:00:00.00] xUnit.net VSTest Adapter v2.4.5+1caef2f33e (64-bit .NET 7.0.0)
[xUnit.net 00:00:00.27]   Discovering: DotCart.Drivers.OTel.Tests
[xUnit.net 00:00:00.29]   Discovered:  DotCart.Drivers.OTel.Tests
[xUnit.net 00:00:00.29]   Starting:    DotCart.Drivers.OTel.Tests
[xUnit.net 00:00:00.34]   Finished:    DotCart.Drivers.OTel.Tests
</StdOut>
    </Output>
  </ResultSummary>
</TestRun>