<?xml version="1.0" encoding="utf-8"?>
<TestRun id="d1fa1953-92b9-4c00-9575-f29ca103de41" name="@host00 2023-01-07 14:17:27" xmlns="http://microsoft.com/schemas/VisualStudio/TeamTest/2010">
  <Times creation="2023-01-07T14:17:27.8909534+01:00" queuing="2023-01-07T14:17:27.8909534+01:00" start="2023-01-07T14:17:27.0485447+01:00" finish="2023-01-07T14:17:27.8985081+01:00" />
  <TestSettings name="default" id="174e6538-5614-4b5b-83ea-2ff468c335ef">
    <Deployment runDeploymentRoot="_host00_2023-01-07_14_17_27" />
  </TestSettings>
  <Results>
    <UnitTestResult executionId="3cadc8b9-8fc6-48ac-93ee-251255053598" testId="2ed26001-8a97-a077-5b5d-f0838e47bc32" testName="DotCart.Drivers.ElasticSearch.Tests.UnitTest1.Test1" computerName="host00" duration="00:00:00.0020994" startTime="2023-01-07T14:17:27.7829445+01:00" endTime="2023-01-07T14:17:27.7829738+01:00" testType="13cdc9d9-ddb5-4fa4-a97d-d965ccfc6d4b" outcome="Passed" testListId="8c84fa94-04c1-424b-9868-57a2d4851a1d" relativeResultsDirectory="3cadc8b9-8fc6-48ac-93ee-251255053598" />
  </Results>
  <TestDefinitions>
    <UnitTest name="DotCart.Drivers.ElasticSearch.Tests.UnitTest1.Test1" storage="/home/rl/work/github.com/discomco/dot-cart/drivers/dotcart.drivers.elasticsearch.tests/bin/debug/net7.0/dotcart.drivers.elasticsearch.tests.dll" id="2ed26001-8a97-a077-5b5d-f0838e47bc32">
      <Execution id="3cadc8b9-8fc6-48ac-93ee-251255053598" />
      <TestMethod codeBase="/home/rl/work/github.com/discomco/dot-cart/drivers/DotCart.Drivers.ElasticSearch.Tests/bin/Debug/net7.0/DotCart.Drivers.ElasticSearch.Tests.dll" adapterTypeName="executor://xunit/VsTestRunner2/netcoreapp" className="DotCart.Drivers.ElasticSearch.Tests.UnitTest1" name="Test1" />
    </UnitTest>
  </TestDefinitions>
  <TestEntries>
    <TestEntry testId="2ed26001-8a97-a077-5b5d-f0838e47bc32" executionId="3cadc8b9-8fc6-48ac-93ee-251255053598" testListId="8c84fa94-04c1-424b-9868-57a2d4851a1d" />
  </TestEntries>
  <TestLists>
    <TestList name="Results Not in a List" id="8c84fa94-04c1-424b-9868-57a2d4851a1d" />
    <TestList name="All Loaded Results" id="19431567-8539-422a-85d7-44ee4e166bda" />
  </TestLists>
  <ResultSummary outcome="Completed">
    <Counters total="1" executed="1" passed="1" failed="0" error="0" timeout="0" aborted="0" inconclusive="0" passedButRunAborted="0" notRunnable="0" notExecuted="0" disconnected="0" warning="0" completed="0" inProgress="0" pending="0" />
    <Output>
      <StdOut>[xUnit.net 00:00:00.00] xUnit.net VSTest Adapter v2.4.5+1caef2f33e (64-bit .NET 7.0.0)
[xUnit.net 00:00:00.32]   Discovering: DotCart.Drivers.ElasticSearch.Tests
[xUnit.net 00:00:00.34]   Discovered:  DotCart.Drivers.ElasticSearch.Tests
[xUnit.net 00:00:00.34]   Starting:    DotCart.Drivers.ElasticSearch.Tests
[xUnit.net 00:00:00.39]   Finished:    DotCart.Drivers.ElasticSearch.Tests
</StdOut>
    </Output>
  </ResultSummary>
</TestRun>