<?xml version="1.0" encoding="utf-8"?>
<TestRun id="0ca1e96f-5500-4df1-b2f7-94d0d682945b" name="@host00 2023-01-07 14:17:27" xmlns="http://microsoft.com/schemas/VisualStudio/TeamTest/2010">
  <Times creation="2023-01-07T14:17:27.9630487+01:00" queuing="2023-01-07T14:17:27.9630488+01:00" start="2023-01-07T14:17:27.0464218+01:00" finish="2023-01-07T14:17:27.9698184+01:00" />
  <TestSettings name="default" id="e4552fdd-47fe-4b81-bbf6-217546a7bf20">
    <Deployment runDeploymentRoot="_host00_2023-01-07_14_17_27" />
  </TestSettings>
  <Results>
    <UnitTestResult executionId="0cb4b905-946d-479b-b86d-d02a60dd1d53" testId="502b31bd-5042-d964-726c-34dbe0deb86f" testName="DotCart.Drivers.Bogus.Tests.UnitTest1.Test1" computerName="host00" duration="00:00:00.0019822" startTime="2023-01-07T14:17:27.8444167+01:00" endTime="2023-01-07T14:17:27.8444465+01:00" testType="13cdc9d9-ddb5-4fa4-a97d-d965ccfc6d4b" outcome="Passed" testListId="8c84fa94-04c1-424b-9868-57a2d4851a1d" relativeResultsDirectory="0cb4b905-946d-479b-b86d-d02a60dd1d53" />
  </Results>
  <TestDefinitions>
    <UnitTest name="DotCart.Drivers.Bogus.Tests.UnitTest1.Test1" storage="/home/rl/work/github.com/discomco/dot-cart/drivers/dotcart.drivers.bogus.tests/bin/debug/net7.0/dotcart.drivers.bogus.tests.dll" id="502b31bd-5042-d964-726c-34dbe0deb86f">
      <Execution id="0cb4b905-946d-479b-b86d-d02a60dd1d53" />
      <TestMethod codeBase="/home/rl/work/github.com/discomco/dot-cart/drivers/DotCart.Drivers.Bogus.Tests/bin/Debug/net7.0/DotCart.Drivers.Bogus.Tests.dll" adapterTypeName="executor://xunit/VsTestRunner2/netcoreapp" className="DotCart.Drivers.Bogus.Tests.UnitTest1" name="Test1" />
    </UnitTest>
  </TestDefinitions>
  <TestEntries>
    <TestEntry testId="502b31bd-5042-d964-726c-34dbe0deb86f" executionId="0cb4b905-946d-479b-b86d-d02a60dd1d53" testListId="8c84fa94-04c1-424b-9868-57a2d4851a1d" />
  </TestEntries>
  <TestLists>
    <TestList name="Results Not in a List" id="8c84fa94-04c1-424b-9868-57a2d4851a1d" />
    <TestList name="All Loaded Results" id="19431567-8539-422a-85d7-44ee4e166bda" />
  </TestLists>
  <ResultSummary outcome="Completed">
    <Counters total="1" executed="1" passed="1" failed="0" error="0" timeout="0" aborted="0" inconclusive="0" passedButRunAborted="0" notRunnable="0" notExecuted="0" disconnected="0" warning="0" completed="0" inProgress="0" pending="0" />
    <Output>
      <StdOut>[xUnit.net 00:00:00.00] xUnit.net VSTest Adapter v2.4.5+1caef2f33e (64-bit .NET 7.0.0)
[xUnit.net 00:00:00.31]   Discovering: DotCart.Drivers.Bogus.Tests
[xUnit.net 00:00:00.33]   Discovered:  DotCart.Drivers.Bogus.Tests
[xUnit.net 00:00:00.34]   Starting:    DotCart.Drivers.Bogus.Tests
[xUnit.net 00:00:00.38]   Finished:    DotCart.Drivers.Bogus.Tests
</StdOut>
    </Output>
  </ResultSummary>
</TestRun>