<?xml version="1.0" encoding="utf-8"?>
<TestRun id="94637469-6ee2-448e-a0f4-221aedab33cd" name="@host00 2023-01-07 14:17:31" xmlns="http://microsoft.com/schemas/VisualStudio/TeamTest/2010">
  <Times creation="2023-01-07T14:17:31.8945158+01:00" queuing="2023-01-07T14:17:31.8945159+01:00" start="2023-01-07T14:17:30.6146697+01:00" finish="2023-01-07T14:17:31.9012321+01:00" />
  <TestSettings name="default" id="1585ac68-885e-4c8e-88bc-256cc093bb43">
    <Deployment runDeploymentRoot="_host00_2023-01-07_14_17_31" />
  </TestSettings>
  <Results>
    <UnitTestResult executionId="1705f598-e04e-461a-ba83-e1993dadbb06" testId="2724fe7c-9ab5-0419-1e76-90f5dba602ba" testName="DotCart.TestKit.Tests.TheProjectionInfoTests.ShouldHaveIDPrefix" computerName="host00" duration="00:00:00.0004343" startTime="2023-01-07T14:17:31.8019020+01:00" endTime="2023-01-07T14:17:31.8019020+01:00" testType="13cdc9d9-ddb5-4fa4-a97d-d965ccfc6d4b" outcome="Passed" testListId="8c84fa94-04c1-424b-9868-57a2d4851a1d" relativeResultsDirectory="1705f598-e04e-461a-ba83-e1993dadbb06" />
    <UnitTestResult executionId="6bf34a08-c2be-4cc5-b631-9ede153851e2" testId="9e30fcd7-6a68-ee64-1942-291074a0a8b1" testName="DotCart.TestKit.Tests.TheProjectionInfoTests.ShouldHaveGroupName" computerName="host00" duration="00:00:00.0021450" startTime="2023-01-07T14:17:31.7982860+01:00" endTime="2023-01-07T14:17:31.7983137+01:00" testType="13cdc9d9-ddb5-4fa4-a97d-d965ccfc6d4b" outcome="Passed" testListId="8c84fa94-04c1-424b-9868-57a2d4851a1d" relativeResultsDirectory="6bf34a08-c2be-4cc5-b631-9ede153851e2" />
  </Results>
  <TestDefinitions>
    <UnitTest name="DotCart.TestKit.Tests.TheProjectionInfoTests.ShouldHaveIDPrefix" storage="/home/rl/work/github.com/discomco/dot-cart/src/dotcart.testkit.tests/bin/debug/net7.0/dotcart.testkit.tests.dll" id="2724fe7c-9ab5-0419-1e76-90f5dba602ba">
      <Execution id="1705f598-e04e-461a-ba83-e1993dadbb06" />
      <TestMethod codeBase="/home/rl/work/github.com/discomco/dot-cart/src/DotCart.TestKit.Tests/bin/Debug/net7.0/DotCart.TestKit.Tests.dll" adapterTypeName="executor://xunit/VsTestRunner2/netcoreapp" className="DotCart.TestKit.Tests.TheProjectionInfoTests" name="ShouldHaveIDPrefix" />
    </UnitTest>
    <UnitTest name="DotCart.TestKit.Tests.TheProjectionInfoTests.ShouldHaveGroupName" storage="/home/rl/work/github.com/discomco/dot-cart/src/dotcart.testkit.tests/bin/debug/net7.0/dotcart.testkit.tests.dll" id="9e30fcd7-6a68-ee64-1942-291074a0a8b1">
      <Execution id="6bf34a08-c2be-4cc5-b631-9ede153851e2" />
      <TestMethod codeBase="/home/rl/work/github.com/discomco/dot-cart/src/DotCart.TestKit.Tests/bin/Debug/net7.0/DotCart.TestKit.Tests.dll" adapterTypeName="executor://xunit/VsTestRunner2/netcoreapp" className="DotCart.TestKit.Tests.TheProjectionInfoTests" name="ShouldHaveGroupName" />
    </UnitTest>
  </TestDefinitions>
  <TestEntries>
    <TestEntry testId="2724fe7c-9ab5-0419-1e76-90f5dba602ba" executionId="1705f598-e04e-461a-ba83-e1993dadbb06" testListId="8c84fa94-04c1-424b-9868-57a2d4851a1d" />
    <TestEntry testId="9e30fcd7-6a68-ee64-1942-291074a0a8b1" executionId="6bf34a08-c2be-4cc5-b631-9ede153851e2" testListId="8c84fa94-04c1-424b-9868-57a2d4851a1d" />
  </TestEntries>
  <TestLists>
    <TestList name="Results Not in a List" id="8c84fa94-04c1-424b-9868-57a2d4851a1d" />
    <TestList name="All Loaded Results" id="19431567-8539-422a-85d7-44ee4e166bda" />
  </TestLists>
  <ResultSummary outcome="Completed">
    <Counters total="2" executed="2" passed="2" failed="0" error="0" timeout="0" aborted="0" inconclusive="0" passedButRunAborted="0" notRunnable="0" notExecuted="0" disconnected="0" warning="0" completed="0" inProgress="0" pending="0" />
    <Output>
      <StdOut>[xUnit.net 00:00:00.00] xUnit.net VSTest Adapter v2.4.5+1caef2f33e (64-bit .NET 7.0.0)
[xUnit.net 00:00:00.68]   Discovering: DotCart.TestKit.Tests
[xUnit.net 00:00:00.70]   Discovered:  DotCart.TestKit.Tests
[xUnit.net 00:00:00.70]   Starting:    DotCart.TestKit.Tests
[xUnit.net 00:00:00.75]   Finished:    DotCart.TestKit.Tests
</StdOut>
    </Output>
  </ResultSummary>
</TestRun>