<?xml version="1.0" encoding="utf-8"?>
<TestRun id="0b36f1be-c578-41d7-85e8-7ab12d041fe3" name="@host00 2023-01-07 14:17:28" xmlns="http://microsoft.com/schemas/VisualStudio/TeamTest/2010">
  <Times creation="2023-01-07T14:17:28.7858902+01:00" queuing="2023-01-07T14:17:28.7858903+01:00" start="2023-01-07T14:17:27.8351083+01:00" finish="2023-01-07T14:17:28.7935649+01:00" />
  <TestSettings name="default" id="5cbc71a5-e0dd-4643-a014-4e636483bb32">
    <Deployment runDeploymentRoot="_host00_2023-01-07_14_17_28" />
  </TestSettings>
  <Results>
    <UnitTestResult executionId="a7aab72a-02e5-422b-ba5b-69f7747fde64" testId="b5d0e489-c5ce-0a78-eefc-d7b9e4373ff6" testName="DotCart.Drivers.Ardalis.Tests.UnitTest1.Test1" computerName="host00" duration="00:00:00.0015384" startTime="2023-01-07T14:17:28.7006929+01:00" endTime="2023-01-07T14:17:28.7007218+01:00" testType="13cdc9d9-ddb5-4fa4-a97d-d965ccfc6d4b" outcome="Passed" testListId="8c84fa94-04c1-424b-9868-57a2d4851a1d" relativeResultsDirectory="a7aab72a-02e5-422b-ba5b-69f7747fde64" />
  </Results>
  <TestDefinitions>
    <UnitTest name="DotCart.Drivers.Ardalis.Tests.UnitTest1.Test1" storage="/home/rl/work/github.com/discomco/dot-cart/drivers/dotcart.drivers.ardalis.tests/bin/debug/net7.0/dotcart.drivers.ardalis.tests.dll" id="b5d0e489-c5ce-0a78-eefc-d7b9e4373ff6">
      <Execution id="a7aab72a-02e5-422b-ba5b-69f7747fde64" />
      <TestMethod codeBase="/home/rl/work/github.com/discomco/dot-cart/drivers/DotCart.Drivers.Ardalis.Tests/bin/Debug/net7.0/DotCart.Drivers.Ardalis.Tests.dll" adapterTypeName="executor://xunit/VsTestRunner2/netcoreapp" className="DotCart.Drivers.Ardalis.Tests.UnitTest1" name="Test1" />
    </UnitTest>
  </TestDefinitions>
  <TestEntries>
    <TestEntry testId="b5d0e489-c5ce-0a78-eefc-d7b9e4373ff6" executionId="a7aab72a-02e5-422b-ba5b-69f7747fde64" testListId="8c84fa94-04c1-424b-9868-57a2d4851a1d" />
  </TestEntries>
  <TestLists>
    <TestList name="Results Not in a List" id="8c84fa94-04c1-424b-9868-57a2d4851a1d" />
    <TestList name="All Loaded Results" id="19431567-8539-422a-85d7-44ee4e166bda" />
  </TestLists>
  <ResultSummary outcome="Completed">
    <Counters total="1" executed="1" passed="1" failed="0" error="0" timeout="0" aborted="0" inconclusive="0" passedButRunAborted="0" notRunnable="0" notExecuted="0" disconnected="0" warning="0" completed="0" inProgress="0" pending="0" />
    <Output>
      <StdOut>[xUnit.net 00:00:00.00] xUnit.net VSTest Adapter v2.4.5+1caef2f33e (64-bit .NET 7.0.0)
[xUnit.net 00:00:00.35]   Discovering: DotCart.Drivers.Ardalis.Tests
[xUnit.net 00:00:00.36]   Discovered:  DotCart.Drivers.Ardalis.Tests
[xUnit.net 00:00:00.37]   Starting:    DotCart.Drivers.Ardalis.Tests
[xUnit.net 00:00:00.41]   Finished:    DotCart.Drivers.Ardalis.Tests
</StdOut>
    </Output>
  </ResultSummary>
</TestRun>