<?xml version="1.0" encoding="utf-8"?>
<TestRun id="8867f059-1f4b-444f-8b26-91b4ac47b883" name="@host00 2023-01-07 14:17:29" xmlns="http://microsoft.com/schemas/VisualStudio/TeamTest/2010">
  <Times creation="2023-01-07T14:17:29.6221554+01:00" queuing="2023-01-07T14:17:29.6221555+01:00" start="2023-01-07T14:17:29.2042310+01:00" finish="2023-01-07T14:17:29.6226457+01:00" />
  <TestSettings name="default" id="8df3e9f0-44c2-4f0f-975c-fd575cf10166">
    <Deployment runDeploymentRoot="_host00_2023-01-07_14_17_29" />
  </TestSettings>
  <TestLists>
    <TestList name="Results Not in a List" id="8c84fa94-04c1-424b-9868-57a2d4851a1d" />
    <TestList name="All Loaded Results" id="19431567-8539-422a-85d7-44ee4e166bda" />
  </TestLists>
  <ResultSummary outcome="Completed">
    <Counters total="0" executed="0" passed="0" failed="0" error="0" timeout="0" aborted="0" inconclusive="0" passedButRunAborted="0" notRunnable="0" notExecuted="0" disconnected="0" warning="0" completed="0" inProgress="0" pending="0" />
    <RunInfos>
      <RunInfo computerName="host00" outcome="Warning" timestamp="2023-01-07T14:17:29.5650090+01:00">
        <Text>No test is available in /home/rl/work/github.com/discomco/dot-cart/src/DotCart.TestKit/bin/Debug/net7.0/DotCart.TestKit.dll. Make sure that test discoverer &amp; executors are registered and platform &amp; framework version settings are appropriate and try again.</Text>
      </RunInfo>
    </RunInfos>
  </ResultSummary>
</TestRun>