<?xml version="1.0" encoding="utf-8"?>
<TestRun id="0930c960-3a1e-4926-8ffd-df783a13f1fb" name="@host00 2023-01-07 14:17:27" xmlns="http://microsoft.com/schemas/VisualStudio/TeamTest/2010">
  <Times creation="2023-01-07T14:17:27.8818412+01:00" queuing="2023-01-07T14:17:27.8818412+01:00" start="2023-01-07T14:17:27.0652696+01:00" finish="2023-01-07T14:17:27.8885096+01:00" />
  <TestSettings name="default" id="3a01a04b-aade-4f25-a1b7-2321d86d0fea">
    <Deployment runDeploymentRoot="_host00_2023-01-07_14_17_27" />
  </TestSettings>
  <Results>
    <UnitTestResult executionId="7f9804c4-7553-4097-8b66-d3c4c595c5ff" testId="ceff7f76-a518-d2b2-fdf4-0a9821f87006" testName="DotCart.Drivers.K8S.Tests.UnitTest1.Test1" computerName="host00" duration="00:00:00.0013995" startTime="2023-01-07T14:17:27.7935701+01:00" endTime="2023-01-07T14:17:27.7936057+01:00" testType="13cdc9d9-ddb5-4fa4-a97d-d965ccfc6d4b" outcome="Passed" testListId="8c84fa94-04c1-424b-9868-57a2d4851a1d" relativeResultsDirectory="7f9804c4-7553-4097-8b66-d3c4c595c5ff" />
  </Results>
  <TestDefinitions>
    <UnitTest name="DotCart.Drivers.K8S.Tests.UnitTest1.Test1" storage="/home/rl/work/github.com/discomco/dot-cart/drivers/dotcart.drivers.k8s.tests/bin/debug/net7.0/dotcart.drivers.k8s.tests.dll" id="ceff7f76-a518-d2b2-fdf4-0a9821f87006">
      <Execution id="7f9804c4-7553-4097-8b66-d3c4c595c5ff" />
      <TestMethod codeBase="/home/rl/work/github.com/discomco/dot-cart/drivers/DotCart.Drivers.K8S.Tests/bin/Debug/net7.0/DotCart.Drivers.K8S.Tests.dll" adapterTypeName="executor://xunit/VsTestRunner2/netcoreapp" className="DotCart.Drivers.K8S.Tests.UnitTest1" name="Test1" />
    </UnitTest>
  </TestDefinitions>
  <TestEntries>
    <TestEntry testId="ceff7f76-a518-d2b2-fdf4-0a9821f87006" executionId="7f9804c4-7553-4097-8b66-d3c4c595c5ff" testListId="8c84fa94-04c1-424b-9868-57a2d4851a1d" />
  </TestEntries>
  <TestLists>
    <TestList name="Results Not in a List" id="8c84fa94-04c1-424b-9868-57a2d4851a1d" />
    <TestList name="All Loaded Results" id="19431567-8539-422a-85d7-44ee4e166bda" />
  </TestLists>
  <ResultSummary outcome="Completed">
    <Counters total="1" executed="1" passed="1" failed="0" error="0" timeout="0" aborted="0" inconclusive="0" passedButRunAborted="0" notRunnable="0" notExecuted="0" disconnected="0" warning="0" completed="0" inProgress="0" pending="0" />
    <Output>
      <StdOut>[xUnit.net 00:00:00.00] xUnit.net VSTest Adapter v2.4.5+1caef2f33e (64-bit .NET 7.0.0)
[xUnit.net 00:00:00.32]   Discovering: DotCart.Drivers.K8S.Tests
[xUnit.net 00:00:00.34]   Discovered:  DotCart.Drivers.K8S.Tests
[xUnit.net 00:00:00.34]   Starting:    DotCart.Drivers.K8S.Tests
[xUnit.net 00:00:00.38]   Finished:    DotCart.Drivers.K8S.Tests
</StdOut>
    </Output>
  </ResultSummary>
</TestRun>